Successfully loaded native POSIX impl.
java.lang.UnsupportedOperationException: error: No such file or directory
	at jnr.posix.DummyPOSIXHandler.error(DummyPOSIXHandler.java:25)
	at jnr.posix.LinuxPOSIX.stat(LinuxPOSIX.java:186)
	at jnr.posix.CheckedPOSIX.stat(CheckedPOSIX.java:347)
	at jnr.posix.LazyPOSIX.stat(LazyPOSIX.java:344)
	at jnr.posix.windows.WindowsFileTest.statUNCFile(WindowsFileTest.java:170)
	at sun.reflect.NativeMethodAccessorImpl.invoke0(Native Method)
	at sun.reflect.NativeMethodAccessorImpl.invoke(NativeMethodAccessorImpl.java:62)
	at sun.reflect.DelegatingMethodAccessorImpl.invoke(DelegatingMethodAccessorImpl.java:43)
	at java.lang.reflect.Method.invoke(Method.java:498)
	at org.junit.runners.model.FrameworkMethod$1.runReflectiveCall(FrameworkMethod.java:59)
	at org.junit.internal.runners.model.ReflectiveCallable.run(ReflectiveCallable.java:12)
	at org.junit.runners.model.FrameworkMethod.invokeExplosively(FrameworkMethod.java:56)
	at org.junit.internal.runners.statements.InvokeMethod.evaluate(InvokeMethod.java:17)
	at edu.illinois.cs.testrunner.execution.JUnitTestRunner.runChild(JUnitTestRunner.java:333)
	at edu.illinois.cs.testrunner.execution.JUnitTestRunner.run(JUnitTestRunner.java:109)
	at org.junit.runner.JUnitCore.run(JUnitCore.java:137)
	at edu.illinois.cs.testrunner.execution.JUnitTestExecutor.execute(JUnitTestExecutor.java:292)
	at edu.illinois.cs.testrunner.execution.JUnitTestExecutor.execute(JUnitTestExecutor.java:328)
	at edu.illinois.cs.testrunner.execution.JUnitTestExecutor.executeWithJUnit4Runner(JUnitTestExecutor.java:366)
	at edu.illinois.cs.testrunner.execution.JUnitTestExecutor.runOrder(JUnitTestExecutor.java:47)
	at edu.illinois.cs.testrunner.execution.Executor$.$anonfun$run$1(Executor.scala:30)
	at scala.runtime.java8.JFunction0$mcV$sp.apply(JFunction0$mcV$sp.java:12)
	at scala.util.Try$.apply(Try.scala:209)
	at edu.illinois.cs.testrunner.execution.Executor$.run(Executor.scala:28)
	at edu.illinois.cs.testrunner.execution.Executor$.main(Executor.scala:18)
	at edu.illinois.cs.testrunner.execution.Executor.main(Executor.scala)
java.lang.ClassCastException: jnr.posix.LinuxPOSIX cannot be cast to jnr.posix.WindowsPOSIX
	at jnr.posix.windows.WindowsFileTest.testFindFirstFileBogusFile(WindowsFileTest.java:221)
	at sun.reflect.NativeMethodAccessorImpl.invoke0(Native Method)
	at sun.reflect.NativeMethodAccessorImpl.invoke(NativeMethodAccessorImpl.java:62)
	at sun.reflect.DelegatingMethodAccessorImpl.invoke(DelegatingMethodAccessorImpl.java:43)
	at java.lang.reflect.Method.invoke(Method.java:498)
	at org.junit.runners.model.FrameworkMethod$1.runReflectiveCall(FrameworkMethod.java:59)
	at org.junit.internal.runners.model.ReflectiveCallable.run(ReflectiveCallable.java:12)
	at org.junit.runners.model.FrameworkMethod.invokeExplosively(FrameworkMethod.java:56)
	at org.junit.internal.runners.statements.InvokeMethod.evaluate(InvokeMethod.java:17)
	at edu.illinois.cs.testrunner.execution.JUnitTestRunner.runChild(JUnitTestRunner.java:333)
	at edu.illinois.cs.testrunner.execution.JUnitTestRunner.run(JUnitTestRunner.java:109)
	at org.junit.runner.JUnitCore.run(JUnitCore.java:137)
	at edu.illinois.cs.testrunner.execution.JUnitTestExecutor.execute(JUnitTestExecutor.java:292)
	at edu.illinois.cs.testrunner.execution.JUnitTestExecutor.execute(JUnitTestExecutor.java:328)
	at edu.illinois.cs.testrunner.execution.JUnitTestExecutor.executeWithJUnit4Runner(JUnitTestExecutor.java:366)
	at edu.illinois.cs.testrunner.execution.JUnitTestExecutor.runOrder(JUnitTestExecutor.java:47)
	at edu.illinois.cs.testrunner.execution.Executor$.$anonfun$run$1(Executor.scala:30)
	at scala.runtime.java8.JFunction0$mcV$sp.apply(JFunction0$mcV$sp.java:12)
	at scala.util.Try$.apply(Try.scala:209)
	at edu.illinois.cs.testrunner.execution.Executor$.run(Executor.scala:28)
	at edu.illinois.cs.testrunner.execution.Executor$.main(Executor.scala:18)
	at edu.illinois.cs.testrunner.execution.Executor.main(Executor.scala)
java.lang.ClassCastException: jnr.posix.LinuxPOSIX cannot be cast to jnr.posix.WindowsPOSIX
	at jnr.posix.windows.WindowsFileTest.testFindFirstFile(WindowsFileTest.java:208)
	at sun.reflect.NativeMethodAccessorImpl.invoke0(Native Method)
	at sun.reflect.NativeMethodAccessorImpl.invoke(NativeMethodAccessorImpl.java:62)
	at sun.reflect.DelegatingMethodAccessorImpl.invoke(DelegatingMethodAccessorImpl.java:43)
	at java.lang.reflect.Method.invoke(Method.java:498)
	at org.junit.runners.model.FrameworkMethod$1.runReflectiveCall(FrameworkMethod.java:59)
	at org.junit.internal.runners.model.ReflectiveCallable.run(ReflectiveCallable.java:12)
	at org.junit.runners.model.FrameworkMethod.invokeExplosively(FrameworkMethod.java:56)
	at org.junit.internal.runners.statements.InvokeMethod.evaluate(InvokeMethod.java:17)
	at edu.illinois.cs.testrunner.execution.JUnitTestRunner.runChild(JUnitTestRunner.java:333)
	at edu.illinois.cs.testrunner.execution.JUnitTestRunner.run(JUnitTestRunner.java:109)
	at org.junit.runner.JUnitCore.run(JUnitCore.java:137)
	at edu.illinois.cs.testrunner.execution.JUnitTestExecutor.execute(JUnitTestExecutor.java:292)
	at edu.illinois.cs.testrunner.execution.JUnitTestExecutor.execute(JUnitTestExecutor.java:328)
	at edu.illinois.cs.testrunner.execution.JUnitTestExecutor.executeWithJUnit4Runner(JUnitTestExecutor.java:366)
	at edu.illinois.cs.testrunner.execution.JUnitTestExecutor.runOrder(JUnitTestExecutor.java:47)
	at edu.illinois.cs.testrunner.execution.Executor$.$anonfun$run$1(Executor.scala:30)
	at scala.runtime.java8.JFunction0$mcV$sp.apply(JFunction0$mcV$sp.java:12)
	at scala.util.Try$.apply(Try.scala:209)
	at edu.illinois.cs.testrunner.execution.Executor$.run(Executor.scala:28)
	at edu.illinois.cs.testrunner.execution.Executor$.main(Executor.scala:18)
	at edu.illinois.cs.testrunner.execution.Executor.main(Executor.scala)
java.lang.AssertionError
	at org.junit.Assert.fail(Assert.java:87)
	at org.junit.Assert.assertTrue(Assert.java:42)
	at org.junit.Assert.assertTrue(Assert.java:53)
	at jnr.posix.windows.WindowsFileTest.testBlocksAndBlockSizeReturn(WindowsFileTest.java:120)
	at sun.reflect.NativeMethodAccessorImpl.invoke0(Native Method)
	at sun.reflect.NativeMethodAccessorImpl.invoke(NativeMethodAccessorImpl.java:62)
	at sun.reflect.DelegatingMethodAccessorImpl.invoke(DelegatingMethodAccessorImpl.java:43)
	at java.lang.reflect.Method.invoke(Method.java:498)
	at org.junit.runners.model.FrameworkMethod$1.runReflectiveCall(FrameworkMethod.java:59)
	at org.junit.internal.runners.model.ReflectiveCallable.run(ReflectiveCallable.java:12)
	at org.junit.runners.model.FrameworkMethod.invokeExplosively(FrameworkMethod.java:56)
	at org.junit.internal.runners.statements.InvokeMethod.evaluate(InvokeMethod.java:17)
	at edu.illinois.cs.testrunner.execution.JUnitTestRunner.runChild(JUnitTestRunner.java:333)
	at edu.illinois.cs.testrunner.execution.JUnitTestRunner.run(JUnitTestRunner.java:109)
	at org.junit.runner.JUnitCore.run(JUnitCore.java:137)
	at edu.illinois.cs.testrunner.execution.JUnitTestExecutor.execute(JUnitTestExecutor.java:292)
	at edu.illinois.cs.testrunner.execution.JUnitTestExecutor.execute(JUnitTestExecutor.java:328)
	at edu.illinois.cs.testrunner.execution.JUnitTestExecutor.executeWithJUnit4Runner(JUnitTestExecutor.java:366)
	at edu.illinois.cs.testrunner.execution.JUnitTestExecutor.runOrder(JUnitTestExecutor.java:47)
	at edu.illinois.cs.testrunner.execution.Executor$.$anonfun$run$1(Executor.scala:30)
	at scala.runtime.java8.JFunction0$mcV$sp.apply(JFunction0$mcV$sp.java:12)
	at scala.util.Try$.apply(Try.scala:209)
	at edu.illinois.cs.testrunner.execution.Executor$.run(Executor.scala:28)
	at edu.illinois.cs.testrunner.execution.Executor$.main(Executor.scala:18)
	at edu.illinois.cs.testrunner.execution.Executor.main(Executor.scala)
org.junit.ComparisonFailure: expected:<100[755]> but was:<100[664]>
	at org.junit.Assert.assertEquals(Assert.java:117)
	at org.junit.Assert.assertEquals(Assert.java:146)
	at jnr.posix.windows.WindowsFileTest.testExecutableSuffixesAreExecutable(WindowsFileTest.java:96)
	at sun.reflect.NativeMethodAccessorImpl.invoke0(Native Method)
	at sun.reflect.NativeMethodAccessorImpl.invoke(NativeMethodAccessorImpl.java:62)
	at sun.reflect.DelegatingMethodAccessorImpl.invoke(DelegatingMethodAccessorImpl.java:43)
	at java.lang.reflect.Method.invoke(Method.java:498)
	at org.junit.runners.model.FrameworkMethod$1.runReflectiveCall(FrameworkMethod.java:59)
	at org.junit.internal.runners.model.ReflectiveCallable.run(ReflectiveCallable.java:12)
	at org.junit.runners.model.FrameworkMethod.invokeExplosively(FrameworkMethod.java:56)
	at org.junit.internal.runners.statements.InvokeMethod.evaluate(InvokeMethod.java:17)
	at edu.illinois.cs.testrunner.execution.JUnitTestRunner.runChild(JUnitTestRunner.java:333)
	at edu.illinois.cs.testrunner.execution.JUnitTestRunner.run(JUnitTestRunner.java:109)
	at org.junit.runner.JUnitCore.run(JUnitCore.java:137)
	at edu.illinois.cs.testrunner.execution.JUnitTestExecutor.execute(JUnitTestExecutor.java:292)
	at edu.illinois.cs.testrunner.execution.JUnitTestExecutor.execute(JUnitTestExecutor.java:328)
	at edu.illinois.cs.testrunner.execution.JUnitTestExecutor.executeWithJUnit4Runner(JUnitTestExecutor.java:366)
	at edu.illinois.cs.testrunner.execution.JUnitTestExecutor.runOrder(JUnitTestExecutor.java:47)
	at edu.illinois.cs.testrunner.execution.Executor$.$anonfun$run$1(Executor.scala:30)
	at scala.runtime.java8.JFunction0$mcV$sp.apply(JFunction0$mcV$sp.java:12)
	at scala.util.Try$.apply(Try.scala:209)
	at edu.illinois.cs.testrunner.execution.Executor$.run(Executor.scala:28)
	at edu.illinois.cs.testrunner.execution.Executor$.main(Executor.scala:18)
	at edu.illinois.cs.testrunner.execution.Executor.main(Executor.scala)
java.lang.UnsupportedOperationException: error: No such file or directory
	at jnr.posix.DummyPOSIXHandler.error(DummyPOSIXHandler.java:25)
	at jnr.posix.LinuxPOSIX.stat(LinuxPOSIX.java:186)
	at jnr.posix.CheckedPOSIX.stat(CheckedPOSIX.java:347)
	at jnr.posix.LazyPOSIX.stat(LazyPOSIX.java:344)
	at jnr.posix.windows.WindowsFileTest.testLongFileUNC(WindowsFileTest.java:151)
	at sun.reflect.NativeMethodAccessorImpl.invoke0(Native Method)
	at sun.reflect.NativeMethodAccessorImpl.invoke(NativeMethodAccessorImpl.java:62)
	at sun.reflect.DelegatingMethodAccessorImpl.invoke(DelegatingMethodAccessorImpl.java:43)
	at java.lang.reflect.Method.invoke(Method.java:498)
	at org.junit.runners.model.FrameworkMethod$1.runReflectiveCall(FrameworkMethod.java:59)
	at org.junit.internal.runners.model.ReflectiveCallable.run(ReflectiveCallable.java:12)
	at org.junit.runners.model.FrameworkMethod.invokeExplosively(FrameworkMethod.java:56)
	at org.junit.internal.runners.statements.InvokeMethod.evaluate(InvokeMethod.java:17)
	at edu.illinois.cs.testrunner.execution.JUnitTestRunner.runChild(JUnitTestRunner.java:333)
	at edu.illinois.cs.testrunner.execution.JUnitTestRunner.run(JUnitTestRunner.java:109)
	at org.junit.runner.JUnitCore.run(JUnitCore.java:137)
	at edu.illinois.cs.testrunner.execution.JUnitTestExecutor.execute(JUnitTestExecutor.java:292)
	at edu.illinois.cs.testrunner.execution.JUnitTestExecutor.execute(JUnitTestExecutor.java:328)
	at edu.illinois.cs.testrunner.execution.JUnitTestExecutor.executeWithJUnit4Runner(JUnitTestExecutor.java:366)
	at edu.illinois.cs.testrunner.execution.JUnitTestExecutor.runOrder(JUnitTestExecutor.java:47)
	at edu.illinois.cs.testrunner.execution.Executor$.$anonfun$run$1(Executor.scala:30)
	at scala.runtime.java8.JFunction0$mcV$sp.apply(JFunction0$mcV$sp.java:12)
	at scala.util.Try$.apply(Try.scala:209)
	at edu.illinois.cs.testrunner.execution.Executor$.run(Executor.scala:28)
	at edu.illinois.cs.testrunner.execution.Executor$.main(Executor.scala:18)
	at edu.illinois.cs.testrunner.execution.Executor.main(Executor.scala)
java.lang.AssertionError
	at org.junit.Assert.fail(Assert.java:87)
	at org.junit.Assert.assertTrue(Assert.java:42)
	at org.junit.Assert.assertTrue(Assert.java:53)
	at jnr.posix.windows.WindowsFileTest.testFakeUIDGUID(WindowsFileTest.java:83)
	at sun.reflect.NativeMethodAccessorImpl.invoke0(Native Method)
	at sun.reflect.NativeMethodAccessorImpl.invoke(NativeMethodAccessorImpl.java:62)
	at sun.reflect.DelegatingMethodAccessorImpl.invoke(DelegatingMethodAccessorImpl.java:43)
	at java.lang.reflect.Method.invoke(Method.java:498)
	at org.junit.runners.model.FrameworkMethod$1.runReflectiveCall(FrameworkMethod.java:59)
	at org.junit.internal.runners.model.ReflectiveCallable.run(ReflectiveCallable.java:12)
	at org.junit.runners.model.FrameworkMethod.invokeExplosively(FrameworkMethod.java:56)
	at org.junit.internal.runners.statements.InvokeMethod.evaluate(InvokeMethod.java:17)
	at edu.illinois.cs.testrunner.execution.JUnitTestRunner.runChild(JUnitTestRunner.java:333)
	at edu.illinois.cs.testrunner.execution.JUnitTestRunner.run(JUnitTestRunner.java:109)
	at org.junit.runner.JUnitCore.run(JUnitCore.java:137)
	at edu.illinois.cs.testrunner.execution.JUnitTestExecutor.execute(JUnitTestExecutor.java:292)
	at edu.illinois.cs.testrunner.execution.JUnitTestExecutor.execute(JUnitTestExecutor.java:328)
	at edu.illinois.cs.testrunner.execution.JUnitTestExecutor.executeWithJUnit4Runner(JUnitTestExecutor.java:366)
	at edu.illinois.cs.testrunner.execution.JUnitTestExecutor.runOrder(JUnitTestExecutor.java:47)
	at edu.illinois.cs.testrunner.execution.Executor$.$anonfun$run$1(Executor.scala:30)
	at scala.runtime.java8.JFunction0$mcV$sp.apply(JFunction0$mcV$sp.java:12)
	at scala.util.Try$.apply(Try.scala:209)
	at edu.illinois.cs.testrunner.execution.Executor$.run(Executor.scala:28)
	at edu.illinois.cs.testrunner.execution.Executor$.main(Executor.scala:18)
	at edu.illinois.cs.testrunner.execution.Executor.main(Executor.scala)
java.lang.UnsupportedOperationException: error: No such file or directory
	at jnr.posix.DummyPOSIXHandler.error(DummyPOSIXHandler.java:25)
	at jnr.posix.LinuxPOSIX.stat(LinuxPOSIX.java:186)
	at jnr.posix.CheckedPOSIX.stat(CheckedPOSIX.java:347)
	at jnr.posix.LazyPOSIX.stat(LazyPOSIX.java:344)
	at jnr.posix.windows.WindowsFileTest.testLowercaseDriveLetter(WindowsFileTest.java:72)
	at sun.reflect.NativeMethodAccessorImpl.invoke0(Native Method)
	at sun.reflect.NativeMethodAccessorImpl.invoke(NativeMethodAccessorImpl.java:62)
	at sun.reflect.DelegatingMethodAccessorImpl.invoke(DelegatingMethodAccessorImpl.java:43)
	at java.lang.reflect.Method.invoke(Method.java:498)
	at org.junit.runners.model.FrameworkMethod$1.runReflectiveCall(FrameworkMethod.java:59)
	at org.junit.internal.runners.model.ReflectiveCallable.run(ReflectiveCallable.java:12)
	at org.junit.runners.model.FrameworkMethod.invokeExplosively(FrameworkMethod.java:56)
	at org.junit.internal.runners.statements.InvokeMethod.evaluate(InvokeMethod.java:17)
	at edu.illinois.cs.testrunner.execution.JUnitTestRunner.runChild(JUnitTestRunner.java:333)
	at edu.illinois.cs.testrunner.execution.JUnitTestRunner.run(JUnitTestRunner.java:109)
	at org.junit.runner.JUnitCore.run(JUnitCore.java:137)
	at edu.illinois.cs.testrunner.execution.JUnitTestExecutor.execute(JUnitTestExecutor.java:292)
	at edu.illinois.cs.testrunner.execution.JUnitTestExecutor.execute(JUnitTestExecutor.java:328)
	at edu.illinois.cs.testrunner.execution.JUnitTestExecutor.executeWithJUnit4Runner(JUnitTestExecutor.java:366)
	at edu.illinois.cs.testrunner.execution.JUnitTestExecutor.runOrder(JUnitTestExecutor.java:47)
	at edu.illinois.cs.testrunner.execution.Executor$.$anonfun$run$1(Executor.scala:30)
	at scala.runtime.java8.JFunction0$mcV$sp.apply(JFunction0$mcV$sp.java:12)
	at scala.util.Try$.apply(Try.scala:209)
	at edu.illinois.cs.testrunner.execution.Executor$.run(Executor.scala:28)
	at edu.illinois.cs.testrunner.execution.Executor$.main(Executor.scala:18)
	at edu.illinois.cs.testrunner.execution.Executor.main(Executor.scala)
Successfully loaded native POSIX impl.
Successfully loaded native POSIX impl.
Successfully loaded native POSIX impl.
Successfully loaded native POSIX impl.
java.io.IOException: Cannot run program "id": error=2, No such file or directory
	at java.lang.ProcessBuilder.start(ProcessBuilder.java:1048)
	at java.lang.Runtime.exec(Runtime.java:621)
	at java.lang.Runtime.exec(Runtime.java:451)
	at java.lang.Runtime.exec(Runtime.java:348)
	at jnr.posix.GroupTest.exec(GroupTest.java:122)
	at jnr.posix.GroupTest.getgroups(GroupTest.java:92)
	at sun.reflect.NativeMethodAccessorImpl.invoke0(Native Method)
	at sun.reflect.NativeMethodAccessorImpl.invoke(NativeMethodAccessorImpl.java:62)
	at sun.reflect.DelegatingMethodAccessorImpl.invoke(DelegatingMethodAccessorImpl.java:43)
	at java.lang.reflect.Method.invoke(Method.java:498)
	at org.junit.runners.model.FrameworkMethod$1.runReflectiveCall(FrameworkMethod.java:59)
	at org.junit.internal.runners.model.ReflectiveCallable.run(ReflectiveCallable.java:12)
	at org.junit.runners.model.FrameworkMethod.invokeExplosively(FrameworkMethod.java:56)
	at org.junit.internal.runners.statements.InvokeMethod.evaluate(InvokeMethod.java:17)
	at org.junit.internal.runners.statements.RunBefores.evaluate(RunBefores.java:26)
	at org.junit.internal.runners.statements.RunAfters.evaluate(RunAfters.java:27)
	at edu.illinois.cs.testrunner.execution.JUnitTestRunner.runChild(JUnitTestRunner.java:333)
	at edu.illinois.cs.testrunner.execution.JUnitTestRunner.run(JUnitTestRunner.java:109)
	at org.junit.runner.JUnitCore.run(JUnitCore.java:137)
	at edu.illinois.cs.testrunner.execution.JUnitTestExecutor.execute(JUnitTestExecutor.java:292)
	at edu.illinois.cs.testrunner.execution.JUnitTestExecutor.execute(JUnitTestExecutor.java:328)
	at edu.illinois.cs.testrunner.execution.JUnitTestExecutor.executeWithJUnit4Runner(JUnitTestExecutor.java:366)
	at edu.illinois.cs.testrunner.execution.JUnitTestExecutor.runOrder(JUnitTestExecutor.java:47)
	at edu.illinois.cs.testrunner.execution.Executor$.$anonfun$run$1(Executor.scala:30)
	at scala.runtime.java8.JFunction0$mcV$sp.apply(JFunction0$mcV$sp.java:12)
	at scala.util.Try$.apply(Try.scala:209)
	at edu.illinois.cs.testrunner.execution.Executor$.run(Executor.scala:28)
	at edu.illinois.cs.testrunner.execution.Executor$.main(Executor.scala:18)
	at edu.illinois.cs.testrunner.execution.Executor.main(Executor.scala)
Caused by: java.io.IOException: error=2, No such file or directory
	at java.lang.UNIXProcess.forkAndExec(Native Method)
	at java.lang.UNIXProcess.<init>(UNIXProcess.java:247)
	at java.lang.ProcessImpl.start(ProcessImpl.java:134)
	at java.lang.ProcessBuilder.start(ProcessBuilder.java:1029)
	... 28 more
Successfully loaded native POSIX impl.
Successfully loaded native POSIX impl.
java.lang.AssertionError: expected:<4> but was:<0>
	at org.junit.Assert.fail(Assert.java:89)
	at org.junit.Assert.failNotEquals(Assert.java:835)
	at org.junit.Assert.assertEquals(Assert.java:647)
	at org.junit.Assert.assertEquals(Assert.java:633)
	at jnr.posix.SpawnTest.outputPipe(SpawnTest.java:80)
	at sun.reflect.NativeMethodAccessorImpl.invoke0(Native Method)
	at sun.reflect.NativeMethodAccessorImpl.invoke(NativeMethodAccessorImpl.java:62)
	at sun.reflect.DelegatingMethodAccessorImpl.invoke(DelegatingMethodAccessorImpl.java:43)
	at java.lang.reflect.Method.invoke(Method.java:498)
	at org.junit.runners.model.FrameworkMethod$1.runReflectiveCall(FrameworkMethod.java:59)
	at org.junit.internal.runners.model.ReflectiveCallable.run(ReflectiveCallable.java:12)
	at org.junit.runners.model.FrameworkMethod.invokeExplosively(FrameworkMethod.java:56)
	at org.junit.internal.runners.statements.InvokeMethod.evaluate(InvokeMethod.java:17)
	at edu.illinois.cs.testrunner.execution.JUnitTestRunner.runChild(JUnitTestRunner.java:333)
	at edu.illinois.cs.testrunner.execution.JUnitTestRunner.run(JUnitTestRunner.java:109)
	at org.junit.runner.JUnitCore.run(JUnitCore.java:137)
	at edu.illinois.cs.testrunner.execution.JUnitTestExecutor.execute(JUnitTestExecutor.java:292)
	at edu.illinois.cs.testrunner.execution.JUnitTestExecutor.execute(JUnitTestExecutor.java:328)
	at edu.illinois.cs.testrunner.execution.JUnitTestExecutor.executeWithJUnit4Runner(JUnitTestExecutor.java:366)
	at edu.illinois.cs.testrunner.execution.JUnitTestExecutor.runOrder(JUnitTestExecutor.java:47)
	at edu.illinois.cs.testrunner.execution.Executor$.$anonfun$run$1(Executor.scala:30)
	at scala.runtime.java8.JFunction0$mcV$sp.apply(JFunction0$mcV$sp.java:12)
	at scala.util.Try$.apply(Try.scala:209)
	at edu.illinois.cs.testrunner.execution.Executor$.run(Executor.scala:28)
	at edu.illinois.cs.testrunner.execution.Executor$.main(Executor.scala:18)
	at edu.illinois.cs.testrunner.execution.Executor.main(Executor.scala)
java.lang.AssertionError: expected:<3> but was:<0>
	at org.junit.Assert.fail(Assert.java:89)
	at org.junit.Assert.failNotEquals(Assert.java:835)
	at org.junit.Assert.assertEquals(Assert.java:647)
	at org.junit.Assert.assertEquals(Assert.java:633)
	at jnr.posix.SpawnTest.inputPipe(SpawnTest.java:117)
	at sun.reflect.NativeMethodAccessorImpl.invoke0(Native Method)
	at sun.reflect.NativeMethodAccessorImpl.invoke(NativeMethodAccessorImpl.java:62)
	at sun.reflect.DelegatingMethodAccessorImpl.invoke(DelegatingMethodAccessorImpl.java:43)
	at java.lang.reflect.Method.invoke(Method.java:498)
	at org.junit.runners.model.FrameworkMethod$1.runReflectiveCall(FrameworkMethod.java:59)
	at org.junit.internal.runners.model.ReflectiveCallable.run(ReflectiveCallable.java:12)
	at org.junit.runners.model.FrameworkMethod.invokeExplosively(FrameworkMethod.java:56)
	at org.junit.internal.runners.statements.InvokeMethod.evaluate(InvokeMethod.java:17)
	at edu.illinois.cs.testrunner.execution.JUnitTestRunner.runChild(JUnitTestRunner.java:333)
	at edu.illinois.cs.testrunner.execution.JUnitTestRunner.run(JUnitTestRunner.java:109)
	at org.junit.runner.JUnitCore.run(JUnitCore.java:137)
	at edu.illinois.cs.testrunner.execution.JUnitTestExecutor.execute(JUnitTestExecutor.java:292)
	at edu.illinois.cs.testrunner.execution.JUnitTestExecutor.execute(JUnitTestExecutor.java:328)
	at edu.illinois.cs.testrunner.execution.JUnitTestExecutor.executeWithJUnit4Runner(JUnitTestExecutor.java:366)
	at edu.illinois.cs.testrunner.execution.JUnitTestExecutor.runOrder(JUnitTestExecutor.java:47)
	at edu.illinois.cs.testrunner.execution.Executor$.$anonfun$run$1(Executor.scala:30)
	at scala.runtime.java8.JFunction0$mcV$sp.apply(JFunction0$mcV$sp.java:12)
	at scala.util.Try$.apply(Try.scala:209)
	at edu.illinois.cs.testrunner.execution.Executor$.run(Executor.scala:28)
	at edu.illinois.cs.testrunner.execution.Executor$.main(Executor.scala:18)
	at edu.illinois.cs.testrunner.execution.Executor.main(Executor.scala)
Successfully loaded native POSIX impl.
Successfully loaded native POSIX impl.
Successfully loaded native POSIX impl.
org.junit.AssumptionViolatedException: got: <java.io.IOException: Cannot run program "hostname": error=2, No such file or directory>, expected: null
	at org.junit.Assume.assumeThat(Assume.java:106)
	at org.junit.Assume.assumeNoException(Assume.java:153)
	at jnr.posix.HostnameTest.testHostnameIsResonable(HostnameTest.java:42)
	at sun.reflect.NativeMethodAccessorImpl.invoke0(Native Method)
	at sun.reflect.NativeMethodAccessorImpl.invoke(NativeMethodAccessorImpl.java:62)
	at sun.reflect.DelegatingMethodAccessorImpl.invoke(DelegatingMethodAccessorImpl.java:43)
	at java.lang.reflect.Method.invoke(Method.java:498)
	at org.junit.runners.model.FrameworkMethod$1.runReflectiveCall(FrameworkMethod.java:59)
	at org.junit.internal.runners.model.ReflectiveCallable.run(ReflectiveCallable.java:12)
	at org.junit.runners.model.FrameworkMethod.invokeExplosively(FrameworkMethod.java:56)
	at org.junit.internal.runners.statements.InvokeMethod.evaluate(InvokeMethod.java:17)
	at edu.illinois.cs.testrunner.execution.JUnitTestRunner.runChild(JUnitTestRunner.java:333)
	at edu.illinois.cs.testrunner.execution.JUnitTestRunner.run(JUnitTestRunner.java:109)
	at org.junit.runner.JUnitCore.run(JUnitCore.java:137)
	at edu.illinois.cs.testrunner.execution.JUnitTestExecutor.execute(JUnitTestExecutor.java:292)
	at edu.illinois.cs.testrunner.execution.JUnitTestExecutor.execute(JUnitTestExecutor.java:328)
	at edu.illinois.cs.testrunner.execution.JUnitTestExecutor.executeWithJUnit4Runner(JUnitTestExecutor.java:366)
	at edu.illinois.cs.testrunner.execution.JUnitTestExecutor.runOrder(JUnitTestExecutor.java:47)
	at edu.illinois.cs.testrunner.execution.Executor$.$anonfun$run$1(Executor.scala:30)
	at scala.runtime.java8.JFunction0$mcV$sp.apply(JFunction0$mcV$sp.java:12)
	at scala.util.Try$.apply(Try.scala:209)
	at edu.illinois.cs.testrunner.execution.Executor$.run(Executor.scala:28)
	at edu.illinois.cs.testrunner.execution.Executor$.main(Executor.scala:18)
	at edu.illinois.cs.testrunner.execution.Executor.main(Executor.scala)
Caused by: java.io.IOException: Cannot run program "hostname": error=2, No such file or directory
	at java.lang.ProcessBuilder.start(ProcessBuilder.java:1048)
	at java.lang.Runtime.exec(Runtime.java:621)
	at java.lang.Runtime.exec(Runtime.java:451)
	at java.lang.Runtime.exec(Runtime.java:348)
	at jnr.posix.HostnameTest.testHostnameIsResonable(HostnameTest.java:40)
	... 21 more
Caused by: java.io.IOException: error=2, No such file or directory
	at java.lang.UNIXProcess.forkAndExec(Native Method)
	at java.lang.UNIXProcess.<init>(UNIXProcess.java:247)
	at java.lang.ProcessImpl.start(ProcessImpl.java:134)
	at java.lang.ProcessBuilder.start(ProcessBuilder.java:1029)
	... 25 more
Successfully loaded native POSIX impl.
Successfully loaded native POSIX impl.
Successfully loaded native POSIX impl.
Successfully loaded native POSIX impl.
java.io.IOException: Cannot run program "locale": error=2, No such file or directory
	at java.lang.ProcessBuilder.start(ProcessBuilder.java:1048)
	at java.lang.Runtime.exec(Runtime.java:621)
	at java.lang.Runtime.exec(Runtime.java:451)
	at java.lang.Runtime.exec(Runtime.java:348)
	at jnr.posix.NlLanginfoTest.testNlLanginfo(NlLanginfoTest.java:28)
	at sun.reflect.NativeMethodAccessorImpl.invoke0(Native Method)
	at sun.reflect.NativeMethodAccessorImpl.invoke(NativeMethodAccessorImpl.java:62)
	at sun.reflect.DelegatingMethodAccessorImpl.invoke(DelegatingMethodAccessorImpl.java:43)
	at java.lang.reflect.Method.invoke(Method.java:498)
	at org.junit.runners.model.FrameworkMethod$1.runReflectiveCall(FrameworkMethod.java:59)
	at org.junit.internal.runners.model.ReflectiveCallable.run(ReflectiveCallable.java:12)
	at org.junit.runners.model.FrameworkMethod.invokeExplosively(FrameworkMethod.java:56)
	at org.junit.internal.runners.statements.InvokeMethod.evaluate(InvokeMethod.java:17)
	at edu.illinois.cs.testrunner.execution.JUnitTestRunner.runChild(JUnitTestRunner.java:333)
	at edu.illinois.cs.testrunner.execution.JUnitTestRunner.run(JUnitTestRunner.java:109)
	at org.junit.runner.JUnitCore.run(JUnitCore.java:137)
	at edu.illinois.cs.testrunner.execution.JUnitTestExecutor.execute(JUnitTestExecutor.java:292)
	at edu.illinois.cs.testrunner.execution.JUnitTestExecutor.execute(JUnitTestExecutor.java:328)
	at edu.illinois.cs.testrunner.execution.JUnitTestExecutor.executeWithJUnit4Runner(JUnitTestExecutor.java:366)
	at edu.illinois.cs.testrunner.execution.JUnitTestExecutor.runOrder(JUnitTestExecutor.java:47)
	at edu.illinois.cs.testrunner.execution.Executor$.$anonfun$run$1(Executor.scala:30)
	at scala.runtime.java8.JFunction0$mcV$sp.apply(JFunction0$mcV$sp.java:12)
	at scala.util.Try$.apply(Try.scala:209)
	at edu.illinois.cs.testrunner.execution.Executor$.run(Executor.scala:28)
	at edu.illinois.cs.testrunner.execution.Executor$.main(Executor.scala:18)
	at edu.illinois.cs.testrunner.execution.Executor.main(Executor.scala)
Caused by: java.io.IOException: error=2, No such file or directory
	at java.lang.UNIXProcess.forkAndExec(Native Method)
	at java.lang.UNIXProcess.<init>(UNIXProcess.java:247)
	at java.lang.ProcessImpl.start(ProcessImpl.java:134)
	at java.lang.ProcessBuilder.start(ProcessBuilder.java:1029)
	... 25 more
