Jan 11, 2021 4:01:56 PM org.springframework.context.support.ClassPathXmlApplicationContext prepareRefresh
INFO: Refreshing org.springframework.context.support.ClassPathXmlApplicationContext@4a883b15: startup date [Mon Jan 11 16:01:56 CST 2021]; root of context hierarchy
Jan 11, 2021 4:01:56 PM org.springframework.beans.factory.xml.XmlBeanDefinitionReader loadBeanDefinitions
INFO: Loading XML bean definitions from class path resource [ability-with-invalid-domain.xml]
Jan 11, 2021 4:01:57 PM org.springframework.beans.factory.annotation.AutowiredAnnotationBeanPostProcessor <init>
INFO: JSR-330 'javax.inject.Inject' annotation found and supported for autowiring
2021-01-11 16:01:57,598 [main] INFO  [io.github.dddplus.runtime.registry.RegistryFactory] [57] - setup the discoverable Spring beans...
2021-01-11 16:01:57,737 [main] INFO  [io.github.dddplus.runtime.registry.DDDBootstrap] [45] - starting Spring, register DDD beans...
2021-01-11 16:01:57,739 [main] INFO  [io.github.dddplus.runtime.registry.RegistryFactory] [32] - register Domain's ...
2021-01-11 16:01:57,743 [main] INFO  [io.github.dddplus.runtime.registry.RegistryFactory] [32] - register DomainService's ...
2021-01-11 16:01:57,748 [main] INFO  [io.github.dddplus.runtime.registry.RegistryFactory] [32] - register Specification's ...
2021-01-11 16:01:57,753 [main] INFO  [io.github.dddplus.runtime.registry.RegistryFactory] [32] - register Step's ...
2021-01-11 16:01:57,918 [main] INFO  [io.github.dddplus.runtime.registry.RegistryFactory] [32] - register DomainAbility's ...
Jan 11, 2021 4:01:57 PM org.springframework.context.support.ClassPathXmlApplicationContext refresh
WARNING: Exception encountered during context initialization - cancelling refresh attempt: org.springframework.beans.factory.BeanCreationException: Error creating bean with name 'DDDBootstrap' defined in file [/home/lichengpeng/test/automated_script/funkygao/cp-ddd-framework/dddplus-runtime/target/classes/io/github/dddplus/runtime/registry/DDDBootstrap.class]: Initialization of bean failed; nested exception is io.github.dddplus.runtime.registry.BootstrapException: DomainAbility domain not found: non-exist
Jan 11, 2021 4:01:57 PM org.springframework.context.support.ClassPathXmlApplicationContext prepareRefresh
INFO: Refreshing org.springframework.context.support.ClassPathXmlApplicationContext@2c42b421: startup date [Mon Jan 11 16:01:57 CST 2021]; root of context hierarchy
Jan 11, 2021 4:01:57 PM org.springframework.beans.factory.xml.XmlBeanDefinitionReader loadBeanDefinitions
INFO: Loading XML bean definitions from class path resource [pattern-invalid.xml]
Jan 11, 2021 4:01:58 PM org.springframework.beans.factory.annotation.AutowiredAnnotationBeanPostProcessor <init>
INFO: JSR-330 'javax.inject.Inject' annotation found and supported for autowiring
2021-01-11 16:01:58,081 [main] INFO  [io.github.dddplus.runtime.registry.RegistryFactory] [57] - setup the discoverable Spring beans...
2021-01-11 16:01:58,085 [main] INFO  [io.github.dddplus.runtime.registry.DDDBootstrap] [45] - starting Spring, register DDD beans...
2021-01-11 16:01:58,085 [main] INFO  [io.github.dddplus.runtime.registry.RegistryFactory] [32] - register Domain's ...
2021-01-11 16:01:58,086 [main] INFO  [io.github.dddplus.runtime.registry.RegistryFactory] [32] - register DomainService's ...
2021-01-11 16:01:58,088 [main] INFO  [io.github.dddplus.runtime.registry.RegistryFactory] [32] - register Specification's ...
2021-01-11 16:01:58,090 [main] INFO  [io.github.dddplus.runtime.registry.RegistryFactory] [32] - register Step's ...
2021-01-11 16:01:58,100 [main] INFO  [io.github.dddplus.runtime.registry.RegistryFactory] [32] - register DomainAbility's ...
2021-01-11 16:01:58,114 [main] INFO  [io.github.dddplus.runtime.registry.RegistryFactory] [32] - register Policy's ...
2021-01-11 16:01:58,118 [main] INFO  [io.github.dddplus.runtime.registry.RegistryFactory] [32] - register Partner's ...
2021-01-11 16:01:58,122 [main] INFO  [io.github.dddplus.runtime.registry.RegistryFactory] [32] - register Pattern's ...
Jan 11, 2021 4:01:58 PM org.springframework.context.support.ClassPathXmlApplicationContext refresh
WARNING: Exception encountered during context initialization - cancelling refresh attempt: org.springframework.beans.factory.BeanCreationException: Error creating bean with name 'DDDBootstrap' defined in file [/home/lichengpeng/test/automated_script/funkygao/cp-ddd-framework/dddplus-runtime/target/classes/io/github/dddplus/runtime/registry/DDDBootstrap.class]: Initialization of bean failed; nested exception is io.github.dddplus.runtime.registry.BootstrapException: io.github.errcase.invalidpattern.InvalidPattern MUST implements IIdentityResolver
Jan 11, 2021 4:01:58 PM org.springframework.context.support.ClassPathXmlApplicationContext prepareRefresh
INFO: Refreshing org.springframework.context.support.ClassPathXmlApplicationContext@5e742e4: startup date [Mon Jan 11 16:01:58 CST 2021]; root of context hierarchy
Jan 11, 2021 4:01:58 PM org.springframework.beans.factory.xml.XmlBeanDefinitionReader loadBeanDefinitions
INFO: Loading XML bean definitions from class path resource [dup-partner.xml]
Jan 11, 2021 4:01:58 PM org.springframework.beans.factory.annotation.AutowiredAnnotationBeanPostProcessor <init>
INFO: JSR-330 'javax.inject.Inject' annotation found and supported for autowiring
2021-01-11 16:01:58,241 [main] INFO  [io.github.dddplus.runtime.registry.RegistryFactory] [57] - setup the discoverable Spring beans...
2021-01-11 16:01:58,244 [main] INFO  [io.github.dddplus.runtime.registry.DDDBootstrap] [45] - starting Spring, register DDD beans...
2021-01-11 16:01:58,245 [main] INFO  [io.github.dddplus.runtime.registry.RegistryFactory] [32] - register Domain's ...
2021-01-11 16:01:58,246 [main] INFO  [io.github.dddplus.runtime.registry.RegistryFactory] [32] - register DomainService's ...
2021-01-11 16:01:58,248 [main] INFO  [io.github.dddplus.runtime.registry.RegistryFactory] [32] - register Specification's ...
2021-01-11 16:01:58,250 [main] INFO  [io.github.dddplus.runtime.registry.RegistryFactory] [32] - register Step's ...
2021-01-11 16:01:58,257 [main] INFO  [io.github.dddplus.runtime.registry.RegistryFactory] [32] - register DomainAbility's ...
2021-01-11 16:01:58,271 [main] INFO  [io.github.dddplus.runtime.registry.RegistryFactory] [32] - register Policy's ...
2021-01-11 16:01:58,273 [main] INFO  [io.github.dddplus.runtime.registry.RegistryFactory] [32] - register Partner's ...
Jan 11, 2021 4:01:58 PM org.springframework.context.support.ClassPathXmlApplicationContext refresh
WARNING: Exception encountered during context initialization - cancelling refresh attempt: org.springframework.beans.factory.BeanCreationException: Error creating bean with name 'DDDBootstrap' defined in file [/home/lichengpeng/test/automated_script/funkygao/cp-ddd-framework/dddplus-runtime/target/classes/io/github/dddplus/runtime/registry/DDDBootstrap.class]: Initialization of bean failed; nested exception is io.github.dddplus.runtime.registry.BootstrapException: duplicated partner code: ddd.cn.ka
Jan 11, 2021 4:01:58 PM org.springframework.context.support.ClassPathXmlApplicationContext prepareRefresh
INFO: Refreshing org.springframework.context.support.ClassPathXmlApplicationContext@388b401d: startup date [Mon Jan 11 16:01:58 CST 2021]; root of context hierarchy
Jan 11, 2021 4:01:58 PM org.springframework.beans.factory.xml.XmlBeanDefinitionReader loadBeanDefinitions
INFO: Loading XML bean definitions from class path resource [dup-pattern.xml]
Jan 11, 2021 4:01:58 PM org.springframework.beans.factory.annotation.AutowiredAnnotationBeanPostProcessor <init>
INFO: JSR-330 'javax.inject.Inject' annotation found and supported for autowiring
2021-01-11 16:01:58,373 [main] INFO  [io.github.dddplus.runtime.registry.RegistryFactory] [57] - setup the discoverable Spring beans...
2021-01-11 16:01:58,377 [main] INFO  [io.github.dddplus.runtime.registry.DDDBootstrap] [45] - starting Spring, register DDD beans...
2021-01-11 16:01:58,377 [main] INFO  [io.github.dddplus.runtime.registry.RegistryFactory] [32] - register Domain's ...
2021-01-11 16:01:58,378 [main] INFO  [io.github.dddplus.runtime.registry.RegistryFactory] [32] - register DomainService's ...
2021-01-11 16:01:58,380 [main] INFO  [io.github.dddplus.runtime.registry.RegistryFactory] [32] - register Specification's ...
2021-01-11 16:01:58,382 [main] INFO  [io.github.dddplus.runtime.registry.RegistryFactory] [32] - register Step's ...
2021-01-11 16:01:58,389 [main] INFO  [io.github.dddplus.runtime.registry.RegistryFactory] [32] - register DomainAbility's ...
2021-01-11 16:01:58,403 [main] INFO  [io.github.dddplus.runtime.registry.RegistryFactory] [32] - register Policy's ...
2021-01-11 16:01:58,404 [main] INFO  [io.github.dddplus.runtime.registry.RegistryFactory] [32] - register Partner's ...
2021-01-11 16:01:58,406 [main] INFO  [io.github.dddplus.runtime.registry.RegistryFactory] [32] - register Pattern's ...
Jan 11, 2021 4:01:58 PM org.springframework.context.support.ClassPathXmlApplicationContext refresh
WARNING: Exception encountered during context initialization - cancelling refresh attempt: org.springframework.beans.factory.BeanCreationException: Error creating bean with name 'DDDBootstrap' defined in file [/home/lichengpeng/test/automated_script/funkygao/cp-ddd-framework/dddplus-runtime/target/classes/io/github/dddplus/runtime/registry/DDDBootstrap.class]: Initialization of bean failed; nested exception is io.github.dddplus.runtime.registry.BootstrapException: duplicated pattern code: b2b
Jan 11, 2021 4:01:58 PM org.springframework.context.support.ClassPathXmlApplicationContext prepareRefresh
INFO: Refreshing org.springframework.context.support.ClassPathXmlApplicationContext@5327a06e: startup date [Mon Jan 11 16:01:58 CST 2021]; root of context hierarchy
Jan 11, 2021 4:01:58 PM org.springframework.beans.factory.xml.XmlBeanDefinitionReader loadBeanDefinitions
INFO: Loading XML bean definitions from class path resource [dup-domain.xml]
Jan 11, 2021 4:01:58 PM org.springframework.beans.factory.annotation.AutowiredAnnotationBeanPostProcessor <init>
INFO: JSR-330 'javax.inject.Inject' annotation found and supported for autowiring
2021-01-11 16:01:58,506 [main] INFO  [io.github.dddplus.runtime.registry.RegistryFactory] [57] - setup the discoverable Spring beans...
2021-01-11 16:01:58,510 [main] INFO  [io.github.dddplus.runtime.registry.DDDBootstrap] [45] - starting Spring, register DDD beans...
2021-01-11 16:01:58,510 [main] INFO  [io.github.dddplus.runtime.registry.RegistryFactory] [32] - register Domain's ...
Jan 11, 2021 4:01:58 PM org.springframework.context.support.ClassPathXmlApplicationContext refresh
WARNING: Exception encountered during context initialization - cancelling refresh attempt: org.springframework.beans.factory.BeanCreationException: Error creating bean with name 'DDDBootstrap' defined in file [/home/lichengpeng/test/automated_script/funkygao/cp-ddd-framework/dddplus-runtime/target/classes/io/github/dddplus/runtime/registry/DDDBootstrap.class]: Initialization of bean failed; nested exception is io.github.dddplus.runtime.registry.BootstrapException: duplicated domain code: FooDomain
Jan 11, 2021 4:01:58 PM org.springframework.context.support.ClassPathXmlApplicationContext prepareRefresh
INFO: Refreshing org.springframework.context.support.ClassPathXmlApplicationContext@3cec79d3: startup date [Mon Jan 11 16:01:58 CST 2021]; root of context hierarchy
Jan 11, 2021 4:01:58 PM org.springframework.beans.factory.xml.XmlBeanDefinitionReader loadBeanDefinitions
INFO: Loading XML bean definitions from class path resource [dup-policy.xml]
Jan 11, 2021 4:01:58 PM org.springframework.beans.factory.annotation.AutowiredAnnotationBeanPostProcessor <init>
INFO: JSR-330 'javax.inject.Inject' annotation found and supported for autowiring
2021-01-11 16:01:58,603 [main] INFO  [io.github.dddplus.runtime.registry.RegistryFactory] [57] - setup the discoverable Spring beans...
2021-01-11 16:01:58,611 [main] INFO  [io.github.dddplus.runtime.registry.DDDBootstrap] [45] - starting Spring, register DDD beans...
2021-01-11 16:01:58,612 [main] INFO  [io.github.dddplus.runtime.registry.RegistryFactory] [32] - register Domain's ...
2021-01-11 16:01:58,613 [main] INFO  [io.github.dddplus.runtime.registry.RegistryFactory] [32] - register DomainService's ...
2021-01-11 16:01:58,614 [main] INFO  [io.github.dddplus.runtime.registry.RegistryFactory] [32] - register Specification's ...
2021-01-11 16:01:58,616 [main] INFO  [io.github.dddplus.runtime.registry.RegistryFactory] [32] - register Step's ...
2021-01-11 16:01:58,624 [main] INFO  [io.github.dddplus.runtime.registry.RegistryFactory] [32] - register DomainAbility's ...
2021-01-11 16:01:58,637 [main] INFO  [io.github.dddplus.runtime.registry.RegistryFactory] [32] - register Policy's ...
Jan 11, 2021 4:01:58 PM org.springframework.context.support.ClassPathXmlApplicationContext refresh
WARNING: Exception encountered during context initialization - cancelling refresh attempt: org.springframework.beans.factory.BeanCreationException: Error creating bean with name 'DDDBootstrap' defined in file [/home/lichengpeng/test/automated_script/funkygao/cp-ddd-framework/dddplus-runtime/target/classes/io/github/dddplus/runtime/registry/DDDBootstrap.class]: Initialization of bean failed; nested exception is io.github.dddplus.runtime.registry.BootstrapException: 1 Policy decides only 1 Extension:io.github.errcase.policy.DupTriggerPolicy, ext:io.github.dddplus.runtime.registry.mock.ext.ITrigger
Jan 11, 2021 4:01:58 PM org.springframework.context.support.ClassPathXmlApplicationContext prepareRefresh
INFO: Refreshing org.springframework.context.support.ClassPathXmlApplicationContext@76c387f9: startup date [Mon Jan 11 16:01:58 CST 2021]; root of context hierarchy
Jan 11, 2021 4:01:58 PM org.springframework.beans.factory.xml.XmlBeanDefinitionReader loadBeanDefinitions
INFO: Loading XML bean definitions from class path resource [dup-step.xml]
Jan 11, 2021 4:01:58 PM org.springframework.beans.factory.annotation.AutowiredAnnotationBeanPostProcessor <init>
INFO: JSR-330 'javax.inject.Inject' annotation found and supported for autowiring
2021-01-11 16:01:58,732 [main] INFO  [io.github.dddplus.runtime.registry.RegistryFactory] [57] - setup the discoverable Spring beans...
2021-01-11 16:01:58,735 [main] INFO  [io.github.dddplus.runtime.registry.DDDBootstrap] [45] - starting Spring, register DDD beans...
2021-01-11 16:01:58,735 [main] INFO  [io.github.dddplus.runtime.registry.RegistryFactory] [32] - register Domain's ...
2021-01-11 16:01:58,736 [main] INFO  [io.github.dddplus.runtime.registry.RegistryFactory] [32] - register DomainService's ...
2021-01-11 16:01:58,737 [main] INFO  [io.github.dddplus.runtime.registry.RegistryFactory] [32] - register Specification's ...
2021-01-11 16:01:58,739 [main] INFO  [io.github.dddplus.runtime.registry.RegistryFactory] [32] - register Step's ...
Jan 11, 2021 4:01:58 PM org.springframework.context.support.ClassPathXmlApplicationContext refresh
WARNING: Exception encountered during context initialization - cancelling refresh attempt: org.springframework.beans.factory.BeanCreationException: Error creating bean with name 'DDDBootstrap' defined in file [/home/lichengpeng/test/automated_script/funkygao/cp-ddd-framework/dddplus-runtime/target/classes/io/github/dddplus/runtime/registry/DDDBootstrap.class]: Initialization of bean failed; nested exception is io.github.dddplus.runtime.registry.BootstrapException: duplicated step code: Foo
Jan 11, 2021 4:01:58 PM org.springframework.context.support.ClassPathXmlApplicationContext prepareRefresh
INFO: Refreshing org.springframework.context.support.ClassPathXmlApplicationContext@2de50ee4: startup date [Mon Jan 11 16:01:58 CST 2021]; root of context hierarchy
Jan 11, 2021 4:01:58 PM org.springframework.beans.factory.xml.XmlBeanDefinitionReader loadBeanDefinitions
INFO: Loading XML bean definitions from class path resource [service-with-invalid-domain.xml]
Jan 11, 2021 4:01:58 PM org.springframework.beans.factory.annotation.AutowiredAnnotationBeanPostProcessor <init>
INFO: JSR-330 'javax.inject.Inject' annotation found and supported for autowiring
2021-01-11 16:01:58,832 [main] INFO  [io.github.dddplus.runtime.registry.RegistryFactory] [57] - setup the discoverable Spring beans...
2021-01-11 16:01:58,835 [main] INFO  [io.github.dddplus.runtime.registry.DDDBootstrap] [45] - starting Spring, register DDD beans...
2021-01-11 16:01:58,835 [main] INFO  [io.github.dddplus.runtime.registry.RegistryFactory] [32] - register Domain's ...
2021-01-11 16:01:58,836 [main] INFO  [io.github.dddplus.runtime.registry.RegistryFactory] [32] - register DomainService's ...
Jan 11, 2021 4:01:58 PM org.springframework.context.support.ClassPathXmlApplicationContext refresh
WARNING: Exception encountered during context initialization - cancelling refresh attempt: org.springframework.beans.factory.BeanCreationException: Error creating bean with name 'DDDBootstrap' defined in file [/home/lichengpeng/test/automated_script/funkygao/cp-ddd-framework/dddplus-runtime/target/classes/io/github/dddplus/runtime/registry/DDDBootstrap.class]: Initialization of bean failed; nested exception is io.github.dddplus.runtime.registry.BootstrapException: DomainService domain not found: non-exist
Jan 11, 2021 4:01:58 PM org.springframework.test.context.support.DefaultTestContextBootstrapper getDefaultTestExecutionListenerClassNames
INFO: Loaded default TestExecutionListener class names from location [META-INF/spring.factories]: [org.springframework.test.context.web.ServletTestExecutionListener, org.springframework.test.context.support.DirtiesContextBeforeModesTestExecutionListener, org.springframework.test.context.support.DependencyInjectionTestExecutionListener, org.springframework.test.context.support.DirtiesContextTestExecutionListener, org.springframework.test.context.transaction.TransactionalTestExecutionListener, org.springframework.test.context.jdbc.SqlScriptsTestExecutionListener]
Jan 11, 2021 4:01:58 PM org.springframework.test.context.support.DefaultTestContextBootstrapper instantiateListeners
INFO: Could not instantiate TestExecutionListener [org.springframework.test.context.web.ServletTestExecutionListener]. Specify custom listener classes or make the default listener classes (and their required dependencies) available. Offending class: [javax/servlet/ServletContext]
Jan 11, 2021 4:01:58 PM org.springframework.test.context.support.DefaultTestContextBootstrapper instantiateListeners
INFO: Could not instantiate TestExecutionListener [org.springframework.test.context.jdbc.SqlScriptsTestExecutionListener]. Specify custom listener classes or make the default listener classes (and their required dependencies) available. Offending class: [org/springframework/transaction/interceptor/TransactionAttribute]
Jan 11, 2021 4:01:58 PM org.springframework.test.context.support.DefaultTestContextBootstrapper instantiateListeners
INFO: Could not instantiate TestExecutionListener [org.springframework.test.context.transaction.TransactionalTestExecutionListener]. Specify custom listener classes or make the default listener classes (and their required dependencies) available. Offending class: [org/springframework/transaction/TransactionDefinition]
Jan 11, 2021 4:01:58 PM org.springframework.test.context.support.DefaultTestContextBootstrapper getTestExecutionListeners
INFO: Using TestExecutionListeners: [org.springframework.test.context.support.DirtiesContextBeforeModesTestExecutionListener@113e13f9, org.springframework.test.context.support.DependencyInjectionTestExecutionListener@1c7f96b1, org.springframework.test.context.support.DirtiesContextTestExecutionListener@7979b8b7]
Jan 11, 2021 4:01:58 PM org.springframework.beans.factory.xml.XmlBeanDefinitionReader loadBeanDefinitions
INFO: Loading XML bean definitions from URL [file:/home/lichengpeng/test/automated_script/funkygao/cp-ddd-framework/dddplus-test/target/test-classes/spring-test.xml]
Jan 11, 2021 4:01:59 PM org.springframework.context.support.GenericApplicationContext prepareRefresh
INFO: Refreshing org.springframework.context.support.GenericApplicationContext@644ded04: startup date [Mon Jan 11 16:01:59 CST 2021]; root of context hierarchy
Jan 11, 2021 4:01:59 PM org.springframework.beans.factory.annotation.AutowiredAnnotationBeanPostProcessor <init>
INFO: JSR-330 'javax.inject.Inject' annotation found and supported for autowiring
2021-01-11 16:01:59,341 [main] INFO  [io.github.dddplus.runtime.registry.RegistryFactory] [57] - setup the discoverable Spring beans...
2021-01-11 16:01:59,534 [main] INFO  [io.github.dddplus.runtime.registry.DDDBootstrap] [45] - starting Spring, register DDD beans...
2021-01-11 16:01:59,536 [main] INFO  [io.github.dddplus.runtime.registry.RegistryFactory] [32] - register Domain's ...
2021-01-11 16:01:59,541 [main] INFO  [io.github.dddplus.runtime.registry.RegistryFactory] [32] - register DomainService's ...
2021-01-11 16:01:59,544 [main] INFO  [io.github.dddplus.runtime.registry.RegistryFactory] [32] - register Specification's ...
2021-01-11 16:01:59,548 [main] INFO  [io.github.dddplus.runtime.registry.RegistryFactory] [32] - register Step's ...
2021-01-11 16:01:59,717 [main] INFO  [io.github.dddplus.runtime.registry.RegistryFactory] [32] - register DomainAbility's ...
2021-01-11 16:01:59,748 [main] INFO  [io.github.dddplus.runtime.registry.RegistryFactory] [32] - register Policy's ...
2021-01-11 16:01:59,752 [main] INFO  [io.github.dddplus.runtime.registry.RegistryFactory] [32] - register Partner's ...
2021-01-11 16:01:59,755 [main] INFO  [io.github.dddplus.runtime.registry.RegistryFactory] [32] - register Pattern's ...
2021-01-11 16:01:59,763 [main] INFO  [io.github.dddplus.runtime.registry.RegistryFactory] [32] - register Extension's ...
2021-01-11 16:01:59,791 [main] INFO  [io.github.dddplus.runtime.registry.DDDBootstrap] [47] - all DDD beans registered, cost 257ms
Jan 11, 2021 4:01:59 PM org.springframework.scheduling.concurrent.ThreadPoolTaskExecutor initialize
INFO: Initializing ExecutorService  'asyncStepsExecutor'
Jan 11, 2021 4:01:59 PM org.springframework.scheduling.concurrent.ThreadPoolTaskExecutor initialize
INFO: Initializing ExecutorService  'asyncStepsExecutorAutoDiscard'
2021-01-11 16:01:59,842 [main] INFO  [io.github.dddplus.runtime.registry.DDDBootstrap] [55] - Spring started complete!
2021-01-11 16:01:59,852 [main] INFO  [io.github.dddplus.runtime.registry.mock.extension.B2CExt] [16] - 2
2021-01-11 16:01:59,853 [main] INFO  [io.github.dddplus.runtime.registry.mock.extension.B2CExt] [16] - 2
2021-01-11 16:01:59,853 [main] INFO  [io.github.dddplus.runtime.registry.mock.service.FooDomainService] [17] - submit received: 2, firstExt got: 2
Jan 11, 2021 4:01:59 PM org.springframework.test.context.support.DefaultTestContextBootstrapper getDefaultTestExecutionListenerClassNames
INFO: Loaded default TestExecutionListener class names from location [META-INF/spring.factories]: [org.springframework.test.context.web.ServletTestExecutionListener, org.springframework.test.context.support.DirtiesContextBeforeModesTestExecutionListener, org.springframework.test.context.support.DependencyInjectionTestExecutionListener, org.springframework.test.context.support.DirtiesContextTestExecutionListener, org.springframework.test.context.transaction.TransactionalTestExecutionListener, org.springframework.test.context.jdbc.SqlScriptsTestExecutionListener]
Jan 11, 2021 4:01:59 PM org.springframework.test.context.support.DefaultTestContextBootstrapper instantiateListeners
INFO: Could not instantiate TestExecutionListener [org.springframework.test.context.web.ServletTestExecutionListener]. Specify custom listener classes or make the default listener classes (and their required dependencies) available. Offending class: [javax/servlet/ServletContext]
Jan 11, 2021 4:01:59 PM org.springframework.test.context.support.DefaultTestContextBootstrapper instantiateListeners
INFO: Could not instantiate TestExecutionListener [org.springframework.test.context.jdbc.SqlScriptsTestExecutionListener]. Specify custom listener classes or make the default listener classes (and their required dependencies) available. Offending class: [org/springframework/transaction/interceptor/TransactionAttribute]
Jan 11, 2021 4:01:59 PM org.springframework.test.context.support.DefaultTestContextBootstrapper instantiateListeners
INFO: Could not instantiate TestExecutionListener [org.springframework.test.context.transaction.TransactionalTestExecutionListener]. Specify custom listener classes or make the default listener classes (and their required dependencies) available. Offending class: [org/springframework/transaction/TransactionDefinition]
Jan 11, 2021 4:01:59 PM org.springframework.test.context.support.DefaultTestContextBootstrapper getTestExecutionListeners
INFO: Using TestExecutionListeners: [org.springframework.test.context.support.DirtiesContextBeforeModesTestExecutionListener@58ae402b, org.springframework.test.context.support.DependencyInjectionTestExecutionListener@4099209b, org.springframework.test.context.support.DirtiesContextTestExecutionListener@43ac0a68]
2021-01-11 16:01:59,859 [main] INFO  [io.github.dddplus.runtime.registry.IntegrationTest] [451] - steps:[Baz, Foo, Bar]
Jan 11, 2021 4:01:59 PM org.springframework.test.context.support.DefaultTestContextBootstrapper getDefaultTestExecutionListenerClassNames
INFO: Loaded default TestExecutionListener class names from location [META-INF/spring.factories]: [org.springframework.test.context.web.ServletTestExecutionListener, org.springframework.test.context.support.DirtiesContextBeforeModesTestExecutionListener, org.springframework.test.context.support.DependencyInjectionTestExecutionListener, org.springframework.test.context.support.DirtiesContextTestExecutionListener, org.springframework.test.context.transaction.TransactionalTestExecutionListener, org.springframework.test.context.jdbc.SqlScriptsTestExecutionListener]
Jan 11, 2021 4:01:59 PM org.springframework.test.context.support.DefaultTestContextBootstrapper instantiateListeners
INFO: Could not instantiate TestExecutionListener [org.springframework.test.context.web.ServletTestExecutionListener]. Specify custom listener classes or make the default listener classes (and their required dependencies) available. Offending class: [javax/servlet/ServletContext]
Jan 11, 2021 4:01:59 PM org.springframework.test.context.support.DefaultTestContextBootstrapper instantiateListeners
INFO: Could not instantiate TestExecutionListener [org.springframework.test.context.jdbc.SqlScriptsTestExecutionListener]. Specify custom listener classes or make the default listener classes (and their required dependencies) available. Offending class: [org/springframework/transaction/interceptor/TransactionAttribute]
Jan 11, 2021 4:01:59 PM org.springframework.test.context.support.DefaultTestContextBootstrapper instantiateListeners
INFO: Could not instantiate TestExecutionListener [org.springframework.test.context.transaction.TransactionalTestExecutionListener]. Specify custom listener classes or make the default listener classes (and their required dependencies) available. Offending class: [org/springframework/transaction/TransactionDefinition]
Jan 11, 2021 4:01:59 PM org.springframework.test.context.support.DefaultTestContextBootstrapper getTestExecutionListeners
INFO: Using TestExecutionListeners: [org.springframework.test.context.support.DirtiesContextBeforeModesTestExecutionListener@67eec8e1, org.springframework.test.context.support.DependencyInjectionTestExecutionListener@4214ae8f, org.springframework.test.context.support.DirtiesContextTestExecutionListener@7ba93755]
2021-01-11 16:01:59,869 [main] WARN  [io.github.dddplus.runtime.registry.InternalIndexer] [172] - expected:1, got:0 domain steps
2021-01-11 16:01:59,869 [step-2] INFO  [io.github.dddplus.runtime.registry.mock.interceptor.DomainProfilerAspect] [21] - AROUND step:Submit.Foo
2021-01-11 16:01:59,869 [step-1] INFO  [io.github.dddplus.runtime.registry.mock.interceptor.DomainProfilerAspect] [21] - AROUND step:Submit.Baz
2021-01-11 16:01:59,870 [step-1] INFO  [io.github.dddplus.runtime.registry.mock.step.BazStep] [18] - submit: FooModel(partnerCode=ddd.cn.ka, b2c=false, letFooThrowException=false, willSleepLong=true, willThrowRuntimeException=false, willThrowOOM=false, redecide=false, redecideDeadLoop=false, stepsRevised=false, willRollback=false, willRollbackInvalid=false, sleepExtTimeout=false, foo=0)
2021-01-11 16:01:59,870 [step-2] INFO  [io.github.dddplus.runtime.registry.mock.step.FooStep] [20] - submit: FooModel(partnerCode=ddd.cn.ka, b2c=false, letFooThrowException=false, willSleepLong=true, willThrowRuntimeException=false, willThrowOOM=false, redecide=false, redecideDeadLoop=false, stepsRevised=false, willRollback=false, willRollbackInvalid=false, sleepExtTimeout=false, foo=0)
Jan 11, 2021 4:01:59 PM org.springframework.test.context.support.DefaultTestContextBootstrapper getDefaultTestExecutionListenerClassNames
INFO: Loaded default TestExecutionListener class names from location [META-INF/spring.factories]: [org.springframework.test.context.web.ServletTestExecutionListener, org.springframework.test.context.support.DirtiesContextBeforeModesTestExecutionListener, org.springframework.test.context.support.DependencyInjectionTestExecutionListener, org.springframework.test.context.support.DirtiesContextTestExecutionListener, org.springframework.test.context.transaction.TransactionalTestExecutionListener, org.springframework.test.context.jdbc.SqlScriptsTestExecutionListener]
Jan 11, 2021 4:01:59 PM org.springframework.test.context.support.DefaultTestContextBootstrapper instantiateListeners
INFO: Could not instantiate TestExecutionListener [org.springframework.test.context.web.ServletTestExecutionListener]. Specify custom listener classes or make the default listener classes (and their required dependencies) available. Offending class: [javax/servlet/ServletContext]
Jan 11, 2021 4:01:59 PM org.springframework.test.context.support.DefaultTestContextBootstrapper instantiateListeners
INFO: Could not instantiate TestExecutionListener [org.springframework.test.context.jdbc.SqlScriptsTestExecutionListener]. Specify custom listener classes or make the default listener classes (and their required dependencies) available. Offending class: [org/springframework/transaction/interceptor/TransactionAttribute]
Jan 11, 2021 4:01:59 PM org.springframework.test.context.support.DefaultTestContextBootstrapper instantiateListeners
INFO: Could not instantiate TestExecutionListener [org.springframework.test.context.transaction.TransactionalTestExecutionListener]. Specify custom listener classes or make the default listener classes (and their required dependencies) available. Offending class: [org/springframework/transaction/TransactionDefinition]
Jan 11, 2021 4:01:59 PM org.springframework.test.context.support.DefaultTestContextBootstrapper getTestExecutionListeners
INFO: Using TestExecutionListeners: [org.springframework.test.context.support.DirtiesContextBeforeModesTestExecutionListener@566f1852, org.springframework.test.context.support.DependencyInjectionTestExecutionListener@6ea246af, org.springframework.test.context.support.DirtiesContextTestExecutionListener@2e4389ed]
2021-01-11 16:01:59,874 [main] INFO  [io.github.dddplus.runtime.registry.mock.interceptor.DomainProfilerAspect] [21] - AROUND step:Submit.Baz
2021-01-11 16:01:59,874 [main] INFO  [io.github.dddplus.runtime.registry.mock.step.BazStep] [18] - submit: FooModel(partnerCode=ddd.cn.ka, b2c=false, letFooThrowException=false, willSleepLong=false, willThrowRuntimeException=false, willThrowOOM=false, redecide=true, redecideDeadLoop=false, stepsRevised=false, willRollback=false, willRollbackInvalid=false, sleepExtTimeout=false, foo=0)
2021-01-11 16:01:59,874 [main] INFO  [io.github.dddplus.runtime.registry.mock.interceptor.DomainProfilerAspect] [21] - AROUND step:Submit.Foo
2021-01-11 16:01:59,875 [main] INFO  [io.github.dddplus.runtime.registry.mock.step.FooStep] [20] - submit: FooModel(partnerCode=ddd.cn.ka, b2c=false, letFooThrowException=false, willSleepLong=false, willThrowRuntimeException=false, willThrowOOM=false, redecide=true, redecideDeadLoop=false, stepsRevised=false, willRollback=false, willRollbackInvalid=false, sleepExtTimeout=false, foo=0)
2021-01-11 16:01:59,875 [main] INFO  [io.github.dddplus.runtime.registry.mock.interceptor.DomainProfilerAspect] [21] - AROUND step:Submit.Bar
2021-01-11 16:01:59,876 [main] INFO  [io.github.dddplus.runtime.registry.mock.step.BarStep] [43] - 重新编排步骤，增加步骤：[Baz, Ham]
2021-01-11 16:01:59,876 [main] INFO  [io.github.dddplus.runtime.StepsExecTemplate] [94] - revised steps:[Baz, Ham]
2021-01-11 16:01:59,876 [main] INFO  [io.github.dddplus.runtime.registry.mock.interceptor.DomainProfilerAspect] [21] - AROUND step:Submit.Baz
2021-01-11 16:01:59,877 [main] INFO  [io.github.dddplus.runtime.registry.mock.step.BazStep] [18] - submit: FooModel(partnerCode=ddd.cn.ka, b2c=false, letFooThrowException=false, willSleepLong=false, willThrowRuntimeException=false, willThrowOOM=false, redecide=true, redecideDeadLoop=false, stepsRevised=false, willRollback=false, willRollbackInvalid=false, sleepExtTimeout=false, foo=0)
2021-01-11 16:01:59,877 [main] INFO  [io.github.dddplus.runtime.registry.mock.step.HamStep] [16] - submit: FooModel(partnerCode=ddd.cn.ka, b2c=false, letFooThrowException=false, willSleepLong=false, willThrowRuntimeException=false, willThrowOOM=false, redecide=true, redecideDeadLoop=false, stepsRevised=false, willRollback=false, willRollbackInvalid=false, sleepExtTimeout=false, foo=0)
2021-01-11 16:01:59,877 [main] WARN  [io.github.dddplus.runtime.StepsExecTemplate] [79] - Empty steps of activity:Submit on FooModel(partnerCode=ddd.cn.ka, b2c=false, letFooThrowException=false, willSleepLong=false, willThrowRuntimeException=false, willThrowOOM=false, redecide=true, redecideDeadLoop=false, stepsRevised=false, willRollback=false, willRollbackInvalid=false, sleepExtTimeout=false, foo=0)
2021-01-11 16:01:59,877 [main] WARN  [io.github.dddplus.runtime.StepsExecTemplate] [79] - Empty steps of activity:Submit on FooModel(partnerCode=ddd.cn.ka, b2c=false, letFooThrowException=false, willSleepLong=false, willThrowRuntimeException=false, willThrowOOM=false, redecide=true, redecideDeadLoop=false, stepsRevised=false, willRollback=false, willRollbackInvalid=false, sleepExtTimeout=false, foo=0)
Jan 11, 2021 4:01:59 PM org.springframework.test.context.support.DefaultTestContextBootstrapper getDefaultTestExecutionListenerClassNames
INFO: Loaded default TestExecutionListener class names from location [META-INF/spring.factories]: [org.springframework.test.context.web.ServletTestExecutionListener, org.springframework.test.context.support.DirtiesContextBeforeModesTestExecutionListener, org.springframework.test.context.support.DependencyInjectionTestExecutionListener, org.springframework.test.context.support.DirtiesContextTestExecutionListener, org.springframework.test.context.transaction.TransactionalTestExecutionListener, org.springframework.test.context.jdbc.SqlScriptsTestExecutionListener]
Jan 11, 2021 4:01:59 PM org.springframework.test.context.support.DefaultTestContextBootstrapper instantiateListeners
INFO: Could not instantiate TestExecutionListener [org.springframework.test.context.web.ServletTestExecutionListener]. Specify custom listener classes or make the default listener classes (and their required dependencies) available. Offending class: [javax/servlet/ServletContext]
Jan 11, 2021 4:01:59 PM org.springframework.test.context.support.DefaultTestContextBootstrapper instantiateListeners
INFO: Could not instantiate TestExecutionListener [org.springframework.test.context.jdbc.SqlScriptsTestExecutionListener]. Specify custom listener classes or make the default listener classes (and their required dependencies) available. Offending class: [org/springframework/transaction/interceptor/TransactionAttribute]
Jan 11, 2021 4:01:59 PM org.springframework.test.context.support.DefaultTestContextBootstrapper instantiateListeners
INFO: Could not instantiate TestExecutionListener [org.springframework.test.context.transaction.TransactionalTestExecutionListener]. Specify custom listener classes or make the default listener classes (and their required dependencies) available. Offending class: [org/springframework/transaction/TransactionDefinition]
Jan 11, 2021 4:01:59 PM org.springframework.test.context.support.DefaultTestContextBootstrapper getTestExecutionListeners
INFO: Using TestExecutionListeners: [org.springframework.test.context.support.DirtiesContextBeforeModesTestExecutionListener@609319c3, org.springframework.test.context.support.DependencyInjectionTestExecutionListener@6bbab114, org.springframework.test.context.support.DirtiesContextTestExecutionListener@2a7d9b41]
2021-01-11 16:01:59,891 [main] INFO  [io.github.dddplus.runtime.registry.mock.ability.NotImplementedAbility] [22] - blah blah
Jan 11, 2021 4:01:59 PM org.springframework.test.context.support.DefaultTestContextBootstrapper getDefaultTestExecutionListenerClassNames
INFO: Loaded default TestExecutionListener class names from location [META-INF/spring.factories]: [org.springframework.test.context.web.ServletTestExecutionListener, org.springframework.test.context.support.DirtiesContextBeforeModesTestExecutionListener, org.springframework.test.context.support.DependencyInjectionTestExecutionListener, org.springframework.test.context.support.DirtiesContextTestExecutionListener, org.springframework.test.context.transaction.TransactionalTestExecutionListener, org.springframework.test.context.jdbc.SqlScriptsTestExecutionListener]
Jan 11, 2021 4:01:59 PM org.springframework.test.context.support.DefaultTestContextBootstrapper instantiateListeners
INFO: Could not instantiate TestExecutionListener [org.springframework.test.context.web.ServletTestExecutionListener]. Specify custom listener classes or make the default listener classes (and their required dependencies) available. Offending class: [javax/servlet/ServletContext]
Jan 11, 2021 4:01:59 PM org.springframework.test.context.support.DefaultTestContextBootstrapper instantiateListeners
INFO: Could not instantiate TestExecutionListener [org.springframework.test.context.jdbc.SqlScriptsTestExecutionListener]. Specify custom listener classes or make the default listener classes (and their required dependencies) available. Offending class: [org/springframework/transaction/interceptor/TransactionAttribute]
Jan 11, 2021 4:01:59 PM org.springframework.test.context.support.DefaultTestContextBootstrapper instantiateListeners
INFO: Could not instantiate TestExecutionListener [org.springframework.test.context.transaction.TransactionalTestExecutionListener]. Specify custom listener classes or make the default listener classes (and their required dependencies) available. Offending class: [org/springframework/transaction/TransactionDefinition]
Jan 11, 2021 4:01:59 PM org.springframework.test.context.support.DefaultTestContextBootstrapper getTestExecutionListeners
INFO: Using TestExecutionListeners: [org.springframework.test.context.support.DirtiesContextBeforeModesTestExecutionListener@53f0d09c, org.springframework.test.context.support.DependencyInjectionTestExecutionListener@47acd13b, org.springframework.test.context.support.DirtiesContextTestExecutionListener@6f8e9d06]
2021-01-11 16:01:59,896 [main] INFO  [io.github.dddplus.runtime.registry.mock.interceptor.DomainProfilerAspect] [21] - AROUND step:Submit.Baz
2021-01-11 16:01:59,896 [main] INFO  [io.github.dddplus.runtime.registry.mock.step.BazStep] [18] - submit: FooModel(partnerCode=ddd.cn.ka, b2c=false, letFooThrowException=false, willSleepLong=false, willThrowRuntimeException=false, willThrowOOM=false, redecide=true, redecideDeadLoop=false, stepsRevised=false, willRollback=false, willRollbackInvalid=false, sleepExtTimeout=false, foo=0)
2021-01-11 16:01:59,896 [main] INFO  [io.github.dddplus.runtime.registry.mock.interceptor.DomainProfilerAspect] [21] - AROUND step:Submit.Foo
2021-01-11 16:01:59,897 [main] INFO  [io.github.dddplus.runtime.registry.mock.step.FooStep] [20] - submit: FooModel(partnerCode=ddd.cn.ka, b2c=false, letFooThrowException=false, willSleepLong=false, willThrowRuntimeException=false, willThrowOOM=false, redecide=true, redecideDeadLoop=false, stepsRevised=false, willRollback=false, willRollbackInvalid=false, sleepExtTimeout=false, foo=0)
2021-01-11 16:01:59,897 [main] INFO  [io.github.dddplus.runtime.registry.mock.interceptor.DomainProfilerAspect] [21] - AROUND step:Submit.Bar
2021-01-11 16:01:59,897 [main] INFO  [io.github.dddplus.runtime.registry.mock.step.BarStep] [43] - 重新编排步骤，增加步骤：[Baz, Ham]
2021-01-11 16:01:59,897 [main] INFO  [io.github.dddplus.runtime.StepsExecTemplate] [94] - revised steps:[Baz, Ham]
2021-01-11 16:01:59,898 [main] INFO  [io.github.dddplus.runtime.registry.mock.interceptor.DomainProfilerAspect] [21] - AROUND step:Submit.Baz
2021-01-11 16:01:59,898 [main] INFO  [io.github.dddplus.runtime.registry.mock.step.BazStep] [18] - submit: FooModel(partnerCode=ddd.cn.ka, b2c=false, letFooThrowException=false, willSleepLong=false, willThrowRuntimeException=false, willThrowOOM=false, redecide=true, redecideDeadLoop=false, stepsRevised=false, willRollback=false, willRollbackInvalid=false, sleepExtTimeout=false, foo=0)
2021-01-11 16:01:59,898 [main] INFO  [io.github.dddplus.runtime.registry.mock.step.HamStep] [16] - submit: FooModel(partnerCode=ddd.cn.ka, b2c=false, letFooThrowException=false, willSleepLong=false, willThrowRuntimeException=false, willThrowOOM=false, redecide=true, redecideDeadLoop=false, stepsRevised=false, willRollback=false, willRollbackInvalid=false, sleepExtTimeout=false, foo=0)
2021-01-11 16:01:59,899 [main] INFO  [io.github.dddplus.runtime.registry.mock.interceptor.DomainProfilerAspect] [21] - AROUND step:Submit.Baz
2021-01-11 16:01:59,899 [main] INFO  [io.github.dddplus.runtime.registry.mock.step.BazStep] [18] - submit: FooModel(partnerCode=ddd.cn.ka, b2c=false, letFooThrowException=false, willSleepLong=false, willThrowRuntimeException=false, willThrowOOM=false, redecide=true, redecideDeadLoop=false, stepsRevised=true, willRollback=false, willRollbackInvalid=false, sleepExtTimeout=false, foo=0)
2021-01-11 16:01:59,899 [main] INFO  [io.github.dddplus.runtime.registry.mock.interceptor.DomainProfilerAspect] [21] - AROUND step:Submit.Foo
2021-01-11 16:01:59,900 [main] INFO  [io.github.dddplus.runtime.registry.mock.step.FooStep] [20] - submit: FooModel(partnerCode=ddd.cn.ka, b2c=false, letFooThrowException=false, willSleepLong=false, willThrowRuntimeException=false, willThrowOOM=false, redecide=true, redecideDeadLoop=false, stepsRevised=true, willRollback=false, willRollbackInvalid=false, sleepExtTimeout=false, foo=0)
2021-01-11 16:01:59,900 [main] INFO  [io.github.dddplus.runtime.registry.mock.interceptor.DomainProfilerAspect] [21] - AROUND step:Submit.Bar
2021-01-11 16:01:59,900 [main] INFO  [io.github.dddplus.runtime.registry.mock.step.BarStep] [43] - 重新编排步骤，增加步骤：[Baz, Ham]
2021-01-11 16:01:59,900 [main] INFO  [io.github.dddplus.runtime.StepsExecTemplate] [94] - revised steps:[Baz, Ham]
2021-01-11 16:01:59,901 [main] INFO  [io.github.dddplus.runtime.registry.mock.interceptor.DomainProfilerAspect] [21] - AROUND step:Submit.Baz
2021-01-11 16:01:59,901 [main] INFO  [io.github.dddplus.runtime.registry.mock.step.BazStep] [18] - submit: FooModel(partnerCode=ddd.cn.ka, b2c=false, letFooThrowException=false, willSleepLong=false, willThrowRuntimeException=false, willThrowOOM=false, redecide=true, redecideDeadLoop=false, stepsRevised=true, willRollback=false, willRollbackInvalid=false, sleepExtTimeout=false, foo=0)
2021-01-11 16:01:59,901 [main] INFO  [io.github.dddplus.runtime.registry.mock.step.HamStep] [16] - submit: FooModel(partnerCode=ddd.cn.ka, b2c=false, letFooThrowException=false, willSleepLong=false, willThrowRuntimeException=false, willThrowOOM=false, redecide=true, redecideDeadLoop=false, stepsRevised=true, willRollback=false, willRollbackInvalid=false, sleepExtTimeout=false, foo=0)
2021-01-11 16:01:59,902 [main] INFO  [io.github.dddplus.runtime.registry.mock.interceptor.DomainProfilerAspect] [21] - AROUND step:Submit.Foo
2021-01-11 16:01:59,902 [main] INFO  [io.github.dddplus.runtime.registry.mock.step.FooStep] [20] - submit: FooModel(partnerCode=ddd.cn.ka, b2c=false, letFooThrowException=false, willSleepLong=false, willThrowRuntimeException=false, willThrowOOM=false, redecide=true, redecideDeadLoop=false, stepsRevised=true, willRollback=false, willRollbackInvalid=false, sleepExtTimeout=false, foo=0)
2021-01-11 16:01:59,902 [step-1] INFO  [io.github.dddplus.runtime.registry.mock.interceptor.DomainProfilerAspect] [21] - AROUND step:Submit.Baz
2021-01-11 16:01:59,902 [main] INFO  [io.github.dddplus.runtime.registry.mock.interceptor.DomainProfilerAspect] [21] - AROUND step:Submit.Bar
2021-01-11 16:01:59,902 [main] INFO  [io.github.dddplus.runtime.registry.mock.step.BarStep] [43] - 重新编排步骤，增加步骤：[Baz, Ham]
2021-01-11 16:01:59,902 [step-1] INFO  [io.github.dddplus.runtime.registry.mock.step.BazStep] [18] - submit: FooModel(partnerCode=ddd.cn.ka, b2c=false, letFooThrowException=false, willSleepLong=false, willThrowRuntimeException=false, willThrowOOM=false, redecide=true, redecideDeadLoop=false, stepsRevised=true, willRollback=false, willRollbackInvalid=false, sleepExtTimeout=false, foo=0)
2021-01-11 16:01:59,903 [main] INFO  [io.github.dddplus.runtime.StepsExecTemplate] [94] - revised steps:[Baz, Ham]
2021-01-11 16:01:59,903 [main] INFO  [io.github.dddplus.runtime.registry.mock.step.HamStep] [16] - submit: FooModel(partnerCode=ddd.cn.ka, b2c=false, letFooThrowException=false, willSleepLong=false, willThrowRuntimeException=false, willThrowOOM=false, redecide=true, redecideDeadLoop=false, stepsRevised=true, willRollback=false, willRollbackInvalid=false, sleepExtTimeout=false, foo=0)
2021-01-11 16:01:59,903 [step-2] INFO  [io.github.dddplus.runtime.registry.mock.interceptor.DomainProfilerAspect] [21] - AROUND step:Submit.Baz
2021-01-11 16:01:59,904 [step-2] INFO  [io.github.dddplus.runtime.registry.mock.step.BazStep] [18] - submit: FooModel(partnerCode=ddd.cn.ka, b2c=false, letFooThrowException=false, willSleepLong=false, willThrowRuntimeException=false, willThrowOOM=false, redecide=true, redecideDeadLoop=false, stepsRevised=true, willRollback=false, willRollbackInvalid=false, sleepExtTimeout=false, foo=0)
Jan 11, 2021 4:01:59 PM org.springframework.test.context.support.DefaultTestContextBootstrapper getDefaultTestExecutionListenerClassNames
INFO: Loaded default TestExecutionListener class names from location [META-INF/spring.factories]: [org.springframework.test.context.web.ServletTestExecutionListener, org.springframework.test.context.support.DirtiesContextBeforeModesTestExecutionListener, org.springframework.test.context.support.DependencyInjectionTestExecutionListener, org.springframework.test.context.support.DirtiesContextTestExecutionListener, org.springframework.test.context.transaction.TransactionalTestExecutionListener, org.springframework.test.context.jdbc.SqlScriptsTestExecutionListener]
Jan 11, 2021 4:01:59 PM org.springframework.test.context.support.DefaultTestContextBootstrapper instantiateListeners
INFO: Could not instantiate TestExecutionListener [org.springframework.test.context.web.ServletTestExecutionListener]. Specify custom listener classes or make the default listener classes (and their required dependencies) available. Offending class: [javax/servlet/ServletContext]
Jan 11, 2021 4:01:59 PM org.springframework.test.context.support.DefaultTestContextBootstrapper instantiateListeners
INFO: Could not instantiate TestExecutionListener [org.springframework.test.context.jdbc.SqlScriptsTestExecutionListener]. Specify custom listener classes or make the default listener classes (and their required dependencies) available. Offending class: [org/springframework/transaction/interceptor/TransactionAttribute]
Jan 11, 2021 4:01:59 PM org.springframework.test.context.support.DefaultTestContextBootstrapper instantiateListeners
INFO: Could not instantiate TestExecutionListener [org.springframework.test.context.transaction.TransactionalTestExecutionListener]. Specify custom listener classes or make the default listener classes (and their required dependencies) available. Offending class: [org/springframework/transaction/TransactionDefinition]
Jan 11, 2021 4:01:59 PM org.springframework.test.context.support.DefaultTestContextBootstrapper getTestExecutionListeners
INFO: Using TestExecutionListeners: [org.springframework.test.context.support.DirtiesContextBeforeModesTestExecutionListener@3becc950, org.springframework.test.context.support.DependencyInjectionTestExecutionListener@6b9fdbc6, org.springframework.test.context.support.DirtiesContextTestExecutionListener@79476a4e]
2021-01-11 16:01:59,908 [main] INFO  [io.github.dddplus.runtime.registry.IntegrationTest] [285] - WILL exhaust the timer pool...
2021-01-11 16:01:59,911 [SubmitOrderTask-10] ERROR [io.github.dddplus.runtime.ExtensionInvocationHandler] [107] - ExtInvokeTimer thread pool FULL:Task java.util.concurrent.FutureTask@59bd93b9 rejected from java.util.concurrent.ThreadPoolExecutor@577a66fe[Running, pool size = 7, active threads = 7, queued tasks = 0, completed tasks = 0]
2021-01-11 16:01:59,911 [SubmitOrderTask-10] INFO  [io.github.dddplus.runtime.registry.IntegrationTest] [332] - as expected, thread pool full: Task java.util.concurrent.FutureTask@59bd93b9 rejected from java.util.concurrent.ThreadPoolExecutor@577a66fe[Running, pool size = 7, active threads = 7, queued tasks = 0, completed tasks = 0]
2021-01-11 16:01:59,912 [SubmitOrderTask-11] ERROR [io.github.dddplus.runtime.ExtensionInvocationHandler] [107] - ExtInvokeTimer thread pool FULL:Task java.util.concurrent.FutureTask@2600d1af rejected from java.util.concurrent.ThreadPoolExecutor@577a66fe[Running, pool size = 10, active threads = 10, queued tasks = 0, completed tasks = 0]
2021-01-11 16:01:59,912 [SubmitOrderTask-11] INFO  [io.github.dddplus.runtime.registry.IntegrationTest] [332] - as expected, thread pool full: Task java.util.concurrent.FutureTask@2600d1af rejected from java.util.concurrent.ThreadPoolExecutor@577a66fe[Running, pool size = 10, active threads = 10, queued tasks = 0, completed tasks = 0]
2021-01-11 16:02:00,411 [SubmitOrderTask-3] ERROR [io.github.dddplus.runtime.ExtensionInvocationHandler] [103] - timed out:500ms, io.github.dddplus.runtime.registry.mock.extension.B2BExt@51c76fcd method:execute args:[FooModel(partnerCode=, b2c=false, letFooThrowException=false, willSleepLong=true, willThrowRuntimeException=false, willThrowOOM=false, redecide=false, redecideDeadLoop=false, stepsRevised=false, willRollback=false, willRollbackInvalid=false, sleepExtTimeout=false, foo=0)]
2021-01-11 16:02:00,411 [SubmitOrderTask-4] ERROR [io.github.dddplus.runtime.ExtensionInvocationHandler] [103] - timed out:500ms, io.github.dddplus.runtime.registry.mock.extension.B2BExt@51c76fcd method:execute args:[FooModel(partnerCode=, b2c=false, letFooThrowException=false, willSleepLong=true, willThrowRuntimeException=false, willThrowOOM=false, redecide=false, redecideDeadLoop=false, stepsRevised=false, willRollback=false, willRollbackInvalid=false, sleepExtTimeout=false, foo=0)]
2021-01-11 16:02:00,411 [SubmitOrderTask-1] ERROR [io.github.dddplus.runtime.ExtensionInvocationHandler] [103] - timed out:500ms, io.github.dddplus.runtime.registry.mock.extension.B2BExt@51c76fcd method:execute args:[FooModel(partnerCode=, b2c=false, letFooThrowException=false, willSleepLong=true, willThrowRuntimeException=false, willThrowOOM=false, redecide=false, redecideDeadLoop=false, stepsRevised=false, willRollback=false, willRollbackInvalid=false, sleepExtTimeout=false, foo=0)]
2021-01-11 16:02:00,411 [SubmitOrderTask-2] ERROR [io.github.dddplus.runtime.ExtensionInvocationHandler] [103] - timed out:500ms, io.github.dddplus.runtime.registry.mock.extension.B2BExt@51c76fcd method:execute args:[FooModel(partnerCode=, b2c=false, letFooThrowException=false, willSleepLong=true, willThrowRuntimeException=false, willThrowOOM=false, redecide=false, redecideDeadLoop=false, stepsRevised=false, willRollback=false, willRollbackInvalid=false, sleepExtTimeout=false, foo=0)]
2021-01-11 16:02:00,411 [SubmitOrderTask-7] ERROR [io.github.dddplus.runtime.ExtensionInvocationHandler] [103] - timed out:500ms, io.github.dddplus.runtime.registry.mock.extension.B2BExt@51c76fcd method:execute args:[FooModel(partnerCode=, b2c=false, letFooThrowException=false, willSleepLong=true, willThrowRuntimeException=false, willThrowOOM=false, redecide=false, redecideDeadLoop=false, stepsRevised=false, willRollback=false, willRollbackInvalid=false, sleepExtTimeout=false, foo=0)]
2021-01-11 16:02:00,411 [SubmitOrderTask-0] ERROR [io.github.dddplus.runtime.ExtensionInvocationHandler] [103] - timed out:500ms, io.github.dddplus.runtime.registry.mock.extension.B2BExt@51c76fcd method:execute args:[FooModel(partnerCode=, b2c=false, letFooThrowException=false, willSleepLong=true, willThrowRuntimeException=false, willThrowOOM=false, redecide=false, redecideDeadLoop=false, stepsRevised=false, willRollback=false, willRollbackInvalid=false, sleepExtTimeout=false, foo=0)]
2021-01-11 16:02:00,411 [SubmitOrderTask-6] ERROR [io.github.dddplus.runtime.ExtensionInvocationHandler] [103] - timed out:500ms, io.github.dddplus.runtime.registry.mock.extension.B2BExt@51c76fcd method:execute args:[FooModel(partnerCode=, b2c=false, letFooThrowException=false, willSleepLong=true, willThrowRuntimeException=false, willThrowOOM=false, redecide=false, redecideDeadLoop=false, stepsRevised=false, willRollback=false, willRollbackInvalid=false, sleepExtTimeout=false, foo=0)]
2021-01-11 16:02:00,411 [SubmitOrderTask-8] ERROR [io.github.dddplus.runtime.ExtensionInvocationHandler] [103] - timed out:500ms, io.github.dddplus.runtime.registry.mock.extension.B2BExt@51c76fcd method:execute args:[FooModel(partnerCode=, b2c=false, letFooThrowException=false, willSleepLong=true, willThrowRuntimeException=false, willThrowOOM=false, redecide=false, redecideDeadLoop=false, stepsRevised=false, willRollback=false, willRollbackInvalid=false, sleepExtTimeout=false, foo=0)]
2021-01-11 16:02:00,411 [SubmitOrderTask-5] ERROR [io.github.dddplus.runtime.ExtensionInvocationHandler] [103] - timed out:500ms, io.github.dddplus.runtime.registry.mock.extension.B2BExt@51c76fcd method:execute args:[FooModel(partnerCode=, b2c=false, letFooThrowException=false, willSleepLong=true, willThrowRuntimeException=false, willThrowOOM=false, redecide=false, redecideDeadLoop=false, stepsRevised=false, willRollback=false, willRollbackInvalid=false, sleepExtTimeout=false, foo=0)]
2021-01-11 16:02:00,412 [SubmitOrderTask-9] ERROR [io.github.dddplus.runtime.ExtensionInvocationHandler] [103] - timed out:500ms, io.github.dddplus.runtime.registry.mock.extension.B2BExt@51c76fcd method:execute args:[FooModel(partnerCode=, b2c=false, letFooThrowException=false, willSleepLong=true, willThrowRuntimeException=false, willThrowOOM=false, redecide=false, redecideDeadLoop=false, stepsRevised=false, willRollback=false, willRollbackInvalid=false, sleepExtTimeout=false, foo=0)]
Jan 11, 2021 4:02:00 PM org.springframework.test.context.support.DefaultTestContextBootstrapper getDefaultTestExecutionListenerClassNames
INFO: Loaded default TestExecutionListener class names from location [META-INF/spring.factories]: [org.springframework.test.context.web.ServletTestExecutionListener, org.springframework.test.context.support.DirtiesContextBeforeModesTestExecutionListener, org.springframework.test.context.support.DependencyInjectionTestExecutionListener, org.springframework.test.context.support.DirtiesContextTestExecutionListener, org.springframework.test.context.transaction.TransactionalTestExecutionListener, org.springframework.test.context.jdbc.SqlScriptsTestExecutionListener]
Jan 11, 2021 4:02:00 PM org.springframework.test.context.support.DefaultTestContextBootstrapper instantiateListeners
INFO: Could not instantiate TestExecutionListener [org.springframework.test.context.web.ServletTestExecutionListener]. Specify custom listener classes or make the default listener classes (and their required dependencies) available. Offending class: [javax/servlet/ServletContext]
Jan 11, 2021 4:02:00 PM org.springframework.test.context.support.DefaultTestContextBootstrapper instantiateListeners
INFO: Could not instantiate TestExecutionListener [org.springframework.test.context.jdbc.SqlScriptsTestExecutionListener]. Specify custom listener classes or make the default listener classes (and their required dependencies) available. Offending class: [org/springframework/transaction/interceptor/TransactionAttribute]
Jan 11, 2021 4:02:00 PM org.springframework.test.context.support.DefaultTestContextBootstrapper instantiateListeners
INFO: Could not instantiate TestExecutionListener [org.springframework.test.context.transaction.TransactionalTestExecutionListener]. Specify custom listener classes or make the default listener classes (and their required dependencies) available. Offending class: [org/springframework/transaction/TransactionDefinition]
Jan 11, 2021 4:02:00 PM org.springframework.test.context.support.DefaultTestContextBootstrapper getTestExecutionListeners
INFO: Using TestExecutionListeners: [org.springframework.test.context.support.DirtiesContextBeforeModesTestExecutionListener@7af443a3, org.springframework.test.context.support.DependencyInjectionTestExecutionListener@7b25ab31, org.springframework.test.context.support.DirtiesContextTestExecutionListener@2001e48c]
2021-01-11 16:02:00,422 [main] INFO  [io.github.dddplus.runtime.registry.mock.extension.B2CExt] [16] - 2
Jan 11, 2021 4:02:00 PM org.springframework.test.context.support.DefaultTestContextBootstrapper getDefaultTestExecutionListenerClassNames
INFO: Loaded default TestExecutionListener class names from location [META-INF/spring.factories]: [org.springframework.test.context.web.ServletTestExecutionListener, org.springframework.test.context.support.DirtiesContextBeforeModesTestExecutionListener, org.springframework.test.context.support.DependencyInjectionTestExecutionListener, org.springframework.test.context.support.DirtiesContextTestExecutionListener, org.springframework.test.context.transaction.TransactionalTestExecutionListener, org.springframework.test.context.jdbc.SqlScriptsTestExecutionListener]
Jan 11, 2021 4:02:00 PM org.springframework.test.context.support.DefaultTestContextBootstrapper instantiateListeners
INFO: Could not instantiate TestExecutionListener [org.springframework.test.context.web.ServletTestExecutionListener]. Specify custom listener classes or make the default listener classes (and their required dependencies) available. Offending class: [javax/servlet/ServletContext]
Jan 11, 2021 4:02:00 PM org.springframework.test.context.support.DefaultTestContextBootstrapper instantiateListeners
INFO: Could not instantiate TestExecutionListener [org.springframework.test.context.jdbc.SqlScriptsTestExecutionListener]. Specify custom listener classes or make the default listener classes (and their required dependencies) available. Offending class: [org/springframework/transaction/interceptor/TransactionAttribute]
Jan 11, 2021 4:02:00 PM org.springframework.test.context.support.DefaultTestContextBootstrapper instantiateListeners
INFO: Could not instantiate TestExecutionListener [org.springframework.test.context.transaction.TransactionalTestExecutionListener]. Specify custom listener classes or make the default listener classes (and their required dependencies) available. Offending class: [org/springframework/transaction/TransactionDefinition]
Jan 11, 2021 4:02:00 PM org.springframework.test.context.support.DefaultTestContextBootstrapper getTestExecutionListeners
INFO: Using TestExecutionListeners: [org.springframework.test.context.support.DirtiesContextBeforeModesTestExecutionListener@14447be, org.springframework.test.context.support.DependencyInjectionTestExecutionListener@5eb5da12, org.springframework.test.context.support.DirtiesContextTestExecutionListener@4a50d04a]
2021-01-11 16:02:00,427 [main] INFO  [io.github.dddplus.runtime.registry.IntegrationTest] [496] - steps: [Baz, Foo, Bar]
2021-01-11 16:02:00,427 [main] INFO  [io.github.dddplus.runtime.registry.mock.interceptor.DomainProfilerAspect] [21] - AROUND step:Submit.Baz
2021-01-11 16:02:00,428 [main] INFO  [io.github.dddplus.runtime.registry.mock.step.BazStep] [18] - submit: FooModel(partnerCode=ddd.cn.ka, b2c=false, letFooThrowException=false, willSleepLong=false, willThrowRuntimeException=false, willThrowOOM=false, redecide=false, redecideDeadLoop=false, stepsRevised=false, willRollback=true, willRollbackInvalid=false, sleepExtTimeout=false, foo=0)
2021-01-11 16:02:00,428 [main] INFO  [io.github.dddplus.runtime.registry.mock.interceptor.DomainProfilerAspect] [21] - AROUND step:Submit.Foo
2021-01-11 16:02:00,428 [main] INFO  [io.github.dddplus.runtime.registry.mock.step.FooStep] [20] - submit: FooModel(partnerCode=ddd.cn.ka, b2c=false, letFooThrowException=false, willSleepLong=false, willThrowRuntimeException=false, willThrowOOM=false, redecide=false, redecideDeadLoop=false, stepsRevised=false, willRollback=true, willRollbackInvalid=false, sleepExtTimeout=false, foo=0)
2021-01-11 16:02:00,428 [main] INFO  [io.github.dddplus.runtime.registry.mock.interceptor.DomainProfilerAspect] [21] - AROUND step:Submit.Bar
2021-01-11 16:02:00,429 [main] ERROR [io.github.dddplus.runtime.StepsExecTemplate] [143] - Step:Submit.Bar fails for [Baz, Foo, Bar]
io.github.dddplus.runtime.registry.mock.exception.FooException: rollback on purpose
	at io.github.dddplus.runtime.registry.mock.step.BarStep.execute(BarStep.java:55) ~[test-classes/:?]
	at io.github.dddplus.runtime.registry.mock.step.BarStep.execute(BarStep.java:16) ~[test-classes/:?]
	at io.github.dddplus.runtime.registry.mock.step.BarStep$$FastClassBySpringCGLIB$$73800319.invoke(<generated>) ~[test-classes/:?]
	at org.springframework.cglib.proxy.MethodProxy.invoke(MethodProxy.java:204) ~[spring-core-4.3.12.RELEASE.jar:4.3.12.RELEASE]
	at org.springframework.aop.framework.CglibAopProxy$CglibMethodInvocation.invokeJoinpoint(CglibAopProxy.java:738) ~[spring-aop-4.3.12.RELEASE.jar:4.3.12.RELEASE]
	at org.springframework.aop.framework.ReflectiveMethodInvocation.proceed(ReflectiveMethodInvocation.java:157) ~[spring-aop-4.3.12.RELEASE.jar:4.3.12.RELEASE]
	at org.springframework.aop.aspectj.MethodInvocationProceedingJoinPoint.proceed(MethodInvocationProceedingJoinPoint.java:85) ~[spring-aop-4.3.12.RELEASE.jar:4.3.12.RELEASE]
	at io.github.dddplus.runtime.registry.mock.interceptor.DomainProfilerAspect.around(DomainProfilerAspect.java:28) ~[test-classes/:?]
	at sun.reflect.GeneratedMethodAccessor14.invoke(Unknown Source) ~[?:?]
	at sun.reflect.DelegatingMethodAccessorImpl.invoke(DelegatingMethodAccessorImpl.java:43) ~[?:1.8.0_262]
	at java.lang.reflect.Method.invoke(Method.java:498) ~[?:1.8.0_262]
	at org.springframework.aop.aspectj.AbstractAspectJAdvice.invokeAdviceMethodWithGivenArgs(AbstractAspectJAdvice.java:629) ~[spring-aop-4.3.12.RELEASE.jar:4.3.12.RELEASE]
	at org.springframework.aop.aspectj.AbstractAspectJAdvice.invokeAdviceMethod(AbstractAspectJAdvice.java:618) ~[spring-aop-4.3.12.RELEASE.jar:4.3.12.RELEASE]
	at org.springframework.aop.aspectj.AspectJAroundAdvice.invoke(AspectJAroundAdvice.java:70) ~[spring-aop-4.3.12.RELEASE.jar:4.3.12.RELEASE]
	at org.springframework.aop.framework.ReflectiveMethodInvocation.proceed(ReflectiveMethodInvocation.java:168) ~[spring-aop-4.3.12.RELEASE.jar:4.3.12.RELEASE]
	at org.springframework.aop.interceptor.ExposeInvocationInterceptor.invoke(ExposeInvocationInterceptor.java:92) ~[spring-aop-4.3.12.RELEASE.jar:4.3.12.RELEASE]
	at org.springframework.aop.framework.ReflectiveMethodInvocation.proceed(ReflectiveMethodInvocation.java:179) ~[spring-aop-4.3.12.RELEASE.jar:4.3.12.RELEASE]
	at org.springframework.aop.framework.CglibAopProxy$DynamicAdvisedInterceptor.intercept(CglibAopProxy.java:673) ~[spring-aop-4.3.12.RELEASE.jar:4.3.12.RELEASE]
	at io.github.dddplus.runtime.registry.mock.step.BarStep$$EnhancerBySpringCGLIB$$835b577e.execute(<generated>) ~[test-classes/:?]
	at io.github.dddplus.runtime.StepsExecTemplate.executeSteps(StepsExecTemplate.java:125) ~[classes/:?]
	at io.github.dddplus.runtime.StepsExecTemplate.execute(StepsExecTemplate.java:87) ~[classes/:?]
	at io.github.dddplus.runtime.StepsExecTemplate.execute(StepsExecTemplate.java:52) ~[classes/:?]
	at io.github.dddplus.runtime.registry.IntegrationTest.stepsExecTemplateWithRollback(IntegrationTest.java:498) ~[test-classes/:?]
	at sun.reflect.NativeMethodAccessorImpl.invoke0(Native Method) ~[?:1.8.0_262]
	at sun.reflect.NativeMethodAccessorImpl.invoke(NativeMethodAccessorImpl.java:62) ~[?:1.8.0_262]
	at sun.reflect.DelegatingMethodAccessorImpl.invoke(DelegatingMethodAccessorImpl.java:43) ~[?:1.8.0_262]
	at java.lang.reflect.Method.invoke(Method.java:498) ~[?:1.8.0_262]
	at org.junit.runners.model.FrameworkMethod$1.runReflectiveCall(FrameworkMethod.java:59) ~[junit-4.13.1.jar:4.13.1]
	at org.junit.internal.runners.model.ReflectiveCallable.run(ReflectiveCallable.java:12) ~[junit-4.13.1.jar:4.13.1]
	at org.junit.runners.model.FrameworkMethod.invokeExplosively(FrameworkMethod.java:56) ~[junit-4.13.1.jar:4.13.1]
	at org.junit.internal.runners.statements.InvokeMethod.evaluate(InvokeMethod.java:17) ~[junit-4.13.1.jar:4.13.1]
	at org.junit.internal.runners.statements.RunBefores.evaluate(RunBefores.java:26) ~[junit-4.13.1.jar:4.13.1]
	at org.springframework.test.context.junit4.statements.RunBeforeTestMethodCallbacks.evaluate(RunBeforeTestMethodCallbacks.java:75) ~[spring-test-4.3.12.RELEASE.jar:4.3.12.RELEASE]
	at org.springframework.test.context.junit4.statements.RunAfterTestMethodCallbacks.evaluate(RunAfterTestMethodCallbacks.java:86) ~[spring-test-4.3.12.RELEASE.jar:4.3.12.RELEASE]
	at org.springframework.test.context.junit4.statements.SpringRepeat.evaluate(SpringRepeat.java:84) ~[spring-test-4.3.12.RELEASE.jar:4.3.12.RELEASE]
	at org.junit.runners.ParentRunner.runLeaf(ParentRunner.java:366) ~[junit-4.13.1.jar:4.13.1]
	at org.springframework.test.context.junit4.SpringJUnit4ClassRunner.runChild(SpringJUnit4ClassRunner.java:252) ~[spring-test-4.3.12.RELEASE.jar:4.3.12.RELEASE]
	at org.springframework.test.context.junit4.SpringJUnit4ClassRunner.runChild(SpringJUnit4ClassRunner.java:94) ~[spring-test-4.3.12.RELEASE.jar:4.3.12.RELEASE]
	at org.junit.runners.ParentRunner$4.run(ParentRunner.java:331) ~[junit-4.13.1.jar:4.13.1]
	at org.junit.runners.ParentRunner$1.schedule(ParentRunner.java:79) ~[junit-4.13.1.jar:4.13.1]
	at org.junit.runners.ParentRunner.runChildren(ParentRunner.java:329) ~[junit-4.13.1.jar:4.13.1]
	at org.junit.runners.ParentRunner.access$100(ParentRunner.java:66) ~[junit-4.13.1.jar:4.13.1]
	at org.junit.runners.ParentRunner$2.evaluate(ParentRunner.java:293) ~[junit-4.13.1.jar:4.13.1]
	at org.springframework.test.context.junit4.statements.RunBeforeTestClassCallbacks.evaluate(RunBeforeTestClassCallbacks.java:61) ~[spring-test-4.3.12.RELEASE.jar:4.3.12.RELEASE]
	at org.springframework.test.context.junit4.statements.RunAfterTestClassCallbacks.evaluate(RunAfterTestClassCallbacks.java:70) ~[spring-test-4.3.12.RELEASE.jar:4.3.12.RELEASE]
	at org.junit.runners.ParentRunner$3.evaluate(ParentRunner.java:306) ~[junit-4.13.1.jar:4.13.1]
	at org.junit.runners.ParentRunner.run(ParentRunner.java:413) ~[junit-4.13.1.jar:4.13.1]
	at org.springframework.test.context.junit4.SpringJUnit4ClassRunner.run(SpringJUnit4ClassRunner.java:191) ~[spring-test-4.3.12.RELEASE.jar:4.3.12.RELEASE]
	at edu.illinois.cs.testrunner.execution.JUnitTestRunner$4.evaluate(JUnitTestRunner.java:383) ~[testrunner-running-1.0.jar:?]
	at edu.illinois.cs.testrunner.execution.JUnitTestRunner.runChild(JUnitTestRunner.java:351) ~[testrunner-running-1.0.jar:?]
	at edu.illinois.cs.testrunner.execution.JUnitTestRunner.run(JUnitTestRunner.java:109) ~[testrunner-running-1.0.jar:?]
	at org.junit.runner.JUnitCore.run(JUnitCore.java:137) ~[junit-4.13.1.jar:4.13.1]
	at edu.illinois.cs.testrunner.execution.JUnitTestExecutor.execute(JUnitTestExecutor.java:292) ~[testrunner-running-1.0.jar:?]
	at edu.illinois.cs.testrunner.execution.JUnitTestExecutor.execute(JUnitTestExecutor.java:328) ~[testrunner-running-1.0.jar:?]
	at edu.illinois.cs.testrunner.execution.JUnitTestExecutor.executeWithJUnit4Runner(JUnitTestExecutor.java:366) ~[testrunner-running-1.0.jar:?]
	at edu.illinois.cs.testrunner.execution.JUnitTestExecutor.runOrder(JUnitTestExecutor.java:47) ~[testrunner-running-1.0.jar:?]
	at edu.illinois.cs.testrunner.execution.Executor$.$anonfun$run$1(Executor.scala:30) ~[testrunner-running-1.0.jar:?]
	at scala.runtime.java8.JFunction0$mcV$sp.apply(JFunction0$mcV$sp.java:12) [scala-library-2.12.6.jar:?]
	at scala.util.Try$.apply(Try.scala:209) [scala-library-2.12.6.jar:?]
	at edu.illinois.cs.testrunner.execution.Executor$.run(Executor.scala:28) [testrunner-running-1.0.jar:?]
	at edu.illinois.cs.testrunner.execution.Executor$.main(Executor.scala:18) [testrunner-running-1.0.jar:?]
	at edu.illinois.cs.testrunner.execution.Executor.main(Executor.scala) [testrunner-running-1.0.jar:?]
2021-01-11 16:02:00,438 [main] WARN  [io.github.dddplus.runtime.registry.mock.step.FooStep] [41] - foo rollback, cause: rollback on purpose
2021-01-11 16:02:00,438 [main] ERROR [io.github.dddplus.runtime.StepsExecTemplate] [219] - step:Foo rollback err ignored, model:FooModel(partnerCode=ddd.cn.ka, b2c=false, letFooThrowException=false, willSleepLong=false, willThrowRuntimeException=false, willThrowOOM=false, redecide=false, redecideDeadLoop=false, stepsRevised=false, willRollback=true, willRollbackInvalid=false, sleepExtTimeout=false, foo=0)
java.lang.RuntimeException: this exception will be ignored by StepsExecTemplate
	at io.github.dddplus.runtime.registry.mock.step.FooStep.rollback(FooStep.java:48) ~[test-classes/:?]
	at io.github.dddplus.runtime.registry.mock.step.FooStep.rollback(FooStep.java:13) ~[test-classes/:?]
	at io.github.dddplus.runtime.registry.mock.step.FooStep$$FastClassBySpringCGLIB$$5ed2824c.invoke(<generated>) ~[test-classes/:?]
	at org.springframework.cglib.proxy.MethodProxy.invoke(MethodProxy.java:204) ~[spring-core-4.3.12.RELEASE.jar:4.3.12.RELEASE]
	at org.springframework.aop.framework.CglibAopProxy$CglibMethodInvocation.invokeJoinpoint(CglibAopProxy.java:738) ~[spring-aop-4.3.12.RELEASE.jar:4.3.12.RELEASE]
	at org.springframework.aop.framework.ReflectiveMethodInvocation.proceed(ReflectiveMethodInvocation.java:157) ~[spring-aop-4.3.12.RELEASE.jar:4.3.12.RELEASE]
	at org.springframework.aop.interceptor.ExposeInvocationInterceptor.invoke(ExposeInvocationInterceptor.java:92) ~[spring-aop-4.3.12.RELEASE.jar:4.3.12.RELEASE]
	at org.springframework.aop.framework.ReflectiveMethodInvocation.proceed(ReflectiveMethodInvocation.java:179) ~[spring-aop-4.3.12.RELEASE.jar:4.3.12.RELEASE]
	at org.springframework.aop.framework.CglibAopProxy$DynamicAdvisedInterceptor.intercept(CglibAopProxy.java:673) ~[spring-aop-4.3.12.RELEASE.jar:4.3.12.RELEASE]
	at io.github.dddplus.runtime.registry.mock.step.FooStep$$EnhancerBySpringCGLIB$$f9566cf7.rollback(<generated>) ~[test-classes/:?]
	at io.github.dddplus.runtime.StepsExecTemplate.safeRollbackExecutedSteps(StepsExecTemplate.java:217) ~[classes/:?]
	at io.github.dddplus.runtime.StepsExecTemplate.executeSteps(StepsExecTemplate.java:155) ~[classes/:?]
	at io.github.dddplus.runtime.StepsExecTemplate.execute(StepsExecTemplate.java:87) ~[classes/:?]
	at io.github.dddplus.runtime.StepsExecTemplate.execute(StepsExecTemplate.java:52) ~[classes/:?]
	at io.github.dddplus.runtime.registry.IntegrationTest.stepsExecTemplateWithRollback(IntegrationTest.java:498) ~[test-classes/:?]
	at sun.reflect.NativeMethodAccessorImpl.invoke0(Native Method) ~[?:1.8.0_262]
	at sun.reflect.NativeMethodAccessorImpl.invoke(NativeMethodAccessorImpl.java:62) ~[?:1.8.0_262]
	at sun.reflect.DelegatingMethodAccessorImpl.invoke(DelegatingMethodAccessorImpl.java:43) ~[?:1.8.0_262]
	at java.lang.reflect.Method.invoke(Method.java:498) ~[?:1.8.0_262]
	at org.junit.runners.model.FrameworkMethod$1.runReflectiveCall(FrameworkMethod.java:59) ~[junit-4.13.1.jar:4.13.1]
	at org.junit.internal.runners.model.ReflectiveCallable.run(ReflectiveCallable.java:12) ~[junit-4.13.1.jar:4.13.1]
	at org.junit.runners.model.FrameworkMethod.invokeExplosively(FrameworkMethod.java:56) ~[junit-4.13.1.jar:4.13.1]
	at org.junit.internal.runners.statements.InvokeMethod.evaluate(InvokeMethod.java:17) ~[junit-4.13.1.jar:4.13.1]
	at org.junit.internal.runners.statements.RunBefores.evaluate(RunBefores.java:26) ~[junit-4.13.1.jar:4.13.1]
	at org.springframework.test.context.junit4.statements.RunBeforeTestMethodCallbacks.evaluate(RunBeforeTestMethodCallbacks.java:75) ~[spring-test-4.3.12.RELEASE.jar:4.3.12.RELEASE]
	at org.springframework.test.context.junit4.statements.RunAfterTestMethodCallbacks.evaluate(RunAfterTestMethodCallbacks.java:86) ~[spring-test-4.3.12.RELEASE.jar:4.3.12.RELEASE]
	at org.springframework.test.context.junit4.statements.SpringRepeat.evaluate(SpringRepeat.java:84) ~[spring-test-4.3.12.RELEASE.jar:4.3.12.RELEASE]
	at org.junit.runners.ParentRunner.runLeaf(ParentRunner.java:366) ~[junit-4.13.1.jar:4.13.1]
	at org.springframework.test.context.junit4.SpringJUnit4ClassRunner.runChild(SpringJUnit4ClassRunner.java:252) ~[spring-test-4.3.12.RELEASE.jar:4.3.12.RELEASE]
	at org.springframework.test.context.junit4.SpringJUnit4ClassRunner.runChild(SpringJUnit4ClassRunner.java:94) ~[spring-test-4.3.12.RELEASE.jar:4.3.12.RELEASE]
	at org.junit.runners.ParentRunner$4.run(ParentRunner.java:331) ~[junit-4.13.1.jar:4.13.1]
	at org.junit.runners.ParentRunner$1.schedule(ParentRunner.java:79) ~[junit-4.13.1.jar:4.13.1]
	at org.junit.runners.ParentRunner.runChildren(ParentRunner.java:329) ~[junit-4.13.1.jar:4.13.1]
	at org.junit.runners.ParentRunner.access$100(ParentRunner.java:66) ~[junit-4.13.1.jar:4.13.1]
	at org.junit.runners.ParentRunner$2.evaluate(ParentRunner.java:293) ~[junit-4.13.1.jar:4.13.1]
	at org.springframework.test.context.junit4.statements.RunBeforeTestClassCallbacks.evaluate(RunBeforeTestClassCallbacks.java:61) ~[spring-test-4.3.12.RELEASE.jar:4.3.12.RELEASE]
	at org.springframework.test.context.junit4.statements.RunAfterTestClassCallbacks.evaluate(RunAfterTestClassCallbacks.java:70) ~[spring-test-4.3.12.RELEASE.jar:4.3.12.RELEASE]
	at org.junit.runners.ParentRunner$3.evaluate(ParentRunner.java:306) ~[junit-4.13.1.jar:4.13.1]
	at org.junit.runners.ParentRunner.run(ParentRunner.java:413) ~[junit-4.13.1.jar:4.13.1]
	at org.springframework.test.context.junit4.SpringJUnit4ClassRunner.run(SpringJUnit4ClassRunner.java:191) ~[spring-test-4.3.12.RELEASE.jar:4.3.12.RELEASE]
	at edu.illinois.cs.testrunner.execution.JUnitTestRunner$4.evaluate(JUnitTestRunner.java:383) ~[testrunner-running-1.0.jar:?]
	at edu.illinois.cs.testrunner.execution.JUnitTestRunner.runChild(JUnitTestRunner.java:351) ~[testrunner-running-1.0.jar:?]
	at edu.illinois.cs.testrunner.execution.JUnitTestRunner.run(JUnitTestRunner.java:109) ~[testrunner-running-1.0.jar:?]
	at org.junit.runner.JUnitCore.run(JUnitCore.java:137) ~[junit-4.13.1.jar:4.13.1]
	at edu.illinois.cs.testrunner.execution.JUnitTestExecutor.execute(JUnitTestExecutor.java:292) ~[testrunner-running-1.0.jar:?]
	at edu.illinois.cs.testrunner.execution.JUnitTestExecutor.execute(JUnitTestExecutor.java:328) ~[testrunner-running-1.0.jar:?]
	at edu.illinois.cs.testrunner.execution.JUnitTestExecutor.executeWithJUnit4Runner(JUnitTestExecutor.java:366) ~[testrunner-running-1.0.jar:?]
	at edu.illinois.cs.testrunner.execution.JUnitTestExecutor.runOrder(JUnitTestExecutor.java:47) ~[testrunner-running-1.0.jar:?]
	at edu.illinois.cs.testrunner.execution.Executor$.$anonfun$run$1(Executor.scala:30) ~[testrunner-running-1.0.jar:?]
	at scala.runtime.java8.JFunction0$mcV$sp.apply(JFunction0$mcV$sp.java:12) [scala-library-2.12.6.jar:?]
	at scala.util.Try$.apply(Try.scala:209) [scala-library-2.12.6.jar:?]
	at edu.illinois.cs.testrunner.execution.Executor$.run(Executor.scala:28) [testrunner-running-1.0.jar:?]
	at edu.illinois.cs.testrunner.execution.Executor$.main(Executor.scala:18) [testrunner-running-1.0.jar:?]
	at edu.illinois.cs.testrunner.execution.Executor.main(Executor.scala) [testrunner-running-1.0.jar:?]
2021-01-11 16:02:00,440 [main] INFO  [io.github.dddplus.runtime.registry.mock.step.BazStep] [30] - baz rollback for FooModel(partnerCode=ddd.cn.ka, b2c=false, letFooThrowException=false, willSleepLong=false, willThrowRuntimeException=false, willThrowOOM=false, redecide=false, redecideDeadLoop=false, stepsRevised=false, willRollback=true, willRollbackInvalid=false, sleepExtTimeout=false, foo=0)
Jan 11, 2021 4:02:00 PM org.springframework.test.context.support.DefaultTestContextBootstrapper getDefaultTestExecutionListenerClassNames
INFO: Loaded default TestExecutionListener class names from location [META-INF/spring.factories]: [org.springframework.test.context.web.ServletTestExecutionListener, org.springframework.test.context.support.DirtiesContextBeforeModesTestExecutionListener, org.springframework.test.context.support.DependencyInjectionTestExecutionListener, org.springframework.test.context.support.DirtiesContextTestExecutionListener, org.springframework.test.context.transaction.TransactionalTestExecutionListener, org.springframework.test.context.jdbc.SqlScriptsTestExecutionListener]
Jan 11, 2021 4:02:00 PM org.springframework.test.context.support.DefaultTestContextBootstrapper instantiateListeners
INFO: Could not instantiate TestExecutionListener [org.springframework.test.context.web.ServletTestExecutionListener]. Specify custom listener classes or make the default listener classes (and their required dependencies) available. Offending class: [javax/servlet/ServletContext]
Jan 11, 2021 4:02:00 PM org.springframework.test.context.support.DefaultTestContextBootstrapper instantiateListeners
INFO: Could not instantiate TestExecutionListener [org.springframework.test.context.jdbc.SqlScriptsTestExecutionListener]. Specify custom listener classes or make the default listener classes (and their required dependencies) available. Offending class: [org/springframework/transaction/interceptor/TransactionAttribute]
Jan 11, 2021 4:02:00 PM org.springframework.test.context.support.DefaultTestContextBootstrapper instantiateListeners
INFO: Could not instantiate TestExecutionListener [org.springframework.test.context.transaction.TransactionalTestExecutionListener]. Specify custom listener classes or make the default listener classes (and their required dependencies) available. Offending class: [org/springframework/transaction/TransactionDefinition]
Jan 11, 2021 4:02:00 PM org.springframework.test.context.support.DefaultTestContextBootstrapper getTestExecutionListeners
INFO: Using TestExecutionListeners: [org.springframework.test.context.support.DirtiesContextBeforeModesTestExecutionListener@4c19d42e, org.springframework.test.context.support.DependencyInjectionTestExecutionListener@373e6b9d, org.springframework.test.context.support.DirtiesContextTestExecutionListener@65629ac6]
2021-01-11 16:02:00,463 [main] INFO  [io.github.dddplus.runtime.registry.mock.policy.TriggerExtPolicy] [18] - will use foo
2021-01-11 16:02:00,463 [main] INFO  [io.github.dddplus.runtime.registry.mock.extension.FooTriggerExt] [14] - foo trigger
2021-01-11 16:02:00,464 [main] INFO  [io.github.dddplus.runtime.registry.mock.policy.TriggerExtPolicy] [22] - will use bar
2021-01-11 16:02:00,464 [main] INFO  [io.github.dddplus.runtime.registry.mock.extension.BarTriggerExt] [14] - bar trigger
Jan 11, 2021 4:02:00 PM org.springframework.test.context.support.DefaultTestContextBootstrapper getDefaultTestExecutionListenerClassNames
INFO: Loaded default TestExecutionListener class names from location [META-INF/spring.factories]: [org.springframework.test.context.web.ServletTestExecutionListener, org.springframework.test.context.support.DirtiesContextBeforeModesTestExecutionListener, org.springframework.test.context.support.DependencyInjectionTestExecutionListener, org.springframework.test.context.support.DirtiesContextTestExecutionListener, org.springframework.test.context.transaction.TransactionalTestExecutionListener, org.springframework.test.context.jdbc.SqlScriptsTestExecutionListener]
Jan 11, 2021 4:02:00 PM org.springframework.test.context.support.DefaultTestContextBootstrapper instantiateListeners
INFO: Could not instantiate TestExecutionListener [org.springframework.test.context.web.ServletTestExecutionListener]. Specify custom listener classes or make the default listener classes (and their required dependencies) available. Offending class: [javax/servlet/ServletContext]
Jan 11, 2021 4:02:00 PM org.springframework.test.context.support.DefaultTestContextBootstrapper instantiateListeners
INFO: Could not instantiate TestExecutionListener [org.springframework.test.context.jdbc.SqlScriptsTestExecutionListener]. Specify custom listener classes or make the default listener classes (and their required dependencies) available. Offending class: [org/springframework/transaction/interceptor/TransactionAttribute]
Jan 11, 2021 4:02:00 PM org.springframework.test.context.support.DefaultTestContextBootstrapper instantiateListeners
INFO: Could not instantiate TestExecutionListener [org.springframework.test.context.transaction.TransactionalTestExecutionListener]. Specify custom listener classes or make the default listener classes (and their required dependencies) available. Offending class: [org/springframework/transaction/TransactionDefinition]
Jan 11, 2021 4:02:00 PM org.springframework.test.context.support.DefaultTestContextBootstrapper getTestExecutionListeners
INFO: Using TestExecutionListeners: [org.springframework.test.context.support.DirtiesContextBeforeModesTestExecutionListener@5f366587, org.springframework.test.context.support.DependencyInjectionTestExecutionListener@6003ad65, org.springframework.test.context.support.DirtiesContextTestExecutionListener@2ec99035]
2021-01-11 16:02:00,469 [step-1] INFO  [io.github.dddplus.runtime.registry.mock.interceptor.DomainProfilerAspect] [21] - AROUND step:Submit.Foo
2021-01-11 16:02:00,469 [step-2] INFO  [io.github.dddplus.runtime.registry.mock.interceptor.DomainProfilerAspect] [21] - AROUND step:Submit.Baz
2021-01-11 16:02:00,469 [step-2] INFO  [io.github.dddplus.runtime.registry.mock.step.BazStep] [18] - submit: FooModel(partnerCode=ddd.cn.ka, b2c=false, letFooThrowException=false, willSleepLong=true, willThrowRuntimeException=false, willThrowOOM=false, redecide=false, redecideDeadLoop=false, stepsRevised=false, willRollback=false, willRollbackInvalid=false, sleepExtTimeout=false, foo=0)
2021-01-11 16:02:00,469 [step-1] INFO  [io.github.dddplus.runtime.registry.mock.step.FooStep] [20] - submit: FooModel(partnerCode=ddd.cn.ka, b2c=false, letFooThrowException=false, willSleepLong=true, willThrowRuntimeException=false, willThrowOOM=false, redecide=false, redecideDeadLoop=false, stepsRevised=false, willRollback=false, willRollbackInvalid=false, sleepExtTimeout=false, foo=0)
2021-01-11 16:02:00,469 [main] ERROR [io.github.dddplus.runtime.StepsExecTemplate] [143] - Step:Submit.Bar fails for [Baz, Foo, Bar]
org.springframework.core.task.TaskRejectedException: Executor [java.util.concurrent.ThreadPoolExecutor@526e8108[Running, pool size = 2, active threads = 2, queued tasks = 0, completed tasks = 2]] did not accept task: io.github.dddplus.runtime.StepsExecTemplate$$Lambda$56/1678856266@13bdf540
	at org.springframework.scheduling.concurrent.ThreadPoolTaskExecutor.execute(ThreadPoolTaskExecutor.java:296) ~[spring-context-4.3.12.RELEASE.jar:4.3.12.RELEASE]
	at io.github.dddplus.runtime.StepsExecTemplate.asyncExecuteStep(StepsExecTemplate.java:171) ~[classes/:?]
	at io.github.dddplus.runtime.StepsExecTemplate.executeSteps(StepsExecTemplate.java:123) ~[classes/:?]
	at io.github.dddplus.runtime.StepsExecTemplate.execute(StepsExecTemplate.java:87) ~[classes/:?]
	at io.github.dddplus.runtime.registry.IntegrationTest.asyncStepThreadPoolFullCase(IntegrationTest.java:438) ~[test-classes/:?]
	at sun.reflect.NativeMethodAccessorImpl.invoke0(Native Method) ~[?:1.8.0_262]
	at sun.reflect.NativeMethodAccessorImpl.invoke(NativeMethodAccessorImpl.java:62) ~[?:1.8.0_262]
	at sun.reflect.DelegatingMethodAccessorImpl.invoke(DelegatingMethodAccessorImpl.java:43) ~[?:1.8.0_262]
	at java.lang.reflect.Method.invoke(Method.java:498) ~[?:1.8.0_262]
	at org.junit.runners.model.FrameworkMethod$1.runReflectiveCall(FrameworkMethod.java:59) ~[junit-4.13.1.jar:4.13.1]
	at org.junit.internal.runners.model.ReflectiveCallable.run(ReflectiveCallable.java:12) ~[junit-4.13.1.jar:4.13.1]
	at org.junit.runners.model.FrameworkMethod.invokeExplosively(FrameworkMethod.java:56) ~[junit-4.13.1.jar:4.13.1]
	at org.junit.internal.runners.statements.InvokeMethod.evaluate(InvokeMethod.java:17) ~[junit-4.13.1.jar:4.13.1]
	at org.junit.internal.runners.statements.RunBefores.evaluate(RunBefores.java:26) ~[junit-4.13.1.jar:4.13.1]
	at org.springframework.test.context.junit4.statements.RunBeforeTestMethodCallbacks.evaluate(RunBeforeTestMethodCallbacks.java:75) ~[spring-test-4.3.12.RELEASE.jar:4.3.12.RELEASE]
	at org.springframework.test.context.junit4.statements.RunAfterTestMethodCallbacks.evaluate(RunAfterTestMethodCallbacks.java:86) ~[spring-test-4.3.12.RELEASE.jar:4.3.12.RELEASE]
	at org.springframework.test.context.junit4.statements.SpringRepeat.evaluate(SpringRepeat.java:84) ~[spring-test-4.3.12.RELEASE.jar:4.3.12.RELEASE]
	at org.junit.runners.ParentRunner.runLeaf(ParentRunner.java:366) ~[junit-4.13.1.jar:4.13.1]
	at org.springframework.test.context.junit4.SpringJUnit4ClassRunner.runChild(SpringJUnit4ClassRunner.java:252) ~[spring-test-4.3.12.RELEASE.jar:4.3.12.RELEASE]
	at org.springframework.test.context.junit4.SpringJUnit4ClassRunner.runChild(SpringJUnit4ClassRunner.java:94) ~[spring-test-4.3.12.RELEASE.jar:4.3.12.RELEASE]
	at org.junit.runners.ParentRunner$4.run(ParentRunner.java:331) ~[junit-4.13.1.jar:4.13.1]
	at org.junit.runners.ParentRunner$1.schedule(ParentRunner.java:79) ~[junit-4.13.1.jar:4.13.1]
	at org.junit.runners.ParentRunner.runChildren(ParentRunner.java:329) ~[junit-4.13.1.jar:4.13.1]
	at org.junit.runners.ParentRunner.access$100(ParentRunner.java:66) ~[junit-4.13.1.jar:4.13.1]
	at org.junit.runners.ParentRunner$2.evaluate(ParentRunner.java:293) ~[junit-4.13.1.jar:4.13.1]
	at org.springframework.test.context.junit4.statements.RunBeforeTestClassCallbacks.evaluate(RunBeforeTestClassCallbacks.java:61) ~[spring-test-4.3.12.RELEASE.jar:4.3.12.RELEASE]
	at org.springframework.test.context.junit4.statements.RunAfterTestClassCallbacks.evaluate(RunAfterTestClassCallbacks.java:70) ~[spring-test-4.3.12.RELEASE.jar:4.3.12.RELEASE]
	at org.junit.runners.ParentRunner$3.evaluate(ParentRunner.java:306) ~[junit-4.13.1.jar:4.13.1]
	at org.junit.runners.ParentRunner.run(ParentRunner.java:413) ~[junit-4.13.1.jar:4.13.1]
	at org.springframework.test.context.junit4.SpringJUnit4ClassRunner.run(SpringJUnit4ClassRunner.java:191) ~[spring-test-4.3.12.RELEASE.jar:4.3.12.RELEASE]
	at edu.illinois.cs.testrunner.execution.JUnitTestRunner$4.evaluate(JUnitTestRunner.java:383) ~[testrunner-running-1.0.jar:?]
	at edu.illinois.cs.testrunner.execution.JUnitTestRunner.runChild(JUnitTestRunner.java:351) ~[testrunner-running-1.0.jar:?]
	at edu.illinois.cs.testrunner.execution.JUnitTestRunner.run(JUnitTestRunner.java:109) ~[testrunner-running-1.0.jar:?]
	at org.junit.runner.JUnitCore.run(JUnitCore.java:137) ~[junit-4.13.1.jar:4.13.1]
	at edu.illinois.cs.testrunner.execution.JUnitTestExecutor.execute(JUnitTestExecutor.java:292) ~[testrunner-running-1.0.jar:?]
	at edu.illinois.cs.testrunner.execution.JUnitTestExecutor.execute(JUnitTestExecutor.java:328) ~[testrunner-running-1.0.jar:?]
	at edu.illinois.cs.testrunner.execution.JUnitTestExecutor.executeWithJUnit4Runner(JUnitTestExecutor.java:366) ~[testrunner-running-1.0.jar:?]
	at edu.illinois.cs.testrunner.execution.JUnitTestExecutor.runOrder(JUnitTestExecutor.java:47) ~[testrunner-running-1.0.jar:?]
	at edu.illinois.cs.testrunner.execution.Executor$.$anonfun$run$1(Executor.scala:30) ~[testrunner-running-1.0.jar:?]
	at scala.runtime.java8.JFunction0$mcV$sp.apply(JFunction0$mcV$sp.java:12) [scala-library-2.12.6.jar:?]
	at scala.util.Try$.apply(Try.scala:209) [scala-library-2.12.6.jar:?]
	at edu.illinois.cs.testrunner.execution.Executor$.run(Executor.scala:28) [testrunner-running-1.0.jar:?]
	at edu.illinois.cs.testrunner.execution.Executor$.main(Executor.scala:18) [testrunner-running-1.0.jar:?]
	at edu.illinois.cs.testrunner.execution.Executor.main(Executor.scala) [testrunner-running-1.0.jar:?]
Caused by: java.util.concurrent.RejectedExecutionException: Task io.github.dddplus.runtime.StepsExecTemplate$$Lambda$56/1678856266@13bdf540 rejected from java.util.concurrent.ThreadPoolExecutor@526e8108[Running, pool size = 2, active threads = 2, queued tasks = 0, completed tasks = 2]
	at java.util.concurrent.ThreadPoolExecutor$AbortPolicy.rejectedExecution(ThreadPoolExecutor.java:2063) ~[?:1.8.0_262]
	at java.util.concurrent.ThreadPoolExecutor.reject(ThreadPoolExecutor.java:830) ~[?:1.8.0_262]
	at java.util.concurrent.ThreadPoolExecutor.execute(ThreadPoolExecutor.java:1379) ~[?:1.8.0_262]
	at org.springframework.scheduling.concurrent.ThreadPoolTaskExecutor.execute(ThreadPoolTaskExecutor.java:293) ~[spring-context-4.3.12.RELEASE.jar:4.3.12.RELEASE]
	... 43 more
Jan 11, 2021 4:02:00 PM org.springframework.test.context.support.DefaultTestContextBootstrapper getDefaultTestExecutionListenerClassNames
INFO: Loaded default TestExecutionListener class names from location [META-INF/spring.factories]: [org.springframework.test.context.web.ServletTestExecutionListener, org.springframework.test.context.support.DirtiesContextBeforeModesTestExecutionListener, org.springframework.test.context.support.DependencyInjectionTestExecutionListener, org.springframework.test.context.support.DirtiesContextTestExecutionListener, org.springframework.test.context.transaction.TransactionalTestExecutionListener, org.springframework.test.context.jdbc.SqlScriptsTestExecutionListener]
Jan 11, 2021 4:02:00 PM org.springframework.test.context.support.DefaultTestContextBootstrapper instantiateListeners
INFO: Could not instantiate TestExecutionListener [org.springframework.test.context.web.ServletTestExecutionListener]. Specify custom listener classes or make the default listener classes (and their required dependencies) available. Offending class: [javax/servlet/ServletContext]
Jan 11, 2021 4:02:00 PM org.springframework.test.context.support.DefaultTestContextBootstrapper instantiateListeners
INFO: Could not instantiate TestExecutionListener [org.springframework.test.context.jdbc.SqlScriptsTestExecutionListener]. Specify custom listener classes or make the default listener classes (and their required dependencies) available. Offending class: [org/springframework/transaction/interceptor/TransactionAttribute]
Jan 11, 2021 4:02:00 PM org.springframework.test.context.support.DefaultTestContextBootstrapper instantiateListeners
INFO: Could not instantiate TestExecutionListener [org.springframework.test.context.transaction.TransactionalTestExecutionListener]. Specify custom listener classes or make the default listener classes (and their required dependencies) available. Offending class: [org/springframework/transaction/TransactionDefinition]
Jan 11, 2021 4:02:00 PM org.springframework.test.context.support.DefaultTestContextBootstrapper getTestExecutionListeners
INFO: Using TestExecutionListeners: [org.springframework.test.context.support.DirtiesContextBeforeModesTestExecutionListener@52559a69, org.springframework.test.context.support.DependencyInjectionTestExecutionListener@285583d4, org.springframework.test.context.support.DirtiesContextTestExecutionListener@1039bfc4]
Jan 11, 2021 4:02:00 PM org.springframework.test.context.support.DefaultTestContextBootstrapper getDefaultTestExecutionListenerClassNames
INFO: Loaded default TestExecutionListener class names from location [META-INF/spring.factories]: [org.springframework.test.context.web.ServletTestExecutionListener, org.springframework.test.context.support.DirtiesContextBeforeModesTestExecutionListener, org.springframework.test.context.support.DependencyInjectionTestExecutionListener, org.springframework.test.context.support.DirtiesContextTestExecutionListener, org.springframework.test.context.transaction.TransactionalTestExecutionListener, org.springframework.test.context.jdbc.SqlScriptsTestExecutionListener]
Jan 11, 2021 4:02:00 PM org.springframework.test.context.support.DefaultTestContextBootstrapper instantiateListeners
INFO: Could not instantiate TestExecutionListener [org.springframework.test.context.web.ServletTestExecutionListener]. Specify custom listener classes or make the default listener classes (and their required dependencies) available. Offending class: [javax/servlet/ServletContext]
Jan 11, 2021 4:02:00 PM org.springframework.test.context.support.DefaultTestContextBootstrapper instantiateListeners
INFO: Could not instantiate TestExecutionListener [org.springframework.test.context.jdbc.SqlScriptsTestExecutionListener]. Specify custom listener classes or make the default listener classes (and their required dependencies) available. Offending class: [org/springframework/transaction/interceptor/TransactionAttribute]
Jan 11, 2021 4:02:00 PM org.springframework.test.context.support.DefaultTestContextBootstrapper instantiateListeners
INFO: Could not instantiate TestExecutionListener [org.springframework.test.context.transaction.TransactionalTestExecutionListener]. Specify custom listener classes or make the default listener classes (and their required dependencies) available. Offending class: [org/springframework/transaction/TransactionDefinition]
Jan 11, 2021 4:02:00 PM org.springframework.test.context.support.DefaultTestContextBootstrapper getTestExecutionListeners
INFO: Using TestExecutionListeners: [org.springframework.test.context.support.DirtiesContextBeforeModesTestExecutionListener@4b8137c5, org.springframework.test.context.support.DependencyInjectionTestExecutionListener@77f4c040, org.springframework.test.context.support.DirtiesContextTestExecutionListener@606a1bc4]
2021-01-11 16:02:00,478 [main] INFO  [io.github.dddplus.runtime.registry.mock.ability.BarDomainAbility] [31] - will throw exception...
2021-01-11 16:02:00,480 [main] INFO  [io.github.dddplus.testing.LogAssertTest] [17] - Hello
2021-01-11 16:02:00,484 [main] INFO  [io.github.dddplus.testing.LogAssertTest] [20] - World
2021-01-11 16:02:00,485 [main] INFO  [io.github.dddplus.testing.LogAssertTest] [24] - DDDplus Framework
2021-01-11 16:02:00,485 [main] INFO  [io.github.dddplus.testing.LogAssertTest] [27] - a
2021-01-11 16:02:00,485 [main] INFO  [io.github.dddplus.testing.LogAssertTest] [28] - b
[ERROR] Unexpected test executed: io.github.dddplus.runtime.registry.ErrorOnPurposeTest.serviceWithInvalidDomain
[ERROR] Unexpected test executed: io.github.dddplus.runtime.registry.ErrorOnPurposeTest.dupDomain
[ERROR] Unexpected test executed: io.github.dddplus.runtime.registry.ErrorOnPurposeTest.dupPolicy
[ERROR] Unexpected test executed: io.github.dddplus.runtime.registry.ErrorOnPurposeTest.dupStep
[ERROR] Unexpected test executed: io.github.dddplus.runtime.registry.ErrorOnPurposeTest.dupPartner
[ERROR] Unexpected test executed: io.github.dddplus.runtime.registry.ErrorOnPurposeTest.invalidPattern
[ERROR] Unexpected test executed: io.github.dddplus.runtime.registry.ErrorOnPurposeTest.dupPattern
