Feb 04, 2021 12:19:04 AM org.springframework.context.support.ClassPathXmlApplicationContext prepareRefresh
INFO: Refreshing org.springframework.context.support.ClassPathXmlApplicationContext@65c7a252: startup date [Thu Feb 04 00:19:04 CST 2021]; root of context hierarchy
Feb 04, 2021 12:19:04 AM org.springframework.beans.factory.xml.XmlBeanDefinitionReader loadBeanDefinitions
INFO: Loading XML bean definitions from class path resource [ability-with-invalid-domain.xml]
Feb 04, 2021 12:19:05 AM org.springframework.beans.factory.annotation.AutowiredAnnotationBeanPostProcessor <init>
INFO: JSR-330 'javax.inject.Inject' annotation found and supported for autowiring
2021-02-04 00:19:05,753 [main] INFO  [io.github.dddplus.runtime.registry.RegistryFactory] [57] - setup the discoverable Spring beans...
2021-02-04 00:19:05,895 [main] INFO  [io.github.dddplus.runtime.registry.DDDBootstrap] [45] - starting Spring, register DDD beans...
2021-02-04 00:19:05,897 [main] INFO  [io.github.dddplus.runtime.registry.RegistryFactory] [32] - register Domain's ...
2021-02-04 00:19:05,901 [main] INFO  [io.github.dddplus.runtime.registry.RegistryFactory] [32] - register DomainService's ...
2021-02-04 00:19:05,906 [main] INFO  [io.github.dddplus.runtime.registry.RegistryFactory] [32] - register Specification's ...
2021-02-04 00:19:05,911 [main] INFO  [io.github.dddplus.runtime.registry.RegistryFactory] [32] - register Step's ...
2021-02-04 00:19:06,077 [main] INFO  [io.github.dddplus.runtime.registry.RegistryFactory] [32] - register DomainAbility's ...
Feb 04, 2021 12:19:06 AM org.springframework.context.support.ClassPathXmlApplicationContext refresh
WARNING: Exception encountered during context initialization - cancelling refresh attempt: org.springframework.beans.factory.BeanCreationException: Error creating bean with name 'DDDBootstrap' defined in file [/home/lichengpeng/test/final/automated_script/funkygao/cp-ddd-framework/dddplus-runtime/target/classes/io/github/dddplus/runtime/registry/DDDBootstrap.class]: Initialization of bean failed; nested exception is io.github.dddplus.runtime.registry.BootstrapException: DomainAbility domain not found: non-exist
Feb 04, 2021 12:19:06 AM org.springframework.context.support.ClassPathXmlApplicationContext prepareRefresh
INFO: Refreshing org.springframework.context.support.ClassPathXmlApplicationContext@27ead29e: startup date [Thu Feb 04 00:19:06 CST 2021]; root of context hierarchy
Feb 04, 2021 12:19:06 AM org.springframework.beans.factory.xml.XmlBeanDefinitionReader loadBeanDefinitions
INFO: Loading XML bean definitions from class path resource [pattern-invalid.xml]
Feb 04, 2021 12:19:06 AM org.springframework.beans.factory.annotation.AutowiredAnnotationBeanPostProcessor <init>
INFO: JSR-330 'javax.inject.Inject' annotation found and supported for autowiring
2021-02-04 00:19:06,243 [main] INFO  [io.github.dddplus.runtime.registry.RegistryFactory] [57] - setup the discoverable Spring beans...
2021-02-04 00:19:06,248 [main] INFO  [io.github.dddplus.runtime.registry.DDDBootstrap] [45] - starting Spring, register DDD beans...
2021-02-04 00:19:06,248 [main] INFO  [io.github.dddplus.runtime.registry.RegistryFactory] [32] - register Domain's ...
2021-02-04 00:19:06,250 [main] INFO  [io.github.dddplus.runtime.registry.RegistryFactory] [32] - register DomainService's ...
2021-02-04 00:19:06,251 [main] INFO  [io.github.dddplus.runtime.registry.RegistryFactory] [32] - register Specification's ...
2021-02-04 00:19:06,254 [main] INFO  [io.github.dddplus.runtime.registry.RegistryFactory] [32] - register Step's ...
2021-02-04 00:19:06,262 [main] INFO  [io.github.dddplus.runtime.registry.RegistryFactory] [32] - register DomainAbility's ...
2021-02-04 00:19:06,279 [main] INFO  [io.github.dddplus.runtime.registry.RegistryFactory] [32] - register Policy's ...
2021-02-04 00:19:06,283 [main] INFO  [io.github.dddplus.runtime.registry.RegistryFactory] [32] - register Partner's ...
2021-02-04 00:19:06,286 [main] INFO  [io.github.dddplus.runtime.registry.RegistryFactory] [32] - register Pattern's ...
Feb 04, 2021 12:19:06 AM org.springframework.context.support.ClassPathXmlApplicationContext refresh
WARNING: Exception encountered during context initialization - cancelling refresh attempt: org.springframework.beans.factory.BeanCreationException: Error creating bean with name 'DDDBootstrap' defined in file [/home/lichengpeng/test/final/automated_script/funkygao/cp-ddd-framework/dddplus-runtime/target/classes/io/github/dddplus/runtime/registry/DDDBootstrap.class]: Initialization of bean failed; nested exception is io.github.dddplus.runtime.registry.BootstrapException: io.github.errcase.invalidpattern.InvalidPattern MUST implements IIdentityResolver
Feb 04, 2021 12:19:06 AM org.springframework.context.support.ClassPathXmlApplicationContext prepareRefresh
INFO: Refreshing org.springframework.context.support.ClassPathXmlApplicationContext@1dab9dd6: startup date [Thu Feb 04 00:19:06 CST 2021]; root of context hierarchy
Feb 04, 2021 12:19:06 AM org.springframework.beans.factory.xml.XmlBeanDefinitionReader loadBeanDefinitions
INFO: Loading XML bean definitions from class path resource [dup-partner.xml]
Feb 04, 2021 12:19:06 AM org.springframework.beans.factory.annotation.AutowiredAnnotationBeanPostProcessor <init>
INFO: JSR-330 'javax.inject.Inject' annotation found and supported for autowiring
2021-02-04 00:19:06,409 [main] INFO  [io.github.dddplus.runtime.registry.RegistryFactory] [57] - setup the discoverable Spring beans...
2021-02-04 00:19:06,412 [main] INFO  [io.github.dddplus.runtime.registry.DDDBootstrap] [45] - starting Spring, register DDD beans...
2021-02-04 00:19:06,413 [main] INFO  [io.github.dddplus.runtime.registry.RegistryFactory] [32] - register Domain's ...
2021-02-04 00:19:06,414 [main] INFO  [io.github.dddplus.runtime.registry.RegistryFactory] [32] - register DomainService's ...
2021-02-04 00:19:06,416 [main] INFO  [io.github.dddplus.runtime.registry.RegistryFactory] [32] - register Specification's ...
2021-02-04 00:19:06,418 [main] INFO  [io.github.dddplus.runtime.registry.RegistryFactory] [32] - register Step's ...
2021-02-04 00:19:06,426 [main] INFO  [io.github.dddplus.runtime.registry.RegistryFactory] [32] - register DomainAbility's ...
2021-02-04 00:19:06,439 [main] INFO  [io.github.dddplus.runtime.registry.RegistryFactory] [32] - register Policy's ...
2021-02-04 00:19:06,441 [main] INFO  [io.github.dddplus.runtime.registry.RegistryFactory] [32] - register Partner's ...
Feb 04, 2021 12:19:06 AM org.springframework.context.support.ClassPathXmlApplicationContext refresh
WARNING: Exception encountered during context initialization - cancelling refresh attempt: org.springframework.beans.factory.BeanCreationException: Error creating bean with name 'DDDBootstrap' defined in file [/home/lichengpeng/test/final/automated_script/funkygao/cp-ddd-framework/dddplus-runtime/target/classes/io/github/dddplus/runtime/registry/DDDBootstrap.class]: Initialization of bean failed; nested exception is io.github.dddplus.runtime.registry.BootstrapException: duplicated partner code: ddd.cn.ka
Feb 04, 2021 12:19:06 AM org.springframework.context.support.ClassPathXmlApplicationContext prepareRefresh
INFO: Refreshing org.springframework.context.support.ClassPathXmlApplicationContext@4a7761b1: startup date [Thu Feb 04 00:19:06 CST 2021]; root of context hierarchy
Feb 04, 2021 12:19:06 AM org.springframework.beans.factory.xml.XmlBeanDefinitionReader loadBeanDefinitions
INFO: Loading XML bean definitions from class path resource [dup-pattern.xml]
Feb 04, 2021 12:19:06 AM org.springframework.beans.factory.annotation.AutowiredAnnotationBeanPostProcessor <init>
INFO: JSR-330 'javax.inject.Inject' annotation found and supported for autowiring
2021-02-04 00:19:06,545 [main] INFO  [io.github.dddplus.runtime.registry.RegistryFactory] [57] - setup the discoverable Spring beans...
2021-02-04 00:19:06,549 [main] INFO  [io.github.dddplus.runtime.registry.DDDBootstrap] [45] - starting Spring, register DDD beans...
2021-02-04 00:19:06,549 [main] INFO  [io.github.dddplus.runtime.registry.RegistryFactory] [32] - register Domain's ...
2021-02-04 00:19:06,551 [main] INFO  [io.github.dddplus.runtime.registry.RegistryFactory] [32] - register DomainService's ...
2021-02-04 00:19:06,552 [main] INFO  [io.github.dddplus.runtime.registry.RegistryFactory] [32] - register Specification's ...
2021-02-04 00:19:06,554 [main] INFO  [io.github.dddplus.runtime.registry.RegistryFactory] [32] - register Step's ...
2021-02-04 00:19:06,562 [main] INFO  [io.github.dddplus.runtime.registry.RegistryFactory] [32] - register DomainAbility's ...
2021-02-04 00:19:06,575 [main] INFO  [io.github.dddplus.runtime.registry.RegistryFactory] [32] - register Policy's ...
2021-02-04 00:19:06,577 [main] INFO  [io.github.dddplus.runtime.registry.RegistryFactory] [32] - register Partner's ...
2021-02-04 00:19:06,578 [main] INFO  [io.github.dddplus.runtime.registry.RegistryFactory] [32] - register Pattern's ...
Feb 04, 2021 12:19:06 AM org.springframework.context.support.ClassPathXmlApplicationContext refresh
WARNING: Exception encountered during context initialization - cancelling refresh attempt: org.springframework.beans.factory.BeanCreationException: Error creating bean with name 'DDDBootstrap' defined in file [/home/lichengpeng/test/final/automated_script/funkygao/cp-ddd-framework/dddplus-runtime/target/classes/io/github/dddplus/runtime/registry/DDDBootstrap.class]: Initialization of bean failed; nested exception is io.github.dddplus.runtime.registry.BootstrapException: duplicated pattern code: b2b
Feb 04, 2021 12:19:06 AM org.springframework.context.support.ClassPathXmlApplicationContext prepareRefresh
INFO: Refreshing org.springframework.context.support.ClassPathXmlApplicationContext@2e3cdec2: startup date [Thu Feb 04 00:19:06 CST 2021]; root of context hierarchy
Feb 04, 2021 12:19:06 AM org.springframework.beans.factory.xml.XmlBeanDefinitionReader loadBeanDefinitions
INFO: Loading XML bean definitions from class path resource [dup-domain.xml]
Feb 04, 2021 12:19:06 AM org.springframework.beans.factory.annotation.AutowiredAnnotationBeanPostProcessor <init>
INFO: JSR-330 'javax.inject.Inject' annotation found and supported for autowiring
2021-02-04 00:19:06,683 [main] INFO  [io.github.dddplus.runtime.registry.RegistryFactory] [57] - setup the discoverable Spring beans...
2021-02-04 00:19:06,687 [main] INFO  [io.github.dddplus.runtime.registry.DDDBootstrap] [45] - starting Spring, register DDD beans...
2021-02-04 00:19:06,687 [main] INFO  [io.github.dddplus.runtime.registry.RegistryFactory] [32] - register Domain's ...
Feb 04, 2021 12:19:06 AM org.springframework.context.support.ClassPathXmlApplicationContext refresh
WARNING: Exception encountered during context initialization - cancelling refresh attempt: org.springframework.beans.factory.BeanCreationException: Error creating bean with name 'DDDBootstrap' defined in file [/home/lichengpeng/test/final/automated_script/funkygao/cp-ddd-framework/dddplus-runtime/target/classes/io/github/dddplus/runtime/registry/DDDBootstrap.class]: Initialization of bean failed; nested exception is io.github.dddplus.runtime.registry.BootstrapException: duplicated domain code: FooDomain
Feb 04, 2021 12:19:06 AM org.springframework.context.support.ClassPathXmlApplicationContext prepareRefresh
INFO: Refreshing org.springframework.context.support.ClassPathXmlApplicationContext@7c1812b3: startup date [Thu Feb 04 00:19:06 CST 2021]; root of context hierarchy
Feb 04, 2021 12:19:06 AM org.springframework.beans.factory.xml.XmlBeanDefinitionReader loadBeanDefinitions
INFO: Loading XML bean definitions from class path resource [dup-policy.xml]
Feb 04, 2021 12:19:06 AM org.springframework.beans.factory.annotation.AutowiredAnnotationBeanPostProcessor <init>
INFO: JSR-330 'javax.inject.Inject' annotation found and supported for autowiring
2021-02-04 00:19:06,792 [main] INFO  [io.github.dddplus.runtime.registry.RegistryFactory] [57] - setup the discoverable Spring beans...
2021-02-04 00:19:06,795 [main] INFO  [io.github.dddplus.runtime.registry.DDDBootstrap] [45] - starting Spring, register DDD beans...
2021-02-04 00:19:06,796 [main] INFO  [io.github.dddplus.runtime.registry.RegistryFactory] [32] - register Domain's ...
2021-02-04 00:19:06,796 [main] INFO  [io.github.dddplus.runtime.registry.RegistryFactory] [32] - register DomainService's ...
2021-02-04 00:19:06,798 [main] INFO  [io.github.dddplus.runtime.registry.RegistryFactory] [32] - register Specification's ...
2021-02-04 00:19:06,800 [main] INFO  [io.github.dddplus.runtime.registry.RegistryFactory] [32] - register Step's ...
2021-02-04 00:19:06,807 [main] INFO  [io.github.dddplus.runtime.registry.RegistryFactory] [32] - register DomainAbility's ...
2021-02-04 00:19:06,821 [main] INFO  [io.github.dddplus.runtime.registry.RegistryFactory] [32] - register Policy's ...
Feb 04, 2021 12:19:06 AM org.springframework.context.support.ClassPathXmlApplicationContext refresh
WARNING: Exception encountered during context initialization - cancelling refresh attempt: org.springframework.beans.factory.BeanCreationException: Error creating bean with name 'DDDBootstrap' defined in file [/home/lichengpeng/test/final/automated_script/funkygao/cp-ddd-framework/dddplus-runtime/target/classes/io/github/dddplus/runtime/registry/DDDBootstrap.class]: Initialization of bean failed; nested exception is io.github.dddplus.runtime.registry.BootstrapException: 1 Policy decides only 1 Extension:io.github.errcase.policy.DupTriggerPolicy, ext:io.github.dddplus.runtime.registry.mock.ext.ITrigger
Feb 04, 2021 12:19:06 AM org.springframework.context.support.ClassPathXmlApplicationContext prepareRefresh
INFO: Refreshing org.springframework.context.support.ClassPathXmlApplicationContext@6940f685: startup date [Thu Feb 04 00:19:06 CST 2021]; root of context hierarchy
Feb 04, 2021 12:19:06 AM org.springframework.beans.factory.xml.XmlBeanDefinitionReader loadBeanDefinitions
INFO: Loading XML bean definitions from class path resource [dup-step.xml]
Feb 04, 2021 12:19:06 AM org.springframework.beans.factory.annotation.AutowiredAnnotationBeanPostProcessor <init>
INFO: JSR-330 'javax.inject.Inject' annotation found and supported for autowiring
2021-02-04 00:19:06,917 [main] INFO  [io.github.dddplus.runtime.registry.RegistryFactory] [57] - setup the discoverable Spring beans...
2021-02-04 00:19:06,920 [main] INFO  [io.github.dddplus.runtime.registry.DDDBootstrap] [45] - starting Spring, register DDD beans...
2021-02-04 00:19:06,920 [main] INFO  [io.github.dddplus.runtime.registry.RegistryFactory] [32] - register Domain's ...
2021-02-04 00:19:06,921 [main] INFO  [io.github.dddplus.runtime.registry.RegistryFactory] [32] - register DomainService's ...
2021-02-04 00:19:06,922 [main] INFO  [io.github.dddplus.runtime.registry.RegistryFactory] [32] - register Specification's ...
2021-02-04 00:19:06,923 [main] INFO  [io.github.dddplus.runtime.registry.RegistryFactory] [32] - register Step's ...
Feb 04, 2021 12:19:06 AM org.springframework.context.support.ClassPathXmlApplicationContext refresh
WARNING: Exception encountered during context initialization - cancelling refresh attempt: org.springframework.beans.factory.BeanCreationException: Error creating bean with name 'DDDBootstrap' defined in file [/home/lichengpeng/test/final/automated_script/funkygao/cp-ddd-framework/dddplus-runtime/target/classes/io/github/dddplus/runtime/registry/DDDBootstrap.class]: Initialization of bean failed; nested exception is io.github.dddplus.runtime.registry.BootstrapException: duplicated step code: Foo
Feb 04, 2021 12:19:06 AM org.springframework.context.support.ClassPathXmlApplicationContext prepareRefresh
INFO: Refreshing org.springframework.context.support.ClassPathXmlApplicationContext@4e17913b: startup date [Thu Feb 04 00:19:06 CST 2021]; root of context hierarchy
Feb 04, 2021 12:19:06 AM org.springframework.beans.factory.xml.XmlBeanDefinitionReader loadBeanDefinitions
INFO: Loading XML bean definitions from class path resource [service-with-invalid-domain.xml]
Feb 04, 2021 12:19:07 AM org.springframework.beans.factory.annotation.AutowiredAnnotationBeanPostProcessor <init>
INFO: JSR-330 'javax.inject.Inject' annotation found and supported for autowiring
2021-02-04 00:19:07,020 [main] INFO  [io.github.dddplus.runtime.registry.RegistryFactory] [57] - setup the discoverable Spring beans...
2021-02-04 00:19:07,024 [main] INFO  [io.github.dddplus.runtime.registry.DDDBootstrap] [45] - starting Spring, register DDD beans...
2021-02-04 00:19:07,024 [main] INFO  [io.github.dddplus.runtime.registry.RegistryFactory] [32] - register Domain's ...
2021-02-04 00:19:07,025 [main] INFO  [io.github.dddplus.runtime.registry.RegistryFactory] [32] - register DomainService's ...
Feb 04, 2021 12:19:07 AM org.springframework.context.support.ClassPathXmlApplicationContext refresh
WARNING: Exception encountered during context initialization - cancelling refresh attempt: org.springframework.beans.factory.BeanCreationException: Error creating bean with name 'DDDBootstrap' defined in file [/home/lichengpeng/test/final/automated_script/funkygao/cp-ddd-framework/dddplus-runtime/target/classes/io/github/dddplus/runtime/registry/DDDBootstrap.class]: Initialization of bean failed; nested exception is io.github.dddplus.runtime.registry.BootstrapException: DomainService domain not found: non-exist
Feb 04, 2021 12:19:07 AM org.springframework.context.support.ClassPathXmlApplicationContext prepareRefresh
INFO: Refreshing org.springframework.context.support.ClassPathXmlApplicationContext@336206d8: startup date [Thu Feb 04 00:19:07 CST 2021]; root of context hierarchy
Feb 04, 2021 12:19:07 AM org.springframework.beans.factory.xml.XmlBeanDefinitionReader loadBeanDefinitions
INFO: Loading XML bean definitions from class path resource [ability-with-invalid-domain.xml]
Feb 04, 2021 12:19:07 AM org.springframework.beans.factory.annotation.AutowiredAnnotationBeanPostProcessor <init>
INFO: JSR-330 'javax.inject.Inject' annotation found and supported for autowiring
2021-02-04 00:19:07,854 [main] INFO  [io.github.dddplus.runtime.registry.RegistryFactory] [57] - setup the discoverable Spring beans...
2021-02-04 00:19:07,986 [main] INFO  [io.github.dddplus.runtime.registry.DDDBootstrap] [45] - starting Spring, register DDD beans...
2021-02-04 00:19:07,988 [main] INFO  [io.github.dddplus.runtime.registry.RegistryFactory] [32] - register Domain's ...
2021-02-04 00:19:07,992 [main] INFO  [io.github.dddplus.runtime.registry.RegistryFactory] [32] - register DomainService's ...
2021-02-04 00:19:07,995 [main] INFO  [io.github.dddplus.runtime.registry.RegistryFactory] [32] - register Specification's ...
2021-02-04 00:19:07,999 [main] INFO  [io.github.dddplus.runtime.registry.RegistryFactory] [32] - register Step's ...
2021-02-04 00:19:08,159 [main] INFO  [io.github.dddplus.runtime.registry.RegistryFactory] [32] - register DomainAbility's ...
Feb 04, 2021 12:19:08 AM org.springframework.context.support.ClassPathXmlApplicationContext refresh
WARNING: Exception encountered during context initialization - cancelling refresh attempt: org.springframework.beans.factory.BeanCreationException: Error creating bean with name 'DDDBootstrap' defined in file [/home/lichengpeng/test/final/automated_script/funkygao/cp-ddd-framework/dddplus-runtime/target/classes/io/github/dddplus/runtime/registry/DDDBootstrap.class]: Initialization of bean failed; nested exception is io.github.dddplus.runtime.registry.BootstrapException: DomainAbility domain not found: non-exist
Feb 04, 2021 12:19:08 AM org.springframework.context.support.ClassPathXmlApplicationContext prepareRefresh
INFO: Refreshing org.springframework.context.support.ClassPathXmlApplicationContext@6097fca9: startup date [Thu Feb 04 00:19:08 CST 2021]; root of context hierarchy
Feb 04, 2021 12:19:08 AM org.springframework.beans.factory.xml.XmlBeanDefinitionReader loadBeanDefinitions
INFO: Loading XML bean definitions from class path resource [pattern-invalid.xml]
Feb 04, 2021 12:19:08 AM org.springframework.beans.factory.annotation.AutowiredAnnotationBeanPostProcessor <init>
INFO: JSR-330 'javax.inject.Inject' annotation found and supported for autowiring
2021-02-04 00:19:08,293 [main] INFO  [io.github.dddplus.runtime.registry.RegistryFactory] [57] - setup the discoverable Spring beans...
2021-02-04 00:19:08,297 [main] INFO  [io.github.dddplus.runtime.registry.DDDBootstrap] [45] - starting Spring, register DDD beans...
2021-02-04 00:19:08,297 [main] INFO  [io.github.dddplus.runtime.registry.RegistryFactory] [32] - register Domain's ...
2021-02-04 00:19:08,298 [main] INFO  [io.github.dddplus.runtime.registry.RegistryFactory] [32] - register DomainService's ...
2021-02-04 00:19:08,300 [main] INFO  [io.github.dddplus.runtime.registry.RegistryFactory] [32] - register Specification's ...
2021-02-04 00:19:08,302 [main] INFO  [io.github.dddplus.runtime.registry.RegistryFactory] [32] - register Step's ...
2021-02-04 00:19:08,310 [main] INFO  [io.github.dddplus.runtime.registry.RegistryFactory] [32] - register DomainAbility's ...
2021-02-04 00:19:08,324 [main] INFO  [io.github.dddplus.runtime.registry.RegistryFactory] [32] - register Policy's ...
2021-02-04 00:19:08,327 [main] INFO  [io.github.dddplus.runtime.registry.RegistryFactory] [32] - register Partner's ...
2021-02-04 00:19:08,331 [main] INFO  [io.github.dddplus.runtime.registry.RegistryFactory] [32] - register Pattern's ...
Feb 04, 2021 12:19:08 AM org.springframework.context.support.ClassPathXmlApplicationContext refresh
WARNING: Exception encountered during context initialization - cancelling refresh attempt: org.springframework.beans.factory.BeanCreationException: Error creating bean with name 'DDDBootstrap' defined in file [/home/lichengpeng/test/final/automated_script/funkygao/cp-ddd-framework/dddplus-runtime/target/classes/io/github/dddplus/runtime/registry/DDDBootstrap.class]: Initialization of bean failed; nested exception is io.github.dddplus.runtime.registry.BootstrapException: io.github.errcase.invalidpattern.InvalidPattern MUST implements IIdentityResolver
Feb 04, 2021 12:19:08 AM org.springframework.context.support.ClassPathXmlApplicationContext prepareRefresh
INFO: Refreshing org.springframework.context.support.ClassPathXmlApplicationContext@790d8fdd: startup date [Thu Feb 04 00:19:08 CST 2021]; root of context hierarchy
Feb 04, 2021 12:19:08 AM org.springframework.beans.factory.xml.XmlBeanDefinitionReader loadBeanDefinitions
INFO: Loading XML bean definitions from class path resource [dup-partner.xml]
Feb 04, 2021 12:19:08 AM org.springframework.beans.factory.annotation.AutowiredAnnotationBeanPostProcessor <init>
INFO: JSR-330 'javax.inject.Inject' annotation found and supported for autowiring
2021-02-04 00:19:08,423 [main] INFO  [io.github.dddplus.runtime.registry.RegistryFactory] [57] - setup the discoverable Spring beans...
2021-02-04 00:19:08,426 [main] INFO  [io.github.dddplus.runtime.registry.DDDBootstrap] [45] - starting Spring, register DDD beans...
2021-02-04 00:19:08,426 [main] INFO  [io.github.dddplus.runtime.registry.RegistryFactory] [32] - register Domain's ...
2021-02-04 00:19:08,427 [main] INFO  [io.github.dddplus.runtime.registry.RegistryFactory] [32] - register DomainService's ...
2021-02-04 00:19:08,429 [main] INFO  [io.github.dddplus.runtime.registry.RegistryFactory] [32] - register Specification's ...
2021-02-04 00:19:08,431 [main] INFO  [io.github.dddplus.runtime.registry.RegistryFactory] [32] - register Step's ...
2021-02-04 00:19:08,438 [main] INFO  [io.github.dddplus.runtime.registry.RegistryFactory] [32] - register DomainAbility's ...
2021-02-04 00:19:08,451 [main] INFO  [io.github.dddplus.runtime.registry.RegistryFactory] [32] - register Policy's ...
2021-02-04 00:19:08,452 [main] INFO  [io.github.dddplus.runtime.registry.RegistryFactory] [32] - register Partner's ...
Feb 04, 2021 12:19:08 AM org.springframework.context.support.ClassPathXmlApplicationContext refresh
WARNING: Exception encountered during context initialization - cancelling refresh attempt: org.springframework.beans.factory.BeanCreationException: Error creating bean with name 'DDDBootstrap' defined in file [/home/lichengpeng/test/final/automated_script/funkygao/cp-ddd-framework/dddplus-runtime/target/classes/io/github/dddplus/runtime/registry/DDDBootstrap.class]: Initialization of bean failed; nested exception is io.github.dddplus.runtime.registry.BootstrapException: duplicated partner code: ddd.cn.ka
Feb 04, 2021 12:19:08 AM org.springframework.context.support.ClassPathXmlApplicationContext prepareRefresh
INFO: Refreshing org.springframework.context.support.ClassPathXmlApplicationContext@1511d157: startup date [Thu Feb 04 00:19:08 CST 2021]; root of context hierarchy
Feb 04, 2021 12:19:08 AM org.springframework.beans.factory.xml.XmlBeanDefinitionReader loadBeanDefinitions
INFO: Loading XML bean definitions from class path resource [dup-pattern.xml]
Feb 04, 2021 12:19:08 AM org.springframework.beans.factory.annotation.AutowiredAnnotationBeanPostProcessor <init>
INFO: JSR-330 'javax.inject.Inject' annotation found and supported for autowiring
2021-02-04 00:19:08,534 [main] INFO  [io.github.dddplus.runtime.registry.RegistryFactory] [57] - setup the discoverable Spring beans...
2021-02-04 00:19:08,538 [main] INFO  [io.github.dddplus.runtime.registry.DDDBootstrap] [45] - starting Spring, register DDD beans...
2021-02-04 00:19:08,538 [main] INFO  [io.github.dddplus.runtime.registry.RegistryFactory] [32] - register Domain's ...
2021-02-04 00:19:08,539 [main] INFO  [io.github.dddplus.runtime.registry.RegistryFactory] [32] - register DomainService's ...
2021-02-04 00:19:08,541 [main] INFO  [io.github.dddplus.runtime.registry.RegistryFactory] [32] - register Specification's ...
2021-02-04 00:19:08,542 [main] INFO  [io.github.dddplus.runtime.registry.RegistryFactory] [32] - register Step's ...
2021-02-04 00:19:08,549 [main] INFO  [io.github.dddplus.runtime.registry.RegistryFactory] [32] - register DomainAbility's ...
2021-02-04 00:19:08,561 [main] INFO  [io.github.dddplus.runtime.registry.RegistryFactory] [32] - register Policy's ...
2021-02-04 00:19:08,563 [main] INFO  [io.github.dddplus.runtime.registry.RegistryFactory] [32] - register Partner's ...
2021-02-04 00:19:08,564 [main] INFO  [io.github.dddplus.runtime.registry.RegistryFactory] [32] - register Pattern's ...
Feb 04, 2021 12:19:08 AM org.springframework.context.support.ClassPathXmlApplicationContext refresh
WARNING: Exception encountered during context initialization - cancelling refresh attempt: org.springframework.beans.factory.BeanCreationException: Error creating bean with name 'DDDBootstrap' defined in file [/home/lichengpeng/test/final/automated_script/funkygao/cp-ddd-framework/dddplus-runtime/target/classes/io/github/dddplus/runtime/registry/DDDBootstrap.class]: Initialization of bean failed; nested exception is io.github.dddplus.runtime.registry.BootstrapException: duplicated pattern code: b2b
Feb 04, 2021 12:19:08 AM org.springframework.context.support.ClassPathXmlApplicationContext prepareRefresh
INFO: Refreshing org.springframework.context.support.ClassPathXmlApplicationContext@682e422c: startup date [Thu Feb 04 00:19:08 CST 2021]; root of context hierarchy
Feb 04, 2021 12:19:08 AM org.springframework.beans.factory.xml.XmlBeanDefinitionReader loadBeanDefinitions
INFO: Loading XML bean definitions from class path resource [dup-domain.xml]
Feb 04, 2021 12:19:08 AM org.springframework.beans.factory.annotation.AutowiredAnnotationBeanPostProcessor <init>
INFO: JSR-330 'javax.inject.Inject' annotation found and supported for autowiring
2021-02-04 00:19:08,648 [main] INFO  [io.github.dddplus.runtime.registry.RegistryFactory] [57] - setup the discoverable Spring beans...
2021-02-04 00:19:08,651 [main] INFO  [io.github.dddplus.runtime.registry.DDDBootstrap] [45] - starting Spring, register DDD beans...
2021-02-04 00:19:08,652 [main] INFO  [io.github.dddplus.runtime.registry.RegistryFactory] [32] - register Domain's ...
Feb 04, 2021 12:19:08 AM org.springframework.context.support.ClassPathXmlApplicationContext refresh
WARNING: Exception encountered during context initialization - cancelling refresh attempt: org.springframework.beans.factory.BeanCreationException: Error creating bean with name 'DDDBootstrap' defined in file [/home/lichengpeng/test/final/automated_script/funkygao/cp-ddd-framework/dddplus-runtime/target/classes/io/github/dddplus/runtime/registry/DDDBootstrap.class]: Initialization of bean failed; nested exception is io.github.dddplus.runtime.registry.BootstrapException: duplicated domain code: FooDomain
Feb 04, 2021 12:19:08 AM org.springframework.context.support.ClassPathXmlApplicationContext prepareRefresh
INFO: Refreshing org.springframework.context.support.ClassPathXmlApplicationContext@16f7f59f: startup date [Thu Feb 04 00:19:08 CST 2021]; root of context hierarchy
Feb 04, 2021 12:19:08 AM org.springframework.beans.factory.xml.XmlBeanDefinitionReader loadBeanDefinitions
INFO: Loading XML bean definitions from class path resource [dup-policy.xml]
Feb 04, 2021 12:19:08 AM org.springframework.beans.factory.annotation.AutowiredAnnotationBeanPostProcessor <init>
INFO: JSR-330 'javax.inject.Inject' annotation found and supported for autowiring
2021-02-04 00:19:08,730 [main] INFO  [io.github.dddplus.runtime.registry.RegistryFactory] [57] - setup the discoverable Spring beans...
2021-02-04 00:19:08,733 [main] INFO  [io.github.dddplus.runtime.registry.DDDBootstrap] [45] - starting Spring, register DDD beans...
2021-02-04 00:19:08,733 [main] INFO  [io.github.dddplus.runtime.registry.RegistryFactory] [32] - register Domain's ...
2021-02-04 00:19:08,734 [main] INFO  [io.github.dddplus.runtime.registry.RegistryFactory] [32] - register DomainService's ...
2021-02-04 00:19:08,735 [main] INFO  [io.github.dddplus.runtime.registry.RegistryFactory] [32] - register Specification's ...
2021-02-04 00:19:08,737 [main] INFO  [io.github.dddplus.runtime.registry.RegistryFactory] [32] - register Step's ...
2021-02-04 00:19:08,744 [main] INFO  [io.github.dddplus.runtime.registry.RegistryFactory] [32] - register DomainAbility's ...
2021-02-04 00:19:08,755 [main] INFO  [io.github.dddplus.runtime.registry.RegistryFactory] [32] - register Policy's ...
Feb 04, 2021 12:19:08 AM org.springframework.context.support.ClassPathXmlApplicationContext refresh
WARNING: Exception encountered during context initialization - cancelling refresh attempt: org.springframework.beans.factory.BeanCreationException: Error creating bean with name 'DDDBootstrap' defined in file [/home/lichengpeng/test/final/automated_script/funkygao/cp-ddd-framework/dddplus-runtime/target/classes/io/github/dddplus/runtime/registry/DDDBootstrap.class]: Initialization of bean failed; nested exception is io.github.dddplus.runtime.registry.BootstrapException: 1 Policy decides only 1 Extension:io.github.errcase.policy.DupTriggerPolicy, ext:io.github.dddplus.runtime.registry.mock.ext.ITrigger
Feb 04, 2021 12:19:08 AM org.springframework.context.support.ClassPathXmlApplicationContext prepareRefresh
INFO: Refreshing org.springframework.context.support.ClassPathXmlApplicationContext@4ae8fb2a: startup date [Thu Feb 04 00:19:08 CST 2021]; root of context hierarchy
Feb 04, 2021 12:19:08 AM org.springframework.beans.factory.xml.XmlBeanDefinitionReader loadBeanDefinitions
INFO: Loading XML bean definitions from class path resource [dup-step.xml]
Feb 04, 2021 12:19:08 AM org.springframework.beans.factory.annotation.AutowiredAnnotationBeanPostProcessor <init>
INFO: JSR-330 'javax.inject.Inject' annotation found and supported for autowiring
2021-02-04 00:19:08,831 [main] INFO  [io.github.dddplus.runtime.registry.RegistryFactory] [57] - setup the discoverable Spring beans...
2021-02-04 00:19:08,834 [main] INFO  [io.github.dddplus.runtime.registry.DDDBootstrap] [45] - starting Spring, register DDD beans...
2021-02-04 00:19:08,834 [main] INFO  [io.github.dddplus.runtime.registry.RegistryFactory] [32] - register Domain's ...
2021-02-04 00:19:08,835 [main] INFO  [io.github.dddplus.runtime.registry.RegistryFactory] [32] - register DomainService's ...
2021-02-04 00:19:08,836 [main] INFO  [io.github.dddplus.runtime.registry.RegistryFactory] [32] - register Specification's ...
2021-02-04 00:19:08,838 [main] INFO  [io.github.dddplus.runtime.registry.RegistryFactory] [32] - register Step's ...
Feb 04, 2021 12:19:08 AM org.springframework.context.support.ClassPathXmlApplicationContext refresh
WARNING: Exception encountered during context initialization - cancelling refresh attempt: org.springframework.beans.factory.BeanCreationException: Error creating bean with name 'DDDBootstrap' defined in file [/home/lichengpeng/test/final/automated_script/funkygao/cp-ddd-framework/dddplus-runtime/target/classes/io/github/dddplus/runtime/registry/DDDBootstrap.class]: Initialization of bean failed; nested exception is io.github.dddplus.runtime.registry.BootstrapException: duplicated step code: Foo
Feb 04, 2021 12:19:08 AM org.springframework.context.support.ClassPathXmlApplicationContext prepareRefresh
INFO: Refreshing org.springframework.context.support.ClassPathXmlApplicationContext@28e7bb31: startup date [Thu Feb 04 00:19:08 CST 2021]; root of context hierarchy
Feb 04, 2021 12:19:08 AM org.springframework.beans.factory.xml.XmlBeanDefinitionReader loadBeanDefinitions
INFO: Loading XML bean definitions from class path resource [service-with-invalid-domain.xml]
Feb 04, 2021 12:19:08 AM org.springframework.beans.factory.annotation.AutowiredAnnotationBeanPostProcessor <init>
INFO: JSR-330 'javax.inject.Inject' annotation found and supported for autowiring
2021-02-04 00:19:08,916 [main] INFO  [io.github.dddplus.runtime.registry.RegistryFactory] [57] - setup the discoverable Spring beans...
2021-02-04 00:19:08,920 [main] INFO  [io.github.dddplus.runtime.registry.DDDBootstrap] [45] - starting Spring, register DDD beans...
2021-02-04 00:19:08,920 [main] INFO  [io.github.dddplus.runtime.registry.RegistryFactory] [32] - register Domain's ...
2021-02-04 00:19:08,921 [main] INFO  [io.github.dddplus.runtime.registry.RegistryFactory] [32] - register DomainService's ...
Feb 04, 2021 12:19:08 AM org.springframework.context.support.ClassPathXmlApplicationContext refresh
WARNING: Exception encountered during context initialization - cancelling refresh attempt: org.springframework.beans.factory.BeanCreationException: Error creating bean with name 'DDDBootstrap' defined in file [/home/lichengpeng/test/final/automated_script/funkygao/cp-ddd-framework/dddplus-runtime/target/classes/io/github/dddplus/runtime/registry/DDDBootstrap.class]: Initialization of bean failed; nested exception is io.github.dddplus.runtime.registry.BootstrapException: DomainService domain not found: non-exist
Feb 04, 2021 12:19:08 AM org.springframework.context.support.ClassPathXmlApplicationContext prepareRefresh
INFO: Refreshing org.springframework.context.support.ClassPathXmlApplicationContext@85ab964: startup date [Thu Feb 04 00:19:08 CST 2021]; root of context hierarchy
Feb 04, 2021 12:19:09 AM org.springframework.beans.factory.xml.XmlBeanDefinitionReader loadBeanDefinitions
INFO: Loading XML bean definitions from class path resource [ability-with-invalid-domain.xml]
Feb 04, 2021 12:19:09 AM org.springframework.beans.factory.annotation.AutowiredAnnotationBeanPostProcessor <init>
INFO: JSR-330 'javax.inject.Inject' annotation found and supported for autowiring
2021-02-04 00:19:09,647 [main] INFO  [io.github.dddplus.runtime.registry.RegistryFactory] [57] - setup the discoverable Spring beans...
2021-02-04 00:19:09,777 [main] INFO  [io.github.dddplus.runtime.registry.DDDBootstrap] [45] - starting Spring, register DDD beans...
2021-02-04 00:19:09,779 [main] INFO  [io.github.dddplus.runtime.registry.RegistryFactory] [32] - register Domain's ...
2021-02-04 00:19:09,782 [main] INFO  [io.github.dddplus.runtime.registry.RegistryFactory] [32] - register DomainService's ...
2021-02-04 00:19:09,786 [main] INFO  [io.github.dddplus.runtime.registry.RegistryFactory] [32] - register Specification's ...
2021-02-04 00:19:09,790 [main] INFO  [io.github.dddplus.runtime.registry.RegistryFactory] [32] - register Step's ...
2021-02-04 00:19:09,942 [main] INFO  [io.github.dddplus.runtime.registry.RegistryFactory] [32] - register DomainAbility's ...
Feb 04, 2021 12:19:09 AM org.springframework.context.support.ClassPathXmlApplicationContext refresh
WARNING: Exception encountered during context initialization - cancelling refresh attempt: org.springframework.beans.factory.BeanCreationException: Error creating bean with name 'DDDBootstrap' defined in file [/home/lichengpeng/test/final/automated_script/funkygao/cp-ddd-framework/dddplus-runtime/target/classes/io/github/dddplus/runtime/registry/DDDBootstrap.class]: Initialization of bean failed; nested exception is io.github.dddplus.runtime.registry.BootstrapException: DomainAbility domain not found: non-exist
Feb 04, 2021 12:19:09 AM org.springframework.context.support.ClassPathXmlApplicationContext prepareRefresh
INFO: Refreshing org.springframework.context.support.ClassPathXmlApplicationContext@5c9b5e62: startup date [Thu Feb 04 00:19:09 CST 2021]; root of context hierarchy
Feb 04, 2021 12:19:09 AM org.springframework.beans.factory.xml.XmlBeanDefinitionReader loadBeanDefinitions
INFO: Loading XML bean definitions from class path resource [pattern-invalid.xml]
Feb 04, 2021 12:19:10 AM org.springframework.beans.factory.annotation.AutowiredAnnotationBeanPostProcessor <init>
INFO: JSR-330 'javax.inject.Inject' annotation found and supported for autowiring
2021-02-04 00:19:10,068 [main] INFO  [io.github.dddplus.runtime.registry.RegistryFactory] [57] - setup the discoverable Spring beans...
2021-02-04 00:19:10,071 [main] INFO  [io.github.dddplus.runtime.registry.DDDBootstrap] [45] - starting Spring, register DDD beans...
2021-02-04 00:19:10,071 [main] INFO  [io.github.dddplus.runtime.registry.RegistryFactory] [32] - register Domain's ...
2021-02-04 00:19:10,072 [main] INFO  [io.github.dddplus.runtime.registry.RegistryFactory] [32] - register DomainService's ...
2021-02-04 00:19:10,074 [main] INFO  [io.github.dddplus.runtime.registry.RegistryFactory] [32] - register Specification's ...
2021-02-04 00:19:10,076 [main] INFO  [io.github.dddplus.runtime.registry.RegistryFactory] [32] - register Step's ...
2021-02-04 00:19:10,083 [main] INFO  [io.github.dddplus.runtime.registry.RegistryFactory] [32] - register DomainAbility's ...
2021-02-04 00:19:10,133 [main] INFO  [io.github.dddplus.runtime.registry.RegistryFactory] [32] - register Policy's ...
2021-02-04 00:19:10,136 [main] INFO  [io.github.dddplus.runtime.registry.RegistryFactory] [32] - register Partner's ...
2021-02-04 00:19:10,139 [main] INFO  [io.github.dddplus.runtime.registry.RegistryFactory] [32] - register Pattern's ...
Feb 04, 2021 12:19:10 AM org.springframework.context.support.ClassPathXmlApplicationContext refresh
WARNING: Exception encountered during context initialization - cancelling refresh attempt: org.springframework.beans.factory.BeanCreationException: Error creating bean with name 'DDDBootstrap' defined in file [/home/lichengpeng/test/final/automated_script/funkygao/cp-ddd-framework/dddplus-runtime/target/classes/io/github/dddplus/runtime/registry/DDDBootstrap.class]: Initialization of bean failed; nested exception is io.github.dddplus.runtime.registry.BootstrapException: io.github.errcase.invalidpattern.InvalidPattern MUST implements IIdentityResolver
Feb 04, 2021 12:19:10 AM org.springframework.context.support.ClassPathXmlApplicationContext prepareRefresh
INFO: Refreshing org.springframework.context.support.ClassPathXmlApplicationContext@5d8fd077: startup date [Thu Feb 04 00:19:10 CST 2021]; root of context hierarchy
Feb 04, 2021 12:19:10 AM org.springframework.beans.factory.xml.XmlBeanDefinitionReader loadBeanDefinitions
INFO: Loading XML bean definitions from class path resource [dup-partner.xml]
Feb 04, 2021 12:19:10 AM org.springframework.beans.factory.annotation.AutowiredAnnotationBeanPostProcessor <init>
INFO: JSR-330 'javax.inject.Inject' annotation found and supported for autowiring
2021-02-04 00:19:10,225 [main] INFO  [io.github.dddplus.runtime.registry.RegistryFactory] [57] - setup the discoverable Spring beans...
2021-02-04 00:19:10,228 [main] INFO  [io.github.dddplus.runtime.registry.DDDBootstrap] [45] - starting Spring, register DDD beans...
2021-02-04 00:19:10,228 [main] INFO  [io.github.dddplus.runtime.registry.RegistryFactory] [32] - register Domain's ...
2021-02-04 00:19:10,229 [main] INFO  [io.github.dddplus.runtime.registry.RegistryFactory] [32] - register DomainService's ...
2021-02-04 00:19:10,230 [main] INFO  [io.github.dddplus.runtime.registry.RegistryFactory] [32] - register Specification's ...
2021-02-04 00:19:10,232 [main] INFO  [io.github.dddplus.runtime.registry.RegistryFactory] [32] - register Step's ...
2021-02-04 00:19:10,239 [main] INFO  [io.github.dddplus.runtime.registry.RegistryFactory] [32] - register DomainAbility's ...
2021-02-04 00:19:10,251 [main] INFO  [io.github.dddplus.runtime.registry.RegistryFactory] [32] - register Policy's ...
2021-02-04 00:19:10,252 [main] INFO  [io.github.dddplus.runtime.registry.RegistryFactory] [32] - register Partner's ...
Feb 04, 2021 12:19:10 AM org.springframework.context.support.ClassPathXmlApplicationContext refresh
WARNING: Exception encountered during context initialization - cancelling refresh attempt: org.springframework.beans.factory.BeanCreationException: Error creating bean with name 'DDDBootstrap' defined in file [/home/lichengpeng/test/final/automated_script/funkygao/cp-ddd-framework/dddplus-runtime/target/classes/io/github/dddplus/runtime/registry/DDDBootstrap.class]: Initialization of bean failed; nested exception is io.github.dddplus.runtime.registry.BootstrapException: duplicated partner code: ddd.cn.ka
Feb 04, 2021 12:19:10 AM org.springframework.context.support.ClassPathXmlApplicationContext prepareRefresh
INFO: Refreshing org.springframework.context.support.ClassPathXmlApplicationContext@6d6712b7: startup date [Thu Feb 04 00:19:10 CST 2021]; root of context hierarchy
Feb 04, 2021 12:19:10 AM org.springframework.beans.factory.xml.XmlBeanDefinitionReader loadBeanDefinitions
INFO: Loading XML bean definitions from class path resource [dup-pattern.xml]
Feb 04, 2021 12:19:10 AM org.springframework.beans.factory.annotation.AutowiredAnnotationBeanPostProcessor <init>
INFO: JSR-330 'javax.inject.Inject' annotation found and supported for autowiring
2021-02-04 00:19:10,327 [main] INFO  [io.github.dddplus.runtime.registry.RegistryFactory] [57] - setup the discoverable Spring beans...
2021-02-04 00:19:10,330 [main] INFO  [io.github.dddplus.runtime.registry.DDDBootstrap] [45] - starting Spring, register DDD beans...
2021-02-04 00:19:10,330 [main] INFO  [io.github.dddplus.runtime.registry.RegistryFactory] [32] - register Domain's ...
2021-02-04 00:19:10,331 [main] INFO  [io.github.dddplus.runtime.registry.RegistryFactory] [32] - register DomainService's ...
2021-02-04 00:19:10,332 [main] INFO  [io.github.dddplus.runtime.registry.RegistryFactory] [32] - register Specification's ...
2021-02-04 00:19:10,334 [main] INFO  [io.github.dddplus.runtime.registry.RegistryFactory] [32] - register Step's ...
2021-02-04 00:19:10,340 [main] INFO  [io.github.dddplus.runtime.registry.RegistryFactory] [32] - register DomainAbility's ...
2021-02-04 00:19:10,351 [main] INFO  [io.github.dddplus.runtime.registry.RegistryFactory] [32] - register Policy's ...
2021-02-04 00:19:10,353 [main] INFO  [io.github.dddplus.runtime.registry.RegistryFactory] [32] - register Partner's ...
2021-02-04 00:19:10,354 [main] INFO  [io.github.dddplus.runtime.registry.RegistryFactory] [32] - register Pattern's ...
Feb 04, 2021 12:19:10 AM org.springframework.context.support.ClassPathXmlApplicationContext refresh
WARNING: Exception encountered during context initialization - cancelling refresh attempt: org.springframework.beans.factory.BeanCreationException: Error creating bean with name 'DDDBootstrap' defined in file [/home/lichengpeng/test/final/automated_script/funkygao/cp-ddd-framework/dddplus-runtime/target/classes/io/github/dddplus/runtime/registry/DDDBootstrap.class]: Initialization of bean failed; nested exception is io.github.dddplus.runtime.registry.BootstrapException: duplicated pattern code: b2b
Feb 04, 2021 12:19:10 AM org.springframework.context.support.ClassPathXmlApplicationContext prepareRefresh
INFO: Refreshing org.springframework.context.support.ClassPathXmlApplicationContext@29db008c: startup date [Thu Feb 04 00:19:10 CST 2021]; root of context hierarchy
Feb 04, 2021 12:19:10 AM org.springframework.beans.factory.xml.XmlBeanDefinitionReader loadBeanDefinitions
INFO: Loading XML bean definitions from class path resource [dup-domain.xml]
Feb 04, 2021 12:19:10 AM org.springframework.beans.factory.annotation.AutowiredAnnotationBeanPostProcessor <init>
INFO: JSR-330 'javax.inject.Inject' annotation found and supported for autowiring
2021-02-04 00:19:10,429 [main] INFO  [io.github.dddplus.runtime.registry.RegistryFactory] [57] - setup the discoverable Spring beans...
2021-02-04 00:19:10,432 [main] INFO  [io.github.dddplus.runtime.registry.DDDBootstrap] [45] - starting Spring, register DDD beans...
2021-02-04 00:19:10,432 [main] INFO  [io.github.dddplus.runtime.registry.RegistryFactory] [32] - register Domain's ...
Feb 04, 2021 12:19:10 AM org.springframework.context.support.ClassPathXmlApplicationContext refresh
WARNING: Exception encountered during context initialization - cancelling refresh attempt: org.springframework.beans.factory.BeanCreationException: Error creating bean with name 'DDDBootstrap' defined in file [/home/lichengpeng/test/final/automated_script/funkygao/cp-ddd-framework/dddplus-runtime/target/classes/io/github/dddplus/runtime/registry/DDDBootstrap.class]: Initialization of bean failed; nested exception is io.github.dddplus.runtime.registry.BootstrapException: duplicated domain code: FooDomain
Feb 04, 2021 12:19:10 AM org.springframework.context.support.ClassPathXmlApplicationContext prepareRefresh
INFO: Refreshing org.springframework.context.support.ClassPathXmlApplicationContext@fe156f4: startup date [Thu Feb 04 00:19:10 CST 2021]; root of context hierarchy
Feb 04, 2021 12:19:10 AM org.springframework.beans.factory.xml.XmlBeanDefinitionReader loadBeanDefinitions
INFO: Loading XML bean definitions from class path resource [dup-policy.xml]
Feb 04, 2021 12:19:10 AM org.springframework.beans.factory.annotation.AutowiredAnnotationBeanPostProcessor <init>
INFO: JSR-330 'javax.inject.Inject' annotation found and supported for autowiring
2021-02-04 00:19:10,505 [main] INFO  [io.github.dddplus.runtime.registry.RegistryFactory] [57] - setup the discoverable Spring beans...
2021-02-04 00:19:10,508 [main] INFO  [io.github.dddplus.runtime.registry.DDDBootstrap] [45] - starting Spring, register DDD beans...
2021-02-04 00:19:10,508 [main] INFO  [io.github.dddplus.runtime.registry.RegistryFactory] [32] - register Domain's ...
2021-02-04 00:19:10,509 [main] INFO  [io.github.dddplus.runtime.registry.RegistryFactory] [32] - register DomainService's ...
2021-02-04 00:19:10,510 [main] INFO  [io.github.dddplus.runtime.registry.RegistryFactory] [32] - register Specification's ...
2021-02-04 00:19:10,512 [main] INFO  [io.github.dddplus.runtime.registry.RegistryFactory] [32] - register Step's ...
2021-02-04 00:19:10,518 [main] INFO  [io.github.dddplus.runtime.registry.RegistryFactory] [32] - register DomainAbility's ...
2021-02-04 00:19:10,528 [main] INFO  [io.github.dddplus.runtime.registry.RegistryFactory] [32] - register Policy's ...
Feb 04, 2021 12:19:10 AM org.springframework.context.support.ClassPathXmlApplicationContext refresh
WARNING: Exception encountered during context initialization - cancelling refresh attempt: org.springframework.beans.factory.BeanCreationException: Error creating bean with name 'DDDBootstrap' defined in file [/home/lichengpeng/test/final/automated_script/funkygao/cp-ddd-framework/dddplus-runtime/target/classes/io/github/dddplus/runtime/registry/DDDBootstrap.class]: Initialization of bean failed; nested exception is io.github.dddplus.runtime.registry.BootstrapException: 1 Policy decides only 1 Extension:io.github.errcase.policy.DupTriggerPolicy, ext:io.github.dddplus.runtime.registry.mock.ext.ITrigger
Feb 04, 2021 12:19:10 AM org.springframework.context.support.ClassPathXmlApplicationContext prepareRefresh
INFO: Refreshing org.springframework.context.support.ClassPathXmlApplicationContext@5a31abe9: startup date [Thu Feb 04 00:19:10 CST 2021]; root of context hierarchy
Feb 04, 2021 12:19:10 AM org.springframework.beans.factory.xml.XmlBeanDefinitionReader loadBeanDefinitions
INFO: Loading XML bean definitions from class path resource [dup-step.xml]
Feb 04, 2021 12:19:10 AM org.springframework.beans.factory.annotation.AutowiredAnnotationBeanPostProcessor <init>
INFO: JSR-330 'javax.inject.Inject' annotation found and supported for autowiring
2021-02-04 00:19:10,600 [main] INFO  [io.github.dddplus.runtime.registry.RegistryFactory] [57] - setup the discoverable Spring beans...
2021-02-04 00:19:10,603 [main] INFO  [io.github.dddplus.runtime.registry.DDDBootstrap] [45] - starting Spring, register DDD beans...
2021-02-04 00:19:10,603 [main] INFO  [io.github.dddplus.runtime.registry.RegistryFactory] [32] - register Domain's ...
2021-02-04 00:19:10,604 [main] INFO  [io.github.dddplus.runtime.registry.RegistryFactory] [32] - register DomainService's ...
2021-02-04 00:19:10,605 [main] INFO  [io.github.dddplus.runtime.registry.RegistryFactory] [32] - register Specification's ...
2021-02-04 00:19:10,607 [main] INFO  [io.github.dddplus.runtime.registry.RegistryFactory] [32] - register Step's ...
Feb 04, 2021 12:19:10 AM org.springframework.context.support.ClassPathXmlApplicationContext refresh
WARNING: Exception encountered during context initialization - cancelling refresh attempt: org.springframework.beans.factory.BeanCreationException: Error creating bean with name 'DDDBootstrap' defined in file [/home/lichengpeng/test/final/automated_script/funkygao/cp-ddd-framework/dddplus-runtime/target/classes/io/github/dddplus/runtime/registry/DDDBootstrap.class]: Initialization of bean failed; nested exception is io.github.dddplus.runtime.registry.BootstrapException: duplicated step code: Foo
Feb 04, 2021 12:19:10 AM org.springframework.context.support.ClassPathXmlApplicationContext prepareRefresh
INFO: Refreshing org.springframework.context.support.ClassPathXmlApplicationContext@20db19ff: startup date [Thu Feb 04 00:19:10 CST 2021]; root of context hierarchy
Feb 04, 2021 12:19:10 AM org.springframework.beans.factory.xml.XmlBeanDefinitionReader loadBeanDefinitions
INFO: Loading XML bean definitions from class path resource [service-with-invalid-domain.xml]
Feb 04, 2021 12:19:10 AM org.springframework.beans.factory.annotation.AutowiredAnnotationBeanPostProcessor <init>
INFO: JSR-330 'javax.inject.Inject' annotation found and supported for autowiring
2021-02-04 00:19:10,681 [main] INFO  [io.github.dddplus.runtime.registry.RegistryFactory] [57] - setup the discoverable Spring beans...
2021-02-04 00:19:10,684 [main] INFO  [io.github.dddplus.runtime.registry.DDDBootstrap] [45] - starting Spring, register DDD beans...
2021-02-04 00:19:10,684 [main] INFO  [io.github.dddplus.runtime.registry.RegistryFactory] [32] - register Domain's ...
2021-02-04 00:19:10,685 [main] INFO  [io.github.dddplus.runtime.registry.RegistryFactory] [32] - register DomainService's ...
Feb 04, 2021 12:19:10 AM org.springframework.context.support.ClassPathXmlApplicationContext refresh
WARNING: Exception encountered during context initialization - cancelling refresh attempt: org.springframework.beans.factory.BeanCreationException: Error creating bean with name 'DDDBootstrap' defined in file [/home/lichengpeng/test/final/automated_script/funkygao/cp-ddd-framework/dddplus-runtime/target/classes/io/github/dddplus/runtime/registry/DDDBootstrap.class]: Initialization of bean failed; nested exception is io.github.dddplus.runtime.registry.BootstrapException: DomainService domain not found: non-exist
Feb 04, 2021 12:19:10 AM org.springframework.test.context.support.DefaultTestContextBootstrapper getDefaultTestExecutionListenerClassNames
INFO: Loaded default TestExecutionListener class names from location [META-INF/spring.factories]: [org.springframework.test.context.web.ServletTestExecutionListener, org.springframework.test.context.support.DirtiesContextBeforeModesTestExecutionListener, org.springframework.test.context.support.DependencyInjectionTestExecutionListener, org.springframework.test.context.support.DirtiesContextTestExecutionListener, org.springframework.test.context.transaction.TransactionalTestExecutionListener, org.springframework.test.context.jdbc.SqlScriptsTestExecutionListener]
Feb 04, 2021 12:19:10 AM org.springframework.test.context.support.DefaultTestContextBootstrapper instantiateListeners
INFO: Could not instantiate TestExecutionListener [org.springframework.test.context.transaction.TransactionalTestExecutionListener]. Specify custom listener classes or make the default listener classes (and their required dependencies) available. Offending class: [org/springframework/transaction/TransactionDefinition]
Feb 04, 2021 12:19:10 AM org.springframework.test.context.support.DefaultTestContextBootstrapper instantiateListeners
INFO: Could not instantiate TestExecutionListener [org.springframework.test.context.jdbc.SqlScriptsTestExecutionListener]. Specify custom listener classes or make the default listener classes (and their required dependencies) available. Offending class: [org/springframework/transaction/interceptor/TransactionAttribute]
Feb 04, 2021 12:19:10 AM org.springframework.test.context.support.DefaultTestContextBootstrapper instantiateListeners
INFO: Could not instantiate TestExecutionListener [org.springframework.test.context.web.ServletTestExecutionListener]. Specify custom listener classes or make the default listener classes (and their required dependencies) available. Offending class: [javax/servlet/ServletContext]
Feb 04, 2021 12:19:10 AM org.springframework.test.context.support.DefaultTestContextBootstrapper getTestExecutionListeners
INFO: Using TestExecutionListeners: [org.springframework.test.context.support.DirtiesContextBeforeModesTestExecutionListener@7430ed93, org.springframework.test.context.support.DependencyInjectionTestExecutionListener@2346f77a, org.springframework.test.context.support.DirtiesContextTestExecutionListener@5bcfdaf3]
Feb 04, 2021 12:19:10 AM org.springframework.beans.factory.xml.XmlBeanDefinitionReader loadBeanDefinitions
INFO: Loading XML bean definitions from URL [file:/home/lichengpeng/test/final/automated_script/funkygao/cp-ddd-framework/dddplus-test/target/test-classes/spring-test.xml]
Feb 04, 2021 12:19:10 AM org.springframework.context.support.GenericApplicationContext prepareRefresh
INFO: Refreshing org.springframework.context.support.GenericApplicationContext@43f7f48d: startup date [Thu Feb 04 00:19:10 CST 2021]; root of context hierarchy
Feb 04, 2021 12:19:11 AM org.springframework.beans.factory.annotation.AutowiredAnnotationBeanPostProcessor <init>
INFO: JSR-330 'javax.inject.Inject' annotation found and supported for autowiring
2021-02-04 00:19:11,129 [main] INFO  [io.github.dddplus.runtime.registry.RegistryFactory] [57] - setup the discoverable Spring beans...
2021-02-04 00:19:11,253 [main] INFO  [io.github.dddplus.runtime.registry.DDDBootstrap] [45] - starting Spring, register DDD beans...
2021-02-04 00:19:11,255 [main] INFO  [io.github.dddplus.runtime.registry.RegistryFactory] [32] - register Domain's ...
2021-02-04 00:19:11,258 [main] INFO  [io.github.dddplus.runtime.registry.RegistryFactory] [32] - register DomainService's ...
2021-02-04 00:19:11,261 [main] INFO  [io.github.dddplus.runtime.registry.RegistryFactory] [32] - register Specification's ...
2021-02-04 00:19:11,265 [main] INFO  [io.github.dddplus.runtime.registry.RegistryFactory] [32] - register Step's ...
2021-02-04 00:19:11,568 [main] INFO  [io.github.dddplus.runtime.registry.RegistryFactory] [32] - register DomainAbility's ...
2021-02-04 00:19:11,597 [main] INFO  [io.github.dddplus.runtime.registry.RegistryFactory] [32] - register Policy's ...
2021-02-04 00:19:11,600 [main] INFO  [io.github.dddplus.runtime.registry.RegistryFactory] [32] - register Partner's ...
2021-02-04 00:19:11,603 [main] INFO  [io.github.dddplus.runtime.registry.RegistryFactory] [32] - register Pattern's ...
2021-02-04 00:19:11,611 [main] INFO  [io.github.dddplus.runtime.registry.RegistryFactory] [32] - register Extension's ...
2021-02-04 00:19:11,639 [main] INFO  [io.github.dddplus.runtime.registry.DDDBootstrap] [47] - all DDD beans registered, cost 386ms
Feb 04, 2021 12:19:11 AM org.springframework.scheduling.concurrent.ThreadPoolTaskExecutor initialize
INFO: Initializing ExecutorService  'asyncStepsExecutor'
Feb 04, 2021 12:19:11 AM org.springframework.scheduling.concurrent.ThreadPoolTaskExecutor initialize
INFO: Initializing ExecutorService  'asyncStepsExecutorAutoDiscard'
2021-02-04 00:19:11,687 [main] INFO  [io.github.dddplus.runtime.registry.DDDBootstrap] [55] - Spring started complete!
2021-02-04 00:19:11,700 [main] ERROR [io.github.dddplus.runtime.ExtensionInvocationHandler] [100] - io.github.dddplus.runtime.registry.mock.ext.IFooExt code:b2b
java.lang.RuntimeException: runtime ex on purpuse
	at io.github.dddplus.runtime.registry.mock.extension.B2BExt.execute(B2BExt.java:13) ~[test-classes/:?]
	at sun.reflect.NativeMethodAccessorImpl.invoke0(Native Method) ~[?:1.8.0_262]
	at sun.reflect.NativeMethodAccessorImpl.invoke(NativeMethodAccessorImpl.java:62) ~[?:1.8.0_262]
	at sun.reflect.DelegatingMethodAccessorImpl.invoke(DelegatingMethodAccessorImpl.java:43) ~[?:1.8.0_262]
	at java.lang.reflect.Method.invoke(Method.java:498) ~[?:1.8.0_262]
	at io.github.dddplus.runtime.ExtensionInvocationHandler.lambda$invokeExtensionMethodWithTimeout$0(ExtensionInvocationHandler.java:134) ~[classes/:?]
	at java.util.concurrent.FutureTask.run(FutureTask.java:266) ~[?:1.8.0_262]
	at java.util.concurrent.ThreadPoolExecutor.runWorker(ThreadPoolExecutor.java:1149) ~[?:1.8.0_262]
	at java.util.concurrent.ThreadPoolExecutor$Worker.run(ThreadPoolExecutor.java:624) ~[?:1.8.0_262]
	at java.lang.Thread.run(Thread.java:748) ~[?:1.8.0_262]
Feb 04, 2021 12:19:11 AM org.springframework.test.context.support.DefaultTestContextBootstrapper getDefaultTestExecutionListenerClassNames
INFO: Loaded default TestExecutionListener class names from location [META-INF/spring.factories]: [org.springframework.test.context.web.ServletTestExecutionListener, org.springframework.test.context.support.DirtiesContextBeforeModesTestExecutionListener, org.springframework.test.context.support.DependencyInjectionTestExecutionListener, org.springframework.test.context.support.DirtiesContextTestExecutionListener, org.springframework.test.context.transaction.TransactionalTestExecutionListener, org.springframework.test.context.jdbc.SqlScriptsTestExecutionListener]
Feb 04, 2021 12:19:11 AM org.springframework.test.context.support.DefaultTestContextBootstrapper instantiateListeners
INFO: Could not instantiate TestExecutionListener [org.springframework.test.context.transaction.TransactionalTestExecutionListener]. Specify custom listener classes or make the default listener classes (and their required dependencies) available. Offending class: [org/springframework/transaction/TransactionDefinition]
Feb 04, 2021 12:19:11 AM org.springframework.test.context.support.DefaultTestContextBootstrapper instantiateListeners
INFO: Could not instantiate TestExecutionListener [org.springframework.test.context.jdbc.SqlScriptsTestExecutionListener]. Specify custom listener classes or make the default listener classes (and their required dependencies) available. Offending class: [org/springframework/transaction/interceptor/TransactionAttribute]
Feb 04, 2021 12:19:11 AM org.springframework.test.context.support.DefaultTestContextBootstrapper instantiateListeners
INFO: Could not instantiate TestExecutionListener [org.springframework.test.context.web.ServletTestExecutionListener]. Specify custom listener classes or make the default listener classes (and their required dependencies) available. Offending class: [javax/servlet/ServletContext]
Feb 04, 2021 12:19:11 AM org.springframework.test.context.support.DefaultTestContextBootstrapper getTestExecutionListeners
INFO: Using TestExecutionListeners: [org.springframework.test.context.support.DirtiesContextBeforeModesTestExecutionListener@77fecd2c, org.springframework.test.context.support.DependencyInjectionTestExecutionListener@5ee95d42, org.springframework.test.context.support.DirtiesContextTestExecutionListener@52b32622]
2021-02-04 00:19:11,713 [main] INFO  [io.github.dddplus.runtime.registry.mock.ability.NotImplementedAbility] [22] - blah blah
Feb 04, 2021 12:19:11 AM org.springframework.test.context.support.DefaultTestContextBootstrapper getDefaultTestExecutionListenerClassNames
INFO: Loaded default TestExecutionListener class names from location [META-INF/spring.factories]: [org.springframework.test.context.web.ServletTestExecutionListener, org.springframework.test.context.support.DirtiesContextBeforeModesTestExecutionListener, org.springframework.test.context.support.DependencyInjectionTestExecutionListener, org.springframework.test.context.support.DirtiesContextTestExecutionListener, org.springframework.test.context.transaction.TransactionalTestExecutionListener, org.springframework.test.context.jdbc.SqlScriptsTestExecutionListener]
Feb 04, 2021 12:19:11 AM org.springframework.test.context.support.DefaultTestContextBootstrapper instantiateListeners
INFO: Could not instantiate TestExecutionListener [org.springframework.test.context.transaction.TransactionalTestExecutionListener]. Specify custom listener classes or make the default listener classes (and their required dependencies) available. Offending class: [org/springframework/transaction/TransactionDefinition]
Feb 04, 2021 12:19:11 AM org.springframework.test.context.support.DefaultTestContextBootstrapper instantiateListeners
INFO: Could not instantiate TestExecutionListener [org.springframework.test.context.jdbc.SqlScriptsTestExecutionListener]. Specify custom listener classes or make the default listener classes (and their required dependencies) available. Offending class: [org/springframework/transaction/interceptor/TransactionAttribute]
Feb 04, 2021 12:19:11 AM org.springframework.test.context.support.DefaultTestContextBootstrapper instantiateListeners
INFO: Could not instantiate TestExecutionListener [org.springframework.test.context.web.ServletTestExecutionListener]. Specify custom listener classes or make the default listener classes (and their required dependencies) available. Offending class: [javax/servlet/ServletContext]
Feb 04, 2021 12:19:11 AM org.springframework.test.context.support.DefaultTestContextBootstrapper getTestExecutionListeners
INFO: Using TestExecutionListeners: [org.springframework.test.context.support.DirtiesContextBeforeModesTestExecutionListener@68722de3, org.springframework.test.context.support.DependencyInjectionTestExecutionListener@3b18009f, org.springframework.test.context.support.DirtiesContextTestExecutionListener@77aeba9b]
2021-02-04 00:19:11,717 [main] ERROR [io.github.dddplus.runtime.ExtensionInvocationHandler] [100] - io.github.dddplus.runtime.registry.mock.ext.IFooExt code:b2b
java.lang.RuntimeException: b2b error on purpose
	at io.github.dddplus.runtime.registry.mock.extension.B2BExt.execute(B2BExt.java:27) ~[test-classes/:?]
	at sun.reflect.NativeMethodAccessorImpl.invoke0(Native Method) ~[?:1.8.0_262]
	at sun.reflect.NativeMethodAccessorImpl.invoke(NativeMethodAccessorImpl.java:62) ~[?:1.8.0_262]
	at sun.reflect.DelegatingMethodAccessorImpl.invoke(DelegatingMethodAccessorImpl.java:43) ~[?:1.8.0_262]
	at java.lang.reflect.Method.invoke(Method.java:498) ~[?:1.8.0_262]
	at io.github.dddplus.runtime.ExtensionInvocationHandler.invokeExtensionMethod(ExtensionInvocationHandler.java:122) ~[classes/:?]
	at io.github.dddplus.runtime.ExtensionInvocationHandler.invokeExtension(ExtensionInvocationHandler.java:97) ~[classes/:?]
	at io.github.dddplus.runtime.ExtensionInvocationHandler.invoke(ExtensionInvocationHandler.java:78) ~[classes/:?]
	at com.sun.proxy.$Proxy155.execute(Unknown Source) ~[?:?]
	at io.github.dddplus.runtime.registry.mock.ability.FooDomainAbility.submit(FooDomainAbility.java:20) ~[test-classes/:?]
	at io.github.dddplus.runtime.registry.mock.service.FooDomainService.submitOrder(FooDomainService.java:17) ~[test-classes/:?]
	at io.github.dddplus.runtime.registry.IntegrationTest.extThrowException(IntegrationTest.java:234) ~[test-classes/:?]
	at sun.reflect.NativeMethodAccessorImpl.invoke0(Native Method) ~[?:1.8.0_262]
	at sun.reflect.NativeMethodAccessorImpl.invoke(NativeMethodAccessorImpl.java:62) ~[?:1.8.0_262]
	at sun.reflect.DelegatingMethodAccessorImpl.invoke(DelegatingMethodAccessorImpl.java:43) ~[?:1.8.0_262]
	at java.lang.reflect.Method.invoke(Method.java:498) ~[?:1.8.0_262]
	at org.junit.runners.model.FrameworkMethod$1.runReflectiveCall(FrameworkMethod.java:59) ~[junit-4.13.1.jar:4.13.1]
	at org.junit.internal.runners.model.ReflectiveCallable.run(ReflectiveCallable.java:12) ~[junit-4.13.1.jar:4.13.1]
	at org.junit.runners.model.FrameworkMethod.invokeExplosively(FrameworkMethod.java:56) ~[junit-4.13.1.jar:4.13.1]
	at org.junit.internal.runners.statements.InvokeMethod.evaluate(InvokeMethod.java:17) ~[junit-4.13.1.jar:4.13.1]
	at org.junit.internal.runners.statements.ExpectException.evaluate(ExpectException.java:19) ~[junit-4.13.1.jar:4.13.1]
	at org.junit.internal.runners.statements.RunBefores.evaluate(RunBefores.java:26) ~[junit-4.13.1.jar:4.13.1]
	at org.springframework.test.context.junit4.statements.RunBeforeTestMethodCallbacks.evaluate(RunBeforeTestMethodCallbacks.java:75) ~[spring-test-4.3.12.RELEASE.jar:4.3.12.RELEASE]
	at org.springframework.test.context.junit4.statements.RunAfterTestMethodCallbacks.evaluate(RunAfterTestMethodCallbacks.java:86) ~[spring-test-4.3.12.RELEASE.jar:4.3.12.RELEASE]
	at org.springframework.test.context.junit4.statements.SpringRepeat.evaluate(SpringRepeat.java:84) ~[spring-test-4.3.12.RELEASE.jar:4.3.12.RELEASE]
	at org.junit.runners.ParentRunner.runLeaf(ParentRunner.java:366) ~[junit-4.13.1.jar:4.13.1]
	at org.springframework.test.context.junit4.SpringJUnit4ClassRunner.runChild(SpringJUnit4ClassRunner.java:252) ~[spring-test-4.3.12.RELEASE.jar:4.3.12.RELEASE]
	at org.springframework.test.context.junit4.SpringJUnit4ClassRunner.runChild(SpringJUnit4ClassRunner.java:94) ~[spring-test-4.3.12.RELEASE.jar:4.3.12.RELEASE]
	at org.junit.runners.ParentRunner$4.run(ParentRunner.java:331) ~[junit-4.13.1.jar:4.13.1]
	at org.junit.runners.ParentRunner$1.schedule(ParentRunner.java:79) ~[junit-4.13.1.jar:4.13.1]
	at org.junit.runners.ParentRunner.runChildren(ParentRunner.java:329) ~[junit-4.13.1.jar:4.13.1]
	at org.junit.runners.ParentRunner.access$100(ParentRunner.java:66) ~[junit-4.13.1.jar:4.13.1]
	at org.junit.runners.ParentRunner$2.evaluate(ParentRunner.java:293) ~[junit-4.13.1.jar:4.13.1]
	at org.springframework.test.context.junit4.statements.RunBeforeTestClassCallbacks.evaluate(RunBeforeTestClassCallbacks.java:61) ~[spring-test-4.3.12.RELEASE.jar:4.3.12.RELEASE]
	at org.springframework.test.context.junit4.statements.RunAfterTestClassCallbacks.evaluate(RunAfterTestClassCallbacks.java:70) ~[spring-test-4.3.12.RELEASE.jar:4.3.12.RELEASE]
	at org.junit.runners.ParentRunner$3.evaluate(ParentRunner.java:306) ~[junit-4.13.1.jar:4.13.1]
	at org.junit.runners.ParentRunner.run(ParentRunner.java:413) ~[junit-4.13.1.jar:4.13.1]
	at org.springframework.test.context.junit4.SpringJUnit4ClassRunner.run(SpringJUnit4ClassRunner.java:191) ~[spring-test-4.3.12.RELEASE.jar:4.3.12.RELEASE]
	at edu.illinois.cs.testrunner.execution.JUnitTestRunner$4.evaluate(JUnitTestRunner.java:383) ~[testrunner-running-1.0.jar:?]
	at edu.illinois.cs.testrunner.execution.JUnitTestRunner.runChild(JUnitTestRunner.java:351) ~[testrunner-running-1.0.jar:?]
	at edu.illinois.cs.testrunner.execution.JUnitTestRunner.run(JUnitTestRunner.java:109) ~[testrunner-running-1.0.jar:?]
	at org.junit.runner.JUnitCore.run(JUnitCore.java:137) ~[junit-4.13.1.jar:4.13.1]
	at edu.illinois.cs.testrunner.execution.JUnitTestExecutor.execute(JUnitTestExecutor.java:292) ~[testrunner-running-1.0.jar:?]
	at edu.illinois.cs.testrunner.execution.JUnitTestExecutor.execute(JUnitTestExecutor.java:328) ~[testrunner-running-1.0.jar:?]
	at edu.illinois.cs.testrunner.execution.JUnitTestExecutor.executeWithJUnit4Runner(JUnitTestExecutor.java:366) ~[testrunner-running-1.0.jar:?]
	at edu.illinois.cs.testrunner.execution.JUnitTestExecutor.runOrder(JUnitTestExecutor.java:47) ~[testrunner-running-1.0.jar:?]
	at edu.illinois.cs.testrunner.execution.Executor$.$anonfun$run$1(Executor.scala:30) ~[testrunner-running-1.0.jar:?]
	at scala.runtime.java8.JFunction0$mcV$sp.apply(JFunction0$mcV$sp.java:12) [scala-library-2.12.6.jar:?]
	at scala.util.Try$.apply(Try.scala:209) [scala-library-2.12.6.jar:?]
	at edu.illinois.cs.testrunner.execution.Executor$.run(Executor.scala:28) [testrunner-running-1.0.jar:?]
	at edu.illinois.cs.testrunner.execution.Executor$.main(Executor.scala:18) [testrunner-running-1.0.jar:?]
	at edu.illinois.cs.testrunner.execution.Executor.main(Executor.scala) [testrunner-running-1.0.jar:?]
Feb 04, 2021 12:19:11 AM org.springframework.test.context.support.DefaultTestContextBootstrapper getDefaultTestExecutionListenerClassNames
INFO: Loaded default TestExecutionListener class names from location [META-INF/spring.factories]: [org.springframework.test.context.web.ServletTestExecutionListener, org.springframework.test.context.support.DirtiesContextBeforeModesTestExecutionListener, org.springframework.test.context.support.DependencyInjectionTestExecutionListener, org.springframework.test.context.support.DirtiesContextTestExecutionListener, org.springframework.test.context.transaction.TransactionalTestExecutionListener, org.springframework.test.context.jdbc.SqlScriptsTestExecutionListener]
Feb 04, 2021 12:19:11 AM org.springframework.test.context.support.DefaultTestContextBootstrapper instantiateListeners
INFO: Could not instantiate TestExecutionListener [org.springframework.test.context.transaction.TransactionalTestExecutionListener]. Specify custom listener classes or make the default listener classes (and their required dependencies) available. Offending class: [org/springframework/transaction/TransactionDefinition]
Feb 04, 2021 12:19:11 AM org.springframework.test.context.support.DefaultTestContextBootstrapper instantiateListeners
INFO: Could not instantiate TestExecutionListener [org.springframework.test.context.jdbc.SqlScriptsTestExecutionListener]. Specify custom listener classes or make the default listener classes (and their required dependencies) available. Offending class: [org/springframework/transaction/interceptor/TransactionAttribute]
Feb 04, 2021 12:19:11 AM org.springframework.test.context.support.DefaultTestContextBootstrapper instantiateListeners
INFO: Could not instantiate TestExecutionListener [org.springframework.test.context.web.ServletTestExecutionListener]. Specify custom listener classes or make the default listener classes (and their required dependencies) available. Offending class: [javax/servlet/ServletContext]
Feb 04, 2021 12:19:11 AM org.springframework.test.context.support.DefaultTestContextBootstrapper getTestExecutionListeners
INFO: Using TestExecutionListeners: [org.springframework.test.context.support.DirtiesContextBeforeModesTestExecutionListener@11fb1691, org.springframework.test.context.support.DependencyInjectionTestExecutionListener@1f229c40, org.springframework.test.context.support.DirtiesContextTestExecutionListener@215404a1]
2021-02-04 00:19:11,723 [main] INFO  [io.github.dddplus.runtime.registry.IntegrationTest] [467] - steps:[Baz, Foo, Bar]
2021-02-04 00:19:11,731 [main] INFO  [io.github.dddplus.runtime.registry.mock.interceptor.DomainProfilerAspect] [21] - AROUND step:Submit.Bar
2021-02-04 00:19:11,731 [step-2] INFO  [io.github.dddplus.runtime.registry.mock.interceptor.DomainProfilerAspect] [21] - AROUND step:Submit.Foo
2021-02-04 00:19:11,731 [step-1] INFO  [io.github.dddplus.runtime.registry.mock.interceptor.DomainProfilerAspect] [21] - AROUND step:Submit.Baz
2021-02-04 00:19:11,732 [step-2] INFO  [io.github.dddplus.runtime.registry.mock.step.FooStep] [20] - submit: FooModel(partnerCode=ddd.cn.ka, b2c=false, letFooThrowException=true, willSleepLong=false, willThrowRuntimeException=false, willThrowOOM=false, redecide=false, redecideDeadLoop=false, stepsRevised=false, willRollback=false, willRollbackInvalid=false, sleepExtTimeout=false, foo=0)
2021-02-04 00:19:11,732 [step-1] INFO  [io.github.dddplus.runtime.registry.mock.step.BazStep] [18] - submit: FooModel(partnerCode=ddd.cn.ka, b2c=false, letFooThrowException=true, willSleepLong=false, willThrowRuntimeException=false, willThrowOOM=false, redecide=false, redecideDeadLoop=false, stepsRevised=false, willRollback=false, willRollbackInvalid=false, sleepExtTimeout=false, foo=0)
2021-02-04 00:19:11,732 [step-2] INFO  [io.github.dddplus.runtime.registry.mock.step.FooStep] [34] - will throw exception!
Exception in thread "step-2" java.lang.RuntimeException: foo on purpose
	at io.github.dddplus.runtime.registry.mock.step.FooStep.execute(FooStep.java:35)
	at io.github.dddplus.runtime.registry.mock.step.FooStep.execute(FooStep.java:13)
	at io.github.dddplus.runtime.registry.mock.step.FooStep$$FastClassBySpringCGLIB$$5ed2824c.invoke(<generated>)
	at org.springframework.cglib.proxy.MethodProxy.invoke(MethodProxy.java:204)
	at org.springframework.aop.framework.CglibAopProxy$CglibMethodInvocation.invokeJoinpoint(CglibAopProxy.java:738)
	at org.springframework.aop.framework.ReflectiveMethodInvocation.proceed(ReflectiveMethodInvocation.java:157)
	at org.springframework.aop.aspectj.MethodInvocationProceedingJoinPoint.proceed(MethodInvocationProceedingJoinPoint.java:85)
	at io.github.dddplus.runtime.registry.mock.interceptor.DomainProfilerAspect.around(DomainProfilerAspect.java:28)
	at sun.reflect.NativeMethodAccessorImpl.invoke0(Native Method)
	at sun.reflect.NativeMethodAccessorImpl.invoke(NativeMethodAccessorImpl.java:62)
	at sun.reflect.DelegatingMethodAccessorImpl.invoke(DelegatingMethodAccessorImpl.java:43)
	at java.lang.reflect.Method.invoke(Method.java:498)
	at org.springframework.aop.aspectj.AbstractAspectJAdvice.invokeAdviceMethodWithGivenArgs(AbstractAspectJAdvice.java:629)
	at org.springframework.aop.aspectj.AbstractAspectJAdvice.invokeAdviceMethod(AbstractAspectJAdvice.java:618)
	at org.springframework.aop.aspectj.AspectJAroundAdvice.invoke(AspectJAroundAdvice.java:70)
	at org.springframework.aop.framework.ReflectiveMethodInvocation.proceed(ReflectiveMethodInvocation.java:168)
	at org.springframework.aop.interceptor.ExposeInvocationInterceptor.invoke(ExposeInvocationInterceptor.java:92)
	at org.springframework.aop.framework.ReflectiveMethodInvocation.proceed(ReflectiveMethodInvocation.java:179)
	at org.springframework.aop.framework.CglibAopProxy$DynamicAdvisedInterceptor.intercept(CglibAopProxy.java:673)
	at io.github.dddplus.runtime.registry.mock.step.FooStep$$EnhancerBySpringCGLIB$$8b99bb0c.execute(<generated>)
	at io.github.dddplus.runtime.StepsExecTemplate.lambda$asyncExecuteStep$0(StepsExecTemplate.java:176)
	at java.util.concurrent.ThreadPoolExecutor.runWorker(ThreadPoolExecutor.java:1149)
	at java.util.concurrent.ThreadPoolExecutor$Worker.run(ThreadPoolExecutor.java:624)
	at java.lang.Thread.run(Thread.java:748)
Feb 04, 2021 12:19:12 AM org.springframework.test.context.support.DefaultTestContextBootstrapper getDefaultTestExecutionListenerClassNames
INFO: Loaded default TestExecutionListener class names from location [META-INF/spring.factories]: [org.springframework.test.context.web.ServletTestExecutionListener, org.springframework.test.context.support.DirtiesContextBeforeModesTestExecutionListener, org.springframework.test.context.support.DependencyInjectionTestExecutionListener, org.springframework.test.context.support.DirtiesContextTestExecutionListener, org.springframework.test.context.transaction.TransactionalTestExecutionListener, org.springframework.test.context.jdbc.SqlScriptsTestExecutionListener]
Feb 04, 2021 12:19:12 AM org.springframework.test.context.support.DefaultTestContextBootstrapper instantiateListeners
INFO: Could not instantiate TestExecutionListener [org.springframework.test.context.transaction.TransactionalTestExecutionListener]. Specify custom listener classes or make the default listener classes (and their required dependencies) available. Offending class: [org/springframework/transaction/TransactionDefinition]
Feb 04, 2021 12:19:12 AM org.springframework.test.context.support.DefaultTestContextBootstrapper instantiateListeners
INFO: Could not instantiate TestExecutionListener [org.springframework.test.context.jdbc.SqlScriptsTestExecutionListener]. Specify custom listener classes or make the default listener classes (and their required dependencies) available. Offending class: [org/springframework/transaction/interceptor/TransactionAttribute]
Feb 04, 2021 12:19:12 AM org.springframework.test.context.support.DefaultTestContextBootstrapper instantiateListeners
INFO: Could not instantiate TestExecutionListener [org.springframework.test.context.web.ServletTestExecutionListener]. Specify custom listener classes or make the default listener classes (and their required dependencies) available. Offending class: [javax/servlet/ServletContext]
Feb 04, 2021 12:19:12 AM org.springframework.test.context.support.DefaultTestContextBootstrapper getTestExecutionListeners
INFO: Using TestExecutionListeners: [org.springframework.test.context.support.DirtiesContextBeforeModesTestExecutionListener@496e0f9d, org.springframework.test.context.support.DependencyInjectionTestExecutionListener@6b468710, org.springframework.test.context.support.DirtiesContextTestExecutionListener@63c163e1]
2021-02-04 00:19:12,738 [main] ERROR [io.github.dddplus.runtime.registry.InternalIndexer] [55] - io.github.dddplus.runtime.registry.mock.ability.IllegalDomainAbility forgot to apply @DomainAbility, ArchitectureEnforcer turned off? indexed:[class io.github.dddplus.runtime.registry.mock.ability.ReviseStepsAbility, class io.github.dddplus.runtime.registry.mock.ability.SleepAbility, class io.github.dddplus.runtime.registry.mock.ability.NotImplementedAbility, class io.github.dddplus.runtime.registry.mock.ability.PartnerAbility, class io.github.dddplus.runtime.registry.mock.ability.BazAbility, class io.github.dddplus.runtime.registry.mock.ability.DecideStepsAbility, class io.github.dddplus.runtime.registry.mock.ability.BarDomainAbility, class io.github.dddplus.runtime.registry.mock.ability.NotImplementedAbility1, class io.github.dddplus.runtime.registry.mock.ability.FooDomainAbility]
Feb 04, 2021 12:19:12 AM org.springframework.test.context.support.DefaultTestContextBootstrapper getDefaultTestExecutionListenerClassNames
INFO: Loaded default TestExecutionListener class names from location [META-INF/spring.factories]: [org.springframework.test.context.web.ServletTestExecutionListener, org.springframework.test.context.support.DirtiesContextBeforeModesTestExecutionListener, org.springframework.test.context.support.DependencyInjectionTestExecutionListener, org.springframework.test.context.support.DirtiesContextTestExecutionListener, org.springframework.test.context.transaction.TransactionalTestExecutionListener, org.springframework.test.context.jdbc.SqlScriptsTestExecutionListener]
Feb 04, 2021 12:19:12 AM org.springframework.test.context.support.DefaultTestContextBootstrapper instantiateListeners
INFO: Could not instantiate TestExecutionListener [org.springframework.test.context.transaction.TransactionalTestExecutionListener]. Specify custom listener classes or make the default listener classes (and their required dependencies) available. Offending class: [org/springframework/transaction/TransactionDefinition]
Feb 04, 2021 12:19:12 AM org.springframework.test.context.support.DefaultTestContextBootstrapper instantiateListeners
INFO: Could not instantiate TestExecutionListener [org.springframework.test.context.jdbc.SqlScriptsTestExecutionListener]. Specify custom listener classes or make the default listener classes (and their required dependencies) available. Offending class: [org/springframework/transaction/interceptor/TransactionAttribute]
Feb 04, 2021 12:19:12 AM org.springframework.test.context.support.DefaultTestContextBootstrapper instantiateListeners
INFO: Could not instantiate TestExecutionListener [org.springframework.test.context.web.ServletTestExecutionListener]. Specify custom listener classes or make the default listener classes (and their required dependencies) available. Offending class: [javax/servlet/ServletContext]
Feb 04, 2021 12:19:12 AM org.springframework.test.context.support.DefaultTestContextBootstrapper getTestExecutionListeners
INFO: Using TestExecutionListeners: [org.springframework.test.context.support.DirtiesContextBeforeModesTestExecutionListener@7f839ec5, org.springframework.test.context.support.DependencyInjectionTestExecutionListener@23f539df, org.springframework.test.context.support.DirtiesContextTestExecutionListener@b859355]
2021-02-04 00:19:12,744 [main] INFO  [io.github.dddplus.runtime.registry.mock.extension.B2CExt] [16] - 2
2021-02-04 00:19:12,744 [main] INFO  [io.github.dddplus.runtime.registry.mock.extension.PartnerExt] [20] - partner
Feb 04, 2021 12:19:12 AM org.springframework.test.context.support.DefaultTestContextBootstrapper getDefaultTestExecutionListenerClassNames
INFO: Loaded default TestExecutionListener class names from location [META-INF/spring.factories]: [org.springframework.test.context.web.ServletTestExecutionListener, org.springframework.test.context.support.DirtiesContextBeforeModesTestExecutionListener, org.springframework.test.context.support.DependencyInjectionTestExecutionListener, org.springframework.test.context.support.DirtiesContextTestExecutionListener, org.springframework.test.context.transaction.TransactionalTestExecutionListener, org.springframework.test.context.jdbc.SqlScriptsTestExecutionListener]
Feb 04, 2021 12:19:12 AM org.springframework.test.context.support.DefaultTestContextBootstrapper instantiateListeners
INFO: Could not instantiate TestExecutionListener [org.springframework.test.context.transaction.TransactionalTestExecutionListener]. Specify custom listener classes or make the default listener classes (and their required dependencies) available. Offending class: [org/springframework/transaction/TransactionDefinition]
Feb 04, 2021 12:19:12 AM org.springframework.test.context.support.DefaultTestContextBootstrapper instantiateListeners
INFO: Could not instantiate TestExecutionListener [org.springframework.test.context.jdbc.SqlScriptsTestExecutionListener]. Specify custom listener classes or make the default listener classes (and their required dependencies) available. Offending class: [org/springframework/transaction/interceptor/TransactionAttribute]
Feb 04, 2021 12:19:12 AM org.springframework.test.context.support.DefaultTestContextBootstrapper instantiateListeners
INFO: Could not instantiate TestExecutionListener [org.springframework.test.context.web.ServletTestExecutionListener]. Specify custom listener classes or make the default listener classes (and their required dependencies) available. Offending class: [javax/servlet/ServletContext]
Feb 04, 2021 12:19:12 AM org.springframework.test.context.support.DefaultTestContextBootstrapper getTestExecutionListeners
INFO: Using TestExecutionListeners: [org.springframework.test.context.support.DirtiesContextBeforeModesTestExecutionListener@5274acd1, org.springframework.test.context.support.DependencyInjectionTestExecutionListener@5fd5d6d1, org.springframework.test.context.support.DirtiesContextTestExecutionListener@5e643402]
Feb 04, 2021 12:19:12 AM org.springframework.test.context.support.DefaultTestContextBootstrapper getDefaultTestExecutionListenerClassNames
INFO: Loaded default TestExecutionListener class names from location [META-INF/spring.factories]: [org.springframework.test.context.web.ServletTestExecutionListener, org.springframework.test.context.support.DirtiesContextBeforeModesTestExecutionListener, org.springframework.test.context.support.DependencyInjectionTestExecutionListener, org.springframework.test.context.support.DirtiesContextTestExecutionListener, org.springframework.test.context.transaction.TransactionalTestExecutionListener, org.springframework.test.context.jdbc.SqlScriptsTestExecutionListener]
Feb 04, 2021 12:19:12 AM org.springframework.test.context.support.DefaultTestContextBootstrapper instantiateListeners
INFO: Could not instantiate TestExecutionListener [org.springframework.test.context.transaction.TransactionalTestExecutionListener]. Specify custom listener classes or make the default listener classes (and their required dependencies) available. Offending class: [org/springframework/transaction/TransactionDefinition]
Feb 04, 2021 12:19:12 AM org.springframework.test.context.support.DefaultTestContextBootstrapper instantiateListeners
INFO: Could not instantiate TestExecutionListener [org.springframework.test.context.jdbc.SqlScriptsTestExecutionListener]. Specify custom listener classes or make the default listener classes (and their required dependencies) available. Offending class: [org/springframework/transaction/interceptor/TransactionAttribute]
Feb 04, 2021 12:19:12 AM org.springframework.test.context.support.DefaultTestContextBootstrapper instantiateListeners
INFO: Could not instantiate TestExecutionListener [org.springframework.test.context.web.ServletTestExecutionListener]. Specify custom listener classes or make the default listener classes (and their required dependencies) available. Offending class: [javax/servlet/ServletContext]
Feb 04, 2021 12:19:12 AM org.springframework.test.context.support.DefaultTestContextBootstrapper getTestExecutionListeners
INFO: Using TestExecutionListeners: [org.springframework.test.context.support.DirtiesContextBeforeModesTestExecutionListener@341889a1, org.springframework.test.context.support.DependencyInjectionTestExecutionListener@29693b1d, org.springframework.test.context.support.DirtiesContextTestExecutionListener@3a225534]
Feb 04, 2021 12:19:12 AM org.springframework.test.context.support.DefaultTestContextBootstrapper getDefaultTestExecutionListenerClassNames
INFO: Loaded default TestExecutionListener class names from location [META-INF/spring.factories]: [org.springframework.test.context.web.ServletTestExecutionListener, org.springframework.test.context.support.DirtiesContextBeforeModesTestExecutionListener, org.springframework.test.context.support.DependencyInjectionTestExecutionListener, org.springframework.test.context.support.DirtiesContextTestExecutionListener, org.springframework.test.context.transaction.TransactionalTestExecutionListener, org.springframework.test.context.jdbc.SqlScriptsTestExecutionListener]
Feb 04, 2021 12:19:12 AM org.springframework.test.context.support.DefaultTestContextBootstrapper instantiateListeners
INFO: Could not instantiate TestExecutionListener [org.springframework.test.context.transaction.TransactionalTestExecutionListener]. Specify custom listener classes or make the default listener classes (and their required dependencies) available. Offending class: [org/springframework/transaction/TransactionDefinition]
Feb 04, 2021 12:19:12 AM org.springframework.test.context.support.DefaultTestContextBootstrapper instantiateListeners
INFO: Could not instantiate TestExecutionListener [org.springframework.test.context.jdbc.SqlScriptsTestExecutionListener]. Specify custom listener classes or make the default listener classes (and their required dependencies) available. Offending class: [org/springframework/transaction/interceptor/TransactionAttribute]
Feb 04, 2021 12:19:12 AM org.springframework.test.context.support.DefaultTestContextBootstrapper instantiateListeners
INFO: Could not instantiate TestExecutionListener [org.springframework.test.context.web.ServletTestExecutionListener]. Specify custom listener classes or make the default listener classes (and their required dependencies) available. Offending class: [javax/servlet/ServletContext]
Feb 04, 2021 12:19:12 AM org.springframework.test.context.support.DefaultTestContextBootstrapper getTestExecutionListeners
INFO: Using TestExecutionListeners: [org.springframework.test.context.support.DirtiesContextBeforeModesTestExecutionListener@3a5ffea, org.springframework.test.context.support.DependencyInjectionTestExecutionListener@1d126f07, org.springframework.test.context.support.DirtiesContextTestExecutionListener@71689ee2]
2021-02-04 00:19:12,758 [main] INFO  [io.github.dddplus.runtime.registry.IntegrationTest] [285] - WILL exhaust the timer pool...
2021-02-04 00:19:12,761 [SubmitOrderTask-11] ERROR [io.github.dddplus.runtime.ExtensionInvocationHandler] [107] - ExtInvokeTimer thread pool FULL:Task java.util.concurrent.FutureTask@4ca58ff5 rejected from java.util.concurrent.ThreadPoolExecutor@2908062a[Running, pool size = 10, active threads = 10, queued tasks = 0, completed tasks = 1]
2021-02-04 00:19:12,761 [SubmitOrderTask-9] ERROR [io.github.dddplus.runtime.ExtensionInvocationHandler] [107] - ExtInvokeTimer thread pool FULL:Task java.util.concurrent.FutureTask@27cfeca3 rejected from java.util.concurrent.ThreadPoolExecutor@2908062a[Running, pool size = 10, active threads = 10, queued tasks = 0, completed tasks = 1]
2021-02-04 00:19:12,761 [SubmitOrderTask-11] INFO  [io.github.dddplus.runtime.registry.IntegrationTest] [332] - as expected, thread pool full: Task java.util.concurrent.FutureTask@4ca58ff5 rejected from java.util.concurrent.ThreadPoolExecutor@2908062a[Running, pool size = 10, active threads = 10, queued tasks = 0, completed tasks = 1]
2021-02-04 00:19:12,761 [SubmitOrderTask-9] INFO  [io.github.dddplus.runtime.registry.IntegrationTest] [332] - as expected, thread pool full: Task java.util.concurrent.FutureTask@27cfeca3 rejected from java.util.concurrent.ThreadPoolExecutor@2908062a[Running, pool size = 10, active threads = 10, queued tasks = 0, completed tasks = 1]
2021-02-04 00:19:13,259 [SubmitOrderTask-0] ERROR [io.github.dddplus.runtime.ExtensionInvocationHandler] [103] - timed out:500ms, io.github.dddplus.runtime.registry.mock.extension.B2BExt@76bb5029 method:execute args:[FooModel(partnerCode=, b2c=false, letFooThrowException=false, willSleepLong=true, willThrowRuntimeException=false, willThrowOOM=false, redecide=false, redecideDeadLoop=false, stepsRevised=false, willRollback=false, willRollbackInvalid=false, sleepExtTimeout=false, foo=0)]
2021-02-04 00:19:13,259 [SubmitOrderTask-2] ERROR [io.github.dddplus.runtime.ExtensionInvocationHandler] [103] - timed out:500ms, io.github.dddplus.runtime.registry.mock.extension.B2BExt@76bb5029 method:execute args:[FooModel(partnerCode=, b2c=false, letFooThrowException=false, willSleepLong=true, willThrowRuntimeException=false, willThrowOOM=false, redecide=false, redecideDeadLoop=false, stepsRevised=false, willRollback=false, willRollbackInvalid=false, sleepExtTimeout=false, foo=0)]
2021-02-04 00:19:13,260 [SubmitOrderTask-4] ERROR [io.github.dddplus.runtime.ExtensionInvocationHandler] [103] - timed out:500ms, io.github.dddplus.runtime.registry.mock.extension.B2BExt@76bb5029 method:execute args:[FooModel(partnerCode=, b2c=false, letFooThrowException=false, willSleepLong=true, willThrowRuntimeException=false, willThrowOOM=false, redecide=false, redecideDeadLoop=false, stepsRevised=false, willRollback=false, willRollbackInvalid=false, sleepExtTimeout=false, foo=0)]
2021-02-04 00:19:13,260 [SubmitOrderTask-1] ERROR [io.github.dddplus.runtime.ExtensionInvocationHandler] [103] - timed out:500ms, io.github.dddplus.runtime.registry.mock.extension.B2BExt@76bb5029 method:execute args:[FooModel(partnerCode=, b2c=false, letFooThrowException=false, willSleepLong=true, willThrowRuntimeException=false, willThrowOOM=false, redecide=false, redecideDeadLoop=false, stepsRevised=false, willRollback=false, willRollbackInvalid=false, sleepExtTimeout=false, foo=0)]
2021-02-04 00:19:13,260 [SubmitOrderTask-5] ERROR [io.github.dddplus.runtime.ExtensionInvocationHandler] [103] - timed out:500ms, io.github.dddplus.runtime.registry.mock.extension.B2BExt@76bb5029 method:execute args:[FooModel(partnerCode=, b2c=false, letFooThrowException=false, willSleepLong=true, willThrowRuntimeException=false, willThrowOOM=false, redecide=false, redecideDeadLoop=false, stepsRevised=false, willRollback=false, willRollbackInvalid=false, sleepExtTimeout=false, foo=0)]
2021-02-04 00:19:13,260 [SubmitOrderTask-3] ERROR [io.github.dddplus.runtime.ExtensionInvocationHandler] [103] - timed out:500ms, io.github.dddplus.runtime.registry.mock.extension.B2BExt@76bb5029 method:execute args:[FooModel(partnerCode=, b2c=false, letFooThrowException=false, willSleepLong=true, willThrowRuntimeException=false, willThrowOOM=false, redecide=false, redecideDeadLoop=false, stepsRevised=false, willRollback=false, willRollbackInvalid=false, sleepExtTimeout=false, foo=0)]
2021-02-04 00:19:13,260 [SubmitOrderTask-7] ERROR [io.github.dddplus.runtime.ExtensionInvocationHandler] [103] - timed out:500ms, io.github.dddplus.runtime.registry.mock.extension.B2BExt@76bb5029 method:execute args:[FooModel(partnerCode=, b2c=false, letFooThrowException=false, willSleepLong=true, willThrowRuntimeException=false, willThrowOOM=false, redecide=false, redecideDeadLoop=false, stepsRevised=false, willRollback=false, willRollbackInvalid=false, sleepExtTimeout=false, foo=0)]
2021-02-04 00:19:13,260 [SubmitOrderTask-6] ERROR [io.github.dddplus.runtime.ExtensionInvocationHandler] [103] - timed out:500ms, io.github.dddplus.runtime.registry.mock.extension.B2BExt@76bb5029 method:execute args:[FooModel(partnerCode=, b2c=false, letFooThrowException=false, willSleepLong=true, willThrowRuntimeException=false, willThrowOOM=false, redecide=false, redecideDeadLoop=false, stepsRevised=false, willRollback=false, willRollbackInvalid=false, sleepExtTimeout=false, foo=0)]
2021-02-04 00:19:13,261 [SubmitOrderTask-10] ERROR [io.github.dddplus.runtime.ExtensionInvocationHandler] [103] - timed out:500ms, io.github.dddplus.runtime.registry.mock.extension.B2BExt@76bb5029 method:execute args:[FooModel(partnerCode=, b2c=false, letFooThrowException=false, willSleepLong=true, willThrowRuntimeException=false, willThrowOOM=false, redecide=false, redecideDeadLoop=false, stepsRevised=false, willRollback=false, willRollbackInvalid=false, sleepExtTimeout=false, foo=0)]
2021-02-04 00:19:13,261 [SubmitOrderTask-8] ERROR [io.github.dddplus.runtime.ExtensionInvocationHandler] [103] - timed out:500ms, io.github.dddplus.runtime.registry.mock.extension.B2BExt@76bb5029 method:execute args:[FooModel(partnerCode=, b2c=false, letFooThrowException=false, willSleepLong=true, willThrowRuntimeException=false, willThrowOOM=false, redecide=false, redecideDeadLoop=false, stepsRevised=false, willRollback=false, willRollbackInvalid=false, sleepExtTimeout=false, foo=0)]
Feb 04, 2021 12:19:13 AM org.springframework.test.context.support.DefaultTestContextBootstrapper getDefaultTestExecutionListenerClassNames
INFO: Loaded default TestExecutionListener class names from location [META-INF/spring.factories]: [org.springframework.test.context.web.ServletTestExecutionListener, org.springframework.test.context.support.DirtiesContextBeforeModesTestExecutionListener, org.springframework.test.context.support.DependencyInjectionTestExecutionListener, org.springframework.test.context.support.DirtiesContextTestExecutionListener, org.springframework.test.context.transaction.TransactionalTestExecutionListener, org.springframework.test.context.jdbc.SqlScriptsTestExecutionListener]
Feb 04, 2021 12:19:13 AM org.springframework.test.context.support.DefaultTestContextBootstrapper instantiateListeners
INFO: Could not instantiate TestExecutionListener [org.springframework.test.context.transaction.TransactionalTestExecutionListener]. Specify custom listener classes or make the default listener classes (and their required dependencies) available. Offending class: [org/springframework/transaction/TransactionDefinition]
Feb 04, 2021 12:19:13 AM org.springframework.test.context.support.DefaultTestContextBootstrapper instantiateListeners
INFO: Could not instantiate TestExecutionListener [org.springframework.test.context.jdbc.SqlScriptsTestExecutionListener]. Specify custom listener classes or make the default listener classes (and their required dependencies) available. Offending class: [org/springframework/transaction/interceptor/TransactionAttribute]
Feb 04, 2021 12:19:13 AM org.springframework.test.context.support.DefaultTestContextBootstrapper instantiateListeners
INFO: Could not instantiate TestExecutionListener [org.springframework.test.context.web.ServletTestExecutionListener]. Specify custom listener classes or make the default listener classes (and their required dependencies) available. Offending class: [javax/servlet/ServletContext]
Feb 04, 2021 12:19:13 AM org.springframework.test.context.support.DefaultTestContextBootstrapper getTestExecutionListeners
INFO: Using TestExecutionListeners: [org.springframework.test.context.support.DirtiesContextBeforeModesTestExecutionListener@7ac47f14, org.springframework.test.context.support.DependencyInjectionTestExecutionListener@3eb641a8, org.springframework.test.context.support.DirtiesContextTestExecutionListener@16f62062]
Feb 04, 2021 12:19:13 AM org.springframework.test.context.support.DefaultTestContextBootstrapper getDefaultTestExecutionListenerClassNames
INFO: Loaded default TestExecutionListener class names from location [META-INF/spring.factories]: [org.springframework.test.context.web.ServletTestExecutionListener, org.springframework.test.context.support.DirtiesContextBeforeModesTestExecutionListener, org.springframework.test.context.support.DependencyInjectionTestExecutionListener, org.springframework.test.context.support.DirtiesContextTestExecutionListener, org.springframework.test.context.transaction.TransactionalTestExecutionListener, org.springframework.test.context.jdbc.SqlScriptsTestExecutionListener]
Feb 04, 2021 12:19:13 AM org.springframework.test.context.support.DefaultTestContextBootstrapper instantiateListeners
INFO: Could not instantiate TestExecutionListener [org.springframework.test.context.transaction.TransactionalTestExecutionListener]. Specify custom listener classes or make the default listener classes (and their required dependencies) available. Offending class: [org/springframework/transaction/TransactionDefinition]
Feb 04, 2021 12:19:13 AM org.springframework.test.context.support.DefaultTestContextBootstrapper instantiateListeners
INFO: Could not instantiate TestExecutionListener [org.springframework.test.context.jdbc.SqlScriptsTestExecutionListener]. Specify custom listener classes or make the default listener classes (and their required dependencies) available. Offending class: [org/springframework/transaction/interceptor/TransactionAttribute]
Feb 04, 2021 12:19:13 AM org.springframework.test.context.support.DefaultTestContextBootstrapper instantiateListeners
INFO: Could not instantiate TestExecutionListener [org.springframework.test.context.web.ServletTestExecutionListener]. Specify custom listener classes or make the default listener classes (and their required dependencies) available. Offending class: [javax/servlet/ServletContext]
Feb 04, 2021 12:19:13 AM org.springframework.test.context.support.DefaultTestContextBootstrapper getTestExecutionListeners
INFO: Using TestExecutionListeners: [org.springframework.test.context.support.DirtiesContextBeforeModesTestExecutionListener@4ee19768, org.springframework.test.context.support.DependencyInjectionTestExecutionListener@8113ea7, org.springframework.test.context.support.DirtiesContextTestExecutionListener@1c879f07]
Feb 04, 2021 12:19:13 AM org.springframework.test.context.support.DefaultTestContextBootstrapper getDefaultTestExecutionListenerClassNames
INFO: Loaded default TestExecutionListener class names from location [META-INF/spring.factories]: [org.springframework.test.context.web.ServletTestExecutionListener, org.springframework.test.context.support.DirtiesContextBeforeModesTestExecutionListener, org.springframework.test.context.support.DependencyInjectionTestExecutionListener, org.springframework.test.context.support.DirtiesContextTestExecutionListener, org.springframework.test.context.transaction.TransactionalTestExecutionListener, org.springframework.test.context.jdbc.SqlScriptsTestExecutionListener]
Feb 04, 2021 12:19:13 AM org.springframework.test.context.support.DefaultTestContextBootstrapper instantiateListeners
INFO: Could not instantiate TestExecutionListener [org.springframework.test.context.transaction.TransactionalTestExecutionListener]. Specify custom listener classes or make the default listener classes (and their required dependencies) available. Offending class: [org/springframework/transaction/TransactionDefinition]
Feb 04, 2021 12:19:13 AM org.springframework.test.context.support.DefaultTestContextBootstrapper instantiateListeners
INFO: Could not instantiate TestExecutionListener [org.springframework.test.context.jdbc.SqlScriptsTestExecutionListener]. Specify custom listener classes or make the default listener classes (and their required dependencies) available. Offending class: [org/springframework/transaction/interceptor/TransactionAttribute]
Feb 04, 2021 12:19:13 AM org.springframework.test.context.support.DefaultTestContextBootstrapper instantiateListeners
INFO: Could not instantiate TestExecutionListener [org.springframework.test.context.web.ServletTestExecutionListener]. Specify custom listener classes or make the default listener classes (and their required dependencies) available. Offending class: [javax/servlet/ServletContext]
Feb 04, 2021 12:19:13 AM org.springframework.test.context.support.DefaultTestContextBootstrapper getTestExecutionListeners
INFO: Using TestExecutionListeners: [org.springframework.test.context.support.DirtiesContextBeforeModesTestExecutionListener@4c438f66, org.springframework.test.context.support.DependencyInjectionTestExecutionListener@13087c75, org.springframework.test.context.support.DirtiesContextTestExecutionListener@da4c5cb]
2021-02-04 00:19:13,274 [main] ERROR [io.github.dddplus.runtime.ExtensionInvocationHandler] [100] - io.github.dddplus.runtime.registry.mock.ext.IFooExt code:b2b
java.lang.OutOfMemoryError: OOM on purpose
	at io.github.dddplus.runtime.registry.mock.extension.B2BExt.execute(B2BExt.java:17) ~[test-classes/:?]
	at sun.reflect.NativeMethodAccessorImpl.invoke0(Native Method) ~[?:1.8.0_262]
	at sun.reflect.NativeMethodAccessorImpl.invoke(NativeMethodAccessorImpl.java:62) ~[?:1.8.0_262]
	at sun.reflect.DelegatingMethodAccessorImpl.invoke(DelegatingMethodAccessorImpl.java:43) ~[?:1.8.0_262]
	at java.lang.reflect.Method.invoke(Method.java:498) ~[?:1.8.0_262]
	at io.github.dddplus.runtime.ExtensionInvocationHandler.invokeExtensionMethod(ExtensionInvocationHandler.java:122) ~[classes/:?]
	at io.github.dddplus.runtime.ExtensionInvocationHandler.invokeExtension(ExtensionInvocationHandler.java:97) ~[classes/:?]
	at io.github.dddplus.runtime.ExtensionInvocationHandler.invoke(ExtensionInvocationHandler.java:78) ~[classes/:?]
	at com.sun.proxy.$Proxy155.execute(Unknown Source) ~[?:?]
	at io.github.dddplus.runtime.registry.mock.ability.FooDomainAbility.submit(FooDomainAbility.java:20) ~[test-classes/:?]
	at io.github.dddplus.runtime.registry.mock.service.FooDomainService.submitOrder(FooDomainService.java:17) ~[test-classes/:?]
	at io.github.dddplus.runtime.registry.IntegrationTest.callExtThrownUnexpectedException(IntegrationTest.java:268) ~[test-classes/:?]
	at sun.reflect.NativeMethodAccessorImpl.invoke0(Native Method) ~[?:1.8.0_262]
	at sun.reflect.NativeMethodAccessorImpl.invoke(NativeMethodAccessorImpl.java:62) ~[?:1.8.0_262]
	at sun.reflect.DelegatingMethodAccessorImpl.invoke(DelegatingMethodAccessorImpl.java:43) ~[?:1.8.0_262]
	at java.lang.reflect.Method.invoke(Method.java:498) ~[?:1.8.0_262]
	at org.junit.runners.model.FrameworkMethod$1.runReflectiveCall(FrameworkMethod.java:59) ~[junit-4.13.1.jar:4.13.1]
	at org.junit.internal.runners.model.ReflectiveCallable.run(ReflectiveCallable.java:12) ~[junit-4.13.1.jar:4.13.1]
	at org.junit.runners.model.FrameworkMethod.invokeExplosively(FrameworkMethod.java:56) ~[junit-4.13.1.jar:4.13.1]
	at org.junit.internal.runners.statements.InvokeMethod.evaluate(InvokeMethod.java:17) ~[junit-4.13.1.jar:4.13.1]
	at org.junit.internal.runners.statements.RunBefores.evaluate(RunBefores.java:26) ~[junit-4.13.1.jar:4.13.1]
	at org.springframework.test.context.junit4.statements.RunBeforeTestMethodCallbacks.evaluate(RunBeforeTestMethodCallbacks.java:75) ~[spring-test-4.3.12.RELEASE.jar:4.3.12.RELEASE]
	at org.springframework.test.context.junit4.statements.RunAfterTestMethodCallbacks.evaluate(RunAfterTestMethodCallbacks.java:86) ~[spring-test-4.3.12.RELEASE.jar:4.3.12.RELEASE]
	at org.springframework.test.context.junit4.statements.SpringRepeat.evaluate(SpringRepeat.java:84) ~[spring-test-4.3.12.RELEASE.jar:4.3.12.RELEASE]
	at org.junit.runners.ParentRunner.runLeaf(ParentRunner.java:366) ~[junit-4.13.1.jar:4.13.1]
	at org.springframework.test.context.junit4.SpringJUnit4ClassRunner.runChild(SpringJUnit4ClassRunner.java:252) ~[spring-test-4.3.12.RELEASE.jar:4.3.12.RELEASE]
	at org.springframework.test.context.junit4.SpringJUnit4ClassRunner.runChild(SpringJUnit4ClassRunner.java:94) ~[spring-test-4.3.12.RELEASE.jar:4.3.12.RELEASE]
	at org.junit.runners.ParentRunner$4.run(ParentRunner.java:331) ~[junit-4.13.1.jar:4.13.1]
	at org.junit.runners.ParentRunner$1.schedule(ParentRunner.java:79) ~[junit-4.13.1.jar:4.13.1]
	at org.junit.runners.ParentRunner.runChildren(ParentRunner.java:329) ~[junit-4.13.1.jar:4.13.1]
	at org.junit.runners.ParentRunner.access$100(ParentRunner.java:66) ~[junit-4.13.1.jar:4.13.1]
	at org.junit.runners.ParentRunner$2.evaluate(ParentRunner.java:293) ~[junit-4.13.1.jar:4.13.1]
	at org.springframework.test.context.junit4.statements.RunBeforeTestClassCallbacks.evaluate(RunBeforeTestClassCallbacks.java:61) ~[spring-test-4.3.12.RELEASE.jar:4.3.12.RELEASE]
	at org.springframework.test.context.junit4.statements.RunAfterTestClassCallbacks.evaluate(RunAfterTestClassCallbacks.java:70) ~[spring-test-4.3.12.RELEASE.jar:4.3.12.RELEASE]
	at org.junit.runners.ParentRunner$3.evaluate(ParentRunner.java:306) ~[junit-4.13.1.jar:4.13.1]
	at org.junit.runners.ParentRunner.run(ParentRunner.java:413) ~[junit-4.13.1.jar:4.13.1]
	at org.springframework.test.context.junit4.SpringJUnit4ClassRunner.run(SpringJUnit4ClassRunner.java:191) ~[spring-test-4.3.12.RELEASE.jar:4.3.12.RELEASE]
	at edu.illinois.cs.testrunner.execution.JUnitTestRunner$4.evaluate(JUnitTestRunner.java:383) ~[testrunner-running-1.0.jar:?]
	at edu.illinois.cs.testrunner.execution.JUnitTestRunner.runChild(JUnitTestRunner.java:351) ~[testrunner-running-1.0.jar:?]
	at edu.illinois.cs.testrunner.execution.JUnitTestRunner.run(JUnitTestRunner.java:109) ~[testrunner-running-1.0.jar:?]
	at org.junit.runner.JUnitCore.run(JUnitCore.java:137) ~[junit-4.13.1.jar:4.13.1]
	at edu.illinois.cs.testrunner.execution.JUnitTestExecutor.execute(JUnitTestExecutor.java:292) ~[testrunner-running-1.0.jar:?]
	at edu.illinois.cs.testrunner.execution.JUnitTestExecutor.execute(JUnitTestExecutor.java:328) ~[testrunner-running-1.0.jar:?]
	at edu.illinois.cs.testrunner.execution.JUnitTestExecutor.executeWithJUnit4Runner(JUnitTestExecutor.java:366) ~[testrunner-running-1.0.jar:?]
	at edu.illinois.cs.testrunner.execution.JUnitTestExecutor.runOrder(JUnitTestExecutor.java:47) ~[testrunner-running-1.0.jar:?]
	at edu.illinois.cs.testrunner.execution.Executor$.$anonfun$run$1(Executor.scala:30) ~[testrunner-running-1.0.jar:?]
	at scala.runtime.java8.JFunction0$mcV$sp.apply(JFunction0$mcV$sp.java:12) [scala-library-2.12.6.jar:?]
	at scala.util.Try$.apply(Try.scala:209) [scala-library-2.12.6.jar:?]
	at edu.illinois.cs.testrunner.execution.Executor$.run(Executor.scala:28) [testrunner-running-1.0.jar:?]
	at edu.illinois.cs.testrunner.execution.Executor$.main(Executor.scala:18) [testrunner-running-1.0.jar:?]
	at edu.illinois.cs.testrunner.execution.Executor.main(Executor.scala) [testrunner-running-1.0.jar:?]
Feb 04, 2021 12:19:13 AM org.springframework.test.context.support.DefaultTestContextBootstrapper getDefaultTestExecutionListenerClassNames
INFO: Loaded default TestExecutionListener class names from location [META-INF/spring.factories]: [org.springframework.test.context.web.ServletTestExecutionListener, org.springframework.test.context.support.DirtiesContextBeforeModesTestExecutionListener, org.springframework.test.context.support.DependencyInjectionTestExecutionListener, org.springframework.test.context.support.DirtiesContextTestExecutionListener, org.springframework.test.context.transaction.TransactionalTestExecutionListener, org.springframework.test.context.jdbc.SqlScriptsTestExecutionListener]
Feb 04, 2021 12:19:13 AM org.springframework.test.context.support.DefaultTestContextBootstrapper instantiateListeners
INFO: Could not instantiate TestExecutionListener [org.springframework.test.context.transaction.TransactionalTestExecutionListener]. Specify custom listener classes or make the default listener classes (and their required dependencies) available. Offending class: [org/springframework/transaction/TransactionDefinition]
Feb 04, 2021 12:19:13 AM org.springframework.test.context.support.DefaultTestContextBootstrapper instantiateListeners
INFO: Could not instantiate TestExecutionListener [org.springframework.test.context.jdbc.SqlScriptsTestExecutionListener]. Specify custom listener classes or make the default listener classes (and their required dependencies) available. Offending class: [org/springframework/transaction/interceptor/TransactionAttribute]
Feb 04, 2021 12:19:13 AM org.springframework.test.context.support.DefaultTestContextBootstrapper instantiateListeners
INFO: Could not instantiate TestExecutionListener [org.springframework.test.context.web.ServletTestExecutionListener]. Specify custom listener classes or make the default listener classes (and their required dependencies) available. Offending class: [javax/servlet/ServletContext]
Feb 04, 2021 12:19:13 AM org.springframework.test.context.support.DefaultTestContextBootstrapper getTestExecutionListeners
INFO: Using TestExecutionListeners: [org.springframework.test.context.support.DirtiesContextBeforeModesTestExecutionListener@1f86f7da, org.springframework.test.context.support.DependencyInjectionTestExecutionListener@28b4b10e, org.springframework.test.context.support.DirtiesContextTestExecutionListener@2c0d7099]
2021-02-04 00:19:13,279 [main] INFO  [io.github.dddplus.runtime.registry.mock.interceptor.DomainProfilerAspect] [21] - AROUND step:Submit.Baz
2021-02-04 00:19:13,279 [main] INFO  [io.github.dddplus.runtime.registry.mock.step.BazStep] [18] - submit: FooModel(partnerCode=ddd.cn.ka, b2c=false, letFooThrowException=false, willSleepLong=false, willThrowRuntimeException=false, willThrowOOM=false, redecide=true, redecideDeadLoop=false, stepsRevised=false, willRollback=false, willRollbackInvalid=false, sleepExtTimeout=false, foo=0)
2021-02-04 00:19:13,279 [main] INFO  [io.github.dddplus.runtime.registry.mock.interceptor.DomainProfilerAspect] [21] - AROUND step:Submit.Foo
2021-02-04 00:19:13,279 [main] INFO  [io.github.dddplus.runtime.registry.mock.step.FooStep] [20] - submit: FooModel(partnerCode=ddd.cn.ka, b2c=false, letFooThrowException=false, willSleepLong=false, willThrowRuntimeException=false, willThrowOOM=false, redecide=true, redecideDeadLoop=false, stepsRevised=false, willRollback=false, willRollbackInvalid=false, sleepExtTimeout=false, foo=0)
2021-02-04 00:19:13,280 [main] INFO  [io.github.dddplus.runtime.registry.mock.interceptor.DomainProfilerAspect] [21] - AROUND step:Submit.Bar
2021-02-04 00:19:13,280 [main] INFO  [io.github.dddplus.runtime.registry.mock.step.BarStep] [43] - 重新编排步骤，增加步骤：[Baz, Ham]
2021-02-04 00:19:13,280 [main] INFO  [io.github.dddplus.runtime.StepsExecTemplate] [94] - revised steps:[Baz, Ham]
2021-02-04 00:19:13,280 [main] INFO  [io.github.dddplus.runtime.registry.mock.interceptor.DomainProfilerAspect] [21] - AROUND step:Submit.Baz
2021-02-04 00:19:13,281 [main] INFO  [io.github.dddplus.runtime.registry.mock.step.BazStep] [18] - submit: FooModel(partnerCode=ddd.cn.ka, b2c=false, letFooThrowException=false, willSleepLong=false, willThrowRuntimeException=false, willThrowOOM=false, redecide=true, redecideDeadLoop=false, stepsRevised=false, willRollback=false, willRollbackInvalid=false, sleepExtTimeout=false, foo=0)
2021-02-04 00:19:13,281 [main] INFO  [io.github.dddplus.runtime.registry.mock.step.HamStep] [16] - submit: FooModel(partnerCode=ddd.cn.ka, b2c=false, letFooThrowException=false, willSleepLong=false, willThrowRuntimeException=false, willThrowOOM=false, redecide=true, redecideDeadLoop=false, stepsRevised=false, willRollback=false, willRollbackInvalid=false, sleepExtTimeout=false, foo=0)
2021-02-04 00:19:13,281 [main] INFO  [io.github.dddplus.runtime.registry.mock.interceptor.DomainProfilerAspect] [21] - AROUND step:Submit.Baz
2021-02-04 00:19:13,281 [main] INFO  [io.github.dddplus.runtime.registry.mock.step.BazStep] [18] - submit: FooModel(partnerCode=ddd.cn.ka, b2c=false, letFooThrowException=false, willSleepLong=false, willThrowRuntimeException=false, willThrowOOM=false, redecide=true, redecideDeadLoop=false, stepsRevised=true, willRollback=false, willRollbackInvalid=false, sleepExtTimeout=false, foo=0)
2021-02-04 00:19:13,282 [main] INFO  [io.github.dddplus.runtime.registry.mock.interceptor.DomainProfilerAspect] [21] - AROUND step:Submit.Foo
2021-02-04 00:19:13,282 [main] INFO  [io.github.dddplus.runtime.registry.mock.step.FooStep] [20] - submit: FooModel(partnerCode=ddd.cn.ka, b2c=false, letFooThrowException=false, willSleepLong=false, willThrowRuntimeException=false, willThrowOOM=false, redecide=true, redecideDeadLoop=false, stepsRevised=true, willRollback=false, willRollbackInvalid=false, sleepExtTimeout=false, foo=0)
2021-02-04 00:19:13,282 [main] INFO  [io.github.dddplus.runtime.registry.mock.interceptor.DomainProfilerAspect] [21] - AROUND step:Submit.Bar
2021-02-04 00:19:13,283 [main] INFO  [io.github.dddplus.runtime.registry.mock.step.BarStep] [43] - 重新编排步骤，增加步骤：[Baz, Ham]
2021-02-04 00:19:13,283 [main] INFO  [io.github.dddplus.runtime.StepsExecTemplate] [94] - revised steps:[Baz, Ham]
2021-02-04 00:19:13,283 [main] INFO  [io.github.dddplus.runtime.registry.mock.interceptor.DomainProfilerAspect] [21] - AROUND step:Submit.Baz
2021-02-04 00:19:13,283 [main] INFO  [io.github.dddplus.runtime.registry.mock.step.BazStep] [18] - submit: FooModel(partnerCode=ddd.cn.ka, b2c=false, letFooThrowException=false, willSleepLong=false, willThrowRuntimeException=false, willThrowOOM=false, redecide=true, redecideDeadLoop=false, stepsRevised=true, willRollback=false, willRollbackInvalid=false, sleepExtTimeout=false, foo=0)
2021-02-04 00:19:13,284 [main] INFO  [io.github.dddplus.runtime.registry.mock.step.HamStep] [16] - submit: FooModel(partnerCode=ddd.cn.ka, b2c=false, letFooThrowException=false, willSleepLong=false, willThrowRuntimeException=false, willThrowOOM=false, redecide=true, redecideDeadLoop=false, stepsRevised=true, willRollback=false, willRollbackInvalid=false, sleepExtTimeout=false, foo=0)
2021-02-04 00:19:13,284 [main] INFO  [io.github.dddplus.runtime.registry.mock.interceptor.DomainProfilerAspect] [21] - AROUND step:Submit.Foo
2021-02-04 00:19:13,284 [main] INFO  [io.github.dddplus.runtime.registry.mock.step.FooStep] [20] - submit: FooModel(partnerCode=ddd.cn.ka, b2c=false, letFooThrowException=false, willSleepLong=false, willThrowRuntimeException=false, willThrowOOM=false, redecide=true, redecideDeadLoop=false, stepsRevised=true, willRollback=false, willRollbackInvalid=false, sleepExtTimeout=false, foo=0)
2021-02-04 00:19:13,284 [step-1] INFO  [io.github.dddplus.runtime.registry.mock.interceptor.DomainProfilerAspect] [21] - AROUND step:Submit.Baz
2021-02-04 00:19:13,285 [main] INFO  [io.github.dddplus.runtime.registry.mock.interceptor.DomainProfilerAspect] [21] - AROUND step:Submit.Bar
2021-02-04 00:19:13,285 [step-1] INFO  [io.github.dddplus.runtime.registry.mock.step.BazStep] [18] - submit: FooModel(partnerCode=ddd.cn.ka, b2c=false, letFooThrowException=false, willSleepLong=false, willThrowRuntimeException=false, willThrowOOM=false, redecide=true, redecideDeadLoop=false, stepsRevised=true, willRollback=false, willRollbackInvalid=false, sleepExtTimeout=false, foo=0)
2021-02-04 00:19:13,285 [main] INFO  [io.github.dddplus.runtime.registry.mock.step.BarStep] [43] - 重新编排步骤，增加步骤：[Baz, Ham]
2021-02-04 00:19:13,285 [main] INFO  [io.github.dddplus.runtime.StepsExecTemplate] [94] - revised steps:[Baz, Ham]
2021-02-04 00:19:13,286 [main] INFO  [io.github.dddplus.runtime.registry.mock.step.HamStep] [16] - submit: FooModel(partnerCode=ddd.cn.ka, b2c=false, letFooThrowException=false, willSleepLong=false, willThrowRuntimeException=false, willThrowOOM=false, redecide=true, redecideDeadLoop=false, stepsRevised=true, willRollback=false, willRollbackInvalid=false, sleepExtTimeout=false, foo=0)
2021-02-04 00:19:13,286 [step-2] INFO  [io.github.dddplus.runtime.registry.mock.interceptor.DomainProfilerAspect] [21] - AROUND step:Submit.Baz
2021-02-04 00:19:13,286 [step-2] INFO  [io.github.dddplus.runtime.registry.mock.step.BazStep] [18] - submit: FooModel(partnerCode=ddd.cn.ka, b2c=false, letFooThrowException=false, willSleepLong=false, willThrowRuntimeException=false, willThrowOOM=false, redecide=true, redecideDeadLoop=false, stepsRevised=true, willRollback=false, willRollbackInvalid=false, sleepExtTimeout=false, foo=0)
Feb 04, 2021 12:19:13 AM org.springframework.test.context.support.DefaultTestContextBootstrapper getDefaultTestExecutionListenerClassNames
INFO: Loaded default TestExecutionListener class names from location [META-INF/spring.factories]: [org.springframework.test.context.web.ServletTestExecutionListener, org.springframework.test.context.support.DirtiesContextBeforeModesTestExecutionListener, org.springframework.test.context.support.DependencyInjectionTestExecutionListener, org.springframework.test.context.support.DirtiesContextTestExecutionListener, org.springframework.test.context.transaction.TransactionalTestExecutionListener, org.springframework.test.context.jdbc.SqlScriptsTestExecutionListener]
Feb 04, 2021 12:19:13 AM org.springframework.test.context.support.DefaultTestContextBootstrapper instantiateListeners
INFO: Could not instantiate TestExecutionListener [org.springframework.test.context.transaction.TransactionalTestExecutionListener]. Specify custom listener classes or make the default listener classes (and their required dependencies) available. Offending class: [org/springframework/transaction/TransactionDefinition]
Feb 04, 2021 12:19:13 AM org.springframework.test.context.support.DefaultTestContextBootstrapper instantiateListeners
INFO: Could not instantiate TestExecutionListener [org.springframework.test.context.jdbc.SqlScriptsTestExecutionListener]. Specify custom listener classes or make the default listener classes (and their required dependencies) available. Offending class: [org/springframework/transaction/interceptor/TransactionAttribute]
Feb 04, 2021 12:19:13 AM org.springframework.test.context.support.DefaultTestContextBootstrapper instantiateListeners
INFO: Could not instantiate TestExecutionListener [org.springframework.test.context.web.ServletTestExecutionListener]. Specify custom listener classes or make the default listener classes (and their required dependencies) available. Offending class: [javax/servlet/ServletContext]
Feb 04, 2021 12:19:13 AM org.springframework.test.context.support.DefaultTestContextBootstrapper getTestExecutionListeners
INFO: Using TestExecutionListeners: [org.springframework.test.context.support.DirtiesContextBeforeModesTestExecutionListener@527d1fe1, org.springframework.test.context.support.DependencyInjectionTestExecutionListener@24fb752f, org.springframework.test.context.support.DirtiesContextTestExecutionListener@68dbe225]
2021-02-04 00:19:13,290 [main] INFO  [io.github.dddplus.runtime.registry.mock.ability.BarDomainAbility] [31] - will throw exception...
Feb 04, 2021 12:19:13 AM org.springframework.test.context.support.DefaultTestContextBootstrapper getDefaultTestExecutionListenerClassNames
INFO: Loaded default TestExecutionListener class names from location [META-INF/spring.factories]: [org.springframework.test.context.web.ServletTestExecutionListener, org.springframework.test.context.support.DirtiesContextBeforeModesTestExecutionListener, org.springframework.test.context.support.DependencyInjectionTestExecutionListener, org.springframework.test.context.support.DirtiesContextTestExecutionListener, org.springframework.test.context.transaction.TransactionalTestExecutionListener, org.springframework.test.context.jdbc.SqlScriptsTestExecutionListener]
Feb 04, 2021 12:19:13 AM org.springframework.test.context.support.DefaultTestContextBootstrapper instantiateListeners
INFO: Could not instantiate TestExecutionListener [org.springframework.test.context.transaction.TransactionalTestExecutionListener]. Specify custom listener classes or make the default listener classes (and their required dependencies) available. Offending class: [org/springframework/transaction/TransactionDefinition]
Feb 04, 2021 12:19:13 AM org.springframework.test.context.support.DefaultTestContextBootstrapper instantiateListeners
INFO: Could not instantiate TestExecutionListener [org.springframework.test.context.jdbc.SqlScriptsTestExecutionListener]. Specify custom listener classes or make the default listener classes (and their required dependencies) available. Offending class: [org/springframework/transaction/interceptor/TransactionAttribute]
Feb 04, 2021 12:19:13 AM org.springframework.test.context.support.DefaultTestContextBootstrapper instantiateListeners
INFO: Could not instantiate TestExecutionListener [org.springframework.test.context.web.ServletTestExecutionListener]. Specify custom listener classes or make the default listener classes (and their required dependencies) available. Offending class: [javax/servlet/ServletContext]
Feb 04, 2021 12:19:13 AM org.springframework.test.context.support.DefaultTestContextBootstrapper getTestExecutionListeners
INFO: Using TestExecutionListeners: [org.springframework.test.context.support.DirtiesContextBeforeModesTestExecutionListener@6560f387, org.springframework.test.context.support.DependencyInjectionTestExecutionListener@6a24c41d, org.springframework.test.context.support.DirtiesContextTestExecutionListener@5315210d]
2021-02-04 00:19:13,294 [main] INFO  [io.github.dddplus.runtime.registry.IntegrationTest] [451] - steps:[Baz, Foo, Bar]
2021-02-04 00:19:13,294 [step-1] INFO  [io.github.dddplus.runtime.registry.mock.interceptor.DomainProfilerAspect] [21] - AROUND step:Submit.Foo
2021-02-04 00:19:13,294 [step-3] INFO  [io.github.dddplus.runtime.registry.mock.interceptor.DomainProfilerAspect] [21] - AROUND step:Submit.Baz
2021-02-04 00:19:13,294 [step-1] INFO  [io.github.dddplus.runtime.registry.mock.step.FooStep] [20] - submit: FooModel(partnerCode=ddd.cn.ka, b2c=false, letFooThrowException=false, willSleepLong=true, willThrowRuntimeException=false, willThrowOOM=false, redecide=false, redecideDeadLoop=false, stepsRevised=false, willRollback=false, willRollbackInvalid=false, sleepExtTimeout=false, foo=0)
2021-02-04 00:19:13,295 [step-3] INFO  [io.github.dddplus.runtime.registry.mock.step.BazStep] [18] - submit: FooModel(partnerCode=ddd.cn.ka, b2c=false, letFooThrowException=false, willSleepLong=true, willThrowRuntimeException=false, willThrowOOM=false, redecide=false, redecideDeadLoop=false, stepsRevised=false, willRollback=false, willRollbackInvalid=false, sleepExtTimeout=false, foo=0)
Feb 04, 2021 12:19:13 AM org.springframework.test.context.support.DefaultTestContextBootstrapper getDefaultTestExecutionListenerClassNames
INFO: Loaded default TestExecutionListener class names from location [META-INF/spring.factories]: [org.springframework.test.context.web.ServletTestExecutionListener, org.springframework.test.context.support.DirtiesContextBeforeModesTestExecutionListener, org.springframework.test.context.support.DependencyInjectionTestExecutionListener, org.springframework.test.context.support.DirtiesContextTestExecutionListener, org.springframework.test.context.transaction.TransactionalTestExecutionListener, org.springframework.test.context.jdbc.SqlScriptsTestExecutionListener]
Feb 04, 2021 12:19:13 AM org.springframework.test.context.support.DefaultTestContextBootstrapper instantiateListeners
INFO: Could not instantiate TestExecutionListener [org.springframework.test.context.transaction.TransactionalTestExecutionListener]. Specify custom listener classes or make the default listener classes (and their required dependencies) available. Offending class: [org/springframework/transaction/TransactionDefinition]
Feb 04, 2021 12:19:13 AM org.springframework.test.context.support.DefaultTestContextBootstrapper instantiateListeners
INFO: Could not instantiate TestExecutionListener [org.springframework.test.context.jdbc.SqlScriptsTestExecutionListener]. Specify custom listener classes or make the default listener classes (and their required dependencies) available. Offending class: [org/springframework/transaction/interceptor/TransactionAttribute]
Feb 04, 2021 12:19:13 AM org.springframework.test.context.support.DefaultTestContextBootstrapper instantiateListeners
INFO: Could not instantiate TestExecutionListener [org.springframework.test.context.web.ServletTestExecutionListener]. Specify custom listener classes or make the default listener classes (and their required dependencies) available. Offending class: [javax/servlet/ServletContext]
Feb 04, 2021 12:19:13 AM org.springframework.test.context.support.DefaultTestContextBootstrapper getTestExecutionListeners
INFO: Using TestExecutionListeners: [org.springframework.test.context.support.DirtiesContextBeforeModesTestExecutionListener@5b16e486, org.springframework.test.context.support.DependencyInjectionTestExecutionListener@2b85edc7, org.springframework.test.context.support.DirtiesContextTestExecutionListener@2bf45b7c]
2021-02-04 00:19:13,301 [main] INFO  [io.github.dddplus.runtime.registry.mock.interceptor.DomainProfilerAspect] [21] - AROUND step:Submit.Baz
2021-02-04 00:19:13,301 [main] INFO  [io.github.dddplus.runtime.registry.mock.step.BazStep] [18] - submit: FooModel(partnerCode=ddd.cn.ka, b2c=false, letFooThrowException=false, willSleepLong=false, willThrowRuntimeException=false, willThrowOOM=false, redecide=false, redecideDeadLoop=true, stepsRevised=false, willRollback=false, willRollbackInvalid=false, sleepExtTimeout=false, foo=0)
2021-02-04 00:19:13,301 [main] INFO  [io.github.dddplus.runtime.registry.mock.interceptor.DomainProfilerAspect] [21] - AROUND step:Submit.Foo
2021-02-04 00:19:13,301 [main] INFO  [io.github.dddplus.runtime.registry.mock.step.FooStep] [20] - submit: FooModel(partnerCode=ddd.cn.ka, b2c=false, letFooThrowException=false, willSleepLong=false, willThrowRuntimeException=false, willThrowOOM=false, redecide=false, redecideDeadLoop=true, stepsRevised=false, willRollback=false, willRollbackInvalid=false, sleepExtTimeout=false, foo=0)
2021-02-04 00:19:13,302 [main] INFO  [io.github.dddplus.runtime.registry.mock.interceptor.DomainProfilerAspect] [21] - AROUND step:Submit.Bar
2021-02-04 00:19:13,302 [main] INFO  [io.github.dddplus.runtime.StepsExecTemplate] [94] - revised steps:[Bar]
2021-02-04 00:19:13,302 [main] INFO  [io.github.dddplus.runtime.registry.mock.interceptor.DomainProfilerAspect] [21] - AROUND step:Submit.Bar
2021-02-04 00:19:13,303 [main] INFO  [io.github.dddplus.runtime.StepsExecTemplate] [94] - revised steps:[Bar]
2021-02-04 00:19:13,303 [main] INFO  [io.github.dddplus.runtime.registry.mock.interceptor.DomainProfilerAspect] [21] - AROUND step:Submit.Bar
2021-02-04 00:19:13,303 [main] INFO  [io.github.dddplus.runtime.StepsExecTemplate] [94] - revised steps:[Bar]
2021-02-04 00:19:13,303 [main] INFO  [io.github.dddplus.runtime.registry.mock.interceptor.DomainProfilerAspect] [21] - AROUND step:Submit.Bar
2021-02-04 00:19:13,303 [main] INFO  [io.github.dddplus.runtime.StepsExecTemplate] [94] - revised steps:[Bar]
2021-02-04 00:19:13,304 [main] INFO  [io.github.dddplus.runtime.registry.mock.interceptor.DomainProfilerAspect] [21] - AROUND step:Submit.Bar
2021-02-04 00:19:13,304 [main] INFO  [io.github.dddplus.runtime.StepsExecTemplate] [94] - revised steps:[Bar]
2021-02-04 00:19:13,304 [main] INFO  [io.github.dddplus.runtime.registry.mock.interceptor.DomainProfilerAspect] [21] - AROUND step:Submit.Bar
2021-02-04 00:19:13,304 [main] INFO  [io.github.dddplus.runtime.StepsExecTemplate] [94] - revised steps:[Bar]
2021-02-04 00:19:13,304 [main] INFO  [io.github.dddplus.runtime.registry.mock.interceptor.DomainProfilerAspect] [21] - AROUND step:Submit.Bar
2021-02-04 00:19:13,305 [main] INFO  [io.github.dddplus.runtime.StepsExecTemplate] [94] - revised steps:[Bar]
2021-02-04 00:19:13,305 [main] INFO  [io.github.dddplus.runtime.registry.mock.interceptor.DomainProfilerAspect] [21] - AROUND step:Submit.Bar
2021-02-04 00:19:13,305 [main] INFO  [io.github.dddplus.runtime.StepsExecTemplate] [94] - revised steps:[Bar]
2021-02-04 00:19:13,305 [main] INFO  [io.github.dddplus.runtime.registry.mock.interceptor.DomainProfilerAspect] [21] - AROUND step:Submit.Bar
2021-02-04 00:19:13,305 [main] INFO  [io.github.dddplus.runtime.StepsExecTemplate] [94] - revised steps:[Bar]
2021-02-04 00:19:13,306 [main] INFO  [io.github.dddplus.runtime.registry.mock.interceptor.DomainProfilerAspect] [21] - AROUND step:Submit.Bar
2021-02-04 00:19:13,306 [main] INFO  [io.github.dddplus.runtime.StepsExecTemplate] [94] - revised steps:[Bar]
2021-02-04 00:19:13,306 [main] INFO  [io.github.dddplus.runtime.registry.mock.interceptor.DomainProfilerAspect] [21] - AROUND step:Submit.Bar
2021-02-04 00:19:13,306 [main] INFO  [io.github.dddplus.runtime.StepsExecTemplate] [94] - revised steps:[Bar]
2021-02-04 00:19:13,306 [main] INFO  [io.github.dddplus.runtime.registry.mock.interceptor.DomainProfilerAspect] [21] - AROUND step:Submit.Bar
2021-02-04 00:19:13,307 [main] INFO  [io.github.dddplus.runtime.StepsExecTemplate] [94] - revised steps:[Bar]
2021-02-04 00:19:13,307 [main] INFO  [io.github.dddplus.runtime.registry.mock.interceptor.DomainProfilerAspect] [21] - AROUND step:Submit.Bar
2021-02-04 00:19:13,307 [main] INFO  [io.github.dddplus.runtime.StepsExecTemplate] [94] - revised steps:[Bar]
2021-02-04 00:19:13,307 [main] INFO  [io.github.dddplus.runtime.registry.mock.interceptor.DomainProfilerAspect] [21] - AROUND step:Submit.Bar
2021-02-04 00:19:13,308 [main] INFO  [io.github.dddplus.runtime.StepsExecTemplate] [94] - revised steps:[Bar]
2021-02-04 00:19:13,308 [main] INFO  [io.github.dddplus.runtime.registry.mock.interceptor.DomainProfilerAspect] [21] - AROUND step:Submit.Bar
2021-02-04 00:19:13,308 [main] INFO  [io.github.dddplus.runtime.StepsExecTemplate] [94] - revised steps:[Bar]
2021-02-04 00:19:13,308 [main] INFO  [io.github.dddplus.runtime.registry.mock.interceptor.DomainProfilerAspect] [21] - AROUND step:Submit.Bar
2021-02-04 00:19:13,308 [main] INFO  [io.github.dddplus.runtime.StepsExecTemplate] [94] - revised steps:[Bar]
2021-02-04 00:19:13,309 [main] INFO  [io.github.dddplus.runtime.registry.mock.interceptor.DomainProfilerAspect] [21] - AROUND step:Submit.Bar
2021-02-04 00:19:13,309 [main] INFO  [io.github.dddplus.runtime.StepsExecTemplate] [94] - revised steps:[Bar]
2021-02-04 00:19:13,309 [main] INFO  [io.github.dddplus.runtime.registry.mock.interceptor.DomainProfilerAspect] [21] - AROUND step:Submit.Bar
2021-02-04 00:19:13,309 [main] INFO  [io.github.dddplus.runtime.StepsExecTemplate] [94] - revised steps:[Bar]
2021-02-04 00:19:13,309 [main] INFO  [io.github.dddplus.runtime.registry.mock.interceptor.DomainProfilerAspect] [21] - AROUND step:Submit.Bar
2021-02-04 00:19:13,310 [main] INFO  [io.github.dddplus.runtime.StepsExecTemplate] [94] - revised steps:[Bar]
2021-02-04 00:19:13,310 [main] INFO  [io.github.dddplus.runtime.registry.mock.interceptor.DomainProfilerAspect] [21] - AROUND step:Submit.Bar
2021-02-04 00:19:13,310 [main] INFO  [io.github.dddplus.runtime.StepsExecTemplate] [94] - revised steps:[Bar]
2021-02-04 00:19:13,310 [main] INFO  [io.github.dddplus.runtime.registry.mock.interceptor.DomainProfilerAspect] [21] - AROUND step:Submit.Bar
2021-02-04 00:19:13,310 [main] INFO  [io.github.dddplus.runtime.StepsExecTemplate] [94] - revised steps:[Bar]
2021-02-04 00:19:13,311 [main] INFO  [io.github.dddplus.runtime.registry.mock.interceptor.DomainProfilerAspect] [21] - AROUND step:Submit.Bar
2021-02-04 00:19:13,311 [main] INFO  [io.github.dddplus.runtime.StepsExecTemplate] [94] - revised steps:[Bar]
2021-02-04 00:19:13,311 [main] INFO  [io.github.dddplus.runtime.registry.mock.interceptor.DomainProfilerAspect] [21] - AROUND step:Submit.Bar
2021-02-04 00:19:13,311 [main] INFO  [io.github.dddplus.runtime.StepsExecTemplate] [94] - revised steps:[Bar]
2021-02-04 00:19:13,312 [main] INFO  [io.github.dddplus.runtime.registry.mock.interceptor.DomainProfilerAspect] [21] - AROUND step:Submit.Bar
2021-02-04 00:19:13,312 [main] INFO  [io.github.dddplus.runtime.StepsExecTemplate] [94] - revised steps:[Bar]
2021-02-04 00:19:13,312 [main] INFO  [io.github.dddplus.runtime.registry.mock.interceptor.DomainProfilerAspect] [21] - AROUND step:Submit.Bar
2021-02-04 00:19:13,312 [main] INFO  [io.github.dddplus.runtime.StepsExecTemplate] [94] - revised steps:[Bar]
2021-02-04 00:19:13,313 [main] INFO  [io.github.dddplus.runtime.registry.mock.interceptor.DomainProfilerAspect] [21] - AROUND step:Submit.Bar
2021-02-04 00:19:13,313 [main] INFO  [io.github.dddplus.runtime.StepsExecTemplate] [94] - revised steps:[Bar]
2021-02-04 00:19:13,313 [main] INFO  [io.github.dddplus.runtime.registry.mock.interceptor.DomainProfilerAspect] [21] - AROUND step:Submit.Bar
2021-02-04 00:19:13,313 [main] INFO  [io.github.dddplus.runtime.StepsExecTemplate] [94] - revised steps:[Bar]
2021-02-04 00:19:13,314 [main] INFO  [io.github.dddplus.runtime.registry.mock.interceptor.DomainProfilerAspect] [21] - AROUND step:Submit.Bar
2021-02-04 00:19:13,314 [main] INFO  [io.github.dddplus.runtime.StepsExecTemplate] [94] - revised steps:[Bar]
2021-02-04 00:19:13,314 [main] INFO  [io.github.dddplus.runtime.registry.mock.interceptor.DomainProfilerAspect] [21] - AROUND step:Submit.Bar
2021-02-04 00:19:13,314 [main] INFO  [io.github.dddplus.runtime.StepsExecTemplate] [94] - revised steps:[Bar]
2021-02-04 00:19:13,314 [main] INFO  [io.github.dddplus.runtime.registry.mock.interceptor.DomainProfilerAspect] [21] - AROUND step:Submit.Bar
2021-02-04 00:19:13,315 [main] INFO  [io.github.dddplus.runtime.StepsExecTemplate] [94] - revised steps:[Bar]
2021-02-04 00:19:13,315 [main] INFO  [io.github.dddplus.runtime.registry.mock.interceptor.DomainProfilerAspect] [21] - AROUND step:Submit.Bar
2021-02-04 00:19:13,315 [main] INFO  [io.github.dddplus.runtime.StepsExecTemplate] [94] - revised steps:[Bar]
2021-02-04 00:19:13,315 [main] INFO  [io.github.dddplus.runtime.registry.mock.interceptor.DomainProfilerAspect] [21] - AROUND step:Submit.Bar
2021-02-04 00:19:13,316 [main] INFO  [io.github.dddplus.runtime.StepsExecTemplate] [94] - revised steps:[Bar]
2021-02-04 00:19:13,316 [main] INFO  [io.github.dddplus.runtime.registry.mock.interceptor.DomainProfilerAspect] [21] - AROUND step:Submit.Bar
2021-02-04 00:19:13,316 [main] INFO  [io.github.dddplus.runtime.StepsExecTemplate] [94] - revised steps:[Bar]
2021-02-04 00:19:13,316 [main] INFO  [io.github.dddplus.runtime.registry.mock.interceptor.DomainProfilerAspect] [21] - AROUND step:Submit.Bar
2021-02-04 00:19:13,316 [main] INFO  [io.github.dddplus.runtime.StepsExecTemplate] [94] - revised steps:[Bar]
2021-02-04 00:19:13,317 [main] INFO  [io.github.dddplus.runtime.registry.mock.interceptor.DomainProfilerAspect] [21] - AROUND step:Submit.Bar
2021-02-04 00:19:13,317 [main] INFO  [io.github.dddplus.runtime.StepsExecTemplate] [94] - revised steps:[Bar]
2021-02-04 00:19:13,317 [main] INFO  [io.github.dddplus.runtime.registry.mock.interceptor.DomainProfilerAspect] [21] - AROUND step:Submit.Bar
2021-02-04 00:19:13,317 [main] INFO  [io.github.dddplus.runtime.StepsExecTemplate] [94] - revised steps:[Bar]
2021-02-04 00:19:13,317 [main] INFO  [io.github.dddplus.runtime.registry.mock.interceptor.DomainProfilerAspect] [21] - AROUND step:Submit.Bar
2021-02-04 00:19:13,318 [main] INFO  [io.github.dddplus.runtime.StepsExecTemplate] [94] - revised steps:[Bar]
2021-02-04 00:19:13,318 [main] INFO  [io.github.dddplus.runtime.registry.mock.interceptor.DomainProfilerAspect] [21] - AROUND step:Submit.Bar
2021-02-04 00:19:13,318 [main] INFO  [io.github.dddplus.runtime.StepsExecTemplate] [94] - revised steps:[Bar]
2021-02-04 00:19:13,318 [main] INFO  [io.github.dddplus.runtime.registry.mock.interceptor.DomainProfilerAspect] [21] - AROUND step:Submit.Bar
2021-02-04 00:19:13,318 [main] INFO  [io.github.dddplus.runtime.StepsExecTemplate] [94] - revised steps:[Bar]
2021-02-04 00:19:13,319 [main] INFO  [io.github.dddplus.runtime.registry.mock.interceptor.DomainProfilerAspect] [21] - AROUND step:Submit.Bar
2021-02-04 00:19:13,319 [main] INFO  [io.github.dddplus.runtime.StepsExecTemplate] [94] - revised steps:[Bar]
2021-02-04 00:19:13,319 [main] INFO  [io.github.dddplus.runtime.registry.mock.interceptor.DomainProfilerAspect] [21] - AROUND step:Submit.Bar
2021-02-04 00:19:13,319 [main] INFO  [io.github.dddplus.runtime.StepsExecTemplate] [94] - revised steps:[Bar]
2021-02-04 00:19:13,319 [main] INFO  [io.github.dddplus.runtime.registry.mock.interceptor.DomainProfilerAspect] [21] - AROUND step:Submit.Bar
2021-02-04 00:19:13,320 [main] INFO  [io.github.dddplus.runtime.StepsExecTemplate] [94] - revised steps:[Bar]
2021-02-04 00:19:13,320 [main] INFO  [io.github.dddplus.runtime.registry.mock.interceptor.DomainProfilerAspect] [21] - AROUND step:Submit.Bar
2021-02-04 00:19:13,320 [main] INFO  [io.github.dddplus.runtime.StepsExecTemplate] [94] - revised steps:[Bar]
2021-02-04 00:19:13,320 [main] INFO  [io.github.dddplus.runtime.registry.mock.interceptor.DomainProfilerAspect] [21] - AROUND step:Submit.Bar
2021-02-04 00:19:13,320 [main] INFO  [io.github.dddplus.runtime.StepsExecTemplate] [94] - revised steps:[Bar]
2021-02-04 00:19:13,321 [main] INFO  [io.github.dddplus.runtime.registry.mock.interceptor.DomainProfilerAspect] [21] - AROUND step:Submit.Bar
2021-02-04 00:19:13,321 [main] INFO  [io.github.dddplus.runtime.StepsExecTemplate] [94] - revised steps:[Bar]
2021-02-04 00:19:13,321 [main] INFO  [io.github.dddplus.runtime.registry.mock.interceptor.DomainProfilerAspect] [21] - AROUND step:Submit.Bar
2021-02-04 00:19:13,321 [main] INFO  [io.github.dddplus.runtime.StepsExecTemplate] [94] - revised steps:[Bar]
2021-02-04 00:19:13,322 [main] INFO  [io.github.dddplus.runtime.registry.mock.interceptor.DomainProfilerAspect] [21] - AROUND step:Submit.Bar
2021-02-04 00:19:13,322 [main] INFO  [io.github.dddplus.runtime.StepsExecTemplate] [94] - revised steps:[Bar]
2021-02-04 00:19:13,322 [main] INFO  [io.github.dddplus.runtime.registry.mock.interceptor.DomainProfilerAspect] [21] - AROUND step:Submit.Bar
2021-02-04 00:19:13,322 [main] INFO  [io.github.dddplus.runtime.StepsExecTemplate] [94] - revised steps:[Bar]
2021-02-04 00:19:13,322 [main] INFO  [io.github.dddplus.runtime.registry.mock.interceptor.DomainProfilerAspect] [21] - AROUND step:Submit.Bar
2021-02-04 00:19:13,323 [main] INFO  [io.github.dddplus.runtime.StepsExecTemplate] [94] - revised steps:[Bar]
2021-02-04 00:19:13,323 [main] INFO  [io.github.dddplus.runtime.registry.mock.interceptor.DomainProfilerAspect] [21] - AROUND step:Submit.Bar
2021-02-04 00:19:13,323 [main] INFO  [io.github.dddplus.runtime.StepsExecTemplate] [94] - revised steps:[Bar]
2021-02-04 00:19:13,323 [main] INFO  [io.github.dddplus.runtime.registry.mock.interceptor.DomainProfilerAspect] [21] - AROUND step:Submit.Bar
2021-02-04 00:19:13,323 [main] INFO  [io.github.dddplus.runtime.StepsExecTemplate] [94] - revised steps:[Bar]
2021-02-04 00:19:13,324 [main] INFO  [io.github.dddplus.runtime.registry.mock.interceptor.DomainProfilerAspect] [21] - AROUND step:Submit.Bar
2021-02-04 00:19:13,324 [main] INFO  [io.github.dddplus.runtime.StepsExecTemplate] [94] - revised steps:[Bar]
2021-02-04 00:19:13,324 [main] INFO  [io.github.dddplus.runtime.registry.mock.interceptor.DomainProfilerAspect] [21] - AROUND step:Submit.Bar
2021-02-04 00:19:13,324 [main] INFO  [io.github.dddplus.runtime.StepsExecTemplate] [94] - revised steps:[Bar]
2021-02-04 00:19:13,324 [main] INFO  [io.github.dddplus.runtime.registry.mock.interceptor.DomainProfilerAspect] [21] - AROUND step:Submit.Bar
2021-02-04 00:19:13,325 [main] INFO  [io.github.dddplus.runtime.StepsExecTemplate] [94] - revised steps:[Bar]
2021-02-04 00:19:13,325 [main] INFO  [io.github.dddplus.runtime.registry.mock.interceptor.DomainProfilerAspect] [21] - AROUND step:Submit.Bar
2021-02-04 00:19:13,325 [main] INFO  [io.github.dddplus.runtime.StepsExecTemplate] [94] - revised steps:[Bar]
2021-02-04 00:19:13,326 [main] INFO  [io.github.dddplus.runtime.registry.mock.interceptor.DomainProfilerAspect] [21] - AROUND step:Submit.Bar
2021-02-04 00:19:13,326 [main] INFO  [io.github.dddplus.runtime.StepsExecTemplate] [94] - revised steps:[Bar]
2021-02-04 00:19:13,326 [main] INFO  [io.github.dddplus.runtime.registry.mock.interceptor.DomainProfilerAspect] [21] - AROUND step:Submit.Bar
2021-02-04 00:19:13,326 [main] INFO  [io.github.dddplus.runtime.StepsExecTemplate] [94] - revised steps:[Bar]
2021-02-04 00:19:13,327 [main] INFO  [io.github.dddplus.runtime.registry.mock.interceptor.DomainProfilerAspect] [21] - AROUND step:Submit.Bar
2021-02-04 00:19:13,327 [main] INFO  [io.github.dddplus.runtime.StepsExecTemplate] [94] - revised steps:[Bar]
2021-02-04 00:19:13,327 [main] INFO  [io.github.dddplus.runtime.registry.mock.interceptor.DomainProfilerAspect] [21] - AROUND step:Submit.Bar
2021-02-04 00:19:13,327 [main] INFO  [io.github.dddplus.runtime.StepsExecTemplate] [94] - revised steps:[Bar]
2021-02-04 00:19:13,328 [main] INFO  [io.github.dddplus.runtime.registry.mock.interceptor.DomainProfilerAspect] [21] - AROUND step:Submit.Bar
2021-02-04 00:19:13,328 [main] INFO  [io.github.dddplus.runtime.StepsExecTemplate] [94] - revised steps:[Bar]
2021-02-04 00:19:13,328 [main] INFO  [io.github.dddplus.runtime.registry.mock.interceptor.DomainProfilerAspect] [21] - AROUND step:Submit.Bar
2021-02-04 00:19:13,328 [main] INFO  [io.github.dddplus.runtime.StepsExecTemplate] [94] - revised steps:[Bar]
2021-02-04 00:19:13,329 [main] INFO  [io.github.dddplus.runtime.registry.mock.interceptor.DomainProfilerAspect] [21] - AROUND step:Submit.Bar
2021-02-04 00:19:13,329 [main] INFO  [io.github.dddplus.runtime.StepsExecTemplate] [94] - revised steps:[Bar]
2021-02-04 00:19:13,329 [main] INFO  [io.github.dddplus.runtime.registry.mock.interceptor.DomainProfilerAspect] [21] - AROUND step:Submit.Bar
2021-02-04 00:19:13,329 [main] INFO  [io.github.dddplus.runtime.StepsExecTemplate] [94] - revised steps:[Bar]
2021-02-04 00:19:13,329 [main] INFO  [io.github.dddplus.runtime.registry.mock.interceptor.DomainProfilerAspect] [21] - AROUND step:Submit.Bar
2021-02-04 00:19:13,330 [main] INFO  [io.github.dddplus.runtime.StepsExecTemplate] [94] - revised steps:[Bar]
2021-02-04 00:19:13,330 [main] INFO  [io.github.dddplus.runtime.registry.mock.interceptor.DomainProfilerAspect] [21] - AROUND step:Submit.Bar
2021-02-04 00:19:13,330 [main] INFO  [io.github.dddplus.runtime.StepsExecTemplate] [94] - revised steps:[Bar]
2021-02-04 00:19:13,330 [main] INFO  [io.github.dddplus.runtime.registry.mock.interceptor.DomainProfilerAspect] [21] - AROUND step:Submit.Bar
2021-02-04 00:19:13,330 [main] INFO  [io.github.dddplus.runtime.StepsExecTemplate] [94] - revised steps:[Bar]
2021-02-04 00:19:13,331 [main] INFO  [io.github.dddplus.runtime.registry.mock.interceptor.DomainProfilerAspect] [21] - AROUND step:Submit.Bar
2021-02-04 00:19:13,331 [main] INFO  [io.github.dddplus.runtime.StepsExecTemplate] [94] - revised steps:[Bar]
2021-02-04 00:19:13,331 [main] INFO  [io.github.dddplus.runtime.registry.mock.interceptor.DomainProfilerAspect] [21] - AROUND step:Submit.Bar
2021-02-04 00:19:13,331 [main] INFO  [io.github.dddplus.runtime.StepsExecTemplate] [94] - revised steps:[Bar]
2021-02-04 00:19:13,331 [main] INFO  [io.github.dddplus.runtime.registry.mock.interceptor.DomainProfilerAspect] [21] - AROUND step:Submit.Bar
2021-02-04 00:19:13,332 [main] INFO  [io.github.dddplus.runtime.StepsExecTemplate] [94] - revised steps:[Bar]
2021-02-04 00:19:13,332 [main] INFO  [io.github.dddplus.runtime.registry.mock.interceptor.DomainProfilerAspect] [21] - AROUND step:Submit.Bar
2021-02-04 00:19:13,332 [main] INFO  [io.github.dddplus.runtime.StepsExecTemplate] [94] - revised steps:[Bar]
2021-02-04 00:19:13,332 [main] INFO  [io.github.dddplus.runtime.registry.mock.interceptor.DomainProfilerAspect] [21] - AROUND step:Submit.Bar
2021-02-04 00:19:13,332 [main] INFO  [io.github.dddplus.runtime.StepsExecTemplate] [94] - revised steps:[Bar]
2021-02-04 00:19:13,332 [main] INFO  [io.github.dddplus.runtime.registry.mock.interceptor.DomainProfilerAspect] [21] - AROUND step:Submit.Bar
2021-02-04 00:19:13,333 [main] INFO  [io.github.dddplus.runtime.StepsExecTemplate] [94] - revised steps:[Bar]
2021-02-04 00:19:13,333 [main] INFO  [io.github.dddplus.runtime.registry.mock.interceptor.DomainProfilerAspect] [21] - AROUND step:Submit.Bar
2021-02-04 00:19:13,333 [main] INFO  [io.github.dddplus.runtime.StepsExecTemplate] [94] - revised steps:[Bar]
2021-02-04 00:19:13,333 [main] INFO  [io.github.dddplus.runtime.registry.mock.interceptor.DomainProfilerAspect] [21] - AROUND step:Submit.Bar
2021-02-04 00:19:13,333 [main] INFO  [io.github.dddplus.runtime.StepsExecTemplate] [94] - revised steps:[Bar]
2021-02-04 00:19:13,334 [main] INFO  [io.github.dddplus.runtime.registry.mock.interceptor.DomainProfilerAspect] [21] - AROUND step:Submit.Bar
2021-02-04 00:19:13,334 [main] INFO  [io.github.dddplus.runtime.StepsExecTemplate] [94] - revised steps:[Bar]
2021-02-04 00:19:13,334 [main] INFO  [io.github.dddplus.runtime.registry.mock.interceptor.DomainProfilerAspect] [21] - AROUND step:Submit.Bar
2021-02-04 00:19:13,334 [main] INFO  [io.github.dddplus.runtime.StepsExecTemplate] [94] - revised steps:[Bar]
2021-02-04 00:19:13,334 [main] INFO  [io.github.dddplus.runtime.registry.mock.interceptor.DomainProfilerAspect] [21] - AROUND step:Submit.Bar
2021-02-04 00:19:13,334 [main] INFO  [io.github.dddplus.runtime.StepsExecTemplate] [94] - revised steps:[Bar]
2021-02-04 00:19:13,335 [main] INFO  [io.github.dddplus.runtime.registry.mock.interceptor.DomainProfilerAspect] [21] - AROUND step:Submit.Bar
2021-02-04 00:19:13,335 [main] INFO  [io.github.dddplus.runtime.StepsExecTemplate] [94] - revised steps:[Bar]
2021-02-04 00:19:13,335 [main] INFO  [io.github.dddplus.runtime.registry.mock.interceptor.DomainProfilerAspect] [21] - AROUND step:Submit.Bar
2021-02-04 00:19:13,335 [main] INFO  [io.github.dddplus.runtime.StepsExecTemplate] [94] - revised steps:[Bar]
2021-02-04 00:19:13,335 [main] INFO  [io.github.dddplus.runtime.registry.mock.interceptor.DomainProfilerAspect] [21] - AROUND step:Submit.Bar
2021-02-04 00:19:13,335 [main] INFO  [io.github.dddplus.runtime.StepsExecTemplate] [94] - revised steps:[Bar]
2021-02-04 00:19:13,336 [main] INFO  [io.github.dddplus.runtime.registry.mock.interceptor.DomainProfilerAspect] [21] - AROUND step:Submit.Bar
2021-02-04 00:19:13,336 [main] INFO  [io.github.dddplus.runtime.StepsExecTemplate] [94] - revised steps:[Bar]
2021-02-04 00:19:13,336 [main] INFO  [io.github.dddplus.runtime.registry.mock.interceptor.DomainProfilerAspect] [21] - AROUND step:Submit.Bar
2021-02-04 00:19:13,336 [main] INFO  [io.github.dddplus.runtime.StepsExecTemplate] [94] - revised steps:[Bar]
2021-02-04 00:19:13,336 [main] INFO  [io.github.dddplus.runtime.registry.mock.interceptor.DomainProfilerAspect] [21] - AROUND step:Submit.Bar
2021-02-04 00:19:13,337 [main] INFO  [io.github.dddplus.runtime.StepsExecTemplate] [94] - revised steps:[Bar]
2021-02-04 00:19:13,337 [main] INFO  [io.github.dddplus.runtime.registry.mock.interceptor.DomainProfilerAspect] [21] - AROUND step:Submit.Bar
2021-02-04 00:19:13,337 [main] INFO  [io.github.dddplus.runtime.StepsExecTemplate] [94] - revised steps:[Bar]
2021-02-04 00:19:13,337 [main] INFO  [io.github.dddplus.runtime.registry.mock.interceptor.DomainProfilerAspect] [21] - AROUND step:Submit.Bar
2021-02-04 00:19:13,337 [main] INFO  [io.github.dddplus.runtime.StepsExecTemplate] [94] - revised steps:[Bar]
2021-02-04 00:19:13,337 [main] INFO  [io.github.dddplus.runtime.registry.mock.interceptor.DomainProfilerAspect] [21] - AROUND step:Submit.Bar
2021-02-04 00:19:13,338 [main] INFO  [io.github.dddplus.runtime.StepsExecTemplate] [94] - revised steps:[Bar]
2021-02-04 00:19:13,338 [main] INFO  [io.github.dddplus.runtime.registry.mock.interceptor.DomainProfilerAspect] [21] - AROUND step:Submit.Bar
2021-02-04 00:19:13,338 [main] INFO  [io.github.dddplus.runtime.StepsExecTemplate] [94] - revised steps:[Bar]
2021-02-04 00:19:13,338 [main] INFO  [io.github.dddplus.runtime.registry.mock.interceptor.DomainProfilerAspect] [21] - AROUND step:Submit.Bar
2021-02-04 00:19:13,338 [main] INFO  [io.github.dddplus.runtime.StepsExecTemplate] [94] - revised steps:[Bar]
2021-02-04 00:19:13,339 [main] INFO  [io.github.dddplus.runtime.registry.mock.interceptor.DomainProfilerAspect] [21] - AROUND step:Submit.Bar
2021-02-04 00:19:13,339 [main] INFO  [io.github.dddplus.runtime.StepsExecTemplate] [94] - revised steps:[Bar]
2021-02-04 00:19:13,339 [main] INFO  [io.github.dddplus.runtime.registry.mock.interceptor.DomainProfilerAspect] [21] - AROUND step:Submit.Bar
2021-02-04 00:19:13,339 [main] INFO  [io.github.dddplus.runtime.StepsExecTemplate] [94] - revised steps:[Bar]
2021-02-04 00:19:13,340 [main] INFO  [io.github.dddplus.runtime.registry.mock.interceptor.DomainProfilerAspect] [21] - AROUND step:Submit.Bar
2021-02-04 00:19:13,340 [main] INFO  [io.github.dddplus.runtime.StepsExecTemplate] [94] - revised steps:[Bar]
2021-02-04 00:19:13,340 [main] INFO  [io.github.dddplus.runtime.registry.mock.interceptor.DomainProfilerAspect] [21] - AROUND step:Submit.Bar
2021-02-04 00:19:13,341 [main] INFO  [io.github.dddplus.runtime.StepsExecTemplate] [94] - revised steps:[Bar]
2021-02-04 00:19:13,341 [main] INFO  [io.github.dddplus.runtime.registry.mock.interceptor.DomainProfilerAspect] [21] - AROUND step:Submit.Bar
2021-02-04 00:19:13,341 [main] INFO  [io.github.dddplus.runtime.StepsExecTemplate] [94] - revised steps:[Bar]
2021-02-04 00:19:13,341 [main] INFO  [io.github.dddplus.runtime.registry.mock.interceptor.DomainProfilerAspect] [21] - AROUND step:Submit.Bar
2021-02-04 00:19:13,341 [main] INFO  [io.github.dddplus.runtime.StepsExecTemplate] [94] - revised steps:[Bar]
2021-02-04 00:19:13,342 [main] INFO  [io.github.dddplus.runtime.registry.mock.interceptor.DomainProfilerAspect] [21] - AROUND step:Submit.Bar
2021-02-04 00:19:13,342 [main] INFO  [io.github.dddplus.runtime.StepsExecTemplate] [94] - revised steps:[Bar]
2021-02-04 00:19:13,342 [main] INFO  [io.github.dddplus.runtime.registry.mock.interceptor.DomainProfilerAspect] [21] - AROUND step:Submit.Bar
2021-02-04 00:19:13,342 [main] INFO  [io.github.dddplus.runtime.StepsExecTemplate] [94] - revised steps:[Bar]
2021-02-04 00:19:13,342 [main] INFO  [io.github.dddplus.runtime.registry.mock.interceptor.DomainProfilerAspect] [21] - AROUND step:Submit.Bar
2021-02-04 00:19:13,343 [main] INFO  [io.github.dddplus.runtime.StepsExecTemplate] [94] - revised steps:[Bar]
2021-02-04 00:19:13,343 [main] INFO  [io.github.dddplus.runtime.registry.mock.interceptor.DomainProfilerAspect] [21] - AROUND step:Submit.Bar
2021-02-04 00:19:13,343 [main] INFO  [io.github.dddplus.runtime.StepsExecTemplate] [94] - revised steps:[Bar]
2021-02-04 00:19:13,343 [main] INFO  [io.github.dddplus.runtime.registry.mock.interceptor.DomainProfilerAspect] [21] - AROUND step:Submit.Bar
2021-02-04 00:19:13,343 [main] INFO  [io.github.dddplus.runtime.StepsExecTemplate] [94] - revised steps:[Bar]
2021-02-04 00:19:13,343 [main] ERROR [io.github.dddplus.runtime.StepsExecTemplate] [99] - Steps revision seem to encounter dead loop, abort after 100 model:FooModel(partnerCode=ddd.cn.ka, b2c=false, letFooThrowException=false, willSleepLong=false, willThrowRuntimeException=false, willThrowOOM=false, redecide=false, redecideDeadLoop=true, stepsRevised=false, willRollback=false, willRollbackInvalid=false, sleepExtTimeout=false, foo=0)
Feb 04, 2021 12:19:13 AM org.springframework.test.context.support.DefaultTestContextBootstrapper getDefaultTestExecutionListenerClassNames
INFO: Loaded default TestExecutionListener class names from location [META-INF/spring.factories]: [org.springframework.test.context.web.ServletTestExecutionListener, org.springframework.test.context.support.DirtiesContextBeforeModesTestExecutionListener, org.springframework.test.context.support.DependencyInjectionTestExecutionListener, org.springframework.test.context.support.DirtiesContextTestExecutionListener, org.springframework.test.context.transaction.TransactionalTestExecutionListener, org.springframework.test.context.jdbc.SqlScriptsTestExecutionListener]
Feb 04, 2021 12:19:13 AM org.springframework.test.context.support.DefaultTestContextBootstrapper instantiateListeners
INFO: Could not instantiate TestExecutionListener [org.springframework.test.context.transaction.TransactionalTestExecutionListener]. Specify custom listener classes or make the default listener classes (and their required dependencies) available. Offending class: [org/springframework/transaction/TransactionDefinition]
Feb 04, 2021 12:19:13 AM org.springframework.test.context.support.DefaultTestContextBootstrapper instantiateListeners
INFO: Could not instantiate TestExecutionListener [org.springframework.test.context.jdbc.SqlScriptsTestExecutionListener]. Specify custom listener classes or make the default listener classes (and their required dependencies) available. Offending class: [org/springframework/transaction/interceptor/TransactionAttribute]
Feb 04, 2021 12:19:13 AM org.springframework.test.context.support.DefaultTestContextBootstrapper instantiateListeners
INFO: Could not instantiate TestExecutionListener [org.springframework.test.context.web.ServletTestExecutionListener]. Specify custom listener classes or make the default listener classes (and their required dependencies) available. Offending class: [javax/servlet/ServletContext]
Feb 04, 2021 12:19:13 AM org.springframework.test.context.support.DefaultTestContextBootstrapper getTestExecutionListeners
INFO: Using TestExecutionListeners: [org.springframework.test.context.support.DirtiesContextBeforeModesTestExecutionListener@32d46229, org.springframework.test.context.support.DependencyInjectionTestExecutionListener@35198da3, org.springframework.test.context.support.DirtiesContextTestExecutionListener@7f08c343]
2021-02-04 00:19:13,349 [main] INFO  [io.github.dddplus.runtime.registry.mock.interceptor.DomainProfilerAspect] [21] - AROUND step:Submit.Baz
2021-02-04 00:19:13,349 [main] INFO  [io.github.dddplus.runtime.registry.mock.step.BazStep] [18] - submit: FooModel(partnerCode=ddd.cn.ka, b2c=false, letFooThrowException=false, willSleepLong=false, willThrowRuntimeException=false, willThrowOOM=false, redecide=false, redecideDeadLoop=false, stepsRevised=false, willRollback=false, willRollbackInvalid=false, sleepExtTimeout=true, foo=0)
2021-02-04 00:19:13,349 [main] INFO  [io.github.dddplus.runtime.registry.mock.interceptor.DomainProfilerAspect] [21] - AROUND step:Submit.Foo
2021-02-04 00:19:13,349 [main] INFO  [io.github.dddplus.runtime.registry.mock.step.FooStep] [20] - submit: FooModel(partnerCode=ddd.cn.ka, b2c=false, letFooThrowException=false, willSleepLong=false, willThrowRuntimeException=false, willThrowOOM=false, redecide=false, redecideDeadLoop=false, stepsRevised=false, willRollback=false, willRollbackInvalid=false, sleepExtTimeout=true, foo=0)
2021-02-04 00:19:13,451 [main] ERROR [io.github.dddplus.runtime.ExtensionInvocationHandler] [103] - timed out:100ms, io.github.dddplus.runtime.registry.mock.extension.DefaultSleepExt@396519b method:sleep args:[1]
2021-02-04 00:19:13,451 [main] ERROR [io.github.dddplus.runtime.StepsExecTemplate] [143] - Step:Submit.Foo fails for [Baz, Foo, Bar]
io.github.dddplus.runtime.ExtTimeoutException: timeout:100ms
	at io.github.dddplus.runtime.ExtensionInvocationHandler.invokeExtension(ExtensionInvocationHandler.java:105) ~[classes/:?]
	at io.github.dddplus.runtime.ExtensionInvocationHandler.invoke(ExtensionInvocationHandler.java:78) ~[classes/:?]
	at com.sun.proxy.$Proxy160.sleep(Unknown Source) ~[?:?]
	at io.github.dddplus.runtime.registry.mock.ability.SleepAbility.sleepTooLong(SleepAbility.java:22) ~[test-classes/:?]
	at io.github.dddplus.runtime.registry.mock.step.FooStep.execute(FooStep.java:23) ~[test-classes/:?]
	at io.github.dddplus.runtime.registry.mock.step.FooStep.execute(FooStep.java:13) ~[test-classes/:?]
	at io.github.dddplus.runtime.registry.mock.step.FooStep$$FastClassBySpringCGLIB$$5ed2824c.invoke(<generated>) ~[test-classes/:?]
	at org.springframework.cglib.proxy.MethodProxy.invoke(MethodProxy.java:204) ~[spring-core-4.3.12.RELEASE.jar:4.3.12.RELEASE]
	at org.springframework.aop.framework.CglibAopProxy$CglibMethodInvocation.invokeJoinpoint(CglibAopProxy.java:738) ~[spring-aop-4.3.12.RELEASE.jar:4.3.12.RELEASE]
	at org.springframework.aop.framework.ReflectiveMethodInvocation.proceed(ReflectiveMethodInvocation.java:157) ~[spring-aop-4.3.12.RELEASE.jar:4.3.12.RELEASE]
	at org.springframework.aop.aspectj.MethodInvocationProceedingJoinPoint.proceed(MethodInvocationProceedingJoinPoint.java:85) ~[spring-aop-4.3.12.RELEASE.jar:4.3.12.RELEASE]
	at io.github.dddplus.runtime.registry.mock.interceptor.DomainProfilerAspect.around(DomainProfilerAspect.java:28) ~[test-classes/:?]
	at sun.reflect.GeneratedMethodAccessor35.invoke(Unknown Source) ~[?:?]
	at sun.reflect.DelegatingMethodAccessorImpl.invoke(DelegatingMethodAccessorImpl.java:43) ~[?:1.8.0_262]
	at java.lang.reflect.Method.invoke(Method.java:498) ~[?:1.8.0_262]
	at org.springframework.aop.aspectj.AbstractAspectJAdvice.invokeAdviceMethodWithGivenArgs(AbstractAspectJAdvice.java:629) ~[spring-aop-4.3.12.RELEASE.jar:4.3.12.RELEASE]
	at org.springframework.aop.aspectj.AbstractAspectJAdvice.invokeAdviceMethod(AbstractAspectJAdvice.java:618) ~[spring-aop-4.3.12.RELEASE.jar:4.3.12.RELEASE]
	at org.springframework.aop.aspectj.AspectJAroundAdvice.invoke(AspectJAroundAdvice.java:70) ~[spring-aop-4.3.12.RELEASE.jar:4.3.12.RELEASE]
	at org.springframework.aop.framework.ReflectiveMethodInvocation.proceed(ReflectiveMethodInvocation.java:168) ~[spring-aop-4.3.12.RELEASE.jar:4.3.12.RELEASE]
	at org.springframework.aop.interceptor.ExposeInvocationInterceptor.invoke(ExposeInvocationInterceptor.java:92) ~[spring-aop-4.3.12.RELEASE.jar:4.3.12.RELEASE]
	at org.springframework.aop.framework.ReflectiveMethodInvocation.proceed(ReflectiveMethodInvocation.java:179) ~[spring-aop-4.3.12.RELEASE.jar:4.3.12.RELEASE]
	at org.springframework.aop.framework.CglibAopProxy$DynamicAdvisedInterceptor.intercept(CglibAopProxy.java:673) ~[spring-aop-4.3.12.RELEASE.jar:4.3.12.RELEASE]
	at io.github.dddplus.runtime.registry.mock.step.FooStep$$EnhancerBySpringCGLIB$$8b99bb0c.execute(<generated>) ~[test-classes/:?]
	at io.github.dddplus.runtime.StepsExecTemplate.executeSteps(StepsExecTemplate.java:125) ~[classes/:?]
	at io.github.dddplus.runtime.StepsExecTemplate.execute(StepsExecTemplate.java:87) ~[classes/:?]
	at io.github.dddplus.runtime.StepsExecTemplate.execute(StepsExecTemplate.java:52) ~[classes/:?]
	at io.github.dddplus.runtime.registry.IntegrationTest.stepsExecTemplateOneStepTimeoutWillNotRollback(IntegrationTest.java:400) ~[test-classes/:?]
	at sun.reflect.NativeMethodAccessorImpl.invoke0(Native Method) ~[?:1.8.0_262]
	at sun.reflect.NativeMethodAccessorImpl.invoke(NativeMethodAccessorImpl.java:62) ~[?:1.8.0_262]
	at sun.reflect.DelegatingMethodAccessorImpl.invoke(DelegatingMethodAccessorImpl.java:43) ~[?:1.8.0_262]
	at java.lang.reflect.Method.invoke(Method.java:498) ~[?:1.8.0_262]
	at org.junit.runners.model.FrameworkMethod$1.runReflectiveCall(FrameworkMethod.java:59) ~[junit-4.13.1.jar:4.13.1]
	at org.junit.internal.runners.model.ReflectiveCallable.run(ReflectiveCallable.java:12) ~[junit-4.13.1.jar:4.13.1]
	at org.junit.runners.model.FrameworkMethod.invokeExplosively(FrameworkMethod.java:56) ~[junit-4.13.1.jar:4.13.1]
	at org.junit.internal.runners.statements.InvokeMethod.evaluate(InvokeMethod.java:17) ~[junit-4.13.1.jar:4.13.1]
	at org.junit.internal.runners.statements.RunBefores.evaluate(RunBefores.java:26) ~[junit-4.13.1.jar:4.13.1]
	at org.springframework.test.context.junit4.statements.RunBeforeTestMethodCallbacks.evaluate(RunBeforeTestMethodCallbacks.java:75) ~[spring-test-4.3.12.RELEASE.jar:4.3.12.RELEASE]
	at org.springframework.test.context.junit4.statements.RunAfterTestMethodCallbacks.evaluate(RunAfterTestMethodCallbacks.java:86) ~[spring-test-4.3.12.RELEASE.jar:4.3.12.RELEASE]
	at org.springframework.test.context.junit4.statements.SpringRepeat.evaluate(SpringRepeat.java:84) ~[spring-test-4.3.12.RELEASE.jar:4.3.12.RELEASE]
	at org.junit.runners.ParentRunner.runLeaf(ParentRunner.java:366) ~[junit-4.13.1.jar:4.13.1]
	at org.springframework.test.context.junit4.SpringJUnit4ClassRunner.runChild(SpringJUnit4ClassRunner.java:252) ~[spring-test-4.3.12.RELEASE.jar:4.3.12.RELEASE]
	at org.springframework.test.context.junit4.SpringJUnit4ClassRunner.runChild(SpringJUnit4ClassRunner.java:94) ~[spring-test-4.3.12.RELEASE.jar:4.3.12.RELEASE]
	at org.junit.runners.ParentRunner$4.run(ParentRunner.java:331) ~[junit-4.13.1.jar:4.13.1]
	at org.junit.runners.ParentRunner$1.schedule(ParentRunner.java:79) ~[junit-4.13.1.jar:4.13.1]
	at org.junit.runners.ParentRunner.runChildren(ParentRunner.java:329) ~[junit-4.13.1.jar:4.13.1]
	at org.junit.runners.ParentRunner.access$100(ParentRunner.java:66) ~[junit-4.13.1.jar:4.13.1]
	at org.junit.runners.ParentRunner$2.evaluate(ParentRunner.java:293) ~[junit-4.13.1.jar:4.13.1]
	at org.springframework.test.context.junit4.statements.RunBeforeTestClassCallbacks.evaluate(RunBeforeTestClassCallbacks.java:61) ~[spring-test-4.3.12.RELEASE.jar:4.3.12.RELEASE]
	at org.springframework.test.context.junit4.statements.RunAfterTestClassCallbacks.evaluate(RunAfterTestClassCallbacks.java:70) ~[spring-test-4.3.12.RELEASE.jar:4.3.12.RELEASE]
	at org.junit.runners.ParentRunner$3.evaluate(ParentRunner.java:306) ~[junit-4.13.1.jar:4.13.1]
	at org.junit.runners.ParentRunner.run(ParentRunner.java:413) ~[junit-4.13.1.jar:4.13.1]
	at org.springframework.test.context.junit4.SpringJUnit4ClassRunner.run(SpringJUnit4ClassRunner.java:191) ~[spring-test-4.3.12.RELEASE.jar:4.3.12.RELEASE]
	at edu.illinois.cs.testrunner.execution.JUnitTestRunner$4.evaluate(JUnitTestRunner.java:383) ~[testrunner-running-1.0.jar:?]
	at edu.illinois.cs.testrunner.execution.JUnitTestRunner.runChild(JUnitTestRunner.java:351) ~[testrunner-running-1.0.jar:?]
	at edu.illinois.cs.testrunner.execution.JUnitTestRunner.run(JUnitTestRunner.java:109) ~[testrunner-running-1.0.jar:?]
	at org.junit.runner.JUnitCore.run(JUnitCore.java:137) ~[junit-4.13.1.jar:4.13.1]
	at edu.illinois.cs.testrunner.execution.JUnitTestExecutor.execute(JUnitTestExecutor.java:292) ~[testrunner-running-1.0.jar:?]
	at edu.illinois.cs.testrunner.execution.JUnitTestExecutor.execute(JUnitTestExecutor.java:328) ~[testrunner-running-1.0.jar:?]
	at edu.illinois.cs.testrunner.execution.JUnitTestExecutor.executeWithJUnit4Runner(JUnitTestExecutor.java:366) ~[testrunner-running-1.0.jar:?]
	at edu.illinois.cs.testrunner.execution.JUnitTestExecutor.runOrder(JUnitTestExecutor.java:47) ~[testrunner-running-1.0.jar:?]
	at edu.illinois.cs.testrunner.execution.Executor$.$anonfun$run$1(Executor.scala:30) ~[testrunner-running-1.0.jar:?]
	at scala.runtime.java8.JFunction0$mcV$sp.apply(JFunction0$mcV$sp.java:12) [scala-library-2.12.6.jar:?]
	at scala.util.Try$.apply(Try.scala:209) [scala-library-2.12.6.jar:?]
	at edu.illinois.cs.testrunner.execution.Executor$.run(Executor.scala:28) [testrunner-running-1.0.jar:?]
	at edu.illinois.cs.testrunner.execution.Executor$.main(Executor.scala:18) [testrunner-running-1.0.jar:?]
	at edu.illinois.cs.testrunner.execution.Executor.main(Executor.scala) [testrunner-running-1.0.jar:?]
Feb 04, 2021 12:19:13 AM org.springframework.test.context.support.DefaultTestContextBootstrapper getDefaultTestExecutionListenerClassNames
INFO: Loaded default TestExecutionListener class names from location [META-INF/spring.factories]: [org.springframework.test.context.web.ServletTestExecutionListener, org.springframework.test.context.support.DirtiesContextBeforeModesTestExecutionListener, org.springframework.test.context.support.DependencyInjectionTestExecutionListener, org.springframework.test.context.support.DirtiesContextTestExecutionListener, org.springframework.test.context.transaction.TransactionalTestExecutionListener, org.springframework.test.context.jdbc.SqlScriptsTestExecutionListener]
Feb 04, 2021 12:19:13 AM org.springframework.test.context.support.DefaultTestContextBootstrapper instantiateListeners
INFO: Could not instantiate TestExecutionListener [org.springframework.test.context.transaction.TransactionalTestExecutionListener]. Specify custom listener classes or make the default listener classes (and their required dependencies) available. Offending class: [org/springframework/transaction/TransactionDefinition]
Feb 04, 2021 12:19:13 AM org.springframework.test.context.support.DefaultTestContextBootstrapper instantiateListeners
INFO: Could not instantiate TestExecutionListener [org.springframework.test.context.jdbc.SqlScriptsTestExecutionListener]. Specify custom listener classes or make the default listener classes (and their required dependencies) available. Offending class: [org/springframework/transaction/interceptor/TransactionAttribute]
Feb 04, 2021 12:19:13 AM org.springframework.test.context.support.DefaultTestContextBootstrapper instantiateListeners
INFO: Could not instantiate TestExecutionListener [org.springframework.test.context.web.ServletTestExecutionListener]. Specify custom listener classes or make the default listener classes (and their required dependencies) available. Offending class: [javax/servlet/ServletContext]
Feb 04, 2021 12:19:13 AM org.springframework.test.context.support.DefaultTestContextBootstrapper getTestExecutionListeners
INFO: Using TestExecutionListeners: [org.springframework.test.context.support.DirtiesContextBeforeModesTestExecutionListener@4daead88, org.springframework.test.context.support.DependencyInjectionTestExecutionListener@43aa767, org.springframework.test.context.support.DirtiesContextTestExecutionListener@5b3c11ce]
Feb 04, 2021 12:19:13 AM org.springframework.test.context.support.DefaultTestContextBootstrapper getDefaultTestExecutionListenerClassNames
INFO: Loaded default TestExecutionListener class names from location [META-INF/spring.factories]: [org.springframework.test.context.web.ServletTestExecutionListener, org.springframework.test.context.support.DirtiesContextBeforeModesTestExecutionListener, org.springframework.test.context.support.DependencyInjectionTestExecutionListener, org.springframework.test.context.support.DirtiesContextTestExecutionListener, org.springframework.test.context.transaction.TransactionalTestExecutionListener, org.springframework.test.context.jdbc.SqlScriptsTestExecutionListener]
Feb 04, 2021 12:19:13 AM org.springframework.test.context.support.DefaultTestContextBootstrapper instantiateListeners
INFO: Could not instantiate TestExecutionListener [org.springframework.test.context.transaction.TransactionalTestExecutionListener]. Specify custom listener classes or make the default listener classes (and their required dependencies) available. Offending class: [org/springframework/transaction/TransactionDefinition]
Feb 04, 2021 12:19:13 AM org.springframework.test.context.support.DefaultTestContextBootstrapper instantiateListeners
INFO: Could not instantiate TestExecutionListener [org.springframework.test.context.jdbc.SqlScriptsTestExecutionListener]. Specify custom listener classes or make the default listener classes (and their required dependencies) available. Offending class: [org/springframework/transaction/interceptor/TransactionAttribute]
Feb 04, 2021 12:19:13 AM org.springframework.test.context.support.DefaultTestContextBootstrapper instantiateListeners
INFO: Could not instantiate TestExecutionListener [org.springframework.test.context.web.ServletTestExecutionListener]. Specify custom listener classes or make the default listener classes (and their required dependencies) available. Offending class: [javax/servlet/ServletContext]
Feb 04, 2021 12:19:13 AM org.springframework.test.context.support.DefaultTestContextBootstrapper getTestExecutionListeners
INFO: Using TestExecutionListeners: [org.springframework.test.context.support.DirtiesContextBeforeModesTestExecutionListener@72998021, org.springframework.test.context.support.DependencyInjectionTestExecutionListener@761a0bbd, org.springframework.test.context.support.DirtiesContextTestExecutionListener@7a6e0f3c]
2021-02-04 00:19:13,463 [main] INFO  [io.github.dddplus.runtime.registry.mock.extension.B2CExt] [16] - 2
Feb 04, 2021 12:19:13 AM org.springframework.test.context.support.DefaultTestContextBootstrapper getDefaultTestExecutionListenerClassNames
INFO: Loaded default TestExecutionListener class names from location [META-INF/spring.factories]: [org.springframework.test.context.web.ServletTestExecutionListener, org.springframework.test.context.support.DirtiesContextBeforeModesTestExecutionListener, org.springframework.test.context.support.DependencyInjectionTestExecutionListener, org.springframework.test.context.support.DirtiesContextTestExecutionListener, org.springframework.test.context.transaction.TransactionalTestExecutionListener, org.springframework.test.context.jdbc.SqlScriptsTestExecutionListener]
Feb 04, 2021 12:19:13 AM org.springframework.test.context.support.DefaultTestContextBootstrapper instantiateListeners
INFO: Could not instantiate TestExecutionListener [org.springframework.test.context.transaction.TransactionalTestExecutionListener]. Specify custom listener classes or make the default listener classes (and their required dependencies) available. Offending class: [org/springframework/transaction/TransactionDefinition]
Feb 04, 2021 12:19:13 AM org.springframework.test.context.support.DefaultTestContextBootstrapper instantiateListeners
INFO: Could not instantiate TestExecutionListener [org.springframework.test.context.jdbc.SqlScriptsTestExecutionListener]. Specify custom listener classes or make the default listener classes (and their required dependencies) available. Offending class: [org/springframework/transaction/interceptor/TransactionAttribute]
Feb 04, 2021 12:19:13 AM org.springframework.test.context.support.DefaultTestContextBootstrapper instantiateListeners
INFO: Could not instantiate TestExecutionListener [org.springframework.test.context.web.ServletTestExecutionListener]. Specify custom listener classes or make the default listener classes (and their required dependencies) available. Offending class: [javax/servlet/ServletContext]
Feb 04, 2021 12:19:13 AM org.springframework.test.context.support.DefaultTestContextBootstrapper getTestExecutionListeners
INFO: Using TestExecutionListeners: [org.springframework.test.context.support.DirtiesContextBeforeModesTestExecutionListener@e581302, org.springframework.test.context.support.DependencyInjectionTestExecutionListener@2b5ca574, org.springframework.test.context.support.DirtiesContextTestExecutionListener@21d6dc81]
2021-02-04 00:19:13,467 [main] INFO  [io.github.dddplus.runtime.registry.IntegrationTest] [514] - steps: [Baz, Foo, Bar]
2021-02-04 00:19:13,467 [main] INFO  [io.github.dddplus.runtime.registry.mock.interceptor.DomainProfilerAspect] [21] - AROUND step:Submit.Baz
2021-02-04 00:19:13,467 [main] INFO  [io.github.dddplus.runtime.registry.mock.step.BazStep] [18] - submit: FooModel(partnerCode=ddd.cn.ka, b2c=false, letFooThrowException=false, willSleepLong=false, willThrowRuntimeException=false, willThrowOOM=false, redecide=false, redecideDeadLoop=false, stepsRevised=false, willRollback=false, willRollbackInvalid=true, sleepExtTimeout=false, foo=0)
2021-02-04 00:19:13,467 [main] INFO  [io.github.dddplus.runtime.registry.mock.interceptor.DomainProfilerAspect] [21] - AROUND step:Submit.Foo
2021-02-04 00:19:13,468 [main] INFO  [io.github.dddplus.runtime.registry.mock.step.FooStep] [20] - submit: FooModel(partnerCode=ddd.cn.ka, b2c=false, letFooThrowException=false, willSleepLong=false, willThrowRuntimeException=false, willThrowOOM=false, redecide=false, redecideDeadLoop=false, stepsRevised=false, willRollback=false, willRollbackInvalid=true, sleepExtTimeout=false, foo=0)
2021-02-04 00:19:13,468 [main] INFO  [io.github.dddplus.runtime.registry.mock.interceptor.DomainProfilerAspect] [21] - AROUND step:Submit.Bar
2021-02-04 00:19:13,468 [main] ERROR [io.github.dddplus.runtime.StepsExecTemplate] [143] - Step:Submit.Bar fails for [Baz, Foo, Bar]
java.lang.RuntimeException: Will not rollback
	at io.github.dddplus.runtime.registry.mock.step.BarStep.execute(BarStep.java:50) ~[test-classes/:?]
	at io.github.dddplus.runtime.registry.mock.step.BarStep.execute(BarStep.java:16) ~[test-classes/:?]
	at io.github.dddplus.runtime.registry.mock.step.BarStep$$FastClassBySpringCGLIB$$73800319.invoke(<generated>) ~[test-classes/:?]
	at org.springframework.cglib.proxy.MethodProxy.invoke(MethodProxy.java:204) ~[spring-core-4.3.12.RELEASE.jar:4.3.12.RELEASE]
	at org.springframework.aop.framework.CglibAopProxy$CglibMethodInvocation.invokeJoinpoint(CglibAopProxy.java:738) ~[spring-aop-4.3.12.RELEASE.jar:4.3.12.RELEASE]
	at org.springframework.aop.framework.ReflectiveMethodInvocation.proceed(ReflectiveMethodInvocation.java:157) ~[spring-aop-4.3.12.RELEASE.jar:4.3.12.RELEASE]
	at org.springframework.aop.aspectj.MethodInvocationProceedingJoinPoint.proceed(MethodInvocationProceedingJoinPoint.java:85) ~[spring-aop-4.3.12.RELEASE.jar:4.3.12.RELEASE]
	at io.github.dddplus.runtime.registry.mock.interceptor.DomainProfilerAspect.around(DomainProfilerAspect.java:28) ~[test-classes/:?]
	at sun.reflect.GeneratedMethodAccessor35.invoke(Unknown Source) ~[?:?]
	at sun.reflect.DelegatingMethodAccessorImpl.invoke(DelegatingMethodAccessorImpl.java:43) ~[?:1.8.0_262]
	at java.lang.reflect.Method.invoke(Method.java:498) ~[?:1.8.0_262]
	at org.springframework.aop.aspectj.AbstractAspectJAdvice.invokeAdviceMethodWithGivenArgs(AbstractAspectJAdvice.java:629) ~[spring-aop-4.3.12.RELEASE.jar:4.3.12.RELEASE]
	at org.springframework.aop.aspectj.AbstractAspectJAdvice.invokeAdviceMethod(AbstractAspectJAdvice.java:618) ~[spring-aop-4.3.12.RELEASE.jar:4.3.12.RELEASE]
	at org.springframework.aop.aspectj.AspectJAroundAdvice.invoke(AspectJAroundAdvice.java:70) ~[spring-aop-4.3.12.RELEASE.jar:4.3.12.RELEASE]
	at org.springframework.aop.framework.ReflectiveMethodInvocation.proceed(ReflectiveMethodInvocation.java:168) ~[spring-aop-4.3.12.RELEASE.jar:4.3.12.RELEASE]
	at org.springframework.aop.interceptor.ExposeInvocationInterceptor.invoke(ExposeInvocationInterceptor.java:92) ~[spring-aop-4.3.12.RELEASE.jar:4.3.12.RELEASE]
	at org.springframework.aop.framework.ReflectiveMethodInvocation.proceed(ReflectiveMethodInvocation.java:179) ~[spring-aop-4.3.12.RELEASE.jar:4.3.12.RELEASE]
	at org.springframework.aop.framework.CglibAopProxy$DynamicAdvisedInterceptor.intercept(CglibAopProxy.java:673) ~[spring-aop-4.3.12.RELEASE.jar:4.3.12.RELEASE]
	at io.github.dddplus.runtime.registry.mock.step.BarStep$$EnhancerBySpringCGLIB$$159ea593.execute(<generated>) ~[test-classes/:?]
	at io.github.dddplus.runtime.StepsExecTemplate.executeSteps(StepsExecTemplate.java:125) ~[classes/:?]
	at io.github.dddplus.runtime.StepsExecTemplate.execute(StepsExecTemplate.java:87) ~[classes/:?]
	at io.github.dddplus.runtime.StepsExecTemplate.execute(StepsExecTemplate.java:52) ~[classes/:?]
	at io.github.dddplus.runtime.registry.IntegrationTest.stepsExecTemplateWithInvalidRollback(IntegrationTest.java:516) ~[test-classes/:?]
	at sun.reflect.NativeMethodAccessorImpl.invoke0(Native Method) ~[?:1.8.0_262]
	at sun.reflect.NativeMethodAccessorImpl.invoke(NativeMethodAccessorImpl.java:62) ~[?:1.8.0_262]
	at sun.reflect.DelegatingMethodAccessorImpl.invoke(DelegatingMethodAccessorImpl.java:43) ~[?:1.8.0_262]
	at java.lang.reflect.Method.invoke(Method.java:498) ~[?:1.8.0_262]
	at org.junit.runners.model.FrameworkMethod$1.runReflectiveCall(FrameworkMethod.java:59) ~[junit-4.13.1.jar:4.13.1]
	at org.junit.internal.runners.model.ReflectiveCallable.run(ReflectiveCallable.java:12) ~[junit-4.13.1.jar:4.13.1]
	at org.junit.runners.model.FrameworkMethod.invokeExplosively(FrameworkMethod.java:56) ~[junit-4.13.1.jar:4.13.1]
	at org.junit.internal.runners.statements.InvokeMethod.evaluate(InvokeMethod.java:17) ~[junit-4.13.1.jar:4.13.1]
	at org.junit.internal.runners.statements.RunBefores.evaluate(RunBefores.java:26) ~[junit-4.13.1.jar:4.13.1]
	at org.springframework.test.context.junit4.statements.RunBeforeTestMethodCallbacks.evaluate(RunBeforeTestMethodCallbacks.java:75) ~[spring-test-4.3.12.RELEASE.jar:4.3.12.RELEASE]
	at org.springframework.test.context.junit4.statements.RunAfterTestMethodCallbacks.evaluate(RunAfterTestMethodCallbacks.java:86) ~[spring-test-4.3.12.RELEASE.jar:4.3.12.RELEASE]
	at org.springframework.test.context.junit4.statements.SpringRepeat.evaluate(SpringRepeat.java:84) ~[spring-test-4.3.12.RELEASE.jar:4.3.12.RELEASE]
	at org.junit.runners.ParentRunner.runLeaf(ParentRunner.java:366) ~[junit-4.13.1.jar:4.13.1]
	at org.springframework.test.context.junit4.SpringJUnit4ClassRunner.runChild(SpringJUnit4ClassRunner.java:252) ~[spring-test-4.3.12.RELEASE.jar:4.3.12.RELEASE]
	at org.springframework.test.context.junit4.SpringJUnit4ClassRunner.runChild(SpringJUnit4ClassRunner.java:94) ~[spring-test-4.3.12.RELEASE.jar:4.3.12.RELEASE]
	at org.junit.runners.ParentRunner$4.run(ParentRunner.java:331) ~[junit-4.13.1.jar:4.13.1]
	at org.junit.runners.ParentRunner$1.schedule(ParentRunner.java:79) ~[junit-4.13.1.jar:4.13.1]
	at org.junit.runners.ParentRunner.runChildren(ParentRunner.java:329) ~[junit-4.13.1.jar:4.13.1]
	at org.junit.runners.ParentRunner.access$100(ParentRunner.java:66) ~[junit-4.13.1.jar:4.13.1]
	at org.junit.runners.ParentRunner$2.evaluate(ParentRunner.java:293) ~[junit-4.13.1.jar:4.13.1]
	at org.springframework.test.context.junit4.statements.RunBeforeTestClassCallbacks.evaluate(RunBeforeTestClassCallbacks.java:61) ~[spring-test-4.3.12.RELEASE.jar:4.3.12.RELEASE]
	at org.springframework.test.context.junit4.statements.RunAfterTestClassCallbacks.evaluate(RunAfterTestClassCallbacks.java:70) ~[spring-test-4.3.12.RELEASE.jar:4.3.12.RELEASE]
	at org.junit.runners.ParentRunner$3.evaluate(ParentRunner.java:306) ~[junit-4.13.1.jar:4.13.1]
	at org.junit.runners.ParentRunner.run(ParentRunner.java:413) ~[junit-4.13.1.jar:4.13.1]
	at org.springframework.test.context.junit4.SpringJUnit4ClassRunner.run(SpringJUnit4ClassRunner.java:191) ~[spring-test-4.3.12.RELEASE.jar:4.3.12.RELEASE]
	at edu.illinois.cs.testrunner.execution.JUnitTestRunner$4.evaluate(JUnitTestRunner.java:383) ~[testrunner-running-1.0.jar:?]
	at edu.illinois.cs.testrunner.execution.JUnitTestRunner.runChild(JUnitTestRunner.java:351) ~[testrunner-running-1.0.jar:?]
	at edu.illinois.cs.testrunner.execution.JUnitTestRunner.run(JUnitTestRunner.java:109) ~[testrunner-running-1.0.jar:?]
	at org.junit.runner.JUnitCore.run(JUnitCore.java:137) ~[junit-4.13.1.jar:4.13.1]
	at edu.illinois.cs.testrunner.execution.JUnitTestExecutor.execute(JUnitTestExecutor.java:292) ~[testrunner-running-1.0.jar:?]
	at edu.illinois.cs.testrunner.execution.JUnitTestExecutor.execute(JUnitTestExecutor.java:328) ~[testrunner-running-1.0.jar:?]
	at edu.illinois.cs.testrunner.execution.JUnitTestExecutor.executeWithJUnit4Runner(JUnitTestExecutor.java:366) ~[testrunner-running-1.0.jar:?]
	at edu.illinois.cs.testrunner.execution.JUnitTestExecutor.runOrder(JUnitTestExecutor.java:47) ~[testrunner-running-1.0.jar:?]
	at edu.illinois.cs.testrunner.execution.Executor$.$anonfun$run$1(Executor.scala:30) ~[testrunner-running-1.0.jar:?]
	at scala.runtime.java8.JFunction0$mcV$sp.apply(JFunction0$mcV$sp.java:12) [scala-library-2.12.6.jar:?]
	at scala.util.Try$.apply(Try.scala:209) [scala-library-2.12.6.jar:?]
	at edu.illinois.cs.testrunner.execution.Executor$.run(Executor.scala:28) [testrunner-running-1.0.jar:?]
	at edu.illinois.cs.testrunner.execution.Executor$.main(Executor.scala:18) [testrunner-running-1.0.jar:?]
	at edu.illinois.cs.testrunner.execution.Executor.main(Executor.scala) [testrunner-running-1.0.jar:?]
Feb 04, 2021 12:19:13 AM org.springframework.test.context.support.DefaultTestContextBootstrapper getDefaultTestExecutionListenerClassNames
INFO: Loaded default TestExecutionListener class names from location [META-INF/spring.factories]: [org.springframework.test.context.web.ServletTestExecutionListener, org.springframework.test.context.support.DirtiesContextBeforeModesTestExecutionListener, org.springframework.test.context.support.DependencyInjectionTestExecutionListener, org.springframework.test.context.support.DirtiesContextTestExecutionListener, org.springframework.test.context.transaction.TransactionalTestExecutionListener, org.springframework.test.context.jdbc.SqlScriptsTestExecutionListener]
Feb 04, 2021 12:19:13 AM org.springframework.test.context.support.DefaultTestContextBootstrapper instantiateListeners
INFO: Could not instantiate TestExecutionListener [org.springframework.test.context.transaction.TransactionalTestExecutionListener]. Specify custom listener classes or make the default listener classes (and their required dependencies) available. Offending class: [org/springframework/transaction/TransactionDefinition]
Feb 04, 2021 12:19:13 AM org.springframework.test.context.support.DefaultTestContextBootstrapper instantiateListeners
INFO: Could not instantiate TestExecutionListener [org.springframework.test.context.jdbc.SqlScriptsTestExecutionListener]. Specify custom listener classes or make the default listener classes (and their required dependencies) available. Offending class: [org/springframework/transaction/interceptor/TransactionAttribute]
Feb 04, 2021 12:19:13 AM org.springframework.test.context.support.DefaultTestContextBootstrapper instantiateListeners
INFO: Could not instantiate TestExecutionListener [org.springframework.test.context.web.ServletTestExecutionListener]. Specify custom listener classes or make the default listener classes (and their required dependencies) available. Offending class: [javax/servlet/ServletContext]
Feb 04, 2021 12:19:13 AM org.springframework.test.context.support.DefaultTestContextBootstrapper getTestExecutionListeners
INFO: Using TestExecutionListeners: [org.springframework.test.context.support.DirtiesContextBeforeModesTestExecutionListener@ec1b776, org.springframework.test.context.support.DependencyInjectionTestExecutionListener@2e3b4394, org.springframework.test.context.support.DirtiesContextTestExecutionListener@70ccb3bf]
2021-02-04 00:19:13,473 [main] INFO  [io.github.dddplus.runtime.registry.mock.interceptor.DomainProfilerAspect] [21] - AROUND step:Submit.Baz
2021-02-04 00:19:13,474 [main] INFO  [io.github.dddplus.runtime.registry.mock.step.BazStep] [18] - submit: FooModel(partnerCode=ddd.cn.ka, b2c=false, letFooThrowException=false, willSleepLong=false, willThrowRuntimeException=false, willThrowOOM=false, redecide=true, redecideDeadLoop=false, stepsRevised=false, willRollback=false, willRollbackInvalid=false, sleepExtTimeout=false, foo=0)
2021-02-04 00:19:13,474 [main] INFO  [io.github.dddplus.runtime.registry.mock.interceptor.DomainProfilerAspect] [21] - AROUND step:Submit.Foo
2021-02-04 00:19:13,474 [main] INFO  [io.github.dddplus.runtime.registry.mock.step.FooStep] [20] - submit: FooModel(partnerCode=ddd.cn.ka, b2c=false, letFooThrowException=false, willSleepLong=false, willThrowRuntimeException=false, willThrowOOM=false, redecide=true, redecideDeadLoop=false, stepsRevised=false, willRollback=false, willRollbackInvalid=false, sleepExtTimeout=false, foo=0)
2021-02-04 00:19:13,474 [main] INFO  [io.github.dddplus.runtime.registry.mock.interceptor.DomainProfilerAspect] [21] - AROUND step:Submit.Bar
2021-02-04 00:19:13,475 [main] INFO  [io.github.dddplus.runtime.registry.mock.step.BarStep] [43] - 重新编排步骤，增加步骤：[Baz, Ham]
2021-02-04 00:19:13,475 [main] INFO  [io.github.dddplus.runtime.StepsExecTemplate] [94] - revised steps:[Baz, Ham]
2021-02-04 00:19:13,475 [main] INFO  [io.github.dddplus.runtime.registry.mock.interceptor.DomainProfilerAspect] [21] - AROUND step:Submit.Baz
2021-02-04 00:19:13,475 [main] INFO  [io.github.dddplus.runtime.registry.mock.step.BazStep] [18] - submit: FooModel(partnerCode=ddd.cn.ka, b2c=false, letFooThrowException=false, willSleepLong=false, willThrowRuntimeException=false, willThrowOOM=false, redecide=true, redecideDeadLoop=false, stepsRevised=false, willRollback=false, willRollbackInvalid=false, sleepExtTimeout=false, foo=0)
2021-02-04 00:19:13,475 [main] INFO  [io.github.dddplus.runtime.registry.mock.step.HamStep] [16] - submit: FooModel(partnerCode=ddd.cn.ka, b2c=false, letFooThrowException=false, willSleepLong=false, willThrowRuntimeException=false, willThrowOOM=false, redecide=true, redecideDeadLoop=false, stepsRevised=false, willRollback=false, willRollbackInvalid=false, sleepExtTimeout=false, foo=0)
2021-02-04 00:19:13,475 [main] WARN  [io.github.dddplus.runtime.StepsExecTemplate] [79] - Empty steps of activity:Submit on FooModel(partnerCode=ddd.cn.ka, b2c=false, letFooThrowException=false, willSleepLong=false, willThrowRuntimeException=false, willThrowOOM=false, redecide=true, redecideDeadLoop=false, stepsRevised=false, willRollback=false, willRollbackInvalid=false, sleepExtTimeout=false, foo=0)
2021-02-04 00:19:13,476 [main] WARN  [io.github.dddplus.runtime.StepsExecTemplate] [79] - Empty steps of activity:Submit on FooModel(partnerCode=ddd.cn.ka, b2c=false, letFooThrowException=false, willSleepLong=false, willThrowRuntimeException=false, willThrowOOM=false, redecide=true, redecideDeadLoop=false, stepsRevised=false, willRollback=false, willRollbackInvalid=false, sleepExtTimeout=false, foo=0)
Feb 04, 2021 12:19:13 AM org.springframework.test.context.support.DefaultTestContextBootstrapper getDefaultTestExecutionListenerClassNames
INFO: Loaded default TestExecutionListener class names from location [META-INF/spring.factories]: [org.springframework.test.context.web.ServletTestExecutionListener, org.springframework.test.context.support.DirtiesContextBeforeModesTestExecutionListener, org.springframework.test.context.support.DependencyInjectionTestExecutionListener, org.springframework.test.context.support.DirtiesContextTestExecutionListener, org.springframework.test.context.transaction.TransactionalTestExecutionListener, org.springframework.test.context.jdbc.SqlScriptsTestExecutionListener]
Feb 04, 2021 12:19:13 AM org.springframework.test.context.support.DefaultTestContextBootstrapper instantiateListeners
INFO: Could not instantiate TestExecutionListener [org.springframework.test.context.transaction.TransactionalTestExecutionListener]. Specify custom listener classes or make the default listener classes (and their required dependencies) available. Offending class: [org/springframework/transaction/TransactionDefinition]
Feb 04, 2021 12:19:13 AM org.springframework.test.context.support.DefaultTestContextBootstrapper instantiateListeners
INFO: Could not instantiate TestExecutionListener [org.springframework.test.context.jdbc.SqlScriptsTestExecutionListener]. Specify custom listener classes or make the default listener classes (and their required dependencies) available. Offending class: [org/springframework/transaction/interceptor/TransactionAttribute]
Feb 04, 2021 12:19:13 AM org.springframework.test.context.support.DefaultTestContextBootstrapper instantiateListeners
INFO: Could not instantiate TestExecutionListener [org.springframework.test.context.web.ServletTestExecutionListener]. Specify custom listener classes or make the default listener classes (and their required dependencies) available. Offending class: [javax/servlet/ServletContext]
Feb 04, 2021 12:19:13 AM org.springframework.test.context.support.DefaultTestContextBootstrapper getTestExecutionListeners
INFO: Using TestExecutionListeners: [org.springframework.test.context.support.DirtiesContextBeforeModesTestExecutionListener@6e53bb4f, org.springframework.test.context.support.DependencyInjectionTestExecutionListener@5929059c, org.springframework.test.context.support.DirtiesContextTestExecutionListener@256aabbe]
2021-02-04 00:19:13,532 [main] INFO  [io.github.dddplus.runtime.registry.mock.extension.B2CExt] [16] - 2
Feb 04, 2021 12:19:13 AM org.springframework.test.context.support.DefaultTestContextBootstrapper getDefaultTestExecutionListenerClassNames
INFO: Loaded default TestExecutionListener class names from location [META-INF/spring.factories]: [org.springframework.test.context.web.ServletTestExecutionListener, org.springframework.test.context.support.DirtiesContextBeforeModesTestExecutionListener, org.springframework.test.context.support.DependencyInjectionTestExecutionListener, org.springframework.test.context.support.DirtiesContextTestExecutionListener, org.springframework.test.context.transaction.TransactionalTestExecutionListener, org.springframework.test.context.jdbc.SqlScriptsTestExecutionListener]
Feb 04, 2021 12:19:13 AM org.springframework.test.context.support.DefaultTestContextBootstrapper instantiateListeners
INFO: Could not instantiate TestExecutionListener [org.springframework.test.context.transaction.TransactionalTestExecutionListener]. Specify custom listener classes or make the default listener classes (and their required dependencies) available. Offending class: [org/springframework/transaction/TransactionDefinition]
Feb 04, 2021 12:19:13 AM org.springframework.test.context.support.DefaultTestContextBootstrapper instantiateListeners
INFO: Could not instantiate TestExecutionListener [org.springframework.test.context.jdbc.SqlScriptsTestExecutionListener]. Specify custom listener classes or make the default listener classes (and their required dependencies) available. Offending class: [org/springframework/transaction/interceptor/TransactionAttribute]
Feb 04, 2021 12:19:13 AM org.springframework.test.context.support.DefaultTestContextBootstrapper instantiateListeners
INFO: Could not instantiate TestExecutionListener [org.springframework.test.context.web.ServletTestExecutionListener]. Specify custom listener classes or make the default listener classes (and their required dependencies) available. Offending class: [javax/servlet/ServletContext]
Feb 04, 2021 12:19:13 AM org.springframework.test.context.support.DefaultTestContextBootstrapper getTestExecutionListeners
INFO: Using TestExecutionListeners: [org.springframework.test.context.support.DirtiesContextBeforeModesTestExecutionListener@6cb759d5, org.springframework.test.context.support.DependencyInjectionTestExecutionListener@2ba9765b, org.springframework.test.context.support.DirtiesContextTestExecutionListener@5f233f9]
2021-02-04 00:19:13,537 [main] WARN  [io.github.dddplus.runtime.registry.InternalIndexer] [172] - expected:3, got:2 domain steps
2021-02-04 00:19:13,537 [main] INFO  [io.github.dddplus.runtime.registry.IntegrationTest] [174] - will execute steps...
2021-02-04 00:19:13,538 [main] INFO  [io.github.dddplus.runtime.registry.mock.interceptor.DomainProfilerAspect] [21] - AROUND step:Submit.Foo
2021-02-04 00:19:13,538 [main] INFO  [io.github.dddplus.runtime.registry.mock.step.FooStep] [20] - submit: FooModel(partnerCode=unit test, b2c=false, letFooThrowException=false, willSleepLong=false, willThrowRuntimeException=false, willThrowOOM=false, redecide=false, redecideDeadLoop=false, stepsRevised=false, willRollback=false, willRollbackInvalid=false, sleepExtTimeout=false, foo=0)
2021-02-04 00:19:13,538 [main] INFO  [io.github.dddplus.runtime.registry.mock.interceptor.DomainProfilerAspect] [21] - AROUND step:Submit.Bar
Feb 04, 2021 12:19:13 AM org.springframework.test.context.support.DefaultTestContextBootstrapper getDefaultTestExecutionListenerClassNames
INFO: Loaded default TestExecutionListener class names from location [META-INF/spring.factories]: [org.springframework.test.context.web.ServletTestExecutionListener, org.springframework.test.context.support.DirtiesContextBeforeModesTestExecutionListener, org.springframework.test.context.support.DependencyInjectionTestExecutionListener, org.springframework.test.context.support.DirtiesContextTestExecutionListener, org.springframework.test.context.transaction.TransactionalTestExecutionListener, org.springframework.test.context.jdbc.SqlScriptsTestExecutionListener]
Feb 04, 2021 12:19:13 AM org.springframework.test.context.support.DefaultTestContextBootstrapper instantiateListeners
INFO: Could not instantiate TestExecutionListener [org.springframework.test.context.transaction.TransactionalTestExecutionListener]. Specify custom listener classes or make the default listener classes (and their required dependencies) available. Offending class: [org/springframework/transaction/TransactionDefinition]
Feb 04, 2021 12:19:13 AM org.springframework.test.context.support.DefaultTestContextBootstrapper instantiateListeners
INFO: Could not instantiate TestExecutionListener [org.springframework.test.context.jdbc.SqlScriptsTestExecutionListener]. Specify custom listener classes or make the default listener classes (and their required dependencies) available. Offending class: [org/springframework/transaction/interceptor/TransactionAttribute]
Feb 04, 2021 12:19:13 AM org.springframework.test.context.support.DefaultTestContextBootstrapper instantiateListeners
INFO: Could not instantiate TestExecutionListener [org.springframework.test.context.web.ServletTestExecutionListener]. Specify custom listener classes or make the default listener classes (and their required dependencies) available. Offending class: [javax/servlet/ServletContext]
Feb 04, 2021 12:19:13 AM org.springframework.test.context.support.DefaultTestContextBootstrapper getTestExecutionListeners
INFO: Using TestExecutionListeners: [org.springframework.test.context.support.DirtiesContextBeforeModesTestExecutionListener@105cdf61, org.springframework.test.context.support.DependencyInjectionTestExecutionListener@530bd77b, org.springframework.test.context.support.DirtiesContextTestExecutionListener@58a9e64d]
2021-02-04 00:19:13,542 [main] INFO  [io.github.dddplus.runtime.registry.mock.step.EggStep] [16] - submit: FooModel(partnerCode=ddd.cn.ka, b2c=true, letFooThrowException=false, willSleepLong=false, willThrowRuntimeException=false, willThrowOOM=false, redecide=false, redecideDeadLoop=false, stepsRevised=false, willRollback=false, willRollbackInvalid=false, sleepExtTimeout=false, foo=0)
Feb 04, 2021 12:19:13 AM org.springframework.test.context.support.DefaultTestContextBootstrapper getDefaultTestExecutionListenerClassNames
INFO: Loaded default TestExecutionListener class names from location [META-INF/spring.factories]: [org.springframework.test.context.web.ServletTestExecutionListener, org.springframework.test.context.support.DirtiesContextBeforeModesTestExecutionListener, org.springframework.test.context.support.DependencyInjectionTestExecutionListener, org.springframework.test.context.support.DirtiesContextTestExecutionListener, org.springframework.test.context.transaction.TransactionalTestExecutionListener, org.springframework.test.context.jdbc.SqlScriptsTestExecutionListener]
Feb 04, 2021 12:19:13 AM org.springframework.test.context.support.DefaultTestContextBootstrapper instantiateListeners
INFO: Could not instantiate TestExecutionListener [org.springframework.test.context.transaction.TransactionalTestExecutionListener]. Specify custom listener classes or make the default listener classes (and their required dependencies) available. Offending class: [org/springframework/transaction/TransactionDefinition]
Feb 04, 2021 12:19:13 AM org.springframework.test.context.support.DefaultTestContextBootstrapper instantiateListeners
INFO: Could not instantiate TestExecutionListener [org.springframework.test.context.jdbc.SqlScriptsTestExecutionListener]. Specify custom listener classes or make the default listener classes (and their required dependencies) available. Offending class: [org/springframework/transaction/interceptor/TransactionAttribute]
Feb 04, 2021 12:19:13 AM org.springframework.test.context.support.DefaultTestContextBootstrapper instantiateListeners
INFO: Could not instantiate TestExecutionListener [org.springframework.test.context.web.ServletTestExecutionListener]. Specify custom listener classes or make the default listener classes (and their required dependencies) available. Offending class: [javax/servlet/ServletContext]
Feb 04, 2021 12:19:13 AM org.springframework.test.context.support.DefaultTestContextBootstrapper getTestExecutionListeners
INFO: Using TestExecutionListeners: [org.springframework.test.context.support.DirtiesContextBeforeModesTestExecutionListener@41831611, org.springframework.test.context.support.DependencyInjectionTestExecutionListener@31921151, org.springframework.test.context.support.DirtiesContextTestExecutionListener@5749e633]
2021-02-04 00:19:13,546 [main] WARN  [io.github.dddplus.runtime.registry.InternalIndexer] [172] - expected:1, got:0 domain steps
Feb 04, 2021 12:19:13 AM org.springframework.test.context.support.DefaultTestContextBootstrapper getDefaultTestExecutionListenerClassNames
INFO: Loaded default TestExecutionListener class names from location [META-INF/spring.factories]: [org.springframework.test.context.web.ServletTestExecutionListener, org.springframework.test.context.support.DirtiesContextBeforeModesTestExecutionListener, org.springframework.test.context.support.DependencyInjectionTestExecutionListener, org.springframework.test.context.support.DirtiesContextTestExecutionListener, org.springframework.test.context.transaction.TransactionalTestExecutionListener, org.springframework.test.context.jdbc.SqlScriptsTestExecutionListener]
Feb 04, 2021 12:19:13 AM org.springframework.test.context.support.DefaultTestContextBootstrapper instantiateListeners
INFO: Could not instantiate TestExecutionListener [org.springframework.test.context.transaction.TransactionalTestExecutionListener]. Specify custom listener classes or make the default listener classes (and their required dependencies) available. Offending class: [org/springframework/transaction/TransactionDefinition]
Feb 04, 2021 12:19:13 AM org.springframework.test.context.support.DefaultTestContextBootstrapper instantiateListeners
INFO: Could not instantiate TestExecutionListener [org.springframework.test.context.jdbc.SqlScriptsTestExecutionListener]. Specify custom listener classes or make the default listener classes (and their required dependencies) available. Offending class: [org/springframework/transaction/interceptor/TransactionAttribute]
Feb 04, 2021 12:19:13 AM org.springframework.test.context.support.DefaultTestContextBootstrapper instantiateListeners
INFO: Could not instantiate TestExecutionListener [org.springframework.test.context.web.ServletTestExecutionListener]. Specify custom listener classes or make the default listener classes (and their required dependencies) available. Offending class: [javax/servlet/ServletContext]
Feb 04, 2021 12:19:13 AM org.springframework.test.context.support.DefaultTestContextBootstrapper getTestExecutionListeners
INFO: Using TestExecutionListeners: [org.springframework.test.context.support.DirtiesContextBeforeModesTestExecutionListener@60739eca, org.springframework.test.context.support.DependencyInjectionTestExecutionListener@9ba167e, org.springframework.test.context.support.DirtiesContextTestExecutionListener@17873842]
2021-02-04 00:19:14,051 [main] ERROR [io.github.dddplus.runtime.ExtensionInvocationHandler] [103] - timed out:500ms, io.github.dddplus.runtime.registry.mock.extension.B2BExt@76bb5029 method:execute args:[FooModel(partnerCode=, b2c=false, letFooThrowException=false, willSleepLong=true, willThrowRuntimeException=false, willThrowOOM=false, redecide=false, redecideDeadLoop=false, stepsRevised=false, willRollback=false, willRollbackInvalid=false, sleepExtTimeout=false, foo=0)]
Feb 04, 2021 12:19:14 AM org.springframework.test.context.support.DefaultTestContextBootstrapper getDefaultTestExecutionListenerClassNames
INFO: Loaded default TestExecutionListener class names from location [META-INF/spring.factories]: [org.springframework.test.context.web.ServletTestExecutionListener, org.springframework.test.context.support.DirtiesContextBeforeModesTestExecutionListener, org.springframework.test.context.support.DependencyInjectionTestExecutionListener, org.springframework.test.context.support.DirtiesContextTestExecutionListener, org.springframework.test.context.transaction.TransactionalTestExecutionListener, org.springframework.test.context.jdbc.SqlScriptsTestExecutionListener]
Feb 04, 2021 12:19:14 AM org.springframework.test.context.support.DefaultTestContextBootstrapper instantiateListeners
INFO: Could not instantiate TestExecutionListener [org.springframework.test.context.transaction.TransactionalTestExecutionListener]. Specify custom listener classes or make the default listener classes (and their required dependencies) available. Offending class: [org/springframework/transaction/TransactionDefinition]
Feb 04, 2021 12:19:14 AM org.springframework.test.context.support.DefaultTestContextBootstrapper instantiateListeners
INFO: Could not instantiate TestExecutionListener [org.springframework.test.context.jdbc.SqlScriptsTestExecutionListener]. Specify custom listener classes or make the default listener classes (and their required dependencies) available. Offending class: [org/springframework/transaction/interceptor/TransactionAttribute]
Feb 04, 2021 12:19:14 AM org.springframework.test.context.support.DefaultTestContextBootstrapper instantiateListeners
INFO: Could not instantiate TestExecutionListener [org.springframework.test.context.web.ServletTestExecutionListener]. Specify custom listener classes or make the default listener classes (and their required dependencies) available. Offending class: [javax/servlet/ServletContext]
Feb 04, 2021 12:19:14 AM org.springframework.test.context.support.DefaultTestContextBootstrapper getTestExecutionListeners
INFO: Using TestExecutionListeners: [org.springframework.test.context.support.DirtiesContextBeforeModesTestExecutionListener@2fca9fae, org.springframework.test.context.support.DependencyInjectionTestExecutionListener@1104ad6a, org.springframework.test.context.support.DirtiesContextTestExecutionListener@54d2887a]
Feb 04, 2021 12:19:14 AM org.springframework.test.context.support.DefaultTestContextBootstrapper getDefaultTestExecutionListenerClassNames
INFO: Loaded default TestExecutionListener class names from location [META-INF/spring.factories]: [org.springframework.test.context.web.ServletTestExecutionListener, org.springframework.test.context.support.DirtiesContextBeforeModesTestExecutionListener, org.springframework.test.context.support.DependencyInjectionTestExecutionListener, org.springframework.test.context.support.DirtiesContextTestExecutionListener, org.springframework.test.context.transaction.TransactionalTestExecutionListener, org.springframework.test.context.jdbc.SqlScriptsTestExecutionListener]
Feb 04, 2021 12:19:14 AM org.springframework.test.context.support.DefaultTestContextBootstrapper instantiateListeners
INFO: Could not instantiate TestExecutionListener [org.springframework.test.context.transaction.TransactionalTestExecutionListener]. Specify custom listener classes or make the default listener classes (and their required dependencies) available. Offending class: [org/springframework/transaction/TransactionDefinition]
Feb 04, 2021 12:19:14 AM org.springframework.test.context.support.DefaultTestContextBootstrapper instantiateListeners
INFO: Could not instantiate TestExecutionListener [org.springframework.test.context.jdbc.SqlScriptsTestExecutionListener]. Specify custom listener classes or make the default listener classes (and their required dependencies) available. Offending class: [org/springframework/transaction/interceptor/TransactionAttribute]
Feb 04, 2021 12:19:14 AM org.springframework.test.context.support.DefaultTestContextBootstrapper instantiateListeners
INFO: Could not instantiate TestExecutionListener [org.springframework.test.context.web.ServletTestExecutionListener]. Specify custom listener classes or make the default listener classes (and their required dependencies) available. Offending class: [javax/servlet/ServletContext]
Feb 04, 2021 12:19:14 AM org.springframework.test.context.support.DefaultTestContextBootstrapper getTestExecutionListeners
INFO: Using TestExecutionListeners: [org.springframework.test.context.support.DirtiesContextBeforeModesTestExecutionListener@1e6e29d6, org.springframework.test.context.support.DependencyInjectionTestExecutionListener@7359f3ac, org.springframework.test.context.support.DirtiesContextTestExecutionListener@5afa0b1a]
2021-02-04 00:19:14,059 [main] WARN  [io.github.dddplus.runtime.registry.InternalIndexer] [172] - expected:3, got:2 domain steps
Feb 04, 2021 12:19:14 AM org.springframework.test.context.support.DefaultTestContextBootstrapper getDefaultTestExecutionListenerClassNames
INFO: Loaded default TestExecutionListener class names from location [META-INF/spring.factories]: [org.springframework.test.context.web.ServletTestExecutionListener, org.springframework.test.context.support.DirtiesContextBeforeModesTestExecutionListener, org.springframework.test.context.support.DependencyInjectionTestExecutionListener, org.springframework.test.context.support.DirtiesContextTestExecutionListener, org.springframework.test.context.transaction.TransactionalTestExecutionListener, org.springframework.test.context.jdbc.SqlScriptsTestExecutionListener]
Feb 04, 2021 12:19:14 AM org.springframework.test.context.support.DefaultTestContextBootstrapper instantiateListeners
INFO: Could not instantiate TestExecutionListener [org.springframework.test.context.transaction.TransactionalTestExecutionListener]. Specify custom listener classes or make the default listener classes (and their required dependencies) available. Offending class: [org/springframework/transaction/TransactionDefinition]
Feb 04, 2021 12:19:14 AM org.springframework.test.context.support.DefaultTestContextBootstrapper instantiateListeners
INFO: Could not instantiate TestExecutionListener [org.springframework.test.context.jdbc.SqlScriptsTestExecutionListener]. Specify custom listener classes or make the default listener classes (and their required dependencies) available. Offending class: [org/springframework/transaction/interceptor/TransactionAttribute]
Feb 04, 2021 12:19:14 AM org.springframework.test.context.support.DefaultTestContextBootstrapper instantiateListeners
INFO: Could not instantiate TestExecutionListener [org.springframework.test.context.web.ServletTestExecutionListener]. Specify custom listener classes or make the default listener classes (and their required dependencies) available. Offending class: [javax/servlet/ServletContext]
Feb 04, 2021 12:19:14 AM org.springframework.test.context.support.DefaultTestContextBootstrapper getTestExecutionListeners
INFO: Using TestExecutionListeners: [org.springframework.test.context.support.DirtiesContextBeforeModesTestExecutionListener@63b2418e, org.springframework.test.context.support.DependencyInjectionTestExecutionListener@70d16858, org.springframework.test.context.support.DirtiesContextTestExecutionListener@789f5552]
2021-02-04 00:19:14,063 [step-1] INFO  [io.github.dddplus.runtime.registry.mock.interceptor.DomainProfilerAspect] [21] - AROUND step:Submit.Foo
2021-02-04 00:19:14,063 [step-2] INFO  [io.github.dddplus.runtime.registry.mock.interceptor.DomainProfilerAspect] [21] - AROUND step:Submit.Baz
2021-02-04 00:19:14,064 [step-1] INFO  [io.github.dddplus.runtime.registry.mock.step.FooStep] [20] - submit: FooModel(partnerCode=ddd.cn.ka, b2c=false, letFooThrowException=false, willSleepLong=true, willThrowRuntimeException=false, willThrowOOM=false, redecide=false, redecideDeadLoop=false, stepsRevised=false, willRollback=false, willRollbackInvalid=false, sleepExtTimeout=false, foo=0)
2021-02-04 00:19:14,064 [step-2] INFO  [io.github.dddplus.runtime.registry.mock.step.BazStep] [18] - submit: FooModel(partnerCode=ddd.cn.ka, b2c=false, letFooThrowException=false, willSleepLong=true, willThrowRuntimeException=false, willThrowOOM=false, redecide=false, redecideDeadLoop=false, stepsRevised=false, willRollback=false, willRollbackInvalid=false, sleepExtTimeout=false, foo=0)
2021-02-04 00:19:14,064 [main] ERROR [io.github.dddplus.runtime.StepsExecTemplate] [143] - Step:Submit.Bar fails for [Baz, Foo, Bar]
org.springframework.core.task.TaskRejectedException: Executor [java.util.concurrent.ThreadPoolExecutor@8eeb4c5[Running, pool size = 2, active threads = 2, queued tasks = 0, completed tasks = 2]] did not accept task: io.github.dddplus.runtime.StepsExecTemplate$$Lambda$96/528776606@20505460
	at org.springframework.scheduling.concurrent.ThreadPoolTaskExecutor.execute(ThreadPoolTaskExecutor.java:296) ~[spring-context-4.3.12.RELEASE.jar:4.3.12.RELEASE]
	at io.github.dddplus.runtime.StepsExecTemplate.asyncExecuteStep(StepsExecTemplate.java:171) ~[classes/:?]
	at io.github.dddplus.runtime.StepsExecTemplate.executeSteps(StepsExecTemplate.java:123) ~[classes/:?]
	at io.github.dddplus.runtime.StepsExecTemplate.execute(StepsExecTemplate.java:87) ~[classes/:?]
	at io.github.dddplus.runtime.registry.IntegrationTest.asyncStepThreadPoolFullCase(IntegrationTest.java:438) ~[test-classes/:?]
	at sun.reflect.NativeMethodAccessorImpl.invoke0(Native Method) ~[?:1.8.0_262]
	at sun.reflect.NativeMethodAccessorImpl.invoke(NativeMethodAccessorImpl.java:62) ~[?:1.8.0_262]
	at sun.reflect.DelegatingMethodAccessorImpl.invoke(DelegatingMethodAccessorImpl.java:43) ~[?:1.8.0_262]
	at java.lang.reflect.Method.invoke(Method.java:498) ~[?:1.8.0_262]
	at org.junit.runners.model.FrameworkMethod$1.runReflectiveCall(FrameworkMethod.java:59) ~[junit-4.13.1.jar:4.13.1]
	at org.junit.internal.runners.model.ReflectiveCallable.run(ReflectiveCallable.java:12) ~[junit-4.13.1.jar:4.13.1]
	at org.junit.runners.model.FrameworkMethod.invokeExplosively(FrameworkMethod.java:56) ~[junit-4.13.1.jar:4.13.1]
	at org.junit.internal.runners.statements.InvokeMethod.evaluate(InvokeMethod.java:17) ~[junit-4.13.1.jar:4.13.1]
	at org.junit.internal.runners.statements.RunBefores.evaluate(RunBefores.java:26) ~[junit-4.13.1.jar:4.13.1]
	at org.springframework.test.context.junit4.statements.RunBeforeTestMethodCallbacks.evaluate(RunBeforeTestMethodCallbacks.java:75) ~[spring-test-4.3.12.RELEASE.jar:4.3.12.RELEASE]
	at org.springframework.test.context.junit4.statements.RunAfterTestMethodCallbacks.evaluate(RunAfterTestMethodCallbacks.java:86) ~[spring-test-4.3.12.RELEASE.jar:4.3.12.RELEASE]
	at org.springframework.test.context.junit4.statements.SpringRepeat.evaluate(SpringRepeat.java:84) ~[spring-test-4.3.12.RELEASE.jar:4.3.12.RELEASE]
	at org.junit.runners.ParentRunner.runLeaf(ParentRunner.java:366) ~[junit-4.13.1.jar:4.13.1]
	at org.springframework.test.context.junit4.SpringJUnit4ClassRunner.runChild(SpringJUnit4ClassRunner.java:252) ~[spring-test-4.3.12.RELEASE.jar:4.3.12.RELEASE]
	at org.springframework.test.context.junit4.SpringJUnit4ClassRunner.runChild(SpringJUnit4ClassRunner.java:94) ~[spring-test-4.3.12.RELEASE.jar:4.3.12.RELEASE]
	at org.junit.runners.ParentRunner$4.run(ParentRunner.java:331) ~[junit-4.13.1.jar:4.13.1]
	at org.junit.runners.ParentRunner$1.schedule(ParentRunner.java:79) ~[junit-4.13.1.jar:4.13.1]
	at org.junit.runners.ParentRunner.runChildren(ParentRunner.java:329) ~[junit-4.13.1.jar:4.13.1]
	at org.junit.runners.ParentRunner.access$100(ParentRunner.java:66) ~[junit-4.13.1.jar:4.13.1]
	at org.junit.runners.ParentRunner$2.evaluate(ParentRunner.java:293) ~[junit-4.13.1.jar:4.13.1]
	at org.springframework.test.context.junit4.statements.RunBeforeTestClassCallbacks.evaluate(RunBeforeTestClassCallbacks.java:61) ~[spring-test-4.3.12.RELEASE.jar:4.3.12.RELEASE]
	at org.springframework.test.context.junit4.statements.RunAfterTestClassCallbacks.evaluate(RunAfterTestClassCallbacks.java:70) ~[spring-test-4.3.12.RELEASE.jar:4.3.12.RELEASE]
	at org.junit.runners.ParentRunner$3.evaluate(ParentRunner.java:306) ~[junit-4.13.1.jar:4.13.1]
	at org.junit.runners.ParentRunner.run(ParentRunner.java:413) ~[junit-4.13.1.jar:4.13.1]
	at org.springframework.test.context.junit4.SpringJUnit4ClassRunner.run(SpringJUnit4ClassRunner.java:191) ~[spring-test-4.3.12.RELEASE.jar:4.3.12.RELEASE]
	at edu.illinois.cs.testrunner.execution.JUnitTestRunner$4.evaluate(JUnitTestRunner.java:383) ~[testrunner-running-1.0.jar:?]
	at edu.illinois.cs.testrunner.execution.JUnitTestRunner.runChild(JUnitTestRunner.java:351) ~[testrunner-running-1.0.jar:?]
	at edu.illinois.cs.testrunner.execution.JUnitTestRunner.run(JUnitTestRunner.java:109) ~[testrunner-running-1.0.jar:?]
	at org.junit.runner.JUnitCore.run(JUnitCore.java:137) ~[junit-4.13.1.jar:4.13.1]
	at edu.illinois.cs.testrunner.execution.JUnitTestExecutor.execute(JUnitTestExecutor.java:292) ~[testrunner-running-1.0.jar:?]
	at edu.illinois.cs.testrunner.execution.JUnitTestExecutor.execute(JUnitTestExecutor.java:328) ~[testrunner-running-1.0.jar:?]
	at edu.illinois.cs.testrunner.execution.JUnitTestExecutor.executeWithJUnit4Runner(JUnitTestExecutor.java:366) ~[testrunner-running-1.0.jar:?]
	at edu.illinois.cs.testrunner.execution.JUnitTestExecutor.runOrder(JUnitTestExecutor.java:47) ~[testrunner-running-1.0.jar:?]
	at edu.illinois.cs.testrunner.execution.Executor$.$anonfun$run$1(Executor.scala:30) ~[testrunner-running-1.0.jar:?]
	at scala.runtime.java8.JFunction0$mcV$sp.apply(JFunction0$mcV$sp.java:12) [scala-library-2.12.6.jar:?]
	at scala.util.Try$.apply(Try.scala:209) [scala-library-2.12.6.jar:?]
	at edu.illinois.cs.testrunner.execution.Executor$.run(Executor.scala:28) [testrunner-running-1.0.jar:?]
	at edu.illinois.cs.testrunner.execution.Executor$.main(Executor.scala:18) [testrunner-running-1.0.jar:?]
	at edu.illinois.cs.testrunner.execution.Executor.main(Executor.scala) [testrunner-running-1.0.jar:?]
Caused by: java.util.concurrent.RejectedExecutionException: Task io.github.dddplus.runtime.StepsExecTemplate$$Lambda$96/528776606@20505460 rejected from java.util.concurrent.ThreadPoolExecutor@8eeb4c5[Running, pool size = 2, active threads = 2, queued tasks = 0, completed tasks = 2]
	at java.util.concurrent.ThreadPoolExecutor$AbortPolicy.rejectedExecution(ThreadPoolExecutor.java:2063) ~[?:1.8.0_262]
	at java.util.concurrent.ThreadPoolExecutor.reject(ThreadPoolExecutor.java:830) ~[?:1.8.0_262]
	at java.util.concurrent.ThreadPoolExecutor.execute(ThreadPoolExecutor.java:1379) ~[?:1.8.0_262]
	at org.springframework.scheduling.concurrent.ThreadPoolTaskExecutor.execute(ThreadPoolTaskExecutor.java:293) ~[spring-context-4.3.12.RELEASE.jar:4.3.12.RELEASE]
	... 43 more
Feb 04, 2021 12:19:14 AM org.springframework.test.context.support.DefaultTestContextBootstrapper getDefaultTestExecutionListenerClassNames
INFO: Loaded default TestExecutionListener class names from location [META-INF/spring.factories]: [org.springframework.test.context.web.ServletTestExecutionListener, org.springframework.test.context.support.DirtiesContextBeforeModesTestExecutionListener, org.springframework.test.context.support.DependencyInjectionTestExecutionListener, org.springframework.test.context.support.DirtiesContextTestExecutionListener, org.springframework.test.context.transaction.TransactionalTestExecutionListener, org.springframework.test.context.jdbc.SqlScriptsTestExecutionListener]
Feb 04, 2021 12:19:14 AM org.springframework.test.context.support.DefaultTestContextBootstrapper instantiateListeners
INFO: Could not instantiate TestExecutionListener [org.springframework.test.context.transaction.TransactionalTestExecutionListener]. Specify custom listener classes or make the default listener classes (and their required dependencies) available. Offending class: [org/springframework/transaction/TransactionDefinition]
Feb 04, 2021 12:19:14 AM org.springframework.test.context.support.DefaultTestContextBootstrapper instantiateListeners
INFO: Could not instantiate TestExecutionListener [org.springframework.test.context.jdbc.SqlScriptsTestExecutionListener]. Specify custom listener classes or make the default listener classes (and their required dependencies) available. Offending class: [org/springframework/transaction/interceptor/TransactionAttribute]
Feb 04, 2021 12:19:14 AM org.springframework.test.context.support.DefaultTestContextBootstrapper instantiateListeners
INFO: Could not instantiate TestExecutionListener [org.springframework.test.context.web.ServletTestExecutionListener]. Specify custom listener classes or make the default listener classes (and their required dependencies) available. Offending class: [javax/servlet/ServletContext]
Feb 04, 2021 12:19:14 AM org.springframework.test.context.support.DefaultTestContextBootstrapper getTestExecutionListeners
INFO: Using TestExecutionListeners: [org.springframework.test.context.support.DirtiesContextBeforeModesTestExecutionListener@736a8aea, org.springframework.test.context.support.DependencyInjectionTestExecutionListener@504b4a97, org.springframework.test.context.support.DirtiesContextTestExecutionListener@4964d801]
2021-02-04 00:19:14,069 [main] INFO  [io.github.dddplus.runtime.registry.mock.policy.TriggerExtPolicy] [26] - will return invalid extensionCode
Feb 04, 2021 12:19:14 AM org.springframework.test.context.support.DefaultTestContextBootstrapper getDefaultTestExecutionListenerClassNames
INFO: Loaded default TestExecutionListener class names from location [META-INF/spring.factories]: [org.springframework.test.context.web.ServletTestExecutionListener, org.springframework.test.context.support.DirtiesContextBeforeModesTestExecutionListener, org.springframework.test.context.support.DependencyInjectionTestExecutionListener, org.springframework.test.context.support.DirtiesContextTestExecutionListener, org.springframework.test.context.transaction.TransactionalTestExecutionListener, org.springframework.test.context.jdbc.SqlScriptsTestExecutionListener]
Feb 04, 2021 12:19:14 AM org.springframework.test.context.support.DefaultTestContextBootstrapper instantiateListeners
INFO: Could not instantiate TestExecutionListener [org.springframework.test.context.transaction.TransactionalTestExecutionListener]. Specify custom listener classes or make the default listener classes (and their required dependencies) available. Offending class: [org/springframework/transaction/TransactionDefinition]
Feb 04, 2021 12:19:14 AM org.springframework.test.context.support.DefaultTestContextBootstrapper instantiateListeners
INFO: Could not instantiate TestExecutionListener [org.springframework.test.context.jdbc.SqlScriptsTestExecutionListener]. Specify custom listener classes or make the default listener classes (and their required dependencies) available. Offending class: [org/springframework/transaction/interceptor/TransactionAttribute]
Feb 04, 2021 12:19:14 AM org.springframework.test.context.support.DefaultTestContextBootstrapper instantiateListeners
INFO: Could not instantiate TestExecutionListener [org.springframework.test.context.web.ServletTestExecutionListener]. Specify custom listener classes or make the default listener classes (and their required dependencies) available. Offending class: [javax/servlet/ServletContext]
Feb 04, 2021 12:19:14 AM org.springframework.test.context.support.DefaultTestContextBootstrapper getTestExecutionListeners
INFO: Using TestExecutionListeners: [org.springframework.test.context.support.DirtiesContextBeforeModesTestExecutionListener@1be3a294, org.springframework.test.context.support.DependencyInjectionTestExecutionListener@33502cfe, org.springframework.test.context.support.DirtiesContextTestExecutionListener@729d1428]
2021-02-04 00:19:14,073 [main] INFO  [io.github.dddplus.runtime.registry.mock.policy.TriggerExtPolicy] [18] - will use foo
2021-02-04 00:19:14,073 [main] INFO  [io.github.dddplus.runtime.registry.mock.extension.FooTriggerExt] [14] - foo trigger
2021-02-04 00:19:14,079 [main] INFO  [io.github.dddplus.runtime.registry.mock.policy.TriggerExtPolicy] [22] - will use bar
2021-02-04 00:19:14,079 [main] INFO  [io.github.dddplus.runtime.registry.mock.extension.BarTriggerExt] [14] - bar trigger
Feb 04, 2021 12:19:14 AM org.springframework.test.context.support.DefaultTestContextBootstrapper getDefaultTestExecutionListenerClassNames
INFO: Loaded default TestExecutionListener class names from location [META-INF/spring.factories]: [org.springframework.test.context.web.ServletTestExecutionListener, org.springframework.test.context.support.DirtiesContextBeforeModesTestExecutionListener, org.springframework.test.context.support.DependencyInjectionTestExecutionListener, org.springframework.test.context.support.DirtiesContextTestExecutionListener, org.springframework.test.context.transaction.TransactionalTestExecutionListener, org.springframework.test.context.jdbc.SqlScriptsTestExecutionListener]
Feb 04, 2021 12:19:14 AM org.springframework.test.context.support.DefaultTestContextBootstrapper instantiateListeners
INFO: Could not instantiate TestExecutionListener [org.springframework.test.context.transaction.TransactionalTestExecutionListener]. Specify custom listener classes or make the default listener classes (and their required dependencies) available. Offending class: [org/springframework/transaction/TransactionDefinition]
Feb 04, 2021 12:19:14 AM org.springframework.test.context.support.DefaultTestContextBootstrapper instantiateListeners
INFO: Could not instantiate TestExecutionListener [org.springframework.test.context.jdbc.SqlScriptsTestExecutionListener]. Specify custom listener classes or make the default listener classes (and their required dependencies) available. Offending class: [org/springframework/transaction/interceptor/TransactionAttribute]
Feb 04, 2021 12:19:14 AM org.springframework.test.context.support.DefaultTestContextBootstrapper instantiateListeners
INFO: Could not instantiate TestExecutionListener [org.springframework.test.context.web.ServletTestExecutionListener]. Specify custom listener classes or make the default listener classes (and their required dependencies) available. Offending class: [javax/servlet/ServletContext]
Feb 04, 2021 12:19:14 AM org.springframework.test.context.support.DefaultTestContextBootstrapper getTestExecutionListeners
INFO: Using TestExecutionListeners: [org.springframework.test.context.support.DirtiesContextBeforeModesTestExecutionListener@215f8d7, org.springframework.test.context.support.DependencyInjectionTestExecutionListener@69d2c460, org.springframework.test.context.support.DirtiesContextTestExecutionListener@34a99d8]
2021-02-04 00:19:14,083 [main] INFO  [io.github.dddplus.runtime.registry.mock.extension.B2CExt] [16] - 2
2021-02-04 00:19:14,084 [main] INFO  [io.github.dddplus.runtime.registry.mock.extension.B2CExt] [16] - 2
2021-02-04 00:19:14,084 [main] INFO  [io.github.dddplus.runtime.registry.mock.service.FooDomainService] [17] - submit received: 2, firstExt got: 2
Feb 04, 2021 12:19:14 AM org.springframework.test.context.support.DefaultTestContextBootstrapper getDefaultTestExecutionListenerClassNames
INFO: Loaded default TestExecutionListener class names from location [META-INF/spring.factories]: [org.springframework.test.context.web.ServletTestExecutionListener, org.springframework.test.context.support.DirtiesContextBeforeModesTestExecutionListener, org.springframework.test.context.support.DependencyInjectionTestExecutionListener, org.springframework.test.context.support.DirtiesContextTestExecutionListener, org.springframework.test.context.transaction.TransactionalTestExecutionListener, org.springframework.test.context.jdbc.SqlScriptsTestExecutionListener]
Feb 04, 2021 12:19:14 AM org.springframework.test.context.support.DefaultTestContextBootstrapper instantiateListeners
INFO: Could not instantiate TestExecutionListener [org.springframework.test.context.transaction.TransactionalTestExecutionListener]. Specify custom listener classes or make the default listener classes (and their required dependencies) available. Offending class: [org/springframework/transaction/TransactionDefinition]
Feb 04, 2021 12:19:14 AM org.springframework.test.context.support.DefaultTestContextBootstrapper instantiateListeners
INFO: Could not instantiate TestExecutionListener [org.springframework.test.context.jdbc.SqlScriptsTestExecutionListener]. Specify custom listener classes or make the default listener classes (and their required dependencies) available. Offending class: [org/springframework/transaction/interceptor/TransactionAttribute]
Feb 04, 2021 12:19:14 AM org.springframework.test.context.support.DefaultTestContextBootstrapper instantiateListeners
INFO: Could not instantiate TestExecutionListener [org.springframework.test.context.web.ServletTestExecutionListener]. Specify custom listener classes or make the default listener classes (and their required dependencies) available. Offending class: [javax/servlet/ServletContext]
Feb 04, 2021 12:19:14 AM org.springframework.test.context.support.DefaultTestContextBootstrapper getTestExecutionListeners
INFO: Using TestExecutionListeners: [org.springframework.test.context.support.DirtiesContextBeforeModesTestExecutionListener@61c4fc34, org.springframework.test.context.support.DependencyInjectionTestExecutionListener@6f9999f6, org.springframework.test.context.support.DirtiesContextTestExecutionListener@5e085259]
2021-02-04 00:19:14,087 [main] INFO  [io.github.dddplus.runtime.registry.IntegrationTest] [496] - steps: [Baz, Foo, Bar]
2021-02-04 00:19:14,088 [main] INFO  [io.github.dddplus.runtime.registry.mock.interceptor.DomainProfilerAspect] [21] - AROUND step:Submit.Baz
2021-02-04 00:19:14,088 [main] INFO  [io.github.dddplus.runtime.registry.mock.step.BazStep] [18] - submit: FooModel(partnerCode=ddd.cn.ka, b2c=false, letFooThrowException=false, willSleepLong=false, willThrowRuntimeException=false, willThrowOOM=false, redecide=false, redecideDeadLoop=false, stepsRevised=false, willRollback=true, willRollbackInvalid=false, sleepExtTimeout=false, foo=0)
2021-02-04 00:19:14,088 [main] INFO  [io.github.dddplus.runtime.registry.mock.interceptor.DomainProfilerAspect] [21] - AROUND step:Submit.Foo
2021-02-04 00:19:14,088 [main] INFO  [io.github.dddplus.runtime.registry.mock.step.FooStep] [20] - submit: FooModel(partnerCode=ddd.cn.ka, b2c=false, letFooThrowException=false, willSleepLong=false, willThrowRuntimeException=false, willThrowOOM=false, redecide=false, redecideDeadLoop=false, stepsRevised=false, willRollback=true, willRollbackInvalid=false, sleepExtTimeout=false, foo=0)
2021-02-04 00:19:14,088 [main] INFO  [io.github.dddplus.runtime.registry.mock.interceptor.DomainProfilerAspect] [21] - AROUND step:Submit.Bar
2021-02-04 00:19:14,089 [main] ERROR [io.github.dddplus.runtime.StepsExecTemplate] [143] - Step:Submit.Bar fails for [Baz, Foo, Bar]
io.github.dddplus.runtime.registry.mock.exception.FooException: rollback on purpose
	at io.github.dddplus.runtime.registry.mock.step.BarStep.execute(BarStep.java:55) ~[test-classes/:?]
	at io.github.dddplus.runtime.registry.mock.step.BarStep.execute(BarStep.java:16) ~[test-classes/:?]
	at io.github.dddplus.runtime.registry.mock.step.BarStep$$FastClassBySpringCGLIB$$73800319.invoke(<generated>) ~[test-classes/:?]
	at org.springframework.cglib.proxy.MethodProxy.invoke(MethodProxy.java:204) ~[spring-core-4.3.12.RELEASE.jar:4.3.12.RELEASE]
	at org.springframework.aop.framework.CglibAopProxy$CglibMethodInvocation.invokeJoinpoint(CglibAopProxy.java:738) ~[spring-aop-4.3.12.RELEASE.jar:4.3.12.RELEASE]
	at org.springframework.aop.framework.ReflectiveMethodInvocation.proceed(ReflectiveMethodInvocation.java:157) ~[spring-aop-4.3.12.RELEASE.jar:4.3.12.RELEASE]
	at org.springframework.aop.aspectj.MethodInvocationProceedingJoinPoint.proceed(MethodInvocationProceedingJoinPoint.java:85) ~[spring-aop-4.3.12.RELEASE.jar:4.3.12.RELEASE]
	at io.github.dddplus.runtime.registry.mock.interceptor.DomainProfilerAspect.around(DomainProfilerAspect.java:28) ~[test-classes/:?]
	at sun.reflect.GeneratedMethodAccessor35.invoke(Unknown Source) ~[?:?]
	at sun.reflect.DelegatingMethodAccessorImpl.invoke(DelegatingMethodAccessorImpl.java:43) ~[?:1.8.0_262]
	at java.lang.reflect.Method.invoke(Method.java:498) ~[?:1.8.0_262]
	at org.springframework.aop.aspectj.AbstractAspectJAdvice.invokeAdviceMethodWithGivenArgs(AbstractAspectJAdvice.java:629) ~[spring-aop-4.3.12.RELEASE.jar:4.3.12.RELEASE]
	at org.springframework.aop.aspectj.AbstractAspectJAdvice.invokeAdviceMethod(AbstractAspectJAdvice.java:618) ~[spring-aop-4.3.12.RELEASE.jar:4.3.12.RELEASE]
	at org.springframework.aop.aspectj.AspectJAroundAdvice.invoke(AspectJAroundAdvice.java:70) ~[spring-aop-4.3.12.RELEASE.jar:4.3.12.RELEASE]
	at org.springframework.aop.framework.ReflectiveMethodInvocation.proceed(ReflectiveMethodInvocation.java:168) ~[spring-aop-4.3.12.RELEASE.jar:4.3.12.RELEASE]
	at org.springframework.aop.interceptor.ExposeInvocationInterceptor.invoke(ExposeInvocationInterceptor.java:92) ~[spring-aop-4.3.12.RELEASE.jar:4.3.12.RELEASE]
	at org.springframework.aop.framework.ReflectiveMethodInvocation.proceed(ReflectiveMethodInvocation.java:179) ~[spring-aop-4.3.12.RELEASE.jar:4.3.12.RELEASE]
	at org.springframework.aop.framework.CglibAopProxy$DynamicAdvisedInterceptor.intercept(CglibAopProxy.java:673) ~[spring-aop-4.3.12.RELEASE.jar:4.3.12.RELEASE]
	at io.github.dddplus.runtime.registry.mock.step.BarStep$$EnhancerBySpringCGLIB$$159ea593.execute(<generated>) ~[test-classes/:?]
	at io.github.dddplus.runtime.StepsExecTemplate.executeSteps(StepsExecTemplate.java:125) ~[classes/:?]
	at io.github.dddplus.runtime.StepsExecTemplate.execute(StepsExecTemplate.java:87) ~[classes/:?]
	at io.github.dddplus.runtime.StepsExecTemplate.execute(StepsExecTemplate.java:52) ~[classes/:?]
	at io.github.dddplus.runtime.registry.IntegrationTest.stepsExecTemplateWithRollback(IntegrationTest.java:498) ~[test-classes/:?]
	at sun.reflect.NativeMethodAccessorImpl.invoke0(Native Method) ~[?:1.8.0_262]
	at sun.reflect.NativeMethodAccessorImpl.invoke(NativeMethodAccessorImpl.java:62) ~[?:1.8.0_262]
	at sun.reflect.DelegatingMethodAccessorImpl.invoke(DelegatingMethodAccessorImpl.java:43) ~[?:1.8.0_262]
	at java.lang.reflect.Method.invoke(Method.java:498) ~[?:1.8.0_262]
	at org.junit.runners.model.FrameworkMethod$1.runReflectiveCall(FrameworkMethod.java:59) ~[junit-4.13.1.jar:4.13.1]
	at org.junit.internal.runners.model.ReflectiveCallable.run(ReflectiveCallable.java:12) ~[junit-4.13.1.jar:4.13.1]
	at org.junit.runners.model.FrameworkMethod.invokeExplosively(FrameworkMethod.java:56) ~[junit-4.13.1.jar:4.13.1]
	at org.junit.internal.runners.statements.InvokeMethod.evaluate(InvokeMethod.java:17) ~[junit-4.13.1.jar:4.13.1]
	at org.junit.internal.runners.statements.RunBefores.evaluate(RunBefores.java:26) ~[junit-4.13.1.jar:4.13.1]
	at org.springframework.test.context.junit4.statements.RunBeforeTestMethodCallbacks.evaluate(RunBeforeTestMethodCallbacks.java:75) ~[spring-test-4.3.12.RELEASE.jar:4.3.12.RELEASE]
	at org.springframework.test.context.junit4.statements.RunAfterTestMethodCallbacks.evaluate(RunAfterTestMethodCallbacks.java:86) ~[spring-test-4.3.12.RELEASE.jar:4.3.12.RELEASE]
	at org.springframework.test.context.junit4.statements.SpringRepeat.evaluate(SpringRepeat.java:84) ~[spring-test-4.3.12.RELEASE.jar:4.3.12.RELEASE]
	at org.junit.runners.ParentRunner.runLeaf(ParentRunner.java:366) ~[junit-4.13.1.jar:4.13.1]
	at org.springframework.test.context.junit4.SpringJUnit4ClassRunner.runChild(SpringJUnit4ClassRunner.java:252) ~[spring-test-4.3.12.RELEASE.jar:4.3.12.RELEASE]
	at org.springframework.test.context.junit4.SpringJUnit4ClassRunner.runChild(SpringJUnit4ClassRunner.java:94) ~[spring-test-4.3.12.RELEASE.jar:4.3.12.RELEASE]
	at org.junit.runners.ParentRunner$4.run(ParentRunner.java:331) ~[junit-4.13.1.jar:4.13.1]
	at org.junit.runners.ParentRunner$1.schedule(ParentRunner.java:79) ~[junit-4.13.1.jar:4.13.1]
	at org.junit.runners.ParentRunner.runChildren(ParentRunner.java:329) ~[junit-4.13.1.jar:4.13.1]
	at org.junit.runners.ParentRunner.access$100(ParentRunner.java:66) ~[junit-4.13.1.jar:4.13.1]
	at org.junit.runners.ParentRunner$2.evaluate(ParentRunner.java:293) ~[junit-4.13.1.jar:4.13.1]
	at org.springframework.test.context.junit4.statements.RunBeforeTestClassCallbacks.evaluate(RunBeforeTestClassCallbacks.java:61) ~[spring-test-4.3.12.RELEASE.jar:4.3.12.RELEASE]
	at org.springframework.test.context.junit4.statements.RunAfterTestClassCallbacks.evaluate(RunAfterTestClassCallbacks.java:70) ~[spring-test-4.3.12.RELEASE.jar:4.3.12.RELEASE]
	at org.junit.runners.ParentRunner$3.evaluate(ParentRunner.java:306) ~[junit-4.13.1.jar:4.13.1]
	at org.junit.runners.ParentRunner.run(ParentRunner.java:413) ~[junit-4.13.1.jar:4.13.1]
	at org.springframework.test.context.junit4.SpringJUnit4ClassRunner.run(SpringJUnit4ClassRunner.java:191) ~[spring-test-4.3.12.RELEASE.jar:4.3.12.RELEASE]
	at edu.illinois.cs.testrunner.execution.JUnitTestRunner$4.evaluate(JUnitTestRunner.java:383) ~[testrunner-running-1.0.jar:?]
	at edu.illinois.cs.testrunner.execution.JUnitTestRunner.runChild(JUnitTestRunner.java:351) ~[testrunner-running-1.0.jar:?]
	at edu.illinois.cs.testrunner.execution.JUnitTestRunner.run(JUnitTestRunner.java:109) ~[testrunner-running-1.0.jar:?]
	at org.junit.runner.JUnitCore.run(JUnitCore.java:137) ~[junit-4.13.1.jar:4.13.1]
	at edu.illinois.cs.testrunner.execution.JUnitTestExecutor.execute(JUnitTestExecutor.java:292) ~[testrunner-running-1.0.jar:?]
	at edu.illinois.cs.testrunner.execution.JUnitTestExecutor.execute(JUnitTestExecutor.java:328) ~[testrunner-running-1.0.jar:?]
	at edu.illinois.cs.testrunner.execution.JUnitTestExecutor.executeWithJUnit4Runner(JUnitTestExecutor.java:366) ~[testrunner-running-1.0.jar:?]
	at edu.illinois.cs.testrunner.execution.JUnitTestExecutor.runOrder(JUnitTestExecutor.java:47) ~[testrunner-running-1.0.jar:?]
	at edu.illinois.cs.testrunner.execution.Executor$.$anonfun$run$1(Executor.scala:30) ~[testrunner-running-1.0.jar:?]
	at scala.runtime.java8.JFunction0$mcV$sp.apply(JFunction0$mcV$sp.java:12) [scala-library-2.12.6.jar:?]
	at scala.util.Try$.apply(Try.scala:209) [scala-library-2.12.6.jar:?]
	at edu.illinois.cs.testrunner.execution.Executor$.run(Executor.scala:28) [testrunner-running-1.0.jar:?]
	at edu.illinois.cs.testrunner.execution.Executor$.main(Executor.scala:18) [testrunner-running-1.0.jar:?]
	at edu.illinois.cs.testrunner.execution.Executor.main(Executor.scala) [testrunner-running-1.0.jar:?]
2021-02-04 00:19:14,091 [main] WARN  [io.github.dddplus.runtime.registry.mock.step.FooStep] [41] - foo rollback, cause: rollback on purpose
2021-02-04 00:19:14,091 [main] ERROR [io.github.dddplus.runtime.StepsExecTemplate] [219] - step:Foo rollback err ignored, model:FooModel(partnerCode=ddd.cn.ka, b2c=false, letFooThrowException=false, willSleepLong=false, willThrowRuntimeException=false, willThrowOOM=false, redecide=false, redecideDeadLoop=false, stepsRevised=false, willRollback=true, willRollbackInvalid=false, sleepExtTimeout=false, foo=0)
java.lang.RuntimeException: this exception will be ignored by StepsExecTemplate
	at io.github.dddplus.runtime.registry.mock.step.FooStep.rollback(FooStep.java:48) ~[test-classes/:?]
	at io.github.dddplus.runtime.registry.mock.step.FooStep.rollback(FooStep.java:13) ~[test-classes/:?]
	at io.github.dddplus.runtime.registry.mock.step.FooStep$$FastClassBySpringCGLIB$$5ed2824c.invoke(<generated>) ~[test-classes/:?]
	at org.springframework.cglib.proxy.MethodProxy.invoke(MethodProxy.java:204) ~[spring-core-4.3.12.RELEASE.jar:4.3.12.RELEASE]
	at org.springframework.aop.framework.CglibAopProxy$CglibMethodInvocation.invokeJoinpoint(CglibAopProxy.java:738) ~[spring-aop-4.3.12.RELEASE.jar:4.3.12.RELEASE]
	at org.springframework.aop.framework.ReflectiveMethodInvocation.proceed(ReflectiveMethodInvocation.java:157) ~[spring-aop-4.3.12.RELEASE.jar:4.3.12.RELEASE]
	at org.springframework.aop.interceptor.ExposeInvocationInterceptor.invoke(ExposeInvocationInterceptor.java:92) ~[spring-aop-4.3.12.RELEASE.jar:4.3.12.RELEASE]
	at org.springframework.aop.framework.ReflectiveMethodInvocation.proceed(ReflectiveMethodInvocation.java:179) ~[spring-aop-4.3.12.RELEASE.jar:4.3.12.RELEASE]
	at org.springframework.aop.framework.CglibAopProxy$DynamicAdvisedInterceptor.intercept(CglibAopProxy.java:673) ~[spring-aop-4.3.12.RELEASE.jar:4.3.12.RELEASE]
	at io.github.dddplus.runtime.registry.mock.step.FooStep$$EnhancerBySpringCGLIB$$8b99bb0c.rollback(<generated>) ~[test-classes/:?]
	at io.github.dddplus.runtime.StepsExecTemplate.safeRollbackExecutedSteps(StepsExecTemplate.java:217) ~[classes/:?]
	at io.github.dddplus.runtime.StepsExecTemplate.executeSteps(StepsExecTemplate.java:155) ~[classes/:?]
	at io.github.dddplus.runtime.StepsExecTemplate.execute(StepsExecTemplate.java:87) ~[classes/:?]
	at io.github.dddplus.runtime.StepsExecTemplate.execute(StepsExecTemplate.java:52) ~[classes/:?]
	at io.github.dddplus.runtime.registry.IntegrationTest.stepsExecTemplateWithRollback(IntegrationTest.java:498) ~[test-classes/:?]
	at sun.reflect.NativeMethodAccessorImpl.invoke0(Native Method) ~[?:1.8.0_262]
	at sun.reflect.NativeMethodAccessorImpl.invoke(NativeMethodAccessorImpl.java:62) ~[?:1.8.0_262]
	at sun.reflect.DelegatingMethodAccessorImpl.invoke(DelegatingMethodAccessorImpl.java:43) ~[?:1.8.0_262]
	at java.lang.reflect.Method.invoke(Method.java:498) ~[?:1.8.0_262]
	at org.junit.runners.model.FrameworkMethod$1.runReflectiveCall(FrameworkMethod.java:59) ~[junit-4.13.1.jar:4.13.1]
	at org.junit.internal.runners.model.ReflectiveCallable.run(ReflectiveCallable.java:12) ~[junit-4.13.1.jar:4.13.1]
	at org.junit.runners.model.FrameworkMethod.invokeExplosively(FrameworkMethod.java:56) ~[junit-4.13.1.jar:4.13.1]
	at org.junit.internal.runners.statements.InvokeMethod.evaluate(InvokeMethod.java:17) ~[junit-4.13.1.jar:4.13.1]
	at org.junit.internal.runners.statements.RunBefores.evaluate(RunBefores.java:26) ~[junit-4.13.1.jar:4.13.1]
	at org.springframework.test.context.junit4.statements.RunBeforeTestMethodCallbacks.evaluate(RunBeforeTestMethodCallbacks.java:75) ~[spring-test-4.3.12.RELEASE.jar:4.3.12.RELEASE]
	at org.springframework.test.context.junit4.statements.RunAfterTestMethodCallbacks.evaluate(RunAfterTestMethodCallbacks.java:86) ~[spring-test-4.3.12.RELEASE.jar:4.3.12.RELEASE]
	at org.springframework.test.context.junit4.statements.SpringRepeat.evaluate(SpringRepeat.java:84) ~[spring-test-4.3.12.RELEASE.jar:4.3.12.RELEASE]
	at org.junit.runners.ParentRunner.runLeaf(ParentRunner.java:366) ~[junit-4.13.1.jar:4.13.1]
	at org.springframework.test.context.junit4.SpringJUnit4ClassRunner.runChild(SpringJUnit4ClassRunner.java:252) ~[spring-test-4.3.12.RELEASE.jar:4.3.12.RELEASE]
	at org.springframework.test.context.junit4.SpringJUnit4ClassRunner.runChild(SpringJUnit4ClassRunner.java:94) ~[spring-test-4.3.12.RELEASE.jar:4.3.12.RELEASE]
	at org.junit.runners.ParentRunner$4.run(ParentRunner.java:331) ~[junit-4.13.1.jar:4.13.1]
	at org.junit.runners.ParentRunner$1.schedule(ParentRunner.java:79) ~[junit-4.13.1.jar:4.13.1]
	at org.junit.runners.ParentRunner.runChildren(ParentRunner.java:329) ~[junit-4.13.1.jar:4.13.1]
	at org.junit.runners.ParentRunner.access$100(ParentRunner.java:66) ~[junit-4.13.1.jar:4.13.1]
	at org.junit.runners.ParentRunner$2.evaluate(ParentRunner.java:293) ~[junit-4.13.1.jar:4.13.1]
	at org.springframework.test.context.junit4.statements.RunBeforeTestClassCallbacks.evaluate(RunBeforeTestClassCallbacks.java:61) ~[spring-test-4.3.12.RELEASE.jar:4.3.12.RELEASE]
	at org.springframework.test.context.junit4.statements.RunAfterTestClassCallbacks.evaluate(RunAfterTestClassCallbacks.java:70) ~[spring-test-4.3.12.RELEASE.jar:4.3.12.RELEASE]
	at org.junit.runners.ParentRunner$3.evaluate(ParentRunner.java:306) ~[junit-4.13.1.jar:4.13.1]
	at org.junit.runners.ParentRunner.run(ParentRunner.java:413) ~[junit-4.13.1.jar:4.13.1]
	at org.springframework.test.context.junit4.SpringJUnit4ClassRunner.run(SpringJUnit4ClassRunner.java:191) ~[spring-test-4.3.12.RELEASE.jar:4.3.12.RELEASE]
	at edu.illinois.cs.testrunner.execution.JUnitTestRunner$4.evaluate(JUnitTestRunner.java:383) ~[testrunner-running-1.0.jar:?]
	at edu.illinois.cs.testrunner.execution.JUnitTestRunner.runChild(JUnitTestRunner.java:351) ~[testrunner-running-1.0.jar:?]
	at edu.illinois.cs.testrunner.execution.JUnitTestRunner.run(JUnitTestRunner.java:109) ~[testrunner-running-1.0.jar:?]
	at org.junit.runner.JUnitCore.run(JUnitCore.java:137) ~[junit-4.13.1.jar:4.13.1]
	at edu.illinois.cs.testrunner.execution.JUnitTestExecutor.execute(JUnitTestExecutor.java:292) ~[testrunner-running-1.0.jar:?]
	at edu.illinois.cs.testrunner.execution.JUnitTestExecutor.execute(JUnitTestExecutor.java:328) ~[testrunner-running-1.0.jar:?]
	at edu.illinois.cs.testrunner.execution.JUnitTestExecutor.executeWithJUnit4Runner(JUnitTestExecutor.java:366) ~[testrunner-running-1.0.jar:?]
	at edu.illinois.cs.testrunner.execution.JUnitTestExecutor.runOrder(JUnitTestExecutor.java:47) ~[testrunner-running-1.0.jar:?]
	at edu.illinois.cs.testrunner.execution.Executor$.$anonfun$run$1(Executor.scala:30) ~[testrunner-running-1.0.jar:?]
	at scala.runtime.java8.JFunction0$mcV$sp.apply(JFunction0$mcV$sp.java:12) [scala-library-2.12.6.jar:?]
	at scala.util.Try$.apply(Try.scala:209) [scala-library-2.12.6.jar:?]
	at edu.illinois.cs.testrunner.execution.Executor$.run(Executor.scala:28) [testrunner-running-1.0.jar:?]
	at edu.illinois.cs.testrunner.execution.Executor$.main(Executor.scala:18) [testrunner-running-1.0.jar:?]
	at edu.illinois.cs.testrunner.execution.Executor.main(Executor.scala) [testrunner-running-1.0.jar:?]
2021-02-04 00:19:14,092 [main] INFO  [io.github.dddplus.runtime.registry.mock.step.BazStep] [30] - baz rollback for FooModel(partnerCode=ddd.cn.ka, b2c=false, letFooThrowException=false, willSleepLong=false, willThrowRuntimeException=false, willThrowOOM=false, redecide=false, redecideDeadLoop=false, stepsRevised=false, willRollback=true, willRollbackInvalid=false, sleepExtTimeout=false, foo=0)
2021-02-04 00:19:14,109 [main] INFO  [io.github.dddplus.runtime.NamedThreadFactoryTest] [59] - 1 [foo-0-T-1, foo-0-T-2, foo-0-T-3, foo-0-T-4, foo-0-T-5] [foo-1-T-1, foo-1-T-2, foo-1-T-3, foo-1-T-4, foo-1-T-5]
2021-02-04 00:19:14,109 [main] INFO  [io.github.dddplus.runtime.NamedThreadFactoryTest] [59] - 2 [foo-0-T-1, foo-0-T-2, foo-0-T-3, foo-0-T-4, foo-0-T-5] [foo-1-T-1, foo-1-T-2, foo-1-T-3, foo-1-T-4, foo-1-T-5]
2021-02-04 00:19:14,109 [main] INFO  [io.github.dddplus.runtime.NamedThreadFactoryTest] [59] - 3 [foo-0-T-1, foo-0-T-2, foo-0-T-3, foo-0-T-4, foo-0-T-5] [foo-1-T-1, foo-1-T-2, foo-1-T-3, foo-1-T-4, foo-1-T-5]
2021-02-04 00:19:14,109 [main] INFO  [io.github.dddplus.runtime.NamedThreadFactoryTest] [59] - 4 [foo-0-T-1, foo-0-T-2, foo-0-T-3, foo-0-T-4, foo-0-T-5] [foo-1-T-1, foo-1-T-2, foo-1-T-3, foo-1-T-4, foo-1-T-5]
2021-02-04 00:19:14,110 [main] INFO  [io.github.dddplus.runtime.NamedThreadFactoryTest] [59] - 5 [foo-0-T-1, foo-0-T-2, foo-0-T-3, foo-0-T-4, foo-0-T-5] [foo-1-T-1, foo-1-T-2, foo-1-T-3, foo-1-T-4, foo-1-T-5]
2021-02-04 00:19:14,110 [main] INFO  [io.github.dddplus.runtime.NamedThreadFactoryTest] [66] - 1 [foo-0-T-1, foo-0-T-2, foo-0-T-3, foo-0-T-4, foo-0-T-5] [foo-1-T-1, foo-1-T-2, foo-1-T-3, foo-1-T-4, foo-1-T-5]
2021-02-04 00:19:14,110 [main] INFO  [io.github.dddplus.runtime.NamedThreadFactoryTest] [66] - 2 [foo-0-T-1, foo-0-T-2, foo-0-T-3, foo-0-T-4, foo-0-T-5] [foo-1-T-1, foo-1-T-2, foo-1-T-3, foo-1-T-4, foo-1-T-5]
2021-02-04 00:19:14,110 [main] INFO  [io.github.dddplus.runtime.NamedThreadFactoryTest] [66] - 3 [foo-0-T-1, foo-0-T-2, foo-0-T-3, foo-0-T-4, foo-0-T-5] [foo-1-T-1, foo-1-T-2, foo-1-T-3, foo-1-T-4, foo-1-T-5]
2021-02-04 00:19:14,110 [main] INFO  [io.github.dddplus.runtime.NamedThreadFactoryTest] [66] - 4 [foo-0-T-1, foo-0-T-2, foo-0-T-3, foo-0-T-4, foo-0-T-5] [foo-1-T-1, foo-1-T-2, foo-1-T-3, foo-1-T-4, foo-1-T-5]
2021-02-04 00:19:14,110 [main] INFO  [io.github.dddplus.runtime.NamedThreadFactoryTest] [66] - 5 [foo-0-T-1, foo-0-T-2, foo-0-T-3, foo-0-T-4, foo-0-T-5] [foo-1-T-1, foo-1-T-2, foo-1-T-3, foo-1-T-4, foo-1-T-5]
2021-02-04 00:19:14,112 [main] INFO  [io.github.dddplus.testing.LogAssertTest] [17] - Hello
2021-02-04 00:19:14,113 [main] INFO  [io.github.dddplus.testing.LogAssertTest] [20] - World
2021-02-04 00:19:14,113 [main] INFO  [io.github.dddplus.testing.LogAssertTest] [24] - DDDplus Framework
2021-02-04 00:19:14,114 [main] INFO  [io.github.dddplus.testing.LogAssertTest] [27] - a
2021-02-04 00:19:14,114 [main] INFO  [io.github.dddplus.testing.LogAssertTest] [28] - b
[ERROR] Unexpected test executed: io.github.dddplus.runtime.registry.ErrorOnPurposeTest.dupDomain
[ERROR] Unexpected test executed: io.github.dddplus.runtime.registry.ErrorOnPurposeTest.invalidPattern
[ERROR] Unexpected test executed: io.github.dddplus.runtime.registry.ErrorOnPurposeTest.dupPattern
[ERROR] Unexpected test executed: io.github.dddplus.runtime.registry.ErrorOnPurposeTest.dupPartner
[ERROR] Unexpected test executed: io.github.dddplus.runtime.registry.ErrorOnPurposeTest.abilityWithInvalidDomain
