Feb 04, 2021 12:20:30 PM org.springframework.context.support.ClassPathXmlApplicationContext prepareRefresh
INFO: Refreshing org.springframework.context.support.ClassPathXmlApplicationContext@7b36aa0c: startup date [Thu Feb 04 12:20:30 CST 2021]; root of context hierarchy
Feb 04, 2021 12:20:30 PM org.springframework.beans.factory.xml.XmlBeanDefinitionReader loadBeanDefinitions
INFO: Loading XML bean definitions from class path resource [step-notstep.xml]
Feb 04, 2021 12:20:30 PM org.springframework.beans.factory.annotation.AutowiredAnnotationBeanPostProcessor <init>
INFO: JSR-330 'javax.inject.Inject' annotation found and supported for autowiring
2021-02-04 12:20:31,176 [main] INFO  [io.github.dddplus.runtime.registry.RegistryFactory] [57] - setup the discoverable Spring beans...
2021-02-04 12:20:31,189 [main] INFO  [io.github.dddplus.runtime.registry.DDDBootstrap] [45] - starting Spring, register DDD beans...
2021-02-04 12:20:31,192 [main] INFO  [io.github.dddplus.runtime.registry.RegistryFactory] [32] - register Domain's ...
2021-02-04 12:20:31,205 [main] INFO  [io.github.dddplus.runtime.registry.RegistryFactory] [32] - register DomainService's ...
2021-02-04 12:20:31,209 [main] INFO  [io.github.dddplus.runtime.registry.RegistryFactory] [32] - register Specification's ...
2021-02-04 12:20:31,213 [main] INFO  [io.github.dddplus.runtime.registry.RegistryFactory] [32] - register Step's ...
Feb 04, 2021 12:20:31 PM org.springframework.context.support.ClassPathXmlApplicationContext refresh
WARNING: Exception encountered during context initialization - cancelling refresh attempt: org.springframework.beans.factory.BeanCreationException: Error creating bean with name 'DDDBootstrap' defined in file [/home/lichengpeng/test/final/automated_script/funkygao/cp-ddd-framework/dddplus-runtime/target/classes/io/github/dddplus/runtime/registry/DDDBootstrap.class]: Initialization of bean failed; nested exception is io.github.dddplus.runtime.registry.BootstrapException: io.github.badcase.step.notstep.NotStepButAnnotatedWithStep MUST implement IDomainStep
Feb 04, 2021 12:20:31 PM org.springframework.context.support.ClassPathXmlApplicationContext prepareRefresh
INFO: Refreshing org.springframework.context.support.ClassPathXmlApplicationContext@35d6ca49: startup date [Thu Feb 04 12:20:31 CST 2021]; root of context hierarchy
Feb 04, 2021 12:20:31 PM org.springframework.beans.factory.xml.XmlBeanDefinitionReader loadBeanDefinitions
INFO: Loading XML bean definitions from class path resource [ext-notext.xml]
Feb 04, 2021 12:20:31 PM org.springframework.beans.factory.annotation.AutowiredAnnotationBeanPostProcessor <init>
INFO: JSR-330 'javax.inject.Inject' annotation found and supported for autowiring
2021-02-04 12:20:31,339 [main] INFO  [io.github.dddplus.runtime.registry.RegistryFactory] [57] - setup the discoverable Spring beans...
2021-02-04 12:20:31,341 [main] INFO  [io.github.dddplus.runtime.registry.DDDBootstrap] [45] - starting Spring, register DDD beans...
2021-02-04 12:20:31,341 [main] INFO  [io.github.dddplus.runtime.registry.RegistryFactory] [32] - register Domain's ...
2021-02-04 12:20:31,343 [main] INFO  [io.github.dddplus.runtime.registry.RegistryFactory] [32] - register DomainService's ...
2021-02-04 12:20:31,345 [main] INFO  [io.github.dddplus.runtime.registry.RegistryFactory] [32] - register Specification's ...
2021-02-04 12:20:31,347 [main] INFO  [io.github.dddplus.runtime.registry.RegistryFactory] [32] - register Step's ...
2021-02-04 12:20:31,355 [main] INFO  [io.github.dddplus.runtime.registry.RegistryFactory] [32] - register DomainAbility's ...
2021-02-04 12:20:31,385 [main] INFO  [io.github.dddplus.runtime.registry.RegistryFactory] [32] - register Policy's ...
2021-02-04 12:20:31,389 [main] INFO  [io.github.dddplus.runtime.registry.RegistryFactory] [32] - register Partner's ...
2021-02-04 12:20:31,392 [main] INFO  [io.github.dddplus.runtime.registry.RegistryFactory] [32] - register Pattern's ...
2021-02-04 12:20:31,401 [main] INFO  [io.github.dddplus.runtime.registry.RegistryFactory] [32] - register Extension's ...
Feb 04, 2021 12:20:31 PM org.springframework.context.support.ClassPathXmlApplicationContext refresh
WARNING: Exception encountered during context initialization - cancelling refresh attempt: org.springframework.beans.factory.BeanCreationException: Error creating bean with name 'DDDBootstrap' defined in file [/home/lichengpeng/test/final/automated_script/funkygao/cp-ddd-framework/dddplus-runtime/target/classes/io/github/dddplus/runtime/registry/DDDBootstrap.class]: Initialization of bean failed; nested exception is io.github.dddplus.runtime.registry.BootstrapException: io.github.badcase.ext.NotExtButAnnotatedWithExtension MUST implement IDomainExtension
Feb 04, 2021 12:20:31 PM org.springframework.context.support.ClassPathXmlApplicationContext prepareRefresh
INFO: Refreshing org.springframework.context.support.ClassPathXmlApplicationContext@7544a1e4: startup date [Thu Feb 04 12:20:31 CST 2021]; root of context hierarchy
Feb 04, 2021 12:20:31 PM org.springframework.beans.factory.xml.XmlBeanDefinitionReader loadBeanDefinitions
INFO: Loading XML bean definitions from class path resource [service-bad.xml]
Feb 04, 2021 12:20:31 PM org.springframework.beans.factory.annotation.AutowiredAnnotationBeanPostProcessor <init>
INFO: JSR-330 'javax.inject.Inject' annotation found and supported for autowiring
2021-02-04 12:20:31,516 [main] INFO  [io.github.dddplus.runtime.registry.RegistryFactory] [57] - setup the discoverable Spring beans...
2021-02-04 12:20:31,517 [main] INFO  [io.github.dddplus.runtime.registry.DDDBootstrap] [45] - starting Spring, register DDD beans...
2021-02-04 12:20:31,517 [main] INFO  [io.github.dddplus.runtime.registry.RegistryFactory] [32] - register Domain's ...
2021-02-04 12:20:31,519 [main] INFO  [io.github.dddplus.runtime.registry.RegistryFactory] [32] - register DomainService's ...
Feb 04, 2021 12:20:31 PM org.springframework.context.support.ClassPathXmlApplicationContext refresh
WARNING: Exception encountered during context initialization - cancelling refresh attempt: org.springframework.beans.factory.BeanCreationException: Error creating bean with name 'DDDBootstrap' defined in file [/home/lichengpeng/test/final/automated_script/funkygao/cp-ddd-framework/dddplus-runtime/target/classes/io/github/dddplus/runtime/registry/DDDBootstrap.class]: Initialization of bean failed; nested exception is io.github.dddplus.runtime.registry.BootstrapException: io.github.badcase.service.BadDomainService MUST implement IDomainService
Feb 04, 2021 12:20:31 PM org.springframework.context.support.ClassPathXmlApplicationContext prepareRefresh
INFO: Refreshing org.springframework.context.support.ClassPathXmlApplicationContext@6979efad: startup date [Thu Feb 04 12:20:31 CST 2021]; root of context hierarchy
Feb 04, 2021 12:20:31 PM org.springframework.beans.factory.xml.XmlBeanDefinitionReader loadBeanDefinitions
INFO: Loading XML bean definitions from class path resource [step-emptyactivity.xml]
Feb 04, 2021 12:20:31 PM org.springframework.beans.factory.annotation.AutowiredAnnotationBeanPostProcessor <init>
INFO: JSR-330 'javax.inject.Inject' annotation found and supported for autowiring
2021-02-04 12:20:31,604 [main] INFO  [io.github.dddplus.runtime.registry.RegistryFactory] [57] - setup the discoverable Spring beans...
2021-02-04 12:20:31,606 [main] INFO  [io.github.dddplus.runtime.registry.DDDBootstrap] [45] - starting Spring, register DDD beans...
2021-02-04 12:20:31,606 [main] INFO  [io.github.dddplus.runtime.registry.RegistryFactory] [32] - register Domain's ...
2021-02-04 12:20:31,608 [main] INFO  [io.github.dddplus.runtime.registry.RegistryFactory] [32] - register DomainService's ...
2021-02-04 12:20:31,609 [main] INFO  [io.github.dddplus.runtime.registry.RegistryFactory] [32] - register Specification's ...
2021-02-04 12:20:31,610 [main] INFO  [io.github.dddplus.runtime.registry.RegistryFactory] [32] - register Step's ...
Feb 04, 2021 12:20:31 PM org.springframework.context.support.ClassPathXmlApplicationContext refresh
WARNING: Exception encountered during context initialization - cancelling refresh attempt: org.springframework.beans.factory.BeanCreationException: Error creating bean with name 'DDDBootstrap' defined in file [/home/lichengpeng/test/final/automated_script/funkygao/cp-ddd-framework/dddplus-runtime/target/classes/io/github/dddplus/runtime/registry/DDDBootstrap.class]: Initialization of bean failed; nested exception is io.github.dddplus.runtime.registry.BootstrapException: io.github.badcase.step.emptyactivity.EmptyActivityStep activityCode cannot be empty
Feb 04, 2021 12:20:31 PM org.springframework.context.support.ClassPathXmlApplicationContext prepareRefresh
INFO: Refreshing org.springframework.context.support.ClassPathXmlApplicationContext@56f2bbea: startup date [Thu Feb 04 12:20:31 CST 2021]; root of context hierarchy
Feb 04, 2021 12:20:31 PM org.springframework.beans.factory.xml.XmlBeanDefinitionReader loadBeanDefinitions
INFO: Loading XML bean definitions from class path resource [policy-bad.xml]
Feb 04, 2021 12:20:31 PM org.springframework.beans.factory.annotation.AutowiredAnnotationBeanPostProcessor <init>
INFO: JSR-330 'javax.inject.Inject' annotation found and supported for autowiring
2021-02-04 12:20:31,698 [main] INFO  [io.github.dddplus.runtime.registry.RegistryFactory] [57] - setup the discoverable Spring beans...
2021-02-04 12:20:31,699 [main] INFO  [io.github.dddplus.runtime.registry.DDDBootstrap] [45] - starting Spring, register DDD beans...
2021-02-04 12:20:31,699 [main] INFO  [io.github.dddplus.runtime.registry.RegistryFactory] [32] - register Domain's ...
2021-02-04 12:20:31,700 [main] INFO  [io.github.dddplus.runtime.registry.RegistryFactory] [32] - register DomainService's ...
2021-02-04 12:20:31,701 [main] INFO  [io.github.dddplus.runtime.registry.RegistryFactory] [32] - register Specification's ...
2021-02-04 12:20:31,703 [main] INFO  [io.github.dddplus.runtime.registry.RegistryFactory] [32] - register Step's ...
2021-02-04 12:20:31,707 [main] INFO  [io.github.dddplus.runtime.registry.RegistryFactory] [32] - register DomainAbility's ...
2021-02-04 12:20:31,717 [main] INFO  [io.github.dddplus.runtime.registry.RegistryFactory] [32] - register Policy's ...
Feb 04, 2021 12:20:31 PM org.springframework.context.support.ClassPathXmlApplicationContext refresh
WARNING: Exception encountered during context initialization - cancelling refresh attempt: org.springframework.beans.factory.BeanCreationException: Error creating bean with name 'DDDBootstrap' defined in file [/home/lichengpeng/test/final/automated_script/funkygao/cp-ddd-framework/dddplus-runtime/target/classes/io/github/dddplus/runtime/registry/DDDBootstrap.class]: Initialization of bean failed; nested exception is io.github.dddplus.runtime.registry.BootstrapException: io.github.badcase.policy.InvalidPolicy MUST implements IExtPolicy
Feb 04, 2021 12:20:31 PM org.springframework.context.support.ClassPathXmlApplicationContext prepareRefresh
INFO: Refreshing org.springframework.context.support.ClassPathXmlApplicationContext@69b2f8e5: startup date [Thu Feb 04 12:20:31 CST 2021]; root of context hierarchy
Feb 04, 2021 12:20:31 PM org.springframework.beans.factory.xml.XmlBeanDefinitionReader loadBeanDefinitions
INFO: Loading XML bean definitions from class path resource [partner-bad.xml]
Feb 04, 2021 12:20:31 PM org.springframework.beans.factory.annotation.AutowiredAnnotationBeanPostProcessor <init>
INFO: JSR-330 'javax.inject.Inject' annotation found and supported for autowiring
2021-02-04 12:20:31,798 [main] INFO  [io.github.dddplus.runtime.registry.RegistryFactory] [57] - setup the discoverable Spring beans...
2021-02-04 12:20:31,799 [main] INFO  [io.github.dddplus.runtime.registry.DDDBootstrap] [45] - starting Spring, register DDD beans...
2021-02-04 12:20:31,800 [main] INFO  [io.github.dddplus.runtime.registry.RegistryFactory] [32] - register Domain's ...
2021-02-04 12:20:31,801 [main] INFO  [io.github.dddplus.runtime.registry.RegistryFactory] [32] - register DomainService's ...
2021-02-04 12:20:31,802 [main] INFO  [io.github.dddplus.runtime.registry.RegistryFactory] [32] - register Specification's ...
2021-02-04 12:20:31,803 [main] INFO  [io.github.dddplus.runtime.registry.RegistryFactory] [32] - register Step's ...
2021-02-04 12:20:31,809 [main] INFO  [io.github.dddplus.runtime.registry.RegistryFactory] [32] - register DomainAbility's ...
2021-02-04 12:20:31,818 [main] INFO  [io.github.dddplus.runtime.registry.RegistryFactory] [32] - register Policy's ...
2021-02-04 12:20:31,820 [main] INFO  [io.github.dddplus.runtime.registry.RegistryFactory] [32] - register Partner's ...
Feb 04, 2021 12:20:31 PM org.springframework.context.support.ClassPathXmlApplicationContext refresh
WARNING: Exception encountered during context initialization - cancelling refresh attempt: org.springframework.beans.factory.BeanCreationException: Error creating bean with name 'DDDBootstrap' defined in file [/home/lichengpeng/test/final/automated_script/funkygao/cp-ddd-framework/dddplus-runtime/target/classes/io/github/dddplus/runtime/registry/DDDBootstrap.class]: Initialization of bean failed; nested exception is io.github.dddplus.runtime.registry.BootstrapException: io.github.badcase.partner.InvalidPartner MUST implements IIdentityResolver
Feb 04, 2021 12:20:31 PM org.springframework.context.support.ClassPathXmlApplicationContext prepareRefresh
INFO: Refreshing org.springframework.context.support.ClassPathXmlApplicationContext@52fc5eb1: startup date [Thu Feb 04 12:20:31 CST 2021]; root of context hierarchy
Feb 04, 2021 12:20:31 PM org.springframework.beans.factory.xml.XmlBeanDefinitionReader loadBeanDefinitions
INFO: Loading XML bean definitions from class path resource [ability-bad2.xml]
Feb 04, 2021 12:20:31 PM org.springframework.beans.factory.annotation.AutowiredAnnotationBeanPostProcessor <init>
INFO: JSR-330 'javax.inject.Inject' annotation found and supported for autowiring
2021-02-04 12:20:31,895 [main] INFO  [io.github.dddplus.runtime.registry.RegistryFactory] [57] - setup the discoverable Spring beans...
2021-02-04 12:20:31,896 [main] INFO  [io.github.dddplus.runtime.registry.DDDBootstrap] [45] - starting Spring, register DDD beans...
2021-02-04 12:20:31,897 [main] INFO  [io.github.dddplus.runtime.registry.RegistryFactory] [32] - register Domain's ...
2021-02-04 12:20:31,898 [main] INFO  [io.github.dddplus.runtime.registry.RegistryFactory] [32] - register DomainService's ...
2021-02-04 12:20:31,899 [main] INFO  [io.github.dddplus.runtime.registry.RegistryFactory] [32] - register Specification's ...
2021-02-04 12:20:31,900 [main] INFO  [io.github.dddplus.runtime.registry.RegistryFactory] [32] - register Step's ...
2021-02-04 12:20:31,905 [main] INFO  [io.github.dddplus.runtime.registry.RegistryFactory] [32] - register DomainAbility's ...
2021-02-04 12:20:31,917 [main] INFO  [io.github.dddplus.runtime.registry.RegistryFactory] [32] - register Policy's ...
2021-02-04 12:20:31,918 [main] INFO  [io.github.dddplus.runtime.registry.RegistryFactory] [32] - register Partner's ...
2021-02-04 12:20:31,919 [main] INFO  [io.github.dddplus.runtime.registry.RegistryFactory] [32] - register Pattern's ...
2021-02-04 12:20:31,923 [main] INFO  [io.github.dddplus.runtime.registry.RegistryFactory] [32] - register Extension's ...
2021-02-04 12:20:31,937 [main] INFO  [io.github.dddplus.runtime.registry.DDDBootstrap] [47] - all DDD beans registered, cost 40ms
2021-02-04 12:20:31,967 [main] INFO  [io.github.dddplus.runtime.registry.DDDBootstrap] [55] - Spring started complete!
Feb 04, 2021 12:20:31 PM org.springframework.context.support.ClassPathXmlApplicationContext doClose
INFO: Closing org.springframework.context.support.ClassPathXmlApplicationContext@52fc5eb1: startup date [Thu Feb 04 12:20:31 CST 2021]; root of context hierarchy
Feb 04, 2021 12:20:31 PM org.springframework.context.support.ClassPathXmlApplicationContext prepareRefresh
INFO: Refreshing org.springframework.context.support.ClassPathXmlApplicationContext@2715644a: startup date [Thu Feb 04 12:20:31 CST 2021]; root of context hierarchy
Feb 04, 2021 12:20:31 PM org.springframework.beans.factory.xml.XmlBeanDefinitionReader loadBeanDefinitions
INFO: Loading XML bean definitions from class path resource [pattern-bad.xml]
Feb 04, 2021 12:20:32 PM org.springframework.beans.factory.annotation.AutowiredAnnotationBeanPostProcessor <init>
INFO: JSR-330 'javax.inject.Inject' annotation found and supported for autowiring
2021-02-04 12:20:32,041 [main] INFO  [io.github.dddplus.runtime.registry.RegistryFactory] [57] - setup the discoverable Spring beans...
2021-02-04 12:20:32,043 [main] INFO  [io.github.dddplus.runtime.registry.DDDBootstrap] [45] - starting Spring, register DDD beans...
2021-02-04 12:20:32,043 [main] INFO  [io.github.dddplus.runtime.registry.RegistryFactory] [32] - register Domain's ...
2021-02-04 12:20:32,044 [main] INFO  [io.github.dddplus.runtime.registry.RegistryFactory] [32] - register DomainService's ...
2021-02-04 12:20:32,045 [main] INFO  [io.github.dddplus.runtime.registry.RegistryFactory] [32] - register Specification's ...
2021-02-04 12:20:32,046 [main] INFO  [io.github.dddplus.runtime.registry.RegistryFactory] [32] - register Step's ...
2021-02-04 12:20:32,051 [main] INFO  [io.github.dddplus.runtime.registry.RegistryFactory] [32] - register DomainAbility's ...
2021-02-04 12:20:32,060 [main] INFO  [io.github.dddplus.runtime.registry.RegistryFactory] [32] - register Policy's ...
2021-02-04 12:20:32,061 [main] INFO  [io.github.dddplus.runtime.registry.RegistryFactory] [32] - register Partner's ...
2021-02-04 12:20:32,062 [main] INFO  [io.github.dddplus.runtime.registry.RegistryFactory] [32] - register Pattern's ...
Feb 04, 2021 12:20:32 PM org.springframework.context.support.ClassPathXmlApplicationContext refresh
WARNING: Exception encountered during context initialization - cancelling refresh attempt: org.springframework.beans.factory.BeanCreationException: Error creating bean with name 'DDDBootstrap' defined in file [/home/lichengpeng/test/final/automated_script/funkygao/cp-ddd-framework/dddplus-runtime/target/classes/io/github/dddplus/runtime/registry/DDDBootstrap.class]: Initialization of bean failed; nested exception is io.github.dddplus.runtime.registry.BootstrapException: Pattern.priority must be zero or positive
Feb 04, 2021 12:20:32 PM org.springframework.context.support.ClassPathXmlApplicationContext prepareRefresh
INFO: Refreshing org.springframework.context.support.ClassPathXmlApplicationContext@6df3e44c: startup date [Thu Feb 04 12:20:32 CST 2021]; root of context hierarchy
Feb 04, 2021 12:20:32 PM org.springframework.beans.factory.xml.XmlBeanDefinitionReader loadBeanDefinitions
INFO: Loading XML bean definitions from class path resource [ability-bad.xml]
Feb 04, 2021 12:20:32 PM org.springframework.beans.factory.annotation.AutowiredAnnotationBeanPostProcessor <init>
INFO: JSR-330 'javax.inject.Inject' annotation found and supported for autowiring
2021-02-04 12:20:32,138 [main] INFO  [io.github.dddplus.runtime.registry.RegistryFactory] [57] - setup the discoverable Spring beans...
2021-02-04 12:20:32,139 [main] INFO  [io.github.dddplus.runtime.registry.DDDBootstrap] [45] - starting Spring, register DDD beans...
2021-02-04 12:20:32,139 [main] INFO  [io.github.dddplus.runtime.registry.RegistryFactory] [32] - register Domain's ...
2021-02-04 12:20:32,140 [main] INFO  [io.github.dddplus.runtime.registry.RegistryFactory] [32] - register DomainService's ...
2021-02-04 12:20:32,141 [main] INFO  [io.github.dddplus.runtime.registry.RegistryFactory] [32] - register Specification's ...
2021-02-04 12:20:32,143 [main] INFO  [io.github.dddplus.runtime.registry.RegistryFactory] [32] - register Step's ...
2021-02-04 12:20:32,148 [main] INFO  [io.github.dddplus.runtime.registry.RegistryFactory] [32] - register DomainAbility's ...
Feb 04, 2021 12:20:32 PM org.springframework.context.support.ClassPathXmlApplicationContext refresh
WARNING: Exception encountered during context initialization - cancelling refresh attempt: org.springframework.beans.factory.BeanCreationException: Error creating bean with name 'DDDBootstrap' defined in file [/home/lichengpeng/test/final/automated_script/funkygao/cp-ddd-framework/dddplus-runtime/target/classes/io/github/dddplus/runtime/registry/DDDBootstrap.class]: Initialization of bean failed; nested exception is io.github.dddplus.runtime.registry.BootstrapException: io.github.badcase.ability.bad1.BadAbility MUST extend BaseDomainAbility
Feb 04, 2021 12:20:32 PM org.springframework.context.support.ClassPathXmlApplicationContext prepareRefresh
INFO: Refreshing org.springframework.context.support.ClassPathXmlApplicationContext@422b8438: startup date [Thu Feb 04 12:20:32 CST 2021]; root of context hierarchy
Feb 04, 2021 12:20:32 PM org.springframework.beans.factory.xml.XmlBeanDefinitionReader loadBeanDefinitions
INFO: Loading XML bean definitions from class path resource [specification-bad.xml]
Feb 04, 2021 12:20:32 PM org.springframework.beans.factory.annotation.AutowiredAnnotationBeanPostProcessor <init>
INFO: JSR-330 'javax.inject.Inject' annotation found and supported for autowiring
2021-02-04 12:20:32,230 [main] INFO  [io.github.dddplus.runtime.registry.RegistryFactory] [57] - setup the discoverable Spring beans...
2021-02-04 12:20:32,232 [main] INFO  [io.github.dddplus.runtime.registry.DDDBootstrap] [45] - starting Spring, register DDD beans...
2021-02-04 12:20:32,232 [main] INFO  [io.github.dddplus.runtime.registry.RegistryFactory] [32] - register Domain's ...
2021-02-04 12:20:32,233 [main] INFO  [io.github.dddplus.runtime.registry.RegistryFactory] [32] - register DomainService's ...
2021-02-04 12:20:32,234 [main] INFO  [io.github.dddplus.runtime.registry.RegistryFactory] [32] - register Specification's ...
Feb 04, 2021 12:20:32 PM org.springframework.context.support.ClassPathXmlApplicationContext refresh
WARNING: Exception encountered during context initialization - cancelling refresh attempt: org.springframework.beans.factory.BeanCreationException: Error creating bean with name 'DDDBootstrap' defined in file [/home/lichengpeng/test/final/automated_script/funkygao/cp-ddd-framework/dddplus-runtime/target/classes/io/github/dddplus/runtime/registry/DDDBootstrap.class]: Initialization of bean failed; nested exception is io.github.dddplus.runtime.registry.BootstrapException: io.github.badcase.specification.InvalidSpecification MUST implement ISpecification
Feb 04, 2021 12:20:32 PM org.springframework.context.support.ClassPathXmlApplicationContext prepareRefresh
INFO: Refreshing org.springframework.context.support.ClassPathXmlApplicationContext@12abdfb: startup date [Thu Feb 04 12:20:32 CST 2021]; root of context hierarchy
Feb 04, 2021 12:20:32 PM org.springframework.beans.factory.xml.XmlBeanDefinitionReader loadBeanDefinitions
INFO: Loading XML bean definitions from class path resource [step-emptycode.xml]
Feb 04, 2021 12:20:32 PM org.springframework.beans.factory.annotation.AutowiredAnnotationBeanPostProcessor <init>
INFO: JSR-330 'javax.inject.Inject' annotation found and supported for autowiring
2021-02-04 12:20:32,324 [main] INFO  [io.github.dddplus.runtime.registry.RegistryFactory] [57] - setup the discoverable Spring beans...
2021-02-04 12:20:32,327 [main] INFO  [io.github.dddplus.runtime.registry.DDDBootstrap] [45] - starting Spring, register DDD beans...
2021-02-04 12:20:32,327 [main] INFO  [io.github.dddplus.runtime.registry.RegistryFactory] [32] - register Domain's ...
2021-02-04 12:20:32,329 [main] INFO  [io.github.dddplus.runtime.registry.RegistryFactory] [32] - register DomainService's ...
2021-02-04 12:20:32,330 [main] INFO  [io.github.dddplus.runtime.registry.RegistryFactory] [32] - register Specification's ...
2021-02-04 12:20:32,331 [main] INFO  [io.github.dddplus.runtime.registry.RegistryFactory] [32] - register Step's ...
Feb 04, 2021 12:20:32 PM org.springframework.context.support.ClassPathXmlApplicationContext refresh
WARNING: Exception encountered during context initialization - cancelling refresh attempt: org.springframework.beans.factory.BeanCreationException: Error creating bean with name 'DDDBootstrap' defined in file [/home/lichengpeng/test/final/automated_script/funkygao/cp-ddd-framework/dddplus-runtime/target/classes/io/github/dddplus/runtime/registry/DDDBootstrap.class]: Initialization of bean failed; nested exception is io.github.dddplus.runtime.registry.BootstrapException: io.github.badcase.step.emptycode.EmptyCodeStep stepCode cannot be empty
java.lang.AssertionError: Architecture Violation [Priority: MEDIUM] - Rule 'ISpecification rule' was violated (1 times):
Class <io.github.badcase.specification.SpecificationWithoutAnnotation> is not annotated with @Specification in (SpecificationWithoutAnnotation.java:0)
	at com.tngtech.archunit.lang.ArchRule$Assertions.assertNoViolation(ArchRule.java:92)
	at com.tngtech.archunit.lang.ArchRule$Assertions.check(ArchRule.java:82)
	at com.tngtech.archunit.lang.ArchRule$Factory$SimpleArchRule.check(ArchRule.java:196)
	at io.github.dddplus.runtime.registry.BadOnPurposeTest.specificationNotAnnotated(BadOnPurposeTest.java:44)
	at sun.reflect.NativeMethodAccessorImpl.invoke0(Native Method)
	at sun.reflect.NativeMethodAccessorImpl.invoke(NativeMethodAccessorImpl.java:62)
	at sun.reflect.DelegatingMethodAccessorImpl.invoke(DelegatingMethodAccessorImpl.java:43)
	at java.lang.reflect.Method.invoke(Method.java:498)
	at org.junit.runners.model.FrameworkMethod$1.runReflectiveCall(FrameworkMethod.java:59)
	at org.junit.internal.runners.model.ReflectiveCallable.run(ReflectiveCallable.java:12)
	at org.junit.runners.model.FrameworkMethod.invokeExplosively(FrameworkMethod.java:56)
	at org.junit.internal.runners.statements.InvokeMethod.evaluate(InvokeMethod.java:17)
	at org.junit.internal.runners.statements.RunAfters.evaluate(RunAfters.java:27)
	at org.junit.runners.ParentRunner$3.evaluate(ParentRunner.java:306)
	at org.junit.runners.BlockJUnit4ClassRunner$1.evaluate(BlockJUnit4ClassRunner.java:100)
	at org.junit.runners.ParentRunner.runLeaf(ParentRunner.java:366)
	at org.junit.runners.BlockJUnit4ClassRunner.runChild(BlockJUnit4ClassRunner.java:103)
	at org.junit.runners.BlockJUnit4ClassRunner.runChild(BlockJUnit4ClassRunner.java:63)
	at org.junit.runners.ParentRunner$4.run(ParentRunner.java:331)
	at org.junit.runners.ParentRunner$1.schedule(ParentRunner.java:79)
	at org.junit.runners.ParentRunner.runChildren(ParentRunner.java:329)
	at org.junit.runners.ParentRunner.access$100(ParentRunner.java:66)
	at org.junit.runners.ParentRunner$2.evaluate(ParentRunner.java:293)
	at org.junit.runners.ParentRunner$3.evaluate(ParentRunner.java:306)
	at org.junit.runners.ParentRunner.run(ParentRunner.java:413)
	at io.github.dddplus.testing.AloneRunner.run(AloneRunner.java:51)
	at edu.illinois.cs.testrunner.execution.JUnitTestRunner$4.evaluate(JUnitTestRunner.java:383)
	at edu.illinois.cs.testrunner.execution.JUnitTestRunner.runChild(JUnitTestRunner.java:351)
	at edu.illinois.cs.testrunner.execution.JUnitTestRunner.run(JUnitTestRunner.java:109)
	at org.junit.runner.JUnitCore.run(JUnitCore.java:137)
	at edu.illinois.cs.testrunner.execution.JUnitTestExecutor.execute(JUnitTestExecutor.java:292)
	at edu.illinois.cs.testrunner.execution.JUnitTestExecutor.execute(JUnitTestExecutor.java:328)
	at edu.illinois.cs.testrunner.execution.JUnitTestExecutor.executeWithJUnit4Runner(JUnitTestExecutor.java:366)
	at edu.illinois.cs.testrunner.execution.JUnitTestExecutor.runOrder(JUnitTestExecutor.java:47)
	at edu.illinois.cs.testrunner.execution.Executor$.$anonfun$run$1(Executor.scala:30)
	at scala.runtime.java8.JFunction0$mcV$sp.apply(JFunction0$mcV$sp.java:12)
	at scala.util.Try$.apply(Try.scala:209)
	at edu.illinois.cs.testrunner.execution.Executor$.run(Executor.scala:28)
	at edu.illinois.cs.testrunner.execution.Executor$.main(Executor.scala:18)
	at edu.illinois.cs.testrunner.execution.Executor.main(Executor.scala)
Feb 04, 2021 12:20:32 PM org.springframework.test.context.support.DefaultTestContextBootstrapper getDefaultTestExecutionListenerClassNames
INFO: Loaded default TestExecutionListener class names from location [META-INF/spring.factories]: [org.springframework.test.context.web.ServletTestExecutionListener, org.springframework.test.context.support.DirtiesContextBeforeModesTestExecutionListener, org.springframework.test.context.support.DependencyInjectionTestExecutionListener, org.springframework.test.context.support.DirtiesContextTestExecutionListener, org.springframework.test.context.transaction.TransactionalTestExecutionListener, org.springframework.test.context.jdbc.SqlScriptsTestExecutionListener]
Feb 04, 2021 12:20:32 PM org.springframework.test.context.support.DefaultTestContextBootstrapper instantiateListeners
INFO: Could not instantiate TestExecutionListener [org.springframework.test.context.jdbc.SqlScriptsTestExecutionListener]. Specify custom listener classes or make the default listener classes (and their required dependencies) available. Offending class: [org/springframework/transaction/interceptor/TransactionAttribute]
Feb 04, 2021 12:20:32 PM org.springframework.test.context.support.DefaultTestContextBootstrapper instantiateListeners
INFO: Could not instantiate TestExecutionListener [org.springframework.test.context.web.ServletTestExecutionListener]. Specify custom listener classes or make the default listener classes (and their required dependencies) available. Offending class: [javax/servlet/ServletContext]
Feb 04, 2021 12:20:32 PM org.springframework.test.context.support.DefaultTestContextBootstrapper instantiateListeners
INFO: Could not instantiate TestExecutionListener [org.springframework.test.context.transaction.TransactionalTestExecutionListener]. Specify custom listener classes or make the default listener classes (and their required dependencies) available. Offending class: [org/springframework/transaction/TransactionDefinition]
Feb 04, 2021 12:20:32 PM org.springframework.test.context.support.DefaultTestContextBootstrapper getTestExecutionListeners
INFO: Using TestExecutionListeners: [org.springframework.test.context.support.DirtiesContextBeforeModesTestExecutionListener@233db8e9, org.springframework.test.context.support.DependencyInjectionTestExecutionListener@40c2ce52, org.springframework.test.context.support.DirtiesContextTestExecutionListener@18a19e]
Feb 04, 2021 12:20:32 PM org.springframework.beans.factory.xml.XmlBeanDefinitionReader loadBeanDefinitions
INFO: Loading XML bean definitions from URL [file:/home/lichengpeng/test/final/automated_script/funkygao/cp-ddd-framework/dddplus-test/target/test-classes/spring-test.xml]
Feb 04, 2021 12:20:32 PM org.springframework.context.support.GenericApplicationContext prepareRefresh
INFO: Refreshing org.springframework.context.support.GenericApplicationContext@4fb04a72: startup date [Thu Feb 04 12:20:32 CST 2021]; root of context hierarchy
Feb 04, 2021 12:20:33 PM org.springframework.beans.factory.annotation.AutowiredAnnotationBeanPostProcessor <init>
INFO: JSR-330 'javax.inject.Inject' annotation found and supported for autowiring
2021-02-04 12:20:33,226 [main] INFO  [io.github.dddplus.runtime.registry.RegistryFactory] [57] - setup the discoverable Spring beans...
2021-02-04 12:20:33,364 [main] INFO  [io.github.dddplus.runtime.registry.DDDBootstrap] [45] - starting Spring, register DDD beans...
2021-02-04 12:20:33,367 [main] INFO  [io.github.dddplus.runtime.registry.RegistryFactory] [32] - register Domain's ...
2021-02-04 12:20:33,372 [main] INFO  [io.github.dddplus.runtime.registry.RegistryFactory] [32] - register DomainService's ...
2021-02-04 12:20:33,375 [main] INFO  [io.github.dddplus.runtime.registry.RegistryFactory] [32] - register Specification's ...
2021-02-04 12:20:33,379 [main] INFO  [io.github.dddplus.runtime.registry.RegistryFactory] [32] - register Step's ...
2021-02-04 12:20:33,546 [main] INFO  [io.github.dddplus.runtime.registry.RegistryFactory] [32] - register DomainAbility's ...
2021-02-04 12:20:33,578 [main] INFO  [io.github.dddplus.runtime.registry.RegistryFactory] [32] - register Policy's ...
2021-02-04 12:20:33,582 [main] INFO  [io.github.dddplus.runtime.registry.RegistryFactory] [32] - register Partner's ...
2021-02-04 12:20:33,585 [main] INFO  [io.github.dddplus.runtime.registry.RegistryFactory] [32] - register Pattern's ...
2021-02-04 12:20:33,594 [main] INFO  [io.github.dddplus.runtime.registry.RegistryFactory] [32] - register Extension's ...
2021-02-04 12:20:33,623 [main] INFO  [io.github.dddplus.runtime.registry.DDDBootstrap] [47] - all DDD beans registered, cost 259ms
Feb 04, 2021 12:20:33 PM org.springframework.scheduling.concurrent.ThreadPoolTaskExecutor initialize
INFO: Initializing ExecutorService  'asyncStepsExecutor'
Feb 04, 2021 12:20:33 PM org.springframework.scheduling.concurrent.ThreadPoolTaskExecutor initialize
INFO: Initializing ExecutorService  'asyncStepsExecutorAutoDiscard'
2021-02-04 12:20:33,675 [main] INFO  [io.github.dddplus.runtime.registry.DDDBootstrap] [55] - Spring started complete!
2021-02-04 12:20:33,684 [main] INFO  [io.github.dddplus.runtime.registry.mock.step.EggStep] [16] - submit: FooModel(partnerCode=ddd.cn.ka, b2c=true, letFooThrowException=false, willSleepLong=false, willThrowRuntimeException=false, willThrowOOM=false, redecide=false, redecideDeadLoop=false, stepsRevised=false, willRollback=false, willRollbackInvalid=false, sleepExtTimeout=false, foo=0)
Feb 04, 2021 12:20:33 PM org.springframework.test.context.support.DefaultTestContextBootstrapper getDefaultTestExecutionListenerClassNames
INFO: Loaded default TestExecutionListener class names from location [META-INF/spring.factories]: [org.springframework.test.context.web.ServletTestExecutionListener, org.springframework.test.context.support.DirtiesContextBeforeModesTestExecutionListener, org.springframework.test.context.support.DependencyInjectionTestExecutionListener, org.springframework.test.context.support.DirtiesContextTestExecutionListener, org.springframework.test.context.transaction.TransactionalTestExecutionListener, org.springframework.test.context.jdbc.SqlScriptsTestExecutionListener]
Feb 04, 2021 12:20:33 PM org.springframework.test.context.support.DefaultTestContextBootstrapper instantiateListeners
INFO: Could not instantiate TestExecutionListener [org.springframework.test.context.jdbc.SqlScriptsTestExecutionListener]. Specify custom listener classes or make the default listener classes (and their required dependencies) available. Offending class: [org/springframework/transaction/interceptor/TransactionAttribute]
Feb 04, 2021 12:20:33 PM org.springframework.test.context.support.DefaultTestContextBootstrapper instantiateListeners
INFO: Could not instantiate TestExecutionListener [org.springframework.test.context.web.ServletTestExecutionListener]. Specify custom listener classes or make the default listener classes (and their required dependencies) available. Offending class: [javax/servlet/ServletContext]
Feb 04, 2021 12:20:33 PM org.springframework.test.context.support.DefaultTestContextBootstrapper instantiateListeners
INFO: Could not instantiate TestExecutionListener [org.springframework.test.context.transaction.TransactionalTestExecutionListener]. Specify custom listener classes or make the default listener classes (and their required dependencies) available. Offending class: [org/springframework/transaction/TransactionDefinition]
Feb 04, 2021 12:20:33 PM org.springframework.test.context.support.DefaultTestContextBootstrapper getTestExecutionListeners
INFO: Using TestExecutionListeners: [org.springframework.test.context.support.DirtiesContextBeforeModesTestExecutionListener@7a606260, org.springframework.test.context.support.DependencyInjectionTestExecutionListener@5dbab232, org.springframework.test.context.support.DirtiesContextTestExecutionListener@5939e24]
2021-02-04 12:20:33,697 [main] INFO  [io.github.dddplus.runtime.registry.mock.interceptor.DomainProfilerAspect] [21] - AROUND step:Submit.Baz
2021-02-04 12:20:33,697 [main] INFO  [io.github.dddplus.runtime.registry.mock.step.BazStep] [18] - submit: FooModel(partnerCode=ddd.cn.ka, b2c=false, letFooThrowException=false, willSleepLong=false, willThrowRuntimeException=false, willThrowOOM=false, redecide=false, redecideDeadLoop=true, stepsRevised=false, willRollback=false, willRollbackInvalid=false, sleepExtTimeout=false, foo=0)
2021-02-04 12:20:33,697 [main] INFO  [io.github.dddplus.runtime.registry.mock.interceptor.DomainProfilerAspect] [21] - AROUND step:Submit.Foo
2021-02-04 12:20:33,698 [main] INFO  [io.github.dddplus.runtime.registry.mock.step.FooStep] [20] - submit: FooModel(partnerCode=ddd.cn.ka, b2c=false, letFooThrowException=false, willSleepLong=false, willThrowRuntimeException=false, willThrowOOM=false, redecide=false, redecideDeadLoop=true, stepsRevised=false, willRollback=false, willRollbackInvalid=false, sleepExtTimeout=false, foo=0)
2021-02-04 12:20:33,698 [main] INFO  [io.github.dddplus.runtime.registry.mock.interceptor.DomainProfilerAspect] [21] - AROUND step:Submit.Bar
2021-02-04 12:20:33,698 [main] INFO  [io.github.dddplus.runtime.StepsExecTemplate] [94] - revised steps:[Bar]
2021-02-04 12:20:33,699 [main] INFO  [io.github.dddplus.runtime.registry.mock.interceptor.DomainProfilerAspect] [21] - AROUND step:Submit.Bar
2021-02-04 12:20:33,699 [main] INFO  [io.github.dddplus.runtime.StepsExecTemplate] [94] - revised steps:[Bar]
2021-02-04 12:20:33,699 [main] INFO  [io.github.dddplus.runtime.registry.mock.interceptor.DomainProfilerAspect] [21] - AROUND step:Submit.Bar
2021-02-04 12:20:33,699 [main] INFO  [io.github.dddplus.runtime.StepsExecTemplate] [94] - revised steps:[Bar]
2021-02-04 12:20:33,700 [main] INFO  [io.github.dddplus.runtime.registry.mock.interceptor.DomainProfilerAspect] [21] - AROUND step:Submit.Bar
2021-02-04 12:20:33,700 [main] INFO  [io.github.dddplus.runtime.StepsExecTemplate] [94] - revised steps:[Bar]
2021-02-04 12:20:33,700 [main] INFO  [io.github.dddplus.runtime.registry.mock.interceptor.DomainProfilerAspect] [21] - AROUND step:Submit.Bar
2021-02-04 12:20:33,700 [main] INFO  [io.github.dddplus.runtime.StepsExecTemplate] [94] - revised steps:[Bar]
2021-02-04 12:20:33,701 [main] INFO  [io.github.dddplus.runtime.registry.mock.interceptor.DomainProfilerAspect] [21] - AROUND step:Submit.Bar
2021-02-04 12:20:33,701 [main] INFO  [io.github.dddplus.runtime.StepsExecTemplate] [94] - revised steps:[Bar]
2021-02-04 12:20:33,701 [main] INFO  [io.github.dddplus.runtime.registry.mock.interceptor.DomainProfilerAspect] [21] - AROUND step:Submit.Bar
2021-02-04 12:20:33,701 [main] INFO  [io.github.dddplus.runtime.StepsExecTemplate] [94] - revised steps:[Bar]
2021-02-04 12:20:33,702 [main] INFO  [io.github.dddplus.runtime.registry.mock.interceptor.DomainProfilerAspect] [21] - AROUND step:Submit.Bar
2021-02-04 12:20:33,702 [main] INFO  [io.github.dddplus.runtime.StepsExecTemplate] [94] - revised steps:[Bar]
2021-02-04 12:20:33,702 [main] INFO  [io.github.dddplus.runtime.registry.mock.interceptor.DomainProfilerAspect] [21] - AROUND step:Submit.Bar
2021-02-04 12:20:33,702 [main] INFO  [io.github.dddplus.runtime.StepsExecTemplate] [94] - revised steps:[Bar]
2021-02-04 12:20:33,703 [main] INFO  [io.github.dddplus.runtime.registry.mock.interceptor.DomainProfilerAspect] [21] - AROUND step:Submit.Bar
2021-02-04 12:20:33,703 [main] INFO  [io.github.dddplus.runtime.StepsExecTemplate] [94] - revised steps:[Bar]
2021-02-04 12:20:33,703 [main] INFO  [io.github.dddplus.runtime.registry.mock.interceptor.DomainProfilerAspect] [21] - AROUND step:Submit.Bar
2021-02-04 12:20:33,703 [main] INFO  [io.github.dddplus.runtime.StepsExecTemplate] [94] - revised steps:[Bar]
2021-02-04 12:20:33,704 [main] INFO  [io.github.dddplus.runtime.registry.mock.interceptor.DomainProfilerAspect] [21] - AROUND step:Submit.Bar
2021-02-04 12:20:33,704 [main] INFO  [io.github.dddplus.runtime.StepsExecTemplate] [94] - revised steps:[Bar]
2021-02-04 12:20:33,704 [main] INFO  [io.github.dddplus.runtime.registry.mock.interceptor.DomainProfilerAspect] [21] - AROUND step:Submit.Bar
2021-02-04 12:20:33,704 [main] INFO  [io.github.dddplus.runtime.StepsExecTemplate] [94] - revised steps:[Bar]
2021-02-04 12:20:33,705 [main] INFO  [io.github.dddplus.runtime.registry.mock.interceptor.DomainProfilerAspect] [21] - AROUND step:Submit.Bar
2021-02-04 12:20:33,705 [main] INFO  [io.github.dddplus.runtime.StepsExecTemplate] [94] - revised steps:[Bar]
2021-02-04 12:20:33,705 [main] INFO  [io.github.dddplus.runtime.registry.mock.interceptor.DomainProfilerAspect] [21] - AROUND step:Submit.Bar
2021-02-04 12:20:33,706 [main] INFO  [io.github.dddplus.runtime.StepsExecTemplate] [94] - revised steps:[Bar]
2021-02-04 12:20:33,706 [main] INFO  [io.github.dddplus.runtime.registry.mock.interceptor.DomainProfilerAspect] [21] - AROUND step:Submit.Bar
2021-02-04 12:20:33,706 [main] INFO  [io.github.dddplus.runtime.StepsExecTemplate] [94] - revised steps:[Bar]
2021-02-04 12:20:33,706 [main] INFO  [io.github.dddplus.runtime.registry.mock.interceptor.DomainProfilerAspect] [21] - AROUND step:Submit.Bar
2021-02-04 12:20:33,706 [main] INFO  [io.github.dddplus.runtime.StepsExecTemplate] [94] - revised steps:[Bar]
2021-02-04 12:20:33,707 [main] INFO  [io.github.dddplus.runtime.registry.mock.interceptor.DomainProfilerAspect] [21] - AROUND step:Submit.Bar
2021-02-04 12:20:33,707 [main] INFO  [io.github.dddplus.runtime.StepsExecTemplate] [94] - revised steps:[Bar]
2021-02-04 12:20:33,707 [main] INFO  [io.github.dddplus.runtime.registry.mock.interceptor.DomainProfilerAspect] [21] - AROUND step:Submit.Bar
2021-02-04 12:20:33,707 [main] INFO  [io.github.dddplus.runtime.StepsExecTemplate] [94] - revised steps:[Bar]
2021-02-04 12:20:33,707 [main] INFO  [io.github.dddplus.runtime.registry.mock.interceptor.DomainProfilerAspect] [21] - AROUND step:Submit.Bar
2021-02-04 12:20:33,708 [main] INFO  [io.github.dddplus.runtime.StepsExecTemplate] [94] - revised steps:[Bar]
2021-02-04 12:20:33,708 [main] INFO  [io.github.dddplus.runtime.registry.mock.interceptor.DomainProfilerAspect] [21] - AROUND step:Submit.Bar
2021-02-04 12:20:33,708 [main] INFO  [io.github.dddplus.runtime.StepsExecTemplate] [94] - revised steps:[Bar]
2021-02-04 12:20:33,708 [main] INFO  [io.github.dddplus.runtime.registry.mock.interceptor.DomainProfilerAspect] [21] - AROUND step:Submit.Bar
2021-02-04 12:20:33,709 [main] INFO  [io.github.dddplus.runtime.StepsExecTemplate] [94] - revised steps:[Bar]
2021-02-04 12:20:33,709 [main] INFO  [io.github.dddplus.runtime.registry.mock.interceptor.DomainProfilerAspect] [21] - AROUND step:Submit.Bar
2021-02-04 12:20:33,709 [main] INFO  [io.github.dddplus.runtime.StepsExecTemplate] [94] - revised steps:[Bar]
2021-02-04 12:20:33,709 [main] INFO  [io.github.dddplus.runtime.registry.mock.interceptor.DomainProfilerAspect] [21] - AROUND step:Submit.Bar
2021-02-04 12:20:33,709 [main] INFO  [io.github.dddplus.runtime.StepsExecTemplate] [94] - revised steps:[Bar]
2021-02-04 12:20:33,710 [main] INFO  [io.github.dddplus.runtime.registry.mock.interceptor.DomainProfilerAspect] [21] - AROUND step:Submit.Bar
2021-02-04 12:20:33,710 [main] INFO  [io.github.dddplus.runtime.StepsExecTemplate] [94] - revised steps:[Bar]
2021-02-04 12:20:33,710 [main] INFO  [io.github.dddplus.runtime.registry.mock.interceptor.DomainProfilerAspect] [21] - AROUND step:Submit.Bar
2021-02-04 12:20:33,711 [main] INFO  [io.github.dddplus.runtime.StepsExecTemplate] [94] - revised steps:[Bar]
2021-02-04 12:20:33,711 [main] INFO  [io.github.dddplus.runtime.registry.mock.interceptor.DomainProfilerAspect] [21] - AROUND step:Submit.Bar
2021-02-04 12:20:33,711 [main] INFO  [io.github.dddplus.runtime.StepsExecTemplate] [94] - revised steps:[Bar]
2021-02-04 12:20:33,711 [main] INFO  [io.github.dddplus.runtime.registry.mock.interceptor.DomainProfilerAspect] [21] - AROUND step:Submit.Bar
2021-02-04 12:20:33,711 [main] INFO  [io.github.dddplus.runtime.StepsExecTemplate] [94] - revised steps:[Bar]
2021-02-04 12:20:33,712 [main] INFO  [io.github.dddplus.runtime.registry.mock.interceptor.DomainProfilerAspect] [21] - AROUND step:Submit.Bar
2021-02-04 12:20:33,712 [main] INFO  [io.github.dddplus.runtime.StepsExecTemplate] [94] - revised steps:[Bar]
2021-02-04 12:20:33,712 [main] INFO  [io.github.dddplus.runtime.registry.mock.interceptor.DomainProfilerAspect] [21] - AROUND step:Submit.Bar
2021-02-04 12:20:33,712 [main] INFO  [io.github.dddplus.runtime.StepsExecTemplate] [94] - revised steps:[Bar]
2021-02-04 12:20:33,712 [main] INFO  [io.github.dddplus.runtime.registry.mock.interceptor.DomainProfilerAspect] [21] - AROUND step:Submit.Bar
2021-02-04 12:20:33,713 [main] INFO  [io.github.dddplus.runtime.StepsExecTemplate] [94] - revised steps:[Bar]
2021-02-04 12:20:33,713 [main] INFO  [io.github.dddplus.runtime.registry.mock.interceptor.DomainProfilerAspect] [21] - AROUND step:Submit.Bar
2021-02-04 12:20:33,713 [main] INFO  [io.github.dddplus.runtime.StepsExecTemplate] [94] - revised steps:[Bar]
2021-02-04 12:20:33,713 [main] INFO  [io.github.dddplus.runtime.registry.mock.interceptor.DomainProfilerAspect] [21] - AROUND step:Submit.Bar
2021-02-04 12:20:33,714 [main] INFO  [io.github.dddplus.runtime.StepsExecTemplate] [94] - revised steps:[Bar]
2021-02-04 12:20:33,714 [main] INFO  [io.github.dddplus.runtime.registry.mock.interceptor.DomainProfilerAspect] [21] - AROUND step:Submit.Bar
2021-02-04 12:20:33,714 [main] INFO  [io.github.dddplus.runtime.StepsExecTemplate] [94] - revised steps:[Bar]
2021-02-04 12:20:33,714 [main] INFO  [io.github.dddplus.runtime.registry.mock.interceptor.DomainProfilerAspect] [21] - AROUND step:Submit.Bar
2021-02-04 12:20:33,715 [main] INFO  [io.github.dddplus.runtime.StepsExecTemplate] [94] - revised steps:[Bar]
2021-02-04 12:20:33,715 [main] INFO  [io.github.dddplus.runtime.registry.mock.interceptor.DomainProfilerAspect] [21] - AROUND step:Submit.Bar
2021-02-04 12:20:33,715 [main] INFO  [io.github.dddplus.runtime.StepsExecTemplate] [94] - revised steps:[Bar]
2021-02-04 12:20:33,715 [main] INFO  [io.github.dddplus.runtime.registry.mock.interceptor.DomainProfilerAspect] [21] - AROUND step:Submit.Bar
2021-02-04 12:20:33,715 [main] INFO  [io.github.dddplus.runtime.StepsExecTemplate] [94] - revised steps:[Bar]
2021-02-04 12:20:33,716 [main] INFO  [io.github.dddplus.runtime.registry.mock.interceptor.DomainProfilerAspect] [21] - AROUND step:Submit.Bar
2021-02-04 12:20:33,716 [main] INFO  [io.github.dddplus.runtime.StepsExecTemplate] [94] - revised steps:[Bar]
2021-02-04 12:20:33,716 [main] INFO  [io.github.dddplus.runtime.registry.mock.interceptor.DomainProfilerAspect] [21] - AROUND step:Submit.Bar
2021-02-04 12:20:33,716 [main] INFO  [io.github.dddplus.runtime.StepsExecTemplate] [94] - revised steps:[Bar]
2021-02-04 12:20:33,716 [main] INFO  [io.github.dddplus.runtime.registry.mock.interceptor.DomainProfilerAspect] [21] - AROUND step:Submit.Bar
2021-02-04 12:20:33,717 [main] INFO  [io.github.dddplus.runtime.StepsExecTemplate] [94] - revised steps:[Bar]
2021-02-04 12:20:33,717 [main] INFO  [io.github.dddplus.runtime.registry.mock.interceptor.DomainProfilerAspect] [21] - AROUND step:Submit.Bar
2021-02-04 12:20:33,717 [main] INFO  [io.github.dddplus.runtime.StepsExecTemplate] [94] - revised steps:[Bar]
2021-02-04 12:20:33,717 [main] INFO  [io.github.dddplus.runtime.registry.mock.interceptor.DomainProfilerAspect] [21] - AROUND step:Submit.Bar
2021-02-04 12:20:33,717 [main] INFO  [io.github.dddplus.runtime.StepsExecTemplate] [94] - revised steps:[Bar]
2021-02-04 12:20:33,718 [main] INFO  [io.github.dddplus.runtime.registry.mock.interceptor.DomainProfilerAspect] [21] - AROUND step:Submit.Bar
2021-02-04 12:20:33,718 [main] INFO  [io.github.dddplus.runtime.StepsExecTemplate] [94] - revised steps:[Bar]
2021-02-04 12:20:33,718 [main] INFO  [io.github.dddplus.runtime.registry.mock.interceptor.DomainProfilerAspect] [21] - AROUND step:Submit.Bar
2021-02-04 12:20:33,718 [main] INFO  [io.github.dddplus.runtime.StepsExecTemplate] [94] - revised steps:[Bar]
2021-02-04 12:20:33,718 [main] INFO  [io.github.dddplus.runtime.registry.mock.interceptor.DomainProfilerAspect] [21] - AROUND step:Submit.Bar
2021-02-04 12:20:33,719 [main] INFO  [io.github.dddplus.runtime.StepsExecTemplate] [94] - revised steps:[Bar]
2021-02-04 12:20:33,719 [main] INFO  [io.github.dddplus.runtime.registry.mock.interceptor.DomainProfilerAspect] [21] - AROUND step:Submit.Bar
2021-02-04 12:20:33,719 [main] INFO  [io.github.dddplus.runtime.StepsExecTemplate] [94] - revised steps:[Bar]
2021-02-04 12:20:33,719 [main] INFO  [io.github.dddplus.runtime.registry.mock.interceptor.DomainProfilerAspect] [21] - AROUND step:Submit.Bar
2021-02-04 12:20:33,720 [main] INFO  [io.github.dddplus.runtime.StepsExecTemplate] [94] - revised steps:[Bar]
2021-02-04 12:20:33,720 [main] INFO  [io.github.dddplus.runtime.registry.mock.interceptor.DomainProfilerAspect] [21] - AROUND step:Submit.Bar
2021-02-04 12:20:33,720 [main] INFO  [io.github.dddplus.runtime.StepsExecTemplate] [94] - revised steps:[Bar]
2021-02-04 12:20:33,720 [main] INFO  [io.github.dddplus.runtime.registry.mock.interceptor.DomainProfilerAspect] [21] - AROUND step:Submit.Bar
2021-02-04 12:20:33,720 [main] INFO  [io.github.dddplus.runtime.StepsExecTemplate] [94] - revised steps:[Bar]
2021-02-04 12:20:33,721 [main] INFO  [io.github.dddplus.runtime.registry.mock.interceptor.DomainProfilerAspect] [21] - AROUND step:Submit.Bar
2021-02-04 12:20:33,721 [main] INFO  [io.github.dddplus.runtime.StepsExecTemplate] [94] - revised steps:[Bar]
2021-02-04 12:20:33,721 [main] INFO  [io.github.dddplus.runtime.registry.mock.interceptor.DomainProfilerAspect] [21] - AROUND step:Submit.Bar
2021-02-04 12:20:33,721 [main] INFO  [io.github.dddplus.runtime.StepsExecTemplate] [94] - revised steps:[Bar]
2021-02-04 12:20:33,721 [main] INFO  [io.github.dddplus.runtime.registry.mock.interceptor.DomainProfilerAspect] [21] - AROUND step:Submit.Bar
2021-02-04 12:20:33,722 [main] INFO  [io.github.dddplus.runtime.StepsExecTemplate] [94] - revised steps:[Bar]
2021-02-04 12:20:33,722 [main] INFO  [io.github.dddplus.runtime.registry.mock.interceptor.DomainProfilerAspect] [21] - AROUND step:Submit.Bar
2021-02-04 12:20:33,722 [main] INFO  [io.github.dddplus.runtime.StepsExecTemplate] [94] - revised steps:[Bar]
2021-02-04 12:20:33,722 [main] INFO  [io.github.dddplus.runtime.registry.mock.interceptor.DomainProfilerAspect] [21] - AROUND step:Submit.Bar
2021-02-04 12:20:33,722 [main] INFO  [io.github.dddplus.runtime.StepsExecTemplate] [94] - revised steps:[Bar]
2021-02-04 12:20:33,723 [main] INFO  [io.github.dddplus.runtime.registry.mock.interceptor.DomainProfilerAspect] [21] - AROUND step:Submit.Bar
2021-02-04 12:20:33,723 [main] INFO  [io.github.dddplus.runtime.StepsExecTemplate] [94] - revised steps:[Bar]
2021-02-04 12:20:33,723 [main] INFO  [io.github.dddplus.runtime.registry.mock.interceptor.DomainProfilerAspect] [21] - AROUND step:Submit.Bar
2021-02-04 12:20:33,724 [main] INFO  [io.github.dddplus.runtime.StepsExecTemplate] [94] - revised steps:[Bar]
2021-02-04 12:20:33,724 [main] INFO  [io.github.dddplus.runtime.registry.mock.interceptor.DomainProfilerAspect] [21] - AROUND step:Submit.Bar
2021-02-04 12:20:33,724 [main] INFO  [io.github.dddplus.runtime.StepsExecTemplate] [94] - revised steps:[Bar]
2021-02-04 12:20:33,725 [main] INFO  [io.github.dddplus.runtime.registry.mock.interceptor.DomainProfilerAspect] [21] - AROUND step:Submit.Bar
2021-02-04 12:20:33,725 [main] INFO  [io.github.dddplus.runtime.StepsExecTemplate] [94] - revised steps:[Bar]
2021-02-04 12:20:33,725 [main] INFO  [io.github.dddplus.runtime.registry.mock.interceptor.DomainProfilerAspect] [21] - AROUND step:Submit.Bar
2021-02-04 12:20:33,725 [main] INFO  [io.github.dddplus.runtime.StepsExecTemplate] [94] - revised steps:[Bar]
2021-02-04 12:20:33,726 [main] INFO  [io.github.dddplus.runtime.registry.mock.interceptor.DomainProfilerAspect] [21] - AROUND step:Submit.Bar
2021-02-04 12:20:33,726 [main] INFO  [io.github.dddplus.runtime.StepsExecTemplate] [94] - revised steps:[Bar]
2021-02-04 12:20:33,726 [main] INFO  [io.github.dddplus.runtime.registry.mock.interceptor.DomainProfilerAspect] [21] - AROUND step:Submit.Bar
2021-02-04 12:20:33,726 [main] INFO  [io.github.dddplus.runtime.StepsExecTemplate] [94] - revised steps:[Bar]
2021-02-04 12:20:33,726 [main] INFO  [io.github.dddplus.runtime.registry.mock.interceptor.DomainProfilerAspect] [21] - AROUND step:Submit.Bar
2021-02-04 12:20:33,727 [main] INFO  [io.github.dddplus.runtime.StepsExecTemplate] [94] - revised steps:[Bar]
2021-02-04 12:20:33,727 [main] INFO  [io.github.dddplus.runtime.registry.mock.interceptor.DomainProfilerAspect] [21] - AROUND step:Submit.Bar
2021-02-04 12:20:33,727 [main] INFO  [io.github.dddplus.runtime.StepsExecTemplate] [94] - revised steps:[Bar]
2021-02-04 12:20:33,727 [main] INFO  [io.github.dddplus.runtime.registry.mock.interceptor.DomainProfilerAspect] [21] - AROUND step:Submit.Bar
2021-02-04 12:20:33,728 [main] INFO  [io.github.dddplus.runtime.StepsExecTemplate] [94] - revised steps:[Bar]
2021-02-04 12:20:33,728 [main] INFO  [io.github.dddplus.runtime.registry.mock.interceptor.DomainProfilerAspect] [21] - AROUND step:Submit.Bar
2021-02-04 12:20:33,728 [main] INFO  [io.github.dddplus.runtime.StepsExecTemplate] [94] - revised steps:[Bar]
2021-02-04 12:20:33,728 [main] INFO  [io.github.dddplus.runtime.registry.mock.interceptor.DomainProfilerAspect] [21] - AROUND step:Submit.Bar
2021-02-04 12:20:33,728 [main] INFO  [io.github.dddplus.runtime.StepsExecTemplate] [94] - revised steps:[Bar]
2021-02-04 12:20:33,729 [main] INFO  [io.github.dddplus.runtime.registry.mock.interceptor.DomainProfilerAspect] [21] - AROUND step:Submit.Bar
2021-02-04 12:20:33,729 [main] INFO  [io.github.dddplus.runtime.StepsExecTemplate] [94] - revised steps:[Bar]
2021-02-04 12:20:33,729 [main] INFO  [io.github.dddplus.runtime.registry.mock.interceptor.DomainProfilerAspect] [21] - AROUND step:Submit.Bar
2021-02-04 12:20:33,729 [main] INFO  [io.github.dddplus.runtime.StepsExecTemplate] [94] - revised steps:[Bar]
2021-02-04 12:20:33,729 [main] INFO  [io.github.dddplus.runtime.registry.mock.interceptor.DomainProfilerAspect] [21] - AROUND step:Submit.Bar
2021-02-04 12:20:33,730 [main] INFO  [io.github.dddplus.runtime.StepsExecTemplate] [94] - revised steps:[Bar]
2021-02-04 12:20:33,730 [main] INFO  [io.github.dddplus.runtime.registry.mock.interceptor.DomainProfilerAspect] [21] - AROUND step:Submit.Bar
2021-02-04 12:20:33,730 [main] INFO  [io.github.dddplus.runtime.StepsExecTemplate] [94] - revised steps:[Bar]
2021-02-04 12:20:33,730 [main] INFO  [io.github.dddplus.runtime.registry.mock.interceptor.DomainProfilerAspect] [21] - AROUND step:Submit.Bar
2021-02-04 12:20:33,730 [main] INFO  [io.github.dddplus.runtime.StepsExecTemplate] [94] - revised steps:[Bar]
2021-02-04 12:20:33,731 [main] INFO  [io.github.dddplus.runtime.registry.mock.interceptor.DomainProfilerAspect] [21] - AROUND step:Submit.Bar
2021-02-04 12:20:33,731 [main] INFO  [io.github.dddplus.runtime.StepsExecTemplate] [94] - revised steps:[Bar]
2021-02-04 12:20:33,731 [main] INFO  [io.github.dddplus.runtime.registry.mock.interceptor.DomainProfilerAspect] [21] - AROUND step:Submit.Bar
2021-02-04 12:20:33,731 [main] INFO  [io.github.dddplus.runtime.StepsExecTemplate] [94] - revised steps:[Bar]
2021-02-04 12:20:33,732 [main] INFO  [io.github.dddplus.runtime.registry.mock.interceptor.DomainProfilerAspect] [21] - AROUND step:Submit.Bar
2021-02-04 12:20:33,732 [main] INFO  [io.github.dddplus.runtime.StepsExecTemplate] [94] - revised steps:[Bar]
2021-02-04 12:20:33,732 [main] INFO  [io.github.dddplus.runtime.registry.mock.interceptor.DomainProfilerAspect] [21] - AROUND step:Submit.Bar
2021-02-04 12:20:33,732 [main] INFO  [io.github.dddplus.runtime.StepsExecTemplate] [94] - revised steps:[Bar]
2021-02-04 12:20:33,732 [main] INFO  [io.github.dddplus.runtime.registry.mock.interceptor.DomainProfilerAspect] [21] - AROUND step:Submit.Bar
2021-02-04 12:20:33,733 [main] INFO  [io.github.dddplus.runtime.StepsExecTemplate] [94] - revised steps:[Bar]
2021-02-04 12:20:33,733 [main] INFO  [io.github.dddplus.runtime.registry.mock.interceptor.DomainProfilerAspect] [21] - AROUND step:Submit.Bar
2021-02-04 12:20:33,733 [main] INFO  [io.github.dddplus.runtime.StepsExecTemplate] [94] - revised steps:[Bar]
2021-02-04 12:20:33,733 [main] INFO  [io.github.dddplus.runtime.registry.mock.interceptor.DomainProfilerAspect] [21] - AROUND step:Submit.Bar
2021-02-04 12:20:33,733 [main] INFO  [io.github.dddplus.runtime.StepsExecTemplate] [94] - revised steps:[Bar]
2021-02-04 12:20:33,734 [main] INFO  [io.github.dddplus.runtime.registry.mock.interceptor.DomainProfilerAspect] [21] - AROUND step:Submit.Bar
2021-02-04 12:20:33,734 [main] INFO  [io.github.dddplus.runtime.StepsExecTemplate] [94] - revised steps:[Bar]
2021-02-04 12:20:33,734 [main] INFO  [io.github.dddplus.runtime.registry.mock.interceptor.DomainProfilerAspect] [21] - AROUND step:Submit.Bar
2021-02-04 12:20:33,734 [main] INFO  [io.github.dddplus.runtime.StepsExecTemplate] [94] - revised steps:[Bar]
2021-02-04 12:20:33,734 [main] INFO  [io.github.dddplus.runtime.registry.mock.interceptor.DomainProfilerAspect] [21] - AROUND step:Submit.Bar
2021-02-04 12:20:33,735 [main] INFO  [io.github.dddplus.runtime.StepsExecTemplate] [94] - revised steps:[Bar]
2021-02-04 12:20:33,735 [main] INFO  [io.github.dddplus.runtime.registry.mock.interceptor.DomainProfilerAspect] [21] - AROUND step:Submit.Bar
2021-02-04 12:20:33,735 [main] INFO  [io.github.dddplus.runtime.StepsExecTemplate] [94] - revised steps:[Bar]
2021-02-04 12:20:33,735 [main] INFO  [io.github.dddplus.runtime.registry.mock.interceptor.DomainProfilerAspect] [21] - AROUND step:Submit.Bar
2021-02-04 12:20:33,735 [main] INFO  [io.github.dddplus.runtime.StepsExecTemplate] [94] - revised steps:[Bar]
2021-02-04 12:20:33,735 [main] INFO  [io.github.dddplus.runtime.registry.mock.interceptor.DomainProfilerAspect] [21] - AROUND step:Submit.Bar
2021-02-04 12:20:33,736 [main] INFO  [io.github.dddplus.runtime.StepsExecTemplate] [94] - revised steps:[Bar]
2021-02-04 12:20:33,736 [main] INFO  [io.github.dddplus.runtime.registry.mock.interceptor.DomainProfilerAspect] [21] - AROUND step:Submit.Bar
2021-02-04 12:20:33,736 [main] INFO  [io.github.dddplus.runtime.StepsExecTemplate] [94] - revised steps:[Bar]
2021-02-04 12:20:33,736 [main] INFO  [io.github.dddplus.runtime.registry.mock.interceptor.DomainProfilerAspect] [21] - AROUND step:Submit.Bar
2021-02-04 12:20:33,736 [main] INFO  [io.github.dddplus.runtime.StepsExecTemplate] [94] - revised steps:[Bar]
2021-02-04 12:20:33,737 [main] INFO  [io.github.dddplus.runtime.registry.mock.interceptor.DomainProfilerAspect] [21] - AROUND step:Submit.Bar
2021-02-04 12:20:33,737 [main] INFO  [io.github.dddplus.runtime.StepsExecTemplate] [94] - revised steps:[Bar]
2021-02-04 12:20:33,737 [main] INFO  [io.github.dddplus.runtime.registry.mock.interceptor.DomainProfilerAspect] [21] - AROUND step:Submit.Bar
2021-02-04 12:20:33,737 [main] INFO  [io.github.dddplus.runtime.StepsExecTemplate] [94] - revised steps:[Bar]
2021-02-04 12:20:33,738 [main] INFO  [io.github.dddplus.runtime.registry.mock.interceptor.DomainProfilerAspect] [21] - AROUND step:Submit.Bar
2021-02-04 12:20:33,738 [main] INFO  [io.github.dddplus.runtime.StepsExecTemplate] [94] - revised steps:[Bar]
2021-02-04 12:20:33,738 [main] INFO  [io.github.dddplus.runtime.registry.mock.interceptor.DomainProfilerAspect] [21] - AROUND step:Submit.Bar
2021-02-04 12:20:33,738 [main] INFO  [io.github.dddplus.runtime.StepsExecTemplate] [94] - revised steps:[Bar]
2021-02-04 12:20:33,739 [main] INFO  [io.github.dddplus.runtime.registry.mock.interceptor.DomainProfilerAspect] [21] - AROUND step:Submit.Bar
2021-02-04 12:20:33,739 [main] INFO  [io.github.dddplus.runtime.StepsExecTemplate] [94] - revised steps:[Bar]
2021-02-04 12:20:33,739 [main] INFO  [io.github.dddplus.runtime.registry.mock.interceptor.DomainProfilerAspect] [21] - AROUND step:Submit.Bar
2021-02-04 12:20:33,739 [main] INFO  [io.github.dddplus.runtime.StepsExecTemplate] [94] - revised steps:[Bar]
2021-02-04 12:20:33,739 [main] INFO  [io.github.dddplus.runtime.registry.mock.interceptor.DomainProfilerAspect] [21] - AROUND step:Submit.Bar
2021-02-04 12:20:33,740 [main] INFO  [io.github.dddplus.runtime.StepsExecTemplate] [94] - revised steps:[Bar]
2021-02-04 12:20:33,740 [main] INFO  [io.github.dddplus.runtime.registry.mock.interceptor.DomainProfilerAspect] [21] - AROUND step:Submit.Bar
2021-02-04 12:20:33,740 [main] INFO  [io.github.dddplus.runtime.StepsExecTemplate] [94] - revised steps:[Bar]
2021-02-04 12:20:33,740 [main] INFO  [io.github.dddplus.runtime.registry.mock.interceptor.DomainProfilerAspect] [21] - AROUND step:Submit.Bar
2021-02-04 12:20:33,740 [main] INFO  [io.github.dddplus.runtime.StepsExecTemplate] [94] - revised steps:[Bar]
2021-02-04 12:20:33,741 [main] INFO  [io.github.dddplus.runtime.registry.mock.interceptor.DomainProfilerAspect] [21] - AROUND step:Submit.Bar
2021-02-04 12:20:33,741 [main] INFO  [io.github.dddplus.runtime.StepsExecTemplate] [94] - revised steps:[Bar]
2021-02-04 12:20:33,741 [main] INFO  [io.github.dddplus.runtime.registry.mock.interceptor.DomainProfilerAspect] [21] - AROUND step:Submit.Bar
2021-02-04 12:20:33,741 [main] INFO  [io.github.dddplus.runtime.StepsExecTemplate] [94] - revised steps:[Bar]
2021-02-04 12:20:33,741 [main] INFO  [io.github.dddplus.runtime.registry.mock.interceptor.DomainProfilerAspect] [21] - AROUND step:Submit.Bar
2021-02-04 12:20:33,742 [main] INFO  [io.github.dddplus.runtime.StepsExecTemplate] [94] - revised steps:[Bar]
2021-02-04 12:20:33,742 [main] INFO  [io.github.dddplus.runtime.registry.mock.interceptor.DomainProfilerAspect] [21] - AROUND step:Submit.Bar
2021-02-04 12:20:33,742 [main] INFO  [io.github.dddplus.runtime.StepsExecTemplate] [94] - revised steps:[Bar]
2021-02-04 12:20:33,742 [main] ERROR [io.github.dddplus.runtime.StepsExecTemplate] [99] - Steps revision seem to encounter dead loop, abort after 100 model:FooModel(partnerCode=ddd.cn.ka, b2c=false, letFooThrowException=false, willSleepLong=false, willThrowRuntimeException=false, willThrowOOM=false, redecide=false, redecideDeadLoop=true, stepsRevised=false, willRollback=false, willRollbackInvalid=false, sleepExtTimeout=false, foo=0)
Feb 04, 2021 12:20:33 PM org.springframework.test.context.support.DefaultTestContextBootstrapper getDefaultTestExecutionListenerClassNames
INFO: Loaded default TestExecutionListener class names from location [META-INF/spring.factories]: [org.springframework.test.context.web.ServletTestExecutionListener, org.springframework.test.context.support.DirtiesContextBeforeModesTestExecutionListener, org.springframework.test.context.support.DependencyInjectionTestExecutionListener, org.springframework.test.context.support.DirtiesContextTestExecutionListener, org.springframework.test.context.transaction.TransactionalTestExecutionListener, org.springframework.test.context.jdbc.SqlScriptsTestExecutionListener]
Feb 04, 2021 12:20:33 PM org.springframework.test.context.support.DefaultTestContextBootstrapper instantiateListeners
INFO: Could not instantiate TestExecutionListener [org.springframework.test.context.jdbc.SqlScriptsTestExecutionListener]. Specify custom listener classes or make the default listener classes (and their required dependencies) available. Offending class: [org/springframework/transaction/interceptor/TransactionAttribute]
Feb 04, 2021 12:20:33 PM org.springframework.test.context.support.DefaultTestContextBootstrapper instantiateListeners
INFO: Could not instantiate TestExecutionListener [org.springframework.test.context.web.ServletTestExecutionListener]. Specify custom listener classes or make the default listener classes (and their required dependencies) available. Offending class: [javax/servlet/ServletContext]
Feb 04, 2021 12:20:33 PM org.springframework.test.context.support.DefaultTestContextBootstrapper instantiateListeners
INFO: Could not instantiate TestExecutionListener [org.springframework.test.context.transaction.TransactionalTestExecutionListener]. Specify custom listener classes or make the default listener classes (and their required dependencies) available. Offending class: [org/springframework/transaction/TransactionDefinition]
Feb 04, 2021 12:20:33 PM org.springframework.test.context.support.DefaultTestContextBootstrapper getTestExecutionListeners
INFO: Using TestExecutionListeners: [org.springframework.test.context.support.DirtiesContextBeforeModesTestExecutionListener@5c448ef, org.springframework.test.context.support.DependencyInjectionTestExecutionListener@703e8050, org.springframework.test.context.support.DirtiesContextTestExecutionListener@49c1e294]
2021-02-04 12:20:33,748 [main] WARN  [io.github.dddplus.runtime.registry.InternalIndexer] [172] - expected:1, got:0 domain steps
Feb 04, 2021 12:20:33 PM org.springframework.test.context.support.DefaultTestContextBootstrapper getDefaultTestExecutionListenerClassNames
INFO: Loaded default TestExecutionListener class names from location [META-INF/spring.factories]: [org.springframework.test.context.web.ServletTestExecutionListener, org.springframework.test.context.support.DirtiesContextBeforeModesTestExecutionListener, org.springframework.test.context.support.DependencyInjectionTestExecutionListener, org.springframework.test.context.support.DirtiesContextTestExecutionListener, org.springframework.test.context.transaction.TransactionalTestExecutionListener, org.springframework.test.context.jdbc.SqlScriptsTestExecutionListener]
Feb 04, 2021 12:20:33 PM org.springframework.test.context.support.DefaultTestContextBootstrapper instantiateListeners
INFO: Could not instantiate TestExecutionListener [org.springframework.test.context.jdbc.SqlScriptsTestExecutionListener]. Specify custom listener classes or make the default listener classes (and their required dependencies) available. Offending class: [org/springframework/transaction/interceptor/TransactionAttribute]
Feb 04, 2021 12:20:33 PM org.springframework.test.context.support.DefaultTestContextBootstrapper instantiateListeners
INFO: Could not instantiate TestExecutionListener [org.springframework.test.context.web.ServletTestExecutionListener]. Specify custom listener classes or make the default listener classes (and their required dependencies) available. Offending class: [javax/servlet/ServletContext]
Feb 04, 2021 12:20:33 PM org.springframework.test.context.support.DefaultTestContextBootstrapper instantiateListeners
INFO: Could not instantiate TestExecutionListener [org.springframework.test.context.transaction.TransactionalTestExecutionListener]. Specify custom listener classes or make the default listener classes (and their required dependencies) available. Offending class: [org/springframework/transaction/TransactionDefinition]
Feb 04, 2021 12:20:33 PM org.springframework.test.context.support.DefaultTestContextBootstrapper getTestExecutionListeners
INFO: Using TestExecutionListeners: [org.springframework.test.context.support.DirtiesContextBeforeModesTestExecutionListener@1c6a0103, org.springframework.test.context.support.DependencyInjectionTestExecutionListener@7841bd30, org.springframework.test.context.support.DirtiesContextTestExecutionListener@45c80312]
2021-02-04 12:20:34,255 [main] ERROR [io.github.dddplus.runtime.ExtensionInvocationHandler] [103] - timed out:500ms, io.github.dddplus.runtime.registry.mock.extension.B2BExt@723742b2 method:execute args:[FooModel(partnerCode=, b2c=false, letFooThrowException=false, willSleepLong=true, willThrowRuntimeException=false, willThrowOOM=false, redecide=false, redecideDeadLoop=false, stepsRevised=false, willRollback=false, willRollbackInvalid=false, sleepExtTimeout=false, foo=0)]
Feb 04, 2021 12:20:34 PM org.springframework.test.context.support.DefaultTestContextBootstrapper getDefaultTestExecutionListenerClassNames
INFO: Loaded default TestExecutionListener class names from location [META-INF/spring.factories]: [org.springframework.test.context.web.ServletTestExecutionListener, org.springframework.test.context.support.DirtiesContextBeforeModesTestExecutionListener, org.springframework.test.context.support.DependencyInjectionTestExecutionListener, org.springframework.test.context.support.DirtiesContextTestExecutionListener, org.springframework.test.context.transaction.TransactionalTestExecutionListener, org.springframework.test.context.jdbc.SqlScriptsTestExecutionListener]
Feb 04, 2021 12:20:34 PM org.springframework.test.context.support.DefaultTestContextBootstrapper instantiateListeners
INFO: Could not instantiate TestExecutionListener [org.springframework.test.context.jdbc.SqlScriptsTestExecutionListener]. Specify custom listener classes or make the default listener classes (and their required dependencies) available. Offending class: [org/springframework/transaction/interceptor/TransactionAttribute]
Feb 04, 2021 12:20:34 PM org.springframework.test.context.support.DefaultTestContextBootstrapper instantiateListeners
INFO: Could not instantiate TestExecutionListener [org.springframework.test.context.web.ServletTestExecutionListener]. Specify custom listener classes or make the default listener classes (and their required dependencies) available. Offending class: [javax/servlet/ServletContext]
Feb 04, 2021 12:20:34 PM org.springframework.test.context.support.DefaultTestContextBootstrapper instantiateListeners
INFO: Could not instantiate TestExecutionListener [org.springframework.test.context.transaction.TransactionalTestExecutionListener]. Specify custom listener classes or make the default listener classes (and their required dependencies) available. Offending class: [org/springframework/transaction/TransactionDefinition]
Feb 04, 2021 12:20:34 PM org.springframework.test.context.support.DefaultTestContextBootstrapper getTestExecutionListeners
INFO: Using TestExecutionListeners: [org.springframework.test.context.support.DirtiesContextBeforeModesTestExecutionListener@106c988, org.springframework.test.context.support.DependencyInjectionTestExecutionListener@21274afe, org.springframework.test.context.support.DirtiesContextTestExecutionListener@76a362a4]
Feb 04, 2021 12:20:34 PM org.springframework.test.context.support.DefaultTestContextBootstrapper getDefaultTestExecutionListenerClassNames
INFO: Loaded default TestExecutionListener class names from location [META-INF/spring.factories]: [org.springframework.test.context.web.ServletTestExecutionListener, org.springframework.test.context.support.DirtiesContextBeforeModesTestExecutionListener, org.springframework.test.context.support.DependencyInjectionTestExecutionListener, org.springframework.test.context.support.DirtiesContextTestExecutionListener, org.springframework.test.context.transaction.TransactionalTestExecutionListener, org.springframework.test.context.jdbc.SqlScriptsTestExecutionListener]
Feb 04, 2021 12:20:34 PM org.springframework.test.context.support.DefaultTestContextBootstrapper instantiateListeners
INFO: Could not instantiate TestExecutionListener [org.springframework.test.context.jdbc.SqlScriptsTestExecutionListener]. Specify custom listener classes or make the default listener classes (and their required dependencies) available. Offending class: [org/springframework/transaction/interceptor/TransactionAttribute]
Feb 04, 2021 12:20:34 PM org.springframework.test.context.support.DefaultTestContextBootstrapper instantiateListeners
INFO: Could not instantiate TestExecutionListener [org.springframework.test.context.web.ServletTestExecutionListener]. Specify custom listener classes or make the default listener classes (and their required dependencies) available. Offending class: [javax/servlet/ServletContext]
Feb 04, 2021 12:20:34 PM org.springframework.test.context.support.DefaultTestContextBootstrapper instantiateListeners
INFO: Could not instantiate TestExecutionListener [org.springframework.test.context.transaction.TransactionalTestExecutionListener]. Specify custom listener classes or make the default listener classes (and their required dependencies) available. Offending class: [org/springframework/transaction/TransactionDefinition]
Feb 04, 2021 12:20:34 PM org.springframework.test.context.support.DefaultTestContextBootstrapper getTestExecutionListeners
INFO: Using TestExecutionListeners: [org.springframework.test.context.support.DirtiesContextBeforeModesTestExecutionListener@6b063470, org.springframework.test.context.support.DependencyInjectionTestExecutionListener@226d5af0, org.springframework.test.context.support.DirtiesContextTestExecutionListener@527937d0]
2021-02-04 12:20:34,269 [main] INFO  [io.github.dddplus.runtime.registry.mock.extension.B2CExt] [16] - 2
Feb 04, 2021 12:20:34 PM org.springframework.test.context.support.DefaultTestContextBootstrapper getDefaultTestExecutionListenerClassNames
INFO: Loaded default TestExecutionListener class names from location [META-INF/spring.factories]: [org.springframework.test.context.web.ServletTestExecutionListener, org.springframework.test.context.support.DirtiesContextBeforeModesTestExecutionListener, org.springframework.test.context.support.DependencyInjectionTestExecutionListener, org.springframework.test.context.support.DirtiesContextTestExecutionListener, org.springframework.test.context.transaction.TransactionalTestExecutionListener, org.springframework.test.context.jdbc.SqlScriptsTestExecutionListener]
Feb 04, 2021 12:20:34 PM org.springframework.test.context.support.DefaultTestContextBootstrapper instantiateListeners
INFO: Could not instantiate TestExecutionListener [org.springframework.test.context.jdbc.SqlScriptsTestExecutionListener]. Specify custom listener classes or make the default listener classes (and their required dependencies) available. Offending class: [org/springframework/transaction/interceptor/TransactionAttribute]
Feb 04, 2021 12:20:34 PM org.springframework.test.context.support.DefaultTestContextBootstrapper instantiateListeners
INFO: Could not instantiate TestExecutionListener [org.springframework.test.context.web.ServletTestExecutionListener]. Specify custom listener classes or make the default listener classes (and their required dependencies) available. Offending class: [javax/servlet/ServletContext]
Feb 04, 2021 12:20:34 PM org.springframework.test.context.support.DefaultTestContextBootstrapper instantiateListeners
INFO: Could not instantiate TestExecutionListener [org.springframework.test.context.transaction.TransactionalTestExecutionListener]. Specify custom listener classes or make the default listener classes (and their required dependencies) available. Offending class: [org/springframework/transaction/TransactionDefinition]
Feb 04, 2021 12:20:34 PM org.springframework.test.context.support.DefaultTestContextBootstrapper getTestExecutionListeners
INFO: Using TestExecutionListeners: [org.springframework.test.context.support.DirtiesContextBeforeModesTestExecutionListener@125f16b2, org.springframework.test.context.support.DependencyInjectionTestExecutionListener@5384ce66, org.springframework.test.context.support.DirtiesContextTestExecutionListener@6b42e36d]
2021-02-04 12:20:34,275 [main] INFO  [io.github.dddplus.runtime.registry.IntegrationTest] [496] - steps: [Baz, Foo, Bar]
2021-02-04 12:20:34,276 [main] INFO  [io.github.dddplus.runtime.registry.mock.interceptor.DomainProfilerAspect] [21] - AROUND step:Submit.Baz
2021-02-04 12:20:34,276 [main] INFO  [io.github.dddplus.runtime.registry.mock.step.BazStep] [18] - submit: FooModel(partnerCode=ddd.cn.ka, b2c=false, letFooThrowException=false, willSleepLong=false, willThrowRuntimeException=false, willThrowOOM=false, redecide=false, redecideDeadLoop=false, stepsRevised=false, willRollback=true, willRollbackInvalid=false, sleepExtTimeout=false, foo=0)
2021-02-04 12:20:34,276 [main] INFO  [io.github.dddplus.runtime.registry.mock.interceptor.DomainProfilerAspect] [21] - AROUND step:Submit.Foo
2021-02-04 12:20:34,277 [main] INFO  [io.github.dddplus.runtime.registry.mock.step.FooStep] [20] - submit: FooModel(partnerCode=ddd.cn.ka, b2c=false, letFooThrowException=false, willSleepLong=false, willThrowRuntimeException=false, willThrowOOM=false, redecide=false, redecideDeadLoop=false, stepsRevised=false, willRollback=true, willRollbackInvalid=false, sleepExtTimeout=false, foo=0)
2021-02-04 12:20:34,277 [main] INFO  [io.github.dddplus.runtime.registry.mock.interceptor.DomainProfilerAspect] [21] - AROUND step:Submit.Bar
2021-02-04 12:20:34,278 [main] ERROR [io.github.dddplus.runtime.StepsExecTemplate] [143] - Step:Submit.Bar fails for [Baz, Foo, Bar]
io.github.dddplus.runtime.registry.mock.exception.FooException: rollback on purpose
	at io.github.dddplus.runtime.registry.mock.step.BarStep.execute(BarStep.java:55) ~[test-classes/:?]
	at io.github.dddplus.runtime.registry.mock.step.BarStep.execute(BarStep.java:16) ~[test-classes/:?]
	at io.github.dddplus.runtime.registry.mock.step.BarStep$$FastClassBySpringCGLIB$$73800319.invoke(<generated>) ~[test-classes/:?]
	at org.springframework.cglib.proxy.MethodProxy.invoke(MethodProxy.java:204) ~[spring-core-4.3.12.RELEASE.jar:4.3.12.RELEASE]
	at org.springframework.aop.framework.CglibAopProxy$CglibMethodInvocation.invokeJoinpoint(CglibAopProxy.java:738) ~[spring-aop-4.3.12.RELEASE.jar:4.3.12.RELEASE]
	at org.springframework.aop.framework.ReflectiveMethodInvocation.proceed(ReflectiveMethodInvocation.java:157) ~[spring-aop-4.3.12.RELEASE.jar:4.3.12.RELEASE]
	at org.springframework.aop.aspectj.MethodInvocationProceedingJoinPoint.proceed(MethodInvocationProceedingJoinPoint.java:85) ~[spring-aop-4.3.12.RELEASE.jar:4.3.12.RELEASE]
	at io.github.dddplus.runtime.registry.mock.interceptor.DomainProfilerAspect.around(DomainProfilerAspect.java:28) ~[test-classes/:?]
	at sun.reflect.GeneratedMethodAccessor12.invoke(Unknown Source) ~[?:?]
	at sun.reflect.DelegatingMethodAccessorImpl.invoke(DelegatingMethodAccessorImpl.java:43) ~[?:1.8.0_262]
	at java.lang.reflect.Method.invoke(Method.java:498) ~[?:1.8.0_262]
	at org.springframework.aop.aspectj.AbstractAspectJAdvice.invokeAdviceMethodWithGivenArgs(AbstractAspectJAdvice.java:629) ~[spring-aop-4.3.12.RELEASE.jar:4.3.12.RELEASE]
	at org.springframework.aop.aspectj.AbstractAspectJAdvice.invokeAdviceMethod(AbstractAspectJAdvice.java:618) ~[spring-aop-4.3.12.RELEASE.jar:4.3.12.RELEASE]
	at org.springframework.aop.aspectj.AspectJAroundAdvice.invoke(AspectJAroundAdvice.java:70) ~[spring-aop-4.3.12.RELEASE.jar:4.3.12.RELEASE]
	at org.springframework.aop.framework.ReflectiveMethodInvocation.proceed(ReflectiveMethodInvocation.java:168) ~[spring-aop-4.3.12.RELEASE.jar:4.3.12.RELEASE]
	at org.springframework.aop.interceptor.ExposeInvocationInterceptor.invoke(ExposeInvocationInterceptor.java:92) ~[spring-aop-4.3.12.RELEASE.jar:4.3.12.RELEASE]
	at org.springframework.aop.framework.ReflectiveMethodInvocation.proceed(ReflectiveMethodInvocation.java:179) ~[spring-aop-4.3.12.RELEASE.jar:4.3.12.RELEASE]
	at org.springframework.aop.framework.CglibAopProxy$DynamicAdvisedInterceptor.intercept(CglibAopProxy.java:673) ~[spring-aop-4.3.12.RELEASE.jar:4.3.12.RELEASE]
	at io.github.dddplus.runtime.registry.mock.step.BarStep$$EnhancerBySpringCGLIB$$6de74a20.execute(<generated>) ~[test-classes/:?]
	at io.github.dddplus.runtime.StepsExecTemplate.executeSteps(StepsExecTemplate.java:125) ~[classes/:?]
	at io.github.dddplus.runtime.StepsExecTemplate.execute(StepsExecTemplate.java:87) ~[classes/:?]
	at io.github.dddplus.runtime.StepsExecTemplate.execute(StepsExecTemplate.java:52) ~[classes/:?]
	at io.github.dddplus.runtime.registry.IntegrationTest.stepsExecTemplateWithRollback(IntegrationTest.java:498) ~[test-classes/:?]
	at sun.reflect.NativeMethodAccessorImpl.invoke0(Native Method) ~[?:1.8.0_262]
	at sun.reflect.NativeMethodAccessorImpl.invoke(NativeMethodAccessorImpl.java:62) ~[?:1.8.0_262]
	at sun.reflect.DelegatingMethodAccessorImpl.invoke(DelegatingMethodAccessorImpl.java:43) ~[?:1.8.0_262]
	at java.lang.reflect.Method.invoke(Method.java:498) ~[?:1.8.0_262]
	at org.junit.runners.model.FrameworkMethod$1.runReflectiveCall(FrameworkMethod.java:59) ~[junit-4.13.1.jar:4.13.1]
	at org.junit.internal.runners.model.ReflectiveCallable.run(ReflectiveCallable.java:12) ~[junit-4.13.1.jar:4.13.1]
	at org.junit.runners.model.FrameworkMethod.invokeExplosively(FrameworkMethod.java:56) ~[junit-4.13.1.jar:4.13.1]
	at org.junit.internal.runners.statements.InvokeMethod.evaluate(InvokeMethod.java:17) ~[junit-4.13.1.jar:4.13.1]
	at org.junit.internal.runners.statements.RunBefores.evaluate(RunBefores.java:26) ~[junit-4.13.1.jar:4.13.1]
	at org.springframework.test.context.junit4.statements.RunBeforeTestMethodCallbacks.evaluate(RunBeforeTestMethodCallbacks.java:75) ~[spring-test-4.3.12.RELEASE.jar:4.3.12.RELEASE]
	at org.springframework.test.context.junit4.statements.RunAfterTestMethodCallbacks.evaluate(RunAfterTestMethodCallbacks.java:86) ~[spring-test-4.3.12.RELEASE.jar:4.3.12.RELEASE]
	at org.springframework.test.context.junit4.statements.SpringRepeat.evaluate(SpringRepeat.java:84) ~[spring-test-4.3.12.RELEASE.jar:4.3.12.RELEASE]
	at org.junit.runners.ParentRunner.runLeaf(ParentRunner.java:366) ~[junit-4.13.1.jar:4.13.1]
	at org.springframework.test.context.junit4.SpringJUnit4ClassRunner.runChild(SpringJUnit4ClassRunner.java:252) ~[spring-test-4.3.12.RELEASE.jar:4.3.12.RELEASE]
	at org.springframework.test.context.junit4.SpringJUnit4ClassRunner.runChild(SpringJUnit4ClassRunner.java:94) ~[spring-test-4.3.12.RELEASE.jar:4.3.12.RELEASE]
	at org.junit.runners.ParentRunner$4.run(ParentRunner.java:331) ~[junit-4.13.1.jar:4.13.1]
	at org.junit.runners.ParentRunner$1.schedule(ParentRunner.java:79) ~[junit-4.13.1.jar:4.13.1]
	at org.junit.runners.ParentRunner.runChildren(ParentRunner.java:329) ~[junit-4.13.1.jar:4.13.1]
	at org.junit.runners.ParentRunner.access$100(ParentRunner.java:66) ~[junit-4.13.1.jar:4.13.1]
	at org.junit.runners.ParentRunner$2.evaluate(ParentRunner.java:293) ~[junit-4.13.1.jar:4.13.1]
	at org.springframework.test.context.junit4.statements.RunBeforeTestClassCallbacks.evaluate(RunBeforeTestClassCallbacks.java:61) ~[spring-test-4.3.12.RELEASE.jar:4.3.12.RELEASE]
	at org.springframework.test.context.junit4.statements.RunAfterTestClassCallbacks.evaluate(RunAfterTestClassCallbacks.java:70) ~[spring-test-4.3.12.RELEASE.jar:4.3.12.RELEASE]
	at org.junit.runners.ParentRunner$3.evaluate(ParentRunner.java:306) ~[junit-4.13.1.jar:4.13.1]
	at org.junit.runners.ParentRunner.run(ParentRunner.java:413) ~[junit-4.13.1.jar:4.13.1]
	at org.springframework.test.context.junit4.SpringJUnit4ClassRunner.run(SpringJUnit4ClassRunner.java:191) ~[spring-test-4.3.12.RELEASE.jar:4.3.12.RELEASE]
	at edu.illinois.cs.testrunner.execution.JUnitTestRunner$4.evaluate(JUnitTestRunner.java:383) ~[testrunner-running-1.0.jar:?]
	at edu.illinois.cs.testrunner.execution.JUnitTestRunner.runChild(JUnitTestRunner.java:351) ~[testrunner-running-1.0.jar:?]
	at edu.illinois.cs.testrunner.execution.JUnitTestRunner.run(JUnitTestRunner.java:109) ~[testrunner-running-1.0.jar:?]
	at org.junit.runner.JUnitCore.run(JUnitCore.java:137) ~[junit-4.13.1.jar:4.13.1]
	at edu.illinois.cs.testrunner.execution.JUnitTestExecutor.execute(JUnitTestExecutor.java:292) ~[testrunner-running-1.0.jar:?]
	at edu.illinois.cs.testrunner.execution.JUnitTestExecutor.execute(JUnitTestExecutor.java:328) ~[testrunner-running-1.0.jar:?]
	at edu.illinois.cs.testrunner.execution.JUnitTestExecutor.executeWithJUnit4Runner(JUnitTestExecutor.java:366) ~[testrunner-running-1.0.jar:?]
	at edu.illinois.cs.testrunner.execution.JUnitTestExecutor.runOrder(JUnitTestExecutor.java:47) ~[testrunner-running-1.0.jar:?]
	at edu.illinois.cs.testrunner.execution.Executor$.$anonfun$run$1(Executor.scala:30) ~[testrunner-running-1.0.jar:?]
	at scala.runtime.java8.JFunction0$mcV$sp.apply(JFunction0$mcV$sp.java:12) [scala-library-2.12.6.jar:?]
	at scala.util.Try$.apply(Try.scala:209) [scala-library-2.12.6.jar:?]
	at edu.illinois.cs.testrunner.execution.Executor$.run(Executor.scala:28) [testrunner-running-1.0.jar:?]
	at edu.illinois.cs.testrunner.execution.Executor$.main(Executor.scala:18) [testrunner-running-1.0.jar:?]
	at edu.illinois.cs.testrunner.execution.Executor.main(Executor.scala) [testrunner-running-1.0.jar:?]
2021-02-04 12:20:34,290 [main] WARN  [io.github.dddplus.runtime.registry.mock.step.FooStep] [41] - foo rollback, cause: rollback on purpose
2021-02-04 12:20:34,291 [main] ERROR [io.github.dddplus.runtime.StepsExecTemplate] [219] - step:Foo rollback err ignored, model:FooModel(partnerCode=ddd.cn.ka, b2c=false, letFooThrowException=false, willSleepLong=false, willThrowRuntimeException=false, willThrowOOM=false, redecide=false, redecideDeadLoop=false, stepsRevised=false, willRollback=true, willRollbackInvalid=false, sleepExtTimeout=false, foo=0)
java.lang.RuntimeException: this exception will be ignored by StepsExecTemplate
	at io.github.dddplus.runtime.registry.mock.step.FooStep.rollback(FooStep.java:48) ~[test-classes/:?]
	at io.github.dddplus.runtime.registry.mock.step.FooStep.rollback(FooStep.java:13) ~[test-classes/:?]
	at io.github.dddplus.runtime.registry.mock.step.FooStep$$FastClassBySpringCGLIB$$5ed2824c.invoke(<generated>) ~[test-classes/:?]
	at org.springframework.cglib.proxy.MethodProxy.invoke(MethodProxy.java:204) ~[spring-core-4.3.12.RELEASE.jar:4.3.12.RELEASE]
	at org.springframework.aop.framework.CglibAopProxy$CglibMethodInvocation.invokeJoinpoint(CglibAopProxy.java:738) ~[spring-aop-4.3.12.RELEASE.jar:4.3.12.RELEASE]
	at org.springframework.aop.framework.ReflectiveMethodInvocation.proceed(ReflectiveMethodInvocation.java:157) ~[spring-aop-4.3.12.RELEASE.jar:4.3.12.RELEASE]
	at org.springframework.aop.interceptor.ExposeInvocationInterceptor.invoke(ExposeInvocationInterceptor.java:92) ~[spring-aop-4.3.12.RELEASE.jar:4.3.12.RELEASE]
	at org.springframework.aop.framework.ReflectiveMethodInvocation.proceed(ReflectiveMethodInvocation.java:179) ~[spring-aop-4.3.12.RELEASE.jar:4.3.12.RELEASE]
	at org.springframework.aop.framework.CglibAopProxy$DynamicAdvisedInterceptor.intercept(CglibAopProxy.java:673) ~[spring-aop-4.3.12.RELEASE.jar:4.3.12.RELEASE]
	at io.github.dddplus.runtime.registry.mock.step.FooStep$$EnhancerBySpringCGLIB$$e3e25f99.rollback(<generated>) ~[test-classes/:?]
	at io.github.dddplus.runtime.StepsExecTemplate.safeRollbackExecutedSteps(StepsExecTemplate.java:217) ~[classes/:?]
	at io.github.dddplus.runtime.StepsExecTemplate.executeSteps(StepsExecTemplate.java:155) ~[classes/:?]
	at io.github.dddplus.runtime.StepsExecTemplate.execute(StepsExecTemplate.java:87) ~[classes/:?]
	at io.github.dddplus.runtime.StepsExecTemplate.execute(StepsExecTemplate.java:52) ~[classes/:?]
	at io.github.dddplus.runtime.registry.IntegrationTest.stepsExecTemplateWithRollback(IntegrationTest.java:498) ~[test-classes/:?]
	at sun.reflect.NativeMethodAccessorImpl.invoke0(Native Method) ~[?:1.8.0_262]
	at sun.reflect.NativeMethodAccessorImpl.invoke(NativeMethodAccessorImpl.java:62) ~[?:1.8.0_262]
	at sun.reflect.DelegatingMethodAccessorImpl.invoke(DelegatingMethodAccessorImpl.java:43) ~[?:1.8.0_262]
	at java.lang.reflect.Method.invoke(Method.java:498) ~[?:1.8.0_262]
	at org.junit.runners.model.FrameworkMethod$1.runReflectiveCall(FrameworkMethod.java:59) ~[junit-4.13.1.jar:4.13.1]
	at org.junit.internal.runners.model.ReflectiveCallable.run(ReflectiveCallable.java:12) ~[junit-4.13.1.jar:4.13.1]
	at org.junit.runners.model.FrameworkMethod.invokeExplosively(FrameworkMethod.java:56) ~[junit-4.13.1.jar:4.13.1]
	at org.junit.internal.runners.statements.InvokeMethod.evaluate(InvokeMethod.java:17) ~[junit-4.13.1.jar:4.13.1]
	at org.junit.internal.runners.statements.RunBefores.evaluate(RunBefores.java:26) ~[junit-4.13.1.jar:4.13.1]
	at org.springframework.test.context.junit4.statements.RunBeforeTestMethodCallbacks.evaluate(RunBeforeTestMethodCallbacks.java:75) ~[spring-test-4.3.12.RELEASE.jar:4.3.12.RELEASE]
	at org.springframework.test.context.junit4.statements.RunAfterTestMethodCallbacks.evaluate(RunAfterTestMethodCallbacks.java:86) ~[spring-test-4.3.12.RELEASE.jar:4.3.12.RELEASE]
	at org.springframework.test.context.junit4.statements.SpringRepeat.evaluate(SpringRepeat.java:84) ~[spring-test-4.3.12.RELEASE.jar:4.3.12.RELEASE]
	at org.junit.runners.ParentRunner.runLeaf(ParentRunner.java:366) ~[junit-4.13.1.jar:4.13.1]
	at org.springframework.test.context.junit4.SpringJUnit4ClassRunner.runChild(SpringJUnit4ClassRunner.java:252) ~[spring-test-4.3.12.RELEASE.jar:4.3.12.RELEASE]
	at org.springframework.test.context.junit4.SpringJUnit4ClassRunner.runChild(SpringJUnit4ClassRunner.java:94) ~[spring-test-4.3.12.RELEASE.jar:4.3.12.RELEASE]
	at org.junit.runners.ParentRunner$4.run(ParentRunner.java:331) ~[junit-4.13.1.jar:4.13.1]
	at org.junit.runners.ParentRunner$1.schedule(ParentRunner.java:79) ~[junit-4.13.1.jar:4.13.1]
	at org.junit.runners.ParentRunner.runChildren(ParentRunner.java:329) ~[junit-4.13.1.jar:4.13.1]
	at org.junit.runners.ParentRunner.access$100(ParentRunner.java:66) ~[junit-4.13.1.jar:4.13.1]
	at org.junit.runners.ParentRunner$2.evaluate(ParentRunner.java:293) ~[junit-4.13.1.jar:4.13.1]
	at org.springframework.test.context.junit4.statements.RunBeforeTestClassCallbacks.evaluate(RunBeforeTestClassCallbacks.java:61) ~[spring-test-4.3.12.RELEASE.jar:4.3.12.RELEASE]
	at org.springframework.test.context.junit4.statements.RunAfterTestClassCallbacks.evaluate(RunAfterTestClassCallbacks.java:70) ~[spring-test-4.3.12.RELEASE.jar:4.3.12.RELEASE]
	at org.junit.runners.ParentRunner$3.evaluate(ParentRunner.java:306) ~[junit-4.13.1.jar:4.13.1]
	at org.junit.runners.ParentRunner.run(ParentRunner.java:413) ~[junit-4.13.1.jar:4.13.1]
	at org.springframework.test.context.junit4.SpringJUnit4ClassRunner.run(SpringJUnit4ClassRunner.java:191) ~[spring-test-4.3.12.RELEASE.jar:4.3.12.RELEASE]
	at edu.illinois.cs.testrunner.execution.JUnitTestRunner$4.evaluate(JUnitTestRunner.java:383) ~[testrunner-running-1.0.jar:?]
	at edu.illinois.cs.testrunner.execution.JUnitTestRunner.runChild(JUnitTestRunner.java:351) ~[testrunner-running-1.0.jar:?]
	at edu.illinois.cs.testrunner.execution.JUnitTestRunner.run(JUnitTestRunner.java:109) ~[testrunner-running-1.0.jar:?]
	at org.junit.runner.JUnitCore.run(JUnitCore.java:137) ~[junit-4.13.1.jar:4.13.1]
	at edu.illinois.cs.testrunner.execution.JUnitTestExecutor.execute(JUnitTestExecutor.java:292) ~[testrunner-running-1.0.jar:?]
	at edu.illinois.cs.testrunner.execution.JUnitTestExecutor.execute(JUnitTestExecutor.java:328) ~[testrunner-running-1.0.jar:?]
	at edu.illinois.cs.testrunner.execution.JUnitTestExecutor.executeWithJUnit4Runner(JUnitTestExecutor.java:366) ~[testrunner-running-1.0.jar:?]
	at edu.illinois.cs.testrunner.execution.JUnitTestExecutor.runOrder(JUnitTestExecutor.java:47) ~[testrunner-running-1.0.jar:?]
	at edu.illinois.cs.testrunner.execution.Executor$.$anonfun$run$1(Executor.scala:30) ~[testrunner-running-1.0.jar:?]
	at scala.runtime.java8.JFunction0$mcV$sp.apply(JFunction0$mcV$sp.java:12) [scala-library-2.12.6.jar:?]
	at scala.util.Try$.apply(Try.scala:209) [scala-library-2.12.6.jar:?]
	at edu.illinois.cs.testrunner.execution.Executor$.run(Executor.scala:28) [testrunner-running-1.0.jar:?]
	at edu.illinois.cs.testrunner.execution.Executor$.main(Executor.scala:18) [testrunner-running-1.0.jar:?]
	at edu.illinois.cs.testrunner.execution.Executor.main(Executor.scala) [testrunner-running-1.0.jar:?]
2021-02-04 12:20:34,293 [main] INFO  [io.github.dddplus.runtime.registry.mock.step.BazStep] [30] - baz rollback for FooModel(partnerCode=ddd.cn.ka, b2c=false, letFooThrowException=false, willSleepLong=false, willThrowRuntimeException=false, willThrowOOM=false, redecide=false, redecideDeadLoop=false, stepsRevised=false, willRollback=true, willRollbackInvalid=false, sleepExtTimeout=false, foo=0)
Feb 04, 2021 12:20:34 PM org.springframework.test.context.support.DefaultTestContextBootstrapper getDefaultTestExecutionListenerClassNames
INFO: Loaded default TestExecutionListener class names from location [META-INF/spring.factories]: [org.springframework.test.context.web.ServletTestExecutionListener, org.springframework.test.context.support.DirtiesContextBeforeModesTestExecutionListener, org.springframework.test.context.support.DependencyInjectionTestExecutionListener, org.springframework.test.context.support.DirtiesContextTestExecutionListener, org.springframework.test.context.transaction.TransactionalTestExecutionListener, org.springframework.test.context.jdbc.SqlScriptsTestExecutionListener]
Feb 04, 2021 12:20:34 PM org.springframework.test.context.support.DefaultTestContextBootstrapper instantiateListeners
INFO: Could not instantiate TestExecutionListener [org.springframework.test.context.jdbc.SqlScriptsTestExecutionListener]. Specify custom listener classes or make the default listener classes (and their required dependencies) available. Offending class: [org/springframework/transaction/interceptor/TransactionAttribute]
Feb 04, 2021 12:20:34 PM org.springframework.test.context.support.DefaultTestContextBootstrapper instantiateListeners
INFO: Could not instantiate TestExecutionListener [org.springframework.test.context.web.ServletTestExecutionListener]. Specify custom listener classes or make the default listener classes (and their required dependencies) available. Offending class: [javax/servlet/ServletContext]
Feb 04, 2021 12:20:34 PM org.springframework.test.context.support.DefaultTestContextBootstrapper instantiateListeners
INFO: Could not instantiate TestExecutionListener [org.springframework.test.context.transaction.TransactionalTestExecutionListener]. Specify custom listener classes or make the default listener classes (and their required dependencies) available. Offending class: [org/springframework/transaction/TransactionDefinition]
Feb 04, 2021 12:20:34 PM org.springframework.test.context.support.DefaultTestContextBootstrapper getTestExecutionListeners
INFO: Using TestExecutionListeners: [org.springframework.test.context.support.DirtiesContextBeforeModesTestExecutionListener@33e3bd2e, org.springframework.test.context.support.DependencyInjectionTestExecutionListener@646d810b, org.springframework.test.context.support.DirtiesContextTestExecutionListener@30508066]
2021-02-04 12:20:34,337 [main] INFO  [io.github.dddplus.runtime.registry.mock.policy.TriggerExtPolicy] [18] - will use foo
2021-02-04 12:20:34,337 [main] INFO  [io.github.dddplus.runtime.registry.mock.extension.FooTriggerExt] [14] - foo trigger
2021-02-04 12:20:34,338 [main] INFO  [io.github.dddplus.runtime.registry.mock.policy.TriggerExtPolicy] [22] - will use bar
2021-02-04 12:20:34,338 [main] INFO  [io.github.dddplus.runtime.registry.mock.extension.BarTriggerExt] [14] - bar trigger
[ERROR] Unexpected test executed: io.github.dddplus.runtime.registry.BadOnPurposeTest.invalidPartner
[ERROR] Unexpected test executed: io.github.dddplus.runtime.registry.BadOnPurposeTest.notExtButAnnotatedWithExtension
[ERROR] Unexpected test executed: io.github.dddplus.runtime.registry.BadOnPurposeTest.specificationNotAnnotated
[ERROR] Unexpected test executed: io.github.dddplus.runtime.registry.BadOnPurposeTest.emptyCodeStep
[ERROR] Unexpected test executed: io.github.dddplus.runtime.registry.BadOnPurposeTest.badDomainAbility
[ERROR] Unexpected test executed: io.github.dddplus.runtime.registry.BadOnPurposeTest.emptyActivityStep
[ERROR] Unexpected test executed: io.github.dddplus.runtime.registry.BadOnPurposeTest.badDomainAbility2
[ERROR] Unexpected test executed: io.github.dddplus.runtime.registry.BadOnPurposeTest.notISpecificationButAnnotatedWithSpecification
[ERROR] Unexpected test executed: io.github.dddplus.runtime.registry.BadOnPurposeTest.invalidPolicy
[ERROR] Unexpected test executed: io.github.dddplus.runtime.registry.BadOnPurposeTest.notStepButAnnotatedWithStep
[ERROR] Unexpected test executed: io.github.dddplus.runtime.registry.BadOnPurposeTest.patternWithInvalidPriority
Feb 04, 2021 12:20:34 PM org.springframework.context.support.GenericApplicationContext doClose
INFO: Closing org.springframework.context.support.GenericApplicationContext@4fb04a72: startup date [Thu Feb 04 12:20:32 CST 2021]; root of context hierarchy
