Feb 04, 2021 2:59:43 AM org.springframework.context.support.ClassPathXmlApplicationContext prepareRefresh
INFO: Refreshing org.springframework.context.support.ClassPathXmlApplicationContext@5677323c: startup date [Thu Feb 04 02:59:43 CST 2021]; root of context hierarchy
Feb 04, 2021 2:59:43 AM org.springframework.beans.factory.xml.XmlBeanDefinitionReader loadBeanDefinitions
INFO: Loading XML bean definitions from class path resource [step-notstep.xml]
Feb 04, 2021 2:59:43 AM org.springframework.beans.factory.annotation.AutowiredAnnotationBeanPostProcessor <init>
INFO: JSR-330 'javax.inject.Inject' annotation found and supported for autowiring
2021-02-04 02:59:44,194 [main] INFO  [io.github.dddplus.runtime.registry.RegistryFactory] [57] - setup the discoverable Spring beans...
2021-02-04 02:59:44,207 [main] INFO  [io.github.dddplus.runtime.registry.DDDBootstrap] [45] - starting Spring, register DDD beans...
2021-02-04 02:59:44,209 [main] INFO  [io.github.dddplus.runtime.registry.RegistryFactory] [32] - register Domain's ...
2021-02-04 02:59:44,222 [main] INFO  [io.github.dddplus.runtime.registry.RegistryFactory] [32] - register DomainService's ...
2021-02-04 02:59:44,226 [main] INFO  [io.github.dddplus.runtime.registry.RegistryFactory] [32] - register Specification's ...
2021-02-04 02:59:44,230 [main] INFO  [io.github.dddplus.runtime.registry.RegistryFactory] [32] - register Step's ...
Feb 04, 2021 2:59:44 AM org.springframework.context.support.ClassPathXmlApplicationContext refresh
WARNING: Exception encountered during context initialization - cancelling refresh attempt: org.springframework.beans.factory.BeanCreationException: Error creating bean with name 'DDDBootstrap' defined in file [/home/lichengpeng/test/final/automated_script/funkygao/cp-ddd-framework/dddplus-runtime/target/classes/io/github/dddplus/runtime/registry/DDDBootstrap.class]: Initialization of bean failed; nested exception is io.github.dddplus.runtime.registry.BootstrapException: io.github.badcase.step.notstep.NotStepButAnnotatedWithStep MUST implement IDomainStep
Feb 04, 2021 2:59:44 AM org.springframework.context.support.ClassPathXmlApplicationContext prepareRefresh
INFO: Refreshing org.springframework.context.support.ClassPathXmlApplicationContext@47289387: startup date [Thu Feb 04 02:59:44 CST 2021]; root of context hierarchy
Feb 04, 2021 2:59:44 AM org.springframework.beans.factory.xml.XmlBeanDefinitionReader loadBeanDefinitions
INFO: Loading XML bean definitions from class path resource [ext-notext.xml]
Feb 04, 2021 2:59:44 AM org.springframework.beans.factory.annotation.AutowiredAnnotationBeanPostProcessor <init>
INFO: JSR-330 'javax.inject.Inject' annotation found and supported for autowiring
2021-02-04 02:59:44,351 [main] INFO  [io.github.dddplus.runtime.registry.RegistryFactory] [57] - setup the discoverable Spring beans...
2021-02-04 02:59:44,352 [main] INFO  [io.github.dddplus.runtime.registry.DDDBootstrap] [45] - starting Spring, register DDD beans...
2021-02-04 02:59:44,353 [main] INFO  [io.github.dddplus.runtime.registry.RegistryFactory] [32] - register Domain's ...
2021-02-04 02:59:44,355 [main] INFO  [io.github.dddplus.runtime.registry.RegistryFactory] [32] - register DomainService's ...
2021-02-04 02:59:44,356 [main] INFO  [io.github.dddplus.runtime.registry.RegistryFactory] [32] - register Specification's ...
2021-02-04 02:59:44,359 [main] INFO  [io.github.dddplus.runtime.registry.RegistryFactory] [32] - register Step's ...
2021-02-04 02:59:44,366 [main] INFO  [io.github.dddplus.runtime.registry.RegistryFactory] [32] - register DomainAbility's ...
2021-02-04 02:59:44,394 [main] INFO  [io.github.dddplus.runtime.registry.RegistryFactory] [32] - register Policy's ...
2021-02-04 02:59:44,397 [main] INFO  [io.github.dddplus.runtime.registry.RegistryFactory] [32] - register Partner's ...
2021-02-04 02:59:44,400 [main] INFO  [io.github.dddplus.runtime.registry.RegistryFactory] [32] - register Pattern's ...
2021-02-04 02:59:44,407 [main] INFO  [io.github.dddplus.runtime.registry.RegistryFactory] [32] - register Extension's ...
Feb 04, 2021 2:59:44 AM org.springframework.context.support.ClassPathXmlApplicationContext refresh
WARNING: Exception encountered during context initialization - cancelling refresh attempt: org.springframework.beans.factory.BeanCreationException: Error creating bean with name 'DDDBootstrap' defined in file [/home/lichengpeng/test/final/automated_script/funkygao/cp-ddd-framework/dddplus-runtime/target/classes/io/github/dddplus/runtime/registry/DDDBootstrap.class]: Initialization of bean failed; nested exception is io.github.dddplus.runtime.registry.BootstrapException: io.github.badcase.ext.NotExtButAnnotatedWithExtension MUST implement IDomainExtension
Feb 04, 2021 2:59:44 AM org.springframework.context.support.ClassPathXmlApplicationContext prepareRefresh
INFO: Refreshing org.springframework.context.support.ClassPathXmlApplicationContext@7957dc72: startup date [Thu Feb 04 02:59:44 CST 2021]; root of context hierarchy
Feb 04, 2021 2:59:44 AM org.springframework.beans.factory.xml.XmlBeanDefinitionReader loadBeanDefinitions
INFO: Loading XML bean definitions from class path resource [service-bad.xml]
Feb 04, 2021 2:59:44 AM org.springframework.beans.factory.annotation.AutowiredAnnotationBeanPostProcessor <init>
INFO: JSR-330 'javax.inject.Inject' annotation found and supported for autowiring
2021-02-04 02:59:44,520 [main] INFO  [io.github.dddplus.runtime.registry.RegistryFactory] [57] - setup the discoverable Spring beans...
2021-02-04 02:59:44,521 [main] INFO  [io.github.dddplus.runtime.registry.DDDBootstrap] [45] - starting Spring, register DDD beans...
2021-02-04 02:59:44,521 [main] INFO  [io.github.dddplus.runtime.registry.RegistryFactory] [32] - register Domain's ...
2021-02-04 02:59:44,522 [main] INFO  [io.github.dddplus.runtime.registry.RegistryFactory] [32] - register DomainService's ...
Feb 04, 2021 2:59:44 AM org.springframework.context.support.ClassPathXmlApplicationContext refresh
WARNING: Exception encountered during context initialization - cancelling refresh attempt: org.springframework.beans.factory.BeanCreationException: Error creating bean with name 'DDDBootstrap' defined in file [/home/lichengpeng/test/final/automated_script/funkygao/cp-ddd-framework/dddplus-runtime/target/classes/io/github/dddplus/runtime/registry/DDDBootstrap.class]: Initialization of bean failed; nested exception is io.github.dddplus.runtime.registry.BootstrapException: io.github.badcase.service.BadDomainService MUST implement IDomainService
Feb 04, 2021 2:59:44 AM org.springframework.context.support.ClassPathXmlApplicationContext prepareRefresh
INFO: Refreshing org.springframework.context.support.ClassPathXmlApplicationContext@4a67318f: startup date [Thu Feb 04 02:59:44 CST 2021]; root of context hierarchy
Feb 04, 2021 2:59:44 AM org.springframework.beans.factory.xml.XmlBeanDefinitionReader loadBeanDefinitions
INFO: Loading XML bean definitions from class path resource [step-emptyactivity.xml]
Feb 04, 2021 2:59:44 AM org.springframework.beans.factory.annotation.AutowiredAnnotationBeanPostProcessor <init>
INFO: JSR-330 'javax.inject.Inject' annotation found and supported for autowiring
2021-02-04 02:59:44,605 [main] INFO  [io.github.dddplus.runtime.registry.RegistryFactory] [57] - setup the discoverable Spring beans...
2021-02-04 02:59:44,607 [main] INFO  [io.github.dddplus.runtime.registry.DDDBootstrap] [45] - starting Spring, register DDD beans...
2021-02-04 02:59:44,607 [main] INFO  [io.github.dddplus.runtime.registry.RegistryFactory] [32] - register Domain's ...
2021-02-04 02:59:44,608 [main] INFO  [io.github.dddplus.runtime.registry.RegistryFactory] [32] - register DomainService's ...
2021-02-04 02:59:44,609 [main] INFO  [io.github.dddplus.runtime.registry.RegistryFactory] [32] - register Specification's ...
2021-02-04 02:59:44,611 [main] INFO  [io.github.dddplus.runtime.registry.RegistryFactory] [32] - register Step's ...
Feb 04, 2021 2:59:44 AM org.springframework.context.support.ClassPathXmlApplicationContext refresh
WARNING: Exception encountered during context initialization - cancelling refresh attempt: org.springframework.beans.factory.BeanCreationException: Error creating bean with name 'DDDBootstrap' defined in file [/home/lichengpeng/test/final/automated_script/funkygao/cp-ddd-framework/dddplus-runtime/target/classes/io/github/dddplus/runtime/registry/DDDBootstrap.class]: Initialization of bean failed; nested exception is io.github.dddplus.runtime.registry.BootstrapException: io.github.badcase.step.emptyactivity.EmptyActivityStep activityCode cannot be empty
Feb 04, 2021 2:59:44 AM org.springframework.context.support.ClassPathXmlApplicationContext prepareRefresh
INFO: Refreshing org.springframework.context.support.ClassPathXmlApplicationContext@1059754c: startup date [Thu Feb 04 02:59:44 CST 2021]; root of context hierarchy
Feb 04, 2021 2:59:44 AM org.springframework.beans.factory.xml.XmlBeanDefinitionReader loadBeanDefinitions
INFO: Loading XML bean definitions from class path resource [policy-bad.xml]
Feb 04, 2021 2:59:44 AM org.springframework.beans.factory.annotation.AutowiredAnnotationBeanPostProcessor <init>
INFO: JSR-330 'javax.inject.Inject' annotation found and supported for autowiring
2021-02-04 02:59:44,696 [main] INFO  [io.github.dddplus.runtime.registry.RegistryFactory] [57] - setup the discoverable Spring beans...
2021-02-04 02:59:44,697 [main] INFO  [io.github.dddplus.runtime.registry.DDDBootstrap] [45] - starting Spring, register DDD beans...
2021-02-04 02:59:44,697 [main] INFO  [io.github.dddplus.runtime.registry.RegistryFactory] [32] - register Domain's ...
2021-02-04 02:59:44,698 [main] INFO  [io.github.dddplus.runtime.registry.RegistryFactory] [32] - register DomainService's ...
2021-02-04 02:59:44,699 [main] INFO  [io.github.dddplus.runtime.registry.RegistryFactory] [32] - register Specification's ...
2021-02-04 02:59:44,701 [main] INFO  [io.github.dddplus.runtime.registry.RegistryFactory] [32] - register Step's ...
2021-02-04 02:59:44,706 [main] INFO  [io.github.dddplus.runtime.registry.RegistryFactory] [32] - register DomainAbility's ...
2021-02-04 02:59:44,715 [main] INFO  [io.github.dddplus.runtime.registry.RegistryFactory] [32] - register Policy's ...
Feb 04, 2021 2:59:44 AM org.springframework.context.support.ClassPathXmlApplicationContext refresh
WARNING: Exception encountered during context initialization - cancelling refresh attempt: org.springframework.beans.factory.BeanCreationException: Error creating bean with name 'DDDBootstrap' defined in file [/home/lichengpeng/test/final/automated_script/funkygao/cp-ddd-framework/dddplus-runtime/target/classes/io/github/dddplus/runtime/registry/DDDBootstrap.class]: Initialization of bean failed; nested exception is io.github.dddplus.runtime.registry.BootstrapException: io.github.badcase.policy.InvalidPolicy MUST implements IExtPolicy
Feb 04, 2021 2:59:44 AM org.springframework.context.support.ClassPathXmlApplicationContext prepareRefresh
INFO: Refreshing org.springframework.context.support.ClassPathXmlApplicationContext@a10c1b5: startup date [Thu Feb 04 02:59:44 CST 2021]; root of context hierarchy
Feb 04, 2021 2:59:44 AM org.springframework.beans.factory.xml.XmlBeanDefinitionReader loadBeanDefinitions
INFO: Loading XML bean definitions from class path resource [partner-bad.xml]
Feb 04, 2021 2:59:44 AM org.springframework.beans.factory.annotation.AutowiredAnnotationBeanPostProcessor <init>
INFO: JSR-330 'javax.inject.Inject' annotation found and supported for autowiring
2021-02-04 02:59:44,797 [main] INFO  [io.github.dddplus.runtime.registry.RegistryFactory] [57] - setup the discoverable Spring beans...
2021-02-04 02:59:44,798 [main] INFO  [io.github.dddplus.runtime.registry.DDDBootstrap] [45] - starting Spring, register DDD beans...
2021-02-04 02:59:44,798 [main] INFO  [io.github.dddplus.runtime.registry.RegistryFactory] [32] - register Domain's ...
2021-02-04 02:59:44,799 [main] INFO  [io.github.dddplus.runtime.registry.RegistryFactory] [32] - register DomainService's ...
2021-02-04 02:59:44,800 [main] INFO  [io.github.dddplus.runtime.registry.RegistryFactory] [32] - register Specification's ...
2021-02-04 02:59:44,802 [main] INFO  [io.github.dddplus.runtime.registry.RegistryFactory] [32] - register Step's ...
2021-02-04 02:59:44,807 [main] INFO  [io.github.dddplus.runtime.registry.RegistryFactory] [32] - register DomainAbility's ...
2021-02-04 02:59:44,817 [main] INFO  [io.github.dddplus.runtime.registry.RegistryFactory] [32] - register Policy's ...
2021-02-04 02:59:44,818 [main] INFO  [io.github.dddplus.runtime.registry.RegistryFactory] [32] - register Partner's ...
Feb 04, 2021 2:59:44 AM org.springframework.context.support.ClassPathXmlApplicationContext refresh
WARNING: Exception encountered during context initialization - cancelling refresh attempt: org.springframework.beans.factory.BeanCreationException: Error creating bean with name 'DDDBootstrap' defined in file [/home/lichengpeng/test/final/automated_script/funkygao/cp-ddd-framework/dddplus-runtime/target/classes/io/github/dddplus/runtime/registry/DDDBootstrap.class]: Initialization of bean failed; nested exception is io.github.dddplus.runtime.registry.BootstrapException: io.github.badcase.partner.InvalidPartner MUST implements IIdentityResolver
Feb 04, 2021 2:59:44 AM org.springframework.context.support.ClassPathXmlApplicationContext prepareRefresh
INFO: Refreshing org.springframework.context.support.ClassPathXmlApplicationContext@14151bc5: startup date [Thu Feb 04 02:59:44 CST 2021]; root of context hierarchy
Feb 04, 2021 2:59:44 AM org.springframework.beans.factory.xml.XmlBeanDefinitionReader loadBeanDefinitions
INFO: Loading XML bean definitions from class path resource [ability-bad2.xml]
Feb 04, 2021 2:59:44 AM org.springframework.beans.factory.annotation.AutowiredAnnotationBeanPostProcessor <init>
INFO: JSR-330 'javax.inject.Inject' annotation found and supported for autowiring
2021-02-04 02:59:44,892 [main] INFO  [io.github.dddplus.runtime.registry.RegistryFactory] [57] - setup the discoverable Spring beans...
2021-02-04 02:59:44,893 [main] INFO  [io.github.dddplus.runtime.registry.DDDBootstrap] [45] - starting Spring, register DDD beans...
2021-02-04 02:59:44,893 [main] INFO  [io.github.dddplus.runtime.registry.RegistryFactory] [32] - register Domain's ...
2021-02-04 02:59:44,894 [main] INFO  [io.github.dddplus.runtime.registry.RegistryFactory] [32] - register DomainService's ...
2021-02-04 02:59:44,895 [main] INFO  [io.github.dddplus.runtime.registry.RegistryFactory] [32] - register Specification's ...
2021-02-04 02:59:44,897 [main] INFO  [io.github.dddplus.runtime.registry.RegistryFactory] [32] - register Step's ...
2021-02-04 02:59:44,902 [main] INFO  [io.github.dddplus.runtime.registry.RegistryFactory] [32] - register DomainAbility's ...
2021-02-04 02:59:44,913 [main] INFO  [io.github.dddplus.runtime.registry.RegistryFactory] [32] - register Policy's ...
2021-02-04 02:59:44,914 [main] INFO  [io.github.dddplus.runtime.registry.RegistryFactory] [32] - register Partner's ...
2021-02-04 02:59:44,915 [main] INFO  [io.github.dddplus.runtime.registry.RegistryFactory] [32] - register Pattern's ...
2021-02-04 02:59:44,919 [main] INFO  [io.github.dddplus.runtime.registry.RegistryFactory] [32] - register Extension's ...
2021-02-04 02:59:44,932 [main] INFO  [io.github.dddplus.runtime.registry.DDDBootstrap] [47] - all DDD beans registered, cost 38ms
2021-02-04 02:59:44,961 [main] INFO  [io.github.dddplus.runtime.registry.DDDBootstrap] [55] - Spring started complete!
Feb 04, 2021 2:59:44 AM org.springframework.context.support.ClassPathXmlApplicationContext doClose
INFO: Closing org.springframework.context.support.ClassPathXmlApplicationContext@14151bc5: startup date [Thu Feb 04 02:59:44 CST 2021]; root of context hierarchy
Feb 04, 2021 2:59:44 AM org.springframework.context.support.ClassPathXmlApplicationContext prepareRefresh
INFO: Refreshing org.springframework.context.support.ClassPathXmlApplicationContext@518cf84a: startup date [Thu Feb 04 02:59:44 CST 2021]; root of context hierarchy
Feb 04, 2021 2:59:44 AM org.springframework.beans.factory.xml.XmlBeanDefinitionReader loadBeanDefinitions
INFO: Loading XML bean definitions from class path resource [pattern-bad.xml]
Feb 04, 2021 2:59:45 AM org.springframework.beans.factory.annotation.AutowiredAnnotationBeanPostProcessor <init>
INFO: JSR-330 'javax.inject.Inject' annotation found and supported for autowiring
2021-02-04 02:59:45,034 [main] INFO  [io.github.dddplus.runtime.registry.RegistryFactory] [57] - setup the discoverable Spring beans...
2021-02-04 02:59:45,035 [main] INFO  [io.github.dddplus.runtime.registry.DDDBootstrap] [45] - starting Spring, register DDD beans...
2021-02-04 02:59:45,036 [main] INFO  [io.github.dddplus.runtime.registry.RegistryFactory] [32] - register Domain's ...
2021-02-04 02:59:45,036 [main] INFO  [io.github.dddplus.runtime.registry.RegistryFactory] [32] - register DomainService's ...
2021-02-04 02:59:45,038 [main] INFO  [io.github.dddplus.runtime.registry.RegistryFactory] [32] - register Specification's ...
2021-02-04 02:59:45,039 [main] INFO  [io.github.dddplus.runtime.registry.RegistryFactory] [32] - register Step's ...
2021-02-04 02:59:45,043 [main] INFO  [io.github.dddplus.runtime.registry.RegistryFactory] [32] - register DomainAbility's ...
2021-02-04 02:59:45,052 [main] INFO  [io.github.dddplus.runtime.registry.RegistryFactory] [32] - register Policy's ...
2021-02-04 02:59:45,053 [main] INFO  [io.github.dddplus.runtime.registry.RegistryFactory] [32] - register Partner's ...
2021-02-04 02:59:45,055 [main] INFO  [io.github.dddplus.runtime.registry.RegistryFactory] [32] - register Pattern's ...
Feb 04, 2021 2:59:45 AM org.springframework.context.support.ClassPathXmlApplicationContext refresh
WARNING: Exception encountered during context initialization - cancelling refresh attempt: org.springframework.beans.factory.BeanCreationException: Error creating bean with name 'DDDBootstrap' defined in file [/home/lichengpeng/test/final/automated_script/funkygao/cp-ddd-framework/dddplus-runtime/target/classes/io/github/dddplus/runtime/registry/DDDBootstrap.class]: Initialization of bean failed; nested exception is io.github.dddplus.runtime.registry.BootstrapException: Pattern.priority must be zero or positive
Feb 04, 2021 2:59:45 AM org.springframework.context.support.ClassPathXmlApplicationContext prepareRefresh
INFO: Refreshing org.springframework.context.support.ClassPathXmlApplicationContext@4a05d8ae: startup date [Thu Feb 04 02:59:45 CST 2021]; root of context hierarchy
Feb 04, 2021 2:59:45 AM org.springframework.beans.factory.xml.XmlBeanDefinitionReader loadBeanDefinitions
INFO: Loading XML bean definitions from class path resource [ability-bad.xml]
Feb 04, 2021 2:59:45 AM org.springframework.beans.factory.annotation.AutowiredAnnotationBeanPostProcessor <init>
INFO: JSR-330 'javax.inject.Inject' annotation found and supported for autowiring
2021-02-04 02:59:45,127 [main] INFO  [io.github.dddplus.runtime.registry.RegistryFactory] [57] - setup the discoverable Spring beans...
2021-02-04 02:59:45,128 [main] INFO  [io.github.dddplus.runtime.registry.DDDBootstrap] [45] - starting Spring, register DDD beans...
2021-02-04 02:59:45,129 [main] INFO  [io.github.dddplus.runtime.registry.RegistryFactory] [32] - register Domain's ...
2021-02-04 02:59:45,130 [main] INFO  [io.github.dddplus.runtime.registry.RegistryFactory] [32] - register DomainService's ...
2021-02-04 02:59:45,131 [main] INFO  [io.github.dddplus.runtime.registry.RegistryFactory] [32] - register Specification's ...
2021-02-04 02:59:45,132 [main] INFO  [io.github.dddplus.runtime.registry.RegistryFactory] [32] - register Step's ...
2021-02-04 02:59:45,137 [main] INFO  [io.github.dddplus.runtime.registry.RegistryFactory] [32] - register DomainAbility's ...
Feb 04, 2021 2:59:45 AM org.springframework.context.support.ClassPathXmlApplicationContext refresh
WARNING: Exception encountered during context initialization - cancelling refresh attempt: org.springframework.beans.factory.BeanCreationException: Error creating bean with name 'DDDBootstrap' defined in file [/home/lichengpeng/test/final/automated_script/funkygao/cp-ddd-framework/dddplus-runtime/target/classes/io/github/dddplus/runtime/registry/DDDBootstrap.class]: Initialization of bean failed; nested exception is io.github.dddplus.runtime.registry.BootstrapException: io.github.badcase.ability.bad1.BadAbility MUST extend BaseDomainAbility
Feb 04, 2021 2:59:45 AM org.springframework.context.support.ClassPathXmlApplicationContext prepareRefresh
INFO: Refreshing org.springframework.context.support.ClassPathXmlApplicationContext@629adce: startup date [Thu Feb 04 02:59:45 CST 2021]; root of context hierarchy
Feb 04, 2021 2:59:45 AM org.springframework.beans.factory.xml.XmlBeanDefinitionReader loadBeanDefinitions
INFO: Loading XML bean definitions from class path resource [specification-bad.xml]
Feb 04, 2021 2:59:45 AM org.springframework.beans.factory.annotation.AutowiredAnnotationBeanPostProcessor <init>
INFO: JSR-330 'javax.inject.Inject' annotation found and supported for autowiring
2021-02-04 02:59:45,215 [main] INFO  [io.github.dddplus.runtime.registry.RegistryFactory] [57] - setup the discoverable Spring beans...
2021-02-04 02:59:45,216 [main] INFO  [io.github.dddplus.runtime.registry.DDDBootstrap] [45] - starting Spring, register DDD beans...
2021-02-04 02:59:45,217 [main] INFO  [io.github.dddplus.runtime.registry.RegistryFactory] [32] - register Domain's ...
2021-02-04 02:59:45,218 [main] INFO  [io.github.dddplus.runtime.registry.RegistryFactory] [32] - register DomainService's ...
2021-02-04 02:59:45,219 [main] INFO  [io.github.dddplus.runtime.registry.RegistryFactory] [32] - register Specification's ...
Feb 04, 2021 2:59:45 AM org.springframework.context.support.ClassPathXmlApplicationContext refresh
WARNING: Exception encountered during context initialization - cancelling refresh attempt: org.springframework.beans.factory.BeanCreationException: Error creating bean with name 'DDDBootstrap' defined in file [/home/lichengpeng/test/final/automated_script/funkygao/cp-ddd-framework/dddplus-runtime/target/classes/io/github/dddplus/runtime/registry/DDDBootstrap.class]: Initialization of bean failed; nested exception is io.github.dddplus.runtime.registry.BootstrapException: io.github.badcase.specification.InvalidSpecification MUST implement ISpecification
Feb 04, 2021 2:59:45 AM org.springframework.context.support.ClassPathXmlApplicationContext prepareRefresh
INFO: Refreshing org.springframework.context.support.ClassPathXmlApplicationContext@6bbe50c9: startup date [Thu Feb 04 02:59:45 CST 2021]; root of context hierarchy
Feb 04, 2021 2:59:45 AM org.springframework.beans.factory.xml.XmlBeanDefinitionReader loadBeanDefinitions
INFO: Loading XML bean definitions from class path resource [step-emptycode.xml]
Feb 04, 2021 2:59:45 AM org.springframework.beans.factory.annotation.AutowiredAnnotationBeanPostProcessor <init>
INFO: JSR-330 'javax.inject.Inject' annotation found and supported for autowiring
2021-02-04 02:59:45,290 [main] INFO  [io.github.dddplus.runtime.registry.RegistryFactory] [57] - setup the discoverable Spring beans...
2021-02-04 02:59:45,291 [main] INFO  [io.github.dddplus.runtime.registry.DDDBootstrap] [45] - starting Spring, register DDD beans...
2021-02-04 02:59:45,291 [main] INFO  [io.github.dddplus.runtime.registry.RegistryFactory] [32] - register Domain's ...
2021-02-04 02:59:45,292 [main] INFO  [io.github.dddplus.runtime.registry.RegistryFactory] [32] - register DomainService's ...
2021-02-04 02:59:45,293 [main] INFO  [io.github.dddplus.runtime.registry.RegistryFactory] [32] - register Specification's ...
2021-02-04 02:59:45,294 [main] INFO  [io.github.dddplus.runtime.registry.RegistryFactory] [32] - register Step's ...
Feb 04, 2021 2:59:45 AM org.springframework.context.support.ClassPathXmlApplicationContext refresh
WARNING: Exception encountered during context initialization - cancelling refresh attempt: org.springframework.beans.factory.BeanCreationException: Error creating bean with name 'DDDBootstrap' defined in file [/home/lichengpeng/test/final/automated_script/funkygao/cp-ddd-framework/dddplus-runtime/target/classes/io/github/dddplus/runtime/registry/DDDBootstrap.class]: Initialization of bean failed; nested exception is io.github.dddplus.runtime.registry.BootstrapException: io.github.badcase.step.emptycode.EmptyCodeStep stepCode cannot be empty
java.lang.AssertionError: Architecture Violation [Priority: MEDIUM] - Rule 'ISpecification rule' was violated (1 times):
Class <io.github.badcase.specification.SpecificationWithoutAnnotation> is not annotated with @Specification in (SpecificationWithoutAnnotation.java:0)
	at com.tngtech.archunit.lang.ArchRule$Assertions.assertNoViolation(ArchRule.java:92)
	at com.tngtech.archunit.lang.ArchRule$Assertions.check(ArchRule.java:82)
	at com.tngtech.archunit.lang.ArchRule$Factory$SimpleArchRule.check(ArchRule.java:196)
	at io.github.dddplus.runtime.registry.BadOnPurposeTest.specificationNotAnnotated(BadOnPurposeTest.java:44)
	at sun.reflect.NativeMethodAccessorImpl.invoke0(Native Method)
	at sun.reflect.NativeMethodAccessorImpl.invoke(NativeMethodAccessorImpl.java:62)
	at sun.reflect.DelegatingMethodAccessorImpl.invoke(DelegatingMethodAccessorImpl.java:43)
	at java.lang.reflect.Method.invoke(Method.java:498)
	at org.junit.runners.model.FrameworkMethod$1.runReflectiveCall(FrameworkMethod.java:59)
	at org.junit.internal.runners.model.ReflectiveCallable.run(ReflectiveCallable.java:12)
	at org.junit.runners.model.FrameworkMethod.invokeExplosively(FrameworkMethod.java:56)
	at org.junit.internal.runners.statements.InvokeMethod.evaluate(InvokeMethod.java:17)
	at org.junit.internal.runners.statements.RunAfters.evaluate(RunAfters.java:27)
	at org.junit.runners.ParentRunner$3.evaluate(ParentRunner.java:306)
	at org.junit.runners.BlockJUnit4ClassRunner$1.evaluate(BlockJUnit4ClassRunner.java:100)
	at org.junit.runners.ParentRunner.runLeaf(ParentRunner.java:366)
	at org.junit.runners.BlockJUnit4ClassRunner.runChild(BlockJUnit4ClassRunner.java:103)
	at org.junit.runners.BlockJUnit4ClassRunner.runChild(BlockJUnit4ClassRunner.java:63)
	at org.junit.runners.ParentRunner$4.run(ParentRunner.java:331)
	at org.junit.runners.ParentRunner$1.schedule(ParentRunner.java:79)
	at org.junit.runners.ParentRunner.runChildren(ParentRunner.java:329)
	at org.junit.runners.ParentRunner.access$100(ParentRunner.java:66)
	at org.junit.runners.ParentRunner$2.evaluate(ParentRunner.java:293)
	at org.junit.runners.ParentRunner$3.evaluate(ParentRunner.java:306)
	at org.junit.runners.ParentRunner.run(ParentRunner.java:413)
	at io.github.dddplus.testing.AloneRunner.run(AloneRunner.java:51)
	at edu.illinois.cs.testrunner.execution.JUnitTestRunner$4.evaluate(JUnitTestRunner.java:383)
	at edu.illinois.cs.testrunner.execution.JUnitTestRunner.runChild(JUnitTestRunner.java:351)
	at edu.illinois.cs.testrunner.execution.JUnitTestRunner.run(JUnitTestRunner.java:109)
	at org.junit.runner.JUnitCore.run(JUnitCore.java:137)
	at edu.illinois.cs.testrunner.execution.JUnitTestExecutor.execute(JUnitTestExecutor.java:292)
	at edu.illinois.cs.testrunner.execution.JUnitTestExecutor.execute(JUnitTestExecutor.java:328)
	at edu.illinois.cs.testrunner.execution.JUnitTestExecutor.executeWithJUnit4Runner(JUnitTestExecutor.java:366)
	at edu.illinois.cs.testrunner.execution.JUnitTestExecutor.runOrder(JUnitTestExecutor.java:47)
	at edu.illinois.cs.testrunner.execution.Executor$.$anonfun$run$1(Executor.scala:30)
	at scala.runtime.java8.JFunction0$mcV$sp.apply(JFunction0$mcV$sp.java:12)
	at scala.util.Try$.apply(Try.scala:209)
	at edu.illinois.cs.testrunner.execution.Executor$.run(Executor.scala:28)
	at edu.illinois.cs.testrunner.execution.Executor$.main(Executor.scala:18)
	at edu.illinois.cs.testrunner.execution.Executor.main(Executor.scala)
2021-02-04 02:59:45,684 [main] INFO  [io.github.dddplus.runtime.registry.ContainerTest] [52] - /tmp/202102040259456772868164148009348279.order-center-bp-isv-0.0.1.jar
2021-02-04 02:59:45,690 [main] ERROR [io.github.dddplus.specification.SpecificationTest] [46] - specification:io.github.dddplus.specification.mock.B2CMustHavePartnerCode
Feb 04, 2021 2:59:45 AM org.springframework.test.context.support.DefaultTestContextBootstrapper getDefaultTestExecutionListenerClassNames
INFO: Loaded default TestExecutionListener class names from location [META-INF/spring.factories]: [org.springframework.test.context.web.ServletTestExecutionListener, org.springframework.test.context.support.DirtiesContextBeforeModesTestExecutionListener, org.springframework.test.context.support.DependencyInjectionTestExecutionListener, org.springframework.test.context.support.DirtiesContextTestExecutionListener, org.springframework.test.context.transaction.TransactionalTestExecutionListener, org.springframework.test.context.jdbc.SqlScriptsTestExecutionListener]
Feb 04, 2021 2:59:45 AM org.springframework.test.context.support.DefaultTestContextBootstrapper instantiateListeners
INFO: Could not instantiate TestExecutionListener [org.springframework.test.context.web.ServletTestExecutionListener]. Specify custom listener classes or make the default listener classes (and their required dependencies) available. Offending class: [javax/servlet/ServletContext]
Feb 04, 2021 2:59:45 AM org.springframework.test.context.support.DefaultTestContextBootstrapper instantiateListeners
INFO: Could not instantiate TestExecutionListener [org.springframework.test.context.jdbc.SqlScriptsTestExecutionListener]. Specify custom listener classes or make the default listener classes (and their required dependencies) available. Offending class: [org/springframework/transaction/interceptor/TransactionAttribute]
Feb 04, 2021 2:59:45 AM org.springframework.test.context.support.DefaultTestContextBootstrapper instantiateListeners
INFO: Could not instantiate TestExecutionListener [org.springframework.test.context.transaction.TransactionalTestExecutionListener]. Specify custom listener classes or make the default listener classes (and their required dependencies) available. Offending class: [org/springframework/transaction/TransactionDefinition]
Feb 04, 2021 2:59:45 AM org.springframework.test.context.support.DefaultTestContextBootstrapper getTestExecutionListeners
INFO: Using TestExecutionListeners: [org.springframework.test.context.support.DirtiesContextBeforeModesTestExecutionListener@343e225a, org.springframework.test.context.support.DependencyInjectionTestExecutionListener@1a07bf6, org.springframework.test.context.support.DirtiesContextTestExecutionListener@4c0e426a]
Feb 04, 2021 2:59:45 AM org.springframework.beans.factory.xml.XmlBeanDefinitionReader loadBeanDefinitions
INFO: Loading XML bean definitions from URL [file:/home/lichengpeng/test/final/automated_script/funkygao/cp-ddd-framework/dddplus-test/target/test-classes/spring-test.xml]
Feb 04, 2021 2:59:45 AM org.springframework.context.support.GenericApplicationContext prepareRefresh
INFO: Refreshing org.springframework.context.support.GenericApplicationContext@26837057: startup date [Thu Feb 04 02:59:45 CST 2021]; root of context hierarchy
Feb 04, 2021 2:59:46 AM org.springframework.beans.factory.annotation.AutowiredAnnotationBeanPostProcessor <init>
INFO: JSR-330 'javax.inject.Inject' annotation found and supported for autowiring
2021-02-04 02:59:46,253 [main] INFO  [io.github.dddplus.runtime.registry.RegistryFactory] [57] - setup the discoverable Spring beans...
2021-02-04 02:59:46,386 [main] INFO  [io.github.dddplus.runtime.registry.DDDBootstrap] [45] - starting Spring, register DDD beans...
2021-02-04 02:59:46,387 [main] INFO  [io.github.dddplus.runtime.registry.RegistryFactory] [32] - register Domain's ...
2021-02-04 02:59:46,392 [main] INFO  [io.github.dddplus.runtime.registry.RegistryFactory] [32] - register DomainService's ...
2021-02-04 02:59:46,395 [main] INFO  [io.github.dddplus.runtime.registry.RegistryFactory] [32] - register Specification's ...
2021-02-04 02:59:46,399 [main] INFO  [io.github.dddplus.runtime.registry.RegistryFactory] [32] - register Step's ...
2021-02-04 02:59:46,563 [main] INFO  [io.github.dddplus.runtime.registry.RegistryFactory] [32] - register DomainAbility's ...
2021-02-04 02:59:46,594 [main] INFO  [io.github.dddplus.runtime.registry.RegistryFactory] [32] - register Policy's ...
2021-02-04 02:59:46,598 [main] INFO  [io.github.dddplus.runtime.registry.RegistryFactory] [32] - register Partner's ...
2021-02-04 02:59:46,601 [main] INFO  [io.github.dddplus.runtime.registry.RegistryFactory] [32] - register Pattern's ...
2021-02-04 02:59:46,609 [main] INFO  [io.github.dddplus.runtime.registry.RegistryFactory] [32] - register Extension's ...
2021-02-04 02:59:46,638 [main] INFO  [io.github.dddplus.runtime.registry.DDDBootstrap] [47] - all DDD beans registered, cost 252ms
Feb 04, 2021 2:59:46 AM org.springframework.scheduling.concurrent.ThreadPoolTaskExecutor initialize
INFO: Initializing ExecutorService  'asyncStepsExecutor'
Feb 04, 2021 2:59:46 AM org.springframework.scheduling.concurrent.ThreadPoolTaskExecutor initialize
INFO: Initializing ExecutorService  'asyncStepsExecutorAutoDiscard'
2021-02-04 02:59:46,689 [main] INFO  [io.github.dddplus.runtime.registry.DDDBootstrap] [55] - Spring started complete!
2021-02-04 02:59:46,698 [main] INFO  [io.github.dddplus.runtime.registry.mock.step.EggStep] [16] - submit: FooModel(partnerCode=ddd.cn.ka, b2c=true, letFooThrowException=false, willSleepLong=false, willThrowRuntimeException=false, willThrowOOM=false, redecide=false, redecideDeadLoop=false, stepsRevised=false, willRollback=false, willRollbackInvalid=false, sleepExtTimeout=false, foo=0)
Feb 04, 2021 2:59:46 AM org.springframework.test.context.support.DefaultTestContextBootstrapper getDefaultTestExecutionListenerClassNames
INFO: Loaded default TestExecutionListener class names from location [META-INF/spring.factories]: [org.springframework.test.context.web.ServletTestExecutionListener, org.springframework.test.context.support.DirtiesContextBeforeModesTestExecutionListener, org.springframework.test.context.support.DependencyInjectionTestExecutionListener, org.springframework.test.context.support.DirtiesContextTestExecutionListener, org.springframework.test.context.transaction.TransactionalTestExecutionListener, org.springframework.test.context.jdbc.SqlScriptsTestExecutionListener]
Feb 04, 2021 2:59:46 AM org.springframework.test.context.support.DefaultTestContextBootstrapper instantiateListeners
INFO: Could not instantiate TestExecutionListener [org.springframework.test.context.web.ServletTestExecutionListener]. Specify custom listener classes or make the default listener classes (and their required dependencies) available. Offending class: [javax/servlet/ServletContext]
Feb 04, 2021 2:59:46 AM org.springframework.test.context.support.DefaultTestContextBootstrapper instantiateListeners
INFO: Could not instantiate TestExecutionListener [org.springframework.test.context.jdbc.SqlScriptsTestExecutionListener]. Specify custom listener classes or make the default listener classes (and their required dependencies) available. Offending class: [org/springframework/transaction/interceptor/TransactionAttribute]
Feb 04, 2021 2:59:46 AM org.springframework.test.context.support.DefaultTestContextBootstrapper instantiateListeners
INFO: Could not instantiate TestExecutionListener [org.springframework.test.context.transaction.TransactionalTestExecutionListener]. Specify custom listener classes or make the default listener classes (and their required dependencies) available. Offending class: [org/springframework/transaction/TransactionDefinition]
Feb 04, 2021 2:59:46 AM org.springframework.test.context.support.DefaultTestContextBootstrapper getTestExecutionListeners
INFO: Using TestExecutionListeners: [org.springframework.test.context.support.DirtiesContextBeforeModesTestExecutionListener@2c06b113, org.springframework.test.context.support.DependencyInjectionTestExecutionListener@7a64cb0c, org.springframework.test.context.support.DirtiesContextTestExecutionListener@785ed99c]
2021-02-04 02:59:46,706 [main] INFO  [io.github.dddplus.runtime.registry.mock.extension.B2CExt] [16] - 2
Feb 04, 2021 2:59:46 AM org.springframework.test.context.support.DefaultTestContextBootstrapper getDefaultTestExecutionListenerClassNames
INFO: Loaded default TestExecutionListener class names from location [META-INF/spring.factories]: [org.springframework.test.context.web.ServletTestExecutionListener, org.springframework.test.context.support.DirtiesContextBeforeModesTestExecutionListener, org.springframework.test.context.support.DependencyInjectionTestExecutionListener, org.springframework.test.context.support.DirtiesContextTestExecutionListener, org.springframework.test.context.transaction.TransactionalTestExecutionListener, org.springframework.test.context.jdbc.SqlScriptsTestExecutionListener]
Feb 04, 2021 2:59:46 AM org.springframework.test.context.support.DefaultTestContextBootstrapper instantiateListeners
INFO: Could not instantiate TestExecutionListener [org.springframework.test.context.web.ServletTestExecutionListener]. Specify custom listener classes or make the default listener classes (and their required dependencies) available. Offending class: [javax/servlet/ServletContext]
Feb 04, 2021 2:59:46 AM org.springframework.test.context.support.DefaultTestContextBootstrapper instantiateListeners
INFO: Could not instantiate TestExecutionListener [org.springframework.test.context.jdbc.SqlScriptsTestExecutionListener]. Specify custom listener classes or make the default listener classes (and their required dependencies) available. Offending class: [org/springframework/transaction/interceptor/TransactionAttribute]
Feb 04, 2021 2:59:46 AM org.springframework.test.context.support.DefaultTestContextBootstrapper instantiateListeners
INFO: Could not instantiate TestExecutionListener [org.springframework.test.context.transaction.TransactionalTestExecutionListener]. Specify custom listener classes or make the default listener classes (and their required dependencies) available. Offending class: [org/springframework/transaction/TransactionDefinition]
Feb 04, 2021 2:59:46 AM org.springframework.test.context.support.DefaultTestContextBootstrapper getTestExecutionListeners
INFO: Using TestExecutionListeners: [org.springframework.test.context.support.DirtiesContextBeforeModesTestExecutionListener@175c5c3a, org.springframework.test.context.support.DependencyInjectionTestExecutionListener@69a5c6be, org.springframework.test.context.support.DirtiesContextTestExecutionListener@451e2fa9]
2021-02-04 02:59:46,716 [main] INFO  [io.github.dddplus.runtime.registry.mock.interceptor.DomainProfilerAspect] [21] - AROUND step:Submit.Baz
2021-02-04 02:59:46,716 [main] INFO  [io.github.dddplus.runtime.registry.mock.step.BazStep] [18] - submit: FooModel(partnerCode=ddd.cn.ka, b2c=false, letFooThrowException=false, willSleepLong=false, willThrowRuntimeException=false, willThrowOOM=false, redecide=false, redecideDeadLoop=true, stepsRevised=false, willRollback=false, willRollbackInvalid=false, sleepExtTimeout=false, foo=0)
2021-02-04 02:59:46,717 [main] INFO  [io.github.dddplus.runtime.registry.mock.interceptor.DomainProfilerAspect] [21] - AROUND step:Submit.Foo
2021-02-04 02:59:46,717 [main] INFO  [io.github.dddplus.runtime.registry.mock.step.FooStep] [20] - submit: FooModel(partnerCode=ddd.cn.ka, b2c=false, letFooThrowException=false, willSleepLong=false, willThrowRuntimeException=false, willThrowOOM=false, redecide=false, redecideDeadLoop=true, stepsRevised=false, willRollback=false, willRollbackInvalid=false, sleepExtTimeout=false, foo=0)
2021-02-04 02:59:46,717 [main] INFO  [io.github.dddplus.runtime.registry.mock.interceptor.DomainProfilerAspect] [21] - AROUND step:Submit.Bar
2021-02-04 02:59:46,718 [main] INFO  [io.github.dddplus.runtime.StepsExecTemplate] [94] - revised steps:[Bar]
2021-02-04 02:59:46,718 [main] INFO  [io.github.dddplus.runtime.registry.mock.interceptor.DomainProfilerAspect] [21] - AROUND step:Submit.Bar
2021-02-04 02:59:46,718 [main] INFO  [io.github.dddplus.runtime.StepsExecTemplate] [94] - revised steps:[Bar]
2021-02-04 02:59:46,718 [main] INFO  [io.github.dddplus.runtime.registry.mock.interceptor.DomainProfilerAspect] [21] - AROUND step:Submit.Bar
2021-02-04 02:59:46,719 [main] INFO  [io.github.dddplus.runtime.StepsExecTemplate] [94] - revised steps:[Bar]
2021-02-04 02:59:46,719 [main] INFO  [io.github.dddplus.runtime.registry.mock.interceptor.DomainProfilerAspect] [21] - AROUND step:Submit.Bar
2021-02-04 02:59:46,719 [main] INFO  [io.github.dddplus.runtime.StepsExecTemplate] [94] - revised steps:[Bar]
2021-02-04 02:59:46,719 [main] INFO  [io.github.dddplus.runtime.registry.mock.interceptor.DomainProfilerAspect] [21] - AROUND step:Submit.Bar
2021-02-04 02:59:46,720 [main] INFO  [io.github.dddplus.runtime.StepsExecTemplate] [94] - revised steps:[Bar]
2021-02-04 02:59:46,720 [main] INFO  [io.github.dddplus.runtime.registry.mock.interceptor.DomainProfilerAspect] [21] - AROUND step:Submit.Bar
2021-02-04 02:59:46,720 [main] INFO  [io.github.dddplus.runtime.StepsExecTemplate] [94] - revised steps:[Bar]
2021-02-04 02:59:46,720 [main] INFO  [io.github.dddplus.runtime.registry.mock.interceptor.DomainProfilerAspect] [21] - AROUND step:Submit.Bar
2021-02-04 02:59:46,721 [main] INFO  [io.github.dddplus.runtime.StepsExecTemplate] [94] - revised steps:[Bar]
2021-02-04 02:59:46,721 [main] INFO  [io.github.dddplus.runtime.registry.mock.interceptor.DomainProfilerAspect] [21] - AROUND step:Submit.Bar
2021-02-04 02:59:46,721 [main] INFO  [io.github.dddplus.runtime.StepsExecTemplate] [94] - revised steps:[Bar]
2021-02-04 02:59:46,721 [main] INFO  [io.github.dddplus.runtime.registry.mock.interceptor.DomainProfilerAspect] [21] - AROUND step:Submit.Bar
2021-02-04 02:59:46,722 [main] INFO  [io.github.dddplus.runtime.StepsExecTemplate] [94] - revised steps:[Bar]
2021-02-04 02:59:46,722 [main] INFO  [io.github.dddplus.runtime.registry.mock.interceptor.DomainProfilerAspect] [21] - AROUND step:Submit.Bar
2021-02-04 02:59:46,722 [main] INFO  [io.github.dddplus.runtime.StepsExecTemplate] [94] - revised steps:[Bar]
2021-02-04 02:59:46,722 [main] INFO  [io.github.dddplus.runtime.registry.mock.interceptor.DomainProfilerAspect] [21] - AROUND step:Submit.Bar
2021-02-04 02:59:46,723 [main] INFO  [io.github.dddplus.runtime.StepsExecTemplate] [94] - revised steps:[Bar]
2021-02-04 02:59:46,723 [main] INFO  [io.github.dddplus.runtime.registry.mock.interceptor.DomainProfilerAspect] [21] - AROUND step:Submit.Bar
2021-02-04 02:59:46,723 [main] INFO  [io.github.dddplus.runtime.StepsExecTemplate] [94] - revised steps:[Bar]
2021-02-04 02:59:46,723 [main] INFO  [io.github.dddplus.runtime.registry.mock.interceptor.DomainProfilerAspect] [21] - AROUND step:Submit.Bar
2021-02-04 02:59:46,723 [main] INFO  [io.github.dddplus.runtime.StepsExecTemplate] [94] - revised steps:[Bar]
2021-02-04 02:59:46,724 [main] INFO  [io.github.dddplus.runtime.registry.mock.interceptor.DomainProfilerAspect] [21] - AROUND step:Submit.Bar
2021-02-04 02:59:46,724 [main] INFO  [io.github.dddplus.runtime.StepsExecTemplate] [94] - revised steps:[Bar]
2021-02-04 02:59:46,724 [main] INFO  [io.github.dddplus.runtime.registry.mock.interceptor.DomainProfilerAspect] [21] - AROUND step:Submit.Bar
2021-02-04 02:59:46,725 [main] INFO  [io.github.dddplus.runtime.StepsExecTemplate] [94] - revised steps:[Bar]
2021-02-04 02:59:46,725 [main] INFO  [io.github.dddplus.runtime.registry.mock.interceptor.DomainProfilerAspect] [21] - AROUND step:Submit.Bar
2021-02-04 02:59:46,725 [main] INFO  [io.github.dddplus.runtime.StepsExecTemplate] [94] - revised steps:[Bar]
2021-02-04 02:59:46,725 [main] INFO  [io.github.dddplus.runtime.registry.mock.interceptor.DomainProfilerAspect] [21] - AROUND step:Submit.Bar
2021-02-04 02:59:46,725 [main] INFO  [io.github.dddplus.runtime.StepsExecTemplate] [94] - revised steps:[Bar]
2021-02-04 02:59:46,726 [main] INFO  [io.github.dddplus.runtime.registry.mock.interceptor.DomainProfilerAspect] [21] - AROUND step:Submit.Bar
2021-02-04 02:59:46,726 [main] INFO  [io.github.dddplus.runtime.StepsExecTemplate] [94] - revised steps:[Bar]
2021-02-04 02:59:46,726 [main] INFO  [io.github.dddplus.runtime.registry.mock.interceptor.DomainProfilerAspect] [21] - AROUND step:Submit.Bar
2021-02-04 02:59:46,726 [main] INFO  [io.github.dddplus.runtime.StepsExecTemplate] [94] - revised steps:[Bar]
2021-02-04 02:59:46,727 [main] INFO  [io.github.dddplus.runtime.registry.mock.interceptor.DomainProfilerAspect] [21] - AROUND step:Submit.Bar
2021-02-04 02:59:46,727 [main] INFO  [io.github.dddplus.runtime.StepsExecTemplate] [94] - revised steps:[Bar]
2021-02-04 02:59:46,727 [main] INFO  [io.github.dddplus.runtime.registry.mock.interceptor.DomainProfilerAspect] [21] - AROUND step:Submit.Bar
2021-02-04 02:59:46,727 [main] INFO  [io.github.dddplus.runtime.StepsExecTemplate] [94] - revised steps:[Bar]
2021-02-04 02:59:46,727 [main] INFO  [io.github.dddplus.runtime.registry.mock.interceptor.DomainProfilerAspect] [21] - AROUND step:Submit.Bar
2021-02-04 02:59:46,728 [main] INFO  [io.github.dddplus.runtime.StepsExecTemplate] [94] - revised steps:[Bar]
2021-02-04 02:59:46,728 [main] INFO  [io.github.dddplus.runtime.registry.mock.interceptor.DomainProfilerAspect] [21] - AROUND step:Submit.Bar
2021-02-04 02:59:46,728 [main] INFO  [io.github.dddplus.runtime.StepsExecTemplate] [94] - revised steps:[Bar]
2021-02-04 02:59:46,729 [main] INFO  [io.github.dddplus.runtime.registry.mock.interceptor.DomainProfilerAspect] [21] - AROUND step:Submit.Bar
2021-02-04 02:59:46,729 [main] INFO  [io.github.dddplus.runtime.StepsExecTemplate] [94] - revised steps:[Bar]
2021-02-04 02:59:46,729 [main] INFO  [io.github.dddplus.runtime.registry.mock.interceptor.DomainProfilerAspect] [21] - AROUND step:Submit.Bar
2021-02-04 02:59:46,729 [main] INFO  [io.github.dddplus.runtime.StepsExecTemplate] [94] - revised steps:[Bar]
2021-02-04 02:59:46,729 [main] INFO  [io.github.dddplus.runtime.registry.mock.interceptor.DomainProfilerAspect] [21] - AROUND step:Submit.Bar
2021-02-04 02:59:46,730 [main] INFO  [io.github.dddplus.runtime.StepsExecTemplate] [94] - revised steps:[Bar]
2021-02-04 02:59:46,730 [main] INFO  [io.github.dddplus.runtime.registry.mock.interceptor.DomainProfilerAspect] [21] - AROUND step:Submit.Bar
2021-02-04 02:59:46,730 [main] INFO  [io.github.dddplus.runtime.StepsExecTemplate] [94] - revised steps:[Bar]
2021-02-04 02:59:46,730 [main] INFO  [io.github.dddplus.runtime.registry.mock.interceptor.DomainProfilerAspect] [21] - AROUND step:Submit.Bar
2021-02-04 02:59:46,730 [main] INFO  [io.github.dddplus.runtime.StepsExecTemplate] [94] - revised steps:[Bar]
2021-02-04 02:59:46,731 [main] INFO  [io.github.dddplus.runtime.registry.mock.interceptor.DomainProfilerAspect] [21] - AROUND step:Submit.Bar
2021-02-04 02:59:46,731 [main] INFO  [io.github.dddplus.runtime.StepsExecTemplate] [94] - revised steps:[Bar]
2021-02-04 02:59:46,731 [main] INFO  [io.github.dddplus.runtime.registry.mock.interceptor.DomainProfilerAspect] [21] - AROUND step:Submit.Bar
2021-02-04 02:59:46,731 [main] INFO  [io.github.dddplus.runtime.StepsExecTemplate] [94] - revised steps:[Bar]
2021-02-04 02:59:46,732 [main] INFO  [io.github.dddplus.runtime.registry.mock.interceptor.DomainProfilerAspect] [21] - AROUND step:Submit.Bar
2021-02-04 02:59:46,732 [main] INFO  [io.github.dddplus.runtime.StepsExecTemplate] [94] - revised steps:[Bar]
2021-02-04 02:59:46,732 [main] INFO  [io.github.dddplus.runtime.registry.mock.interceptor.DomainProfilerAspect] [21] - AROUND step:Submit.Bar
2021-02-04 02:59:46,732 [main] INFO  [io.github.dddplus.runtime.StepsExecTemplate] [94] - revised steps:[Bar]
2021-02-04 02:59:46,732 [main] INFO  [io.github.dddplus.runtime.registry.mock.interceptor.DomainProfilerAspect] [21] - AROUND step:Submit.Bar
2021-02-04 02:59:46,733 [main] INFO  [io.github.dddplus.runtime.StepsExecTemplate] [94] - revised steps:[Bar]
2021-02-04 02:59:46,733 [main] INFO  [io.github.dddplus.runtime.registry.mock.interceptor.DomainProfilerAspect] [21] - AROUND step:Submit.Bar
2021-02-04 02:59:46,733 [main] INFO  [io.github.dddplus.runtime.StepsExecTemplate] [94] - revised steps:[Bar]
2021-02-04 02:59:46,733 [main] INFO  [io.github.dddplus.runtime.registry.mock.interceptor.DomainProfilerAspect] [21] - AROUND step:Submit.Bar
2021-02-04 02:59:46,733 [main] INFO  [io.github.dddplus.runtime.StepsExecTemplate] [94] - revised steps:[Bar]
2021-02-04 02:59:46,734 [main] INFO  [io.github.dddplus.runtime.registry.mock.interceptor.DomainProfilerAspect] [21] - AROUND step:Submit.Bar
2021-02-04 02:59:46,734 [main] INFO  [io.github.dddplus.runtime.StepsExecTemplate] [94] - revised steps:[Bar]
2021-02-04 02:59:46,734 [main] INFO  [io.github.dddplus.runtime.registry.mock.interceptor.DomainProfilerAspect] [21] - AROUND step:Submit.Bar
2021-02-04 02:59:46,734 [main] INFO  [io.github.dddplus.runtime.StepsExecTemplate] [94] - revised steps:[Bar]
2021-02-04 02:59:46,735 [main] INFO  [io.github.dddplus.runtime.registry.mock.interceptor.DomainProfilerAspect] [21] - AROUND step:Submit.Bar
2021-02-04 02:59:46,735 [main] INFO  [io.github.dddplus.runtime.StepsExecTemplate] [94] - revised steps:[Bar]
2021-02-04 02:59:46,735 [main] INFO  [io.github.dddplus.runtime.registry.mock.interceptor.DomainProfilerAspect] [21] - AROUND step:Submit.Bar
2021-02-04 02:59:46,735 [main] INFO  [io.github.dddplus.runtime.StepsExecTemplate] [94] - revised steps:[Bar]
2021-02-04 02:59:46,735 [main] INFO  [io.github.dddplus.runtime.registry.mock.interceptor.DomainProfilerAspect] [21] - AROUND step:Submit.Bar
2021-02-04 02:59:46,736 [main] INFO  [io.github.dddplus.runtime.StepsExecTemplate] [94] - revised steps:[Bar]
2021-02-04 02:59:46,736 [main] INFO  [io.github.dddplus.runtime.registry.mock.interceptor.DomainProfilerAspect] [21] - AROUND step:Submit.Bar
2021-02-04 02:59:46,736 [main] INFO  [io.github.dddplus.runtime.StepsExecTemplate] [94] - revised steps:[Bar]
2021-02-04 02:59:46,736 [main] INFO  [io.github.dddplus.runtime.registry.mock.interceptor.DomainProfilerAspect] [21] - AROUND step:Submit.Bar
2021-02-04 02:59:46,736 [main] INFO  [io.github.dddplus.runtime.StepsExecTemplate] [94] - revised steps:[Bar]
2021-02-04 02:59:46,737 [main] INFO  [io.github.dddplus.runtime.registry.mock.interceptor.DomainProfilerAspect] [21] - AROUND step:Submit.Bar
2021-02-04 02:59:46,737 [main] INFO  [io.github.dddplus.runtime.StepsExecTemplate] [94] - revised steps:[Bar]
2021-02-04 02:59:46,737 [main] INFO  [io.github.dddplus.runtime.registry.mock.interceptor.DomainProfilerAspect] [21] - AROUND step:Submit.Bar
2021-02-04 02:59:46,737 [main] INFO  [io.github.dddplus.runtime.StepsExecTemplate] [94] - revised steps:[Bar]
2021-02-04 02:59:46,738 [main] INFO  [io.github.dddplus.runtime.registry.mock.interceptor.DomainProfilerAspect] [21] - AROUND step:Submit.Bar
2021-02-04 02:59:46,738 [main] INFO  [io.github.dddplus.runtime.StepsExecTemplate] [94] - revised steps:[Bar]
2021-02-04 02:59:46,738 [main] INFO  [io.github.dddplus.runtime.registry.mock.interceptor.DomainProfilerAspect] [21] - AROUND step:Submit.Bar
2021-02-04 02:59:46,738 [main] INFO  [io.github.dddplus.runtime.StepsExecTemplate] [94] - revised steps:[Bar]
2021-02-04 02:59:46,739 [main] INFO  [io.github.dddplus.runtime.registry.mock.interceptor.DomainProfilerAspect] [21] - AROUND step:Submit.Bar
2021-02-04 02:59:46,739 [main] INFO  [io.github.dddplus.runtime.StepsExecTemplate] [94] - revised steps:[Bar]
2021-02-04 02:59:46,739 [main] INFO  [io.github.dddplus.runtime.registry.mock.interceptor.DomainProfilerAspect] [21] - AROUND step:Submit.Bar
2021-02-04 02:59:46,739 [main] INFO  [io.github.dddplus.runtime.StepsExecTemplate] [94] - revised steps:[Bar]
2021-02-04 02:59:46,740 [main] INFO  [io.github.dddplus.runtime.registry.mock.interceptor.DomainProfilerAspect] [21] - AROUND step:Submit.Bar
2021-02-04 02:59:46,740 [main] INFO  [io.github.dddplus.runtime.StepsExecTemplate] [94] - revised steps:[Bar]
2021-02-04 02:59:46,740 [main] INFO  [io.github.dddplus.runtime.registry.mock.interceptor.DomainProfilerAspect] [21] - AROUND step:Submit.Bar
2021-02-04 02:59:46,740 [main] INFO  [io.github.dddplus.runtime.StepsExecTemplate] [94] - revised steps:[Bar]
2021-02-04 02:59:46,740 [main] INFO  [io.github.dddplus.runtime.registry.mock.interceptor.DomainProfilerAspect] [21] - AROUND step:Submit.Bar
2021-02-04 02:59:46,741 [main] INFO  [io.github.dddplus.runtime.StepsExecTemplate] [94] - revised steps:[Bar]
2021-02-04 02:59:46,741 [main] INFO  [io.github.dddplus.runtime.registry.mock.interceptor.DomainProfilerAspect] [21] - AROUND step:Submit.Bar
2021-02-04 02:59:46,741 [main] INFO  [io.github.dddplus.runtime.StepsExecTemplate] [94] - revised steps:[Bar]
2021-02-04 02:59:46,741 [main] INFO  [io.github.dddplus.runtime.registry.mock.interceptor.DomainProfilerAspect] [21] - AROUND step:Submit.Bar
2021-02-04 02:59:46,741 [main] INFO  [io.github.dddplus.runtime.StepsExecTemplate] [94] - revised steps:[Bar]
2021-02-04 02:59:46,742 [main] INFO  [io.github.dddplus.runtime.registry.mock.interceptor.DomainProfilerAspect] [21] - AROUND step:Submit.Bar
2021-02-04 02:59:46,742 [main] INFO  [io.github.dddplus.runtime.StepsExecTemplate] [94] - revised steps:[Bar]
2021-02-04 02:59:46,742 [main] INFO  [io.github.dddplus.runtime.registry.mock.interceptor.DomainProfilerAspect] [21] - AROUND step:Submit.Bar
2021-02-04 02:59:46,743 [main] INFO  [io.github.dddplus.runtime.StepsExecTemplate] [94] - revised steps:[Bar]
2021-02-04 02:59:46,743 [main] INFO  [io.github.dddplus.runtime.registry.mock.interceptor.DomainProfilerAspect] [21] - AROUND step:Submit.Bar
2021-02-04 02:59:46,743 [main] INFO  [io.github.dddplus.runtime.StepsExecTemplate] [94] - revised steps:[Bar]
2021-02-04 02:59:46,743 [main] INFO  [io.github.dddplus.runtime.registry.mock.interceptor.DomainProfilerAspect] [21] - AROUND step:Submit.Bar
2021-02-04 02:59:46,744 [main] INFO  [io.github.dddplus.runtime.StepsExecTemplate] [94] - revised steps:[Bar]
2021-02-04 02:59:46,744 [main] INFO  [io.github.dddplus.runtime.registry.mock.interceptor.DomainProfilerAspect] [21] - AROUND step:Submit.Bar
2021-02-04 02:59:46,744 [main] INFO  [io.github.dddplus.runtime.StepsExecTemplate] [94] - revised steps:[Bar]
2021-02-04 02:59:46,744 [main] INFO  [io.github.dddplus.runtime.registry.mock.interceptor.DomainProfilerAspect] [21] - AROUND step:Submit.Bar
2021-02-04 02:59:46,745 [main] INFO  [io.github.dddplus.runtime.StepsExecTemplate] [94] - revised steps:[Bar]
2021-02-04 02:59:46,745 [main] INFO  [io.github.dddplus.runtime.registry.mock.interceptor.DomainProfilerAspect] [21] - AROUND step:Submit.Bar
2021-02-04 02:59:46,745 [main] INFO  [io.github.dddplus.runtime.StepsExecTemplate] [94] - revised steps:[Bar]
2021-02-04 02:59:46,745 [main] INFO  [io.github.dddplus.runtime.registry.mock.interceptor.DomainProfilerAspect] [21] - AROUND step:Submit.Bar
2021-02-04 02:59:46,745 [main] INFO  [io.github.dddplus.runtime.StepsExecTemplate] [94] - revised steps:[Bar]
2021-02-04 02:59:46,746 [main] INFO  [io.github.dddplus.runtime.registry.mock.interceptor.DomainProfilerAspect] [21] - AROUND step:Submit.Bar
2021-02-04 02:59:46,746 [main] INFO  [io.github.dddplus.runtime.StepsExecTemplate] [94] - revised steps:[Bar]
2021-02-04 02:59:46,746 [main] INFO  [io.github.dddplus.runtime.registry.mock.interceptor.DomainProfilerAspect] [21] - AROUND step:Submit.Bar
2021-02-04 02:59:46,746 [main] INFO  [io.github.dddplus.runtime.StepsExecTemplate] [94] - revised steps:[Bar]
2021-02-04 02:59:46,747 [main] INFO  [io.github.dddplus.runtime.registry.mock.interceptor.DomainProfilerAspect] [21] - AROUND step:Submit.Bar
2021-02-04 02:59:46,747 [main] INFO  [io.github.dddplus.runtime.StepsExecTemplate] [94] - revised steps:[Bar]
2021-02-04 02:59:46,747 [main] INFO  [io.github.dddplus.runtime.registry.mock.interceptor.DomainProfilerAspect] [21] - AROUND step:Submit.Bar
2021-02-04 02:59:46,747 [main] INFO  [io.github.dddplus.runtime.StepsExecTemplate] [94] - revised steps:[Bar]
2021-02-04 02:59:46,748 [main] INFO  [io.github.dddplus.runtime.registry.mock.interceptor.DomainProfilerAspect] [21] - AROUND step:Submit.Bar
2021-02-04 02:59:46,748 [main] INFO  [io.github.dddplus.runtime.StepsExecTemplate] [94] - revised steps:[Bar]
2021-02-04 02:59:46,748 [main] INFO  [io.github.dddplus.runtime.registry.mock.interceptor.DomainProfilerAspect] [21] - AROUND step:Submit.Bar
2021-02-04 02:59:46,748 [main] INFO  [io.github.dddplus.runtime.StepsExecTemplate] [94] - revised steps:[Bar]
2021-02-04 02:59:46,748 [main] INFO  [io.github.dddplus.runtime.registry.mock.interceptor.DomainProfilerAspect] [21] - AROUND step:Submit.Bar
2021-02-04 02:59:46,749 [main] INFO  [io.github.dddplus.runtime.StepsExecTemplate] [94] - revised steps:[Bar]
2021-02-04 02:59:46,749 [main] INFO  [io.github.dddplus.runtime.registry.mock.interceptor.DomainProfilerAspect] [21] - AROUND step:Submit.Bar
2021-02-04 02:59:46,749 [main] INFO  [io.github.dddplus.runtime.StepsExecTemplate] [94] - revised steps:[Bar]
2021-02-04 02:59:46,749 [main] INFO  [io.github.dddplus.runtime.registry.mock.interceptor.DomainProfilerAspect] [21] - AROUND step:Submit.Bar
2021-02-04 02:59:46,749 [main] INFO  [io.github.dddplus.runtime.StepsExecTemplate] [94] - revised steps:[Bar]
2021-02-04 02:59:46,750 [main] INFO  [io.github.dddplus.runtime.registry.mock.interceptor.DomainProfilerAspect] [21] - AROUND step:Submit.Bar
2021-02-04 02:59:46,750 [main] INFO  [io.github.dddplus.runtime.StepsExecTemplate] [94] - revised steps:[Bar]
2021-02-04 02:59:46,750 [main] INFO  [io.github.dddplus.runtime.registry.mock.interceptor.DomainProfilerAspect] [21] - AROUND step:Submit.Bar
2021-02-04 02:59:46,750 [main] INFO  [io.github.dddplus.runtime.StepsExecTemplate] [94] - revised steps:[Bar]
2021-02-04 02:59:46,750 [main] INFO  [io.github.dddplus.runtime.registry.mock.interceptor.DomainProfilerAspect] [21] - AROUND step:Submit.Bar
2021-02-04 02:59:46,751 [main] INFO  [io.github.dddplus.runtime.StepsExecTemplate] [94] - revised steps:[Bar]
2021-02-04 02:59:46,751 [main] INFO  [io.github.dddplus.runtime.registry.mock.interceptor.DomainProfilerAspect] [21] - AROUND step:Submit.Bar
2021-02-04 02:59:46,751 [main] INFO  [io.github.dddplus.runtime.StepsExecTemplate] [94] - revised steps:[Bar]
2021-02-04 02:59:46,751 [main] INFO  [io.github.dddplus.runtime.registry.mock.interceptor.DomainProfilerAspect] [21] - AROUND step:Submit.Bar
2021-02-04 02:59:46,751 [main] INFO  [io.github.dddplus.runtime.StepsExecTemplate] [94] - revised steps:[Bar]
2021-02-04 02:59:46,752 [main] INFO  [io.github.dddplus.runtime.registry.mock.interceptor.DomainProfilerAspect] [21] - AROUND step:Submit.Bar
2021-02-04 02:59:46,752 [main] INFO  [io.github.dddplus.runtime.StepsExecTemplate] [94] - revised steps:[Bar]
2021-02-04 02:59:46,752 [main] INFO  [io.github.dddplus.runtime.registry.mock.interceptor.DomainProfilerAspect] [21] - AROUND step:Submit.Bar
2021-02-04 02:59:46,752 [main] INFO  [io.github.dddplus.runtime.StepsExecTemplate] [94] - revised steps:[Bar]
2021-02-04 02:59:46,752 [main] INFO  [io.github.dddplus.runtime.registry.mock.interceptor.DomainProfilerAspect] [21] - AROUND step:Submit.Bar
2021-02-04 02:59:46,753 [main] INFO  [io.github.dddplus.runtime.StepsExecTemplate] [94] - revised steps:[Bar]
2021-02-04 02:59:46,753 [main] INFO  [io.github.dddplus.runtime.registry.mock.interceptor.DomainProfilerAspect] [21] - AROUND step:Submit.Bar
2021-02-04 02:59:46,753 [main] INFO  [io.github.dddplus.runtime.StepsExecTemplate] [94] - revised steps:[Bar]
2021-02-04 02:59:46,753 [main] INFO  [io.github.dddplus.runtime.registry.mock.interceptor.DomainProfilerAspect] [21] - AROUND step:Submit.Bar
2021-02-04 02:59:46,753 [main] INFO  [io.github.dddplus.runtime.StepsExecTemplate] [94] - revised steps:[Bar]
2021-02-04 02:59:46,754 [main] INFO  [io.github.dddplus.runtime.registry.mock.interceptor.DomainProfilerAspect] [21] - AROUND step:Submit.Bar
2021-02-04 02:59:46,754 [main] INFO  [io.github.dddplus.runtime.StepsExecTemplate] [94] - revised steps:[Bar]
2021-02-04 02:59:46,754 [main] INFO  [io.github.dddplus.runtime.registry.mock.interceptor.DomainProfilerAspect] [21] - AROUND step:Submit.Bar
2021-02-04 02:59:46,754 [main] INFO  [io.github.dddplus.runtime.StepsExecTemplate] [94] - revised steps:[Bar]
2021-02-04 02:59:46,754 [main] INFO  [io.github.dddplus.runtime.registry.mock.interceptor.DomainProfilerAspect] [21] - AROUND step:Submit.Bar
2021-02-04 02:59:46,755 [main] INFO  [io.github.dddplus.runtime.StepsExecTemplate] [94] - revised steps:[Bar]
2021-02-04 02:59:46,755 [main] INFO  [io.github.dddplus.runtime.registry.mock.interceptor.DomainProfilerAspect] [21] - AROUND step:Submit.Bar
2021-02-04 02:59:46,755 [main] INFO  [io.github.dddplus.runtime.StepsExecTemplate] [94] - revised steps:[Bar]
2021-02-04 02:59:46,755 [main] INFO  [io.github.dddplus.runtime.registry.mock.interceptor.DomainProfilerAspect] [21] - AROUND step:Submit.Bar
2021-02-04 02:59:46,755 [main] INFO  [io.github.dddplus.runtime.StepsExecTemplate] [94] - revised steps:[Bar]
2021-02-04 02:59:46,756 [main] INFO  [io.github.dddplus.runtime.registry.mock.interceptor.DomainProfilerAspect] [21] - AROUND step:Submit.Bar
2021-02-04 02:59:46,756 [main] INFO  [io.github.dddplus.runtime.StepsExecTemplate] [94] - revised steps:[Bar]
2021-02-04 02:59:46,756 [main] INFO  [io.github.dddplus.runtime.registry.mock.interceptor.DomainProfilerAspect] [21] - AROUND step:Submit.Bar
2021-02-04 02:59:46,756 [main] INFO  [io.github.dddplus.runtime.StepsExecTemplate] [94] - revised steps:[Bar]
2021-02-04 02:59:46,757 [main] INFO  [io.github.dddplus.runtime.registry.mock.interceptor.DomainProfilerAspect] [21] - AROUND step:Submit.Bar
2021-02-04 02:59:46,757 [main] INFO  [io.github.dddplus.runtime.StepsExecTemplate] [94] - revised steps:[Bar]
2021-02-04 02:59:46,757 [main] INFO  [io.github.dddplus.runtime.registry.mock.interceptor.DomainProfilerAspect] [21] - AROUND step:Submit.Bar
2021-02-04 02:59:46,757 [main] INFO  [io.github.dddplus.runtime.StepsExecTemplate] [94] - revised steps:[Bar]
2021-02-04 02:59:46,757 [main] INFO  [io.github.dddplus.runtime.registry.mock.interceptor.DomainProfilerAspect] [21] - AROUND step:Submit.Bar
2021-02-04 02:59:46,758 [main] INFO  [io.github.dddplus.runtime.StepsExecTemplate] [94] - revised steps:[Bar]
2021-02-04 02:59:46,758 [main] INFO  [io.github.dddplus.runtime.registry.mock.interceptor.DomainProfilerAspect] [21] - AROUND step:Submit.Bar
2021-02-04 02:59:46,758 [main] INFO  [io.github.dddplus.runtime.StepsExecTemplate] [94] - revised steps:[Bar]
2021-02-04 02:59:46,758 [main] INFO  [io.github.dddplus.runtime.registry.mock.interceptor.DomainProfilerAspect] [21] - AROUND step:Submit.Bar
2021-02-04 02:59:46,759 [main] INFO  [io.github.dddplus.runtime.StepsExecTemplate] [94] - revised steps:[Bar]
2021-02-04 02:59:46,759 [main] INFO  [io.github.dddplus.runtime.registry.mock.interceptor.DomainProfilerAspect] [21] - AROUND step:Submit.Bar
2021-02-04 02:59:46,759 [main] INFO  [io.github.dddplus.runtime.StepsExecTemplate] [94] - revised steps:[Bar]
2021-02-04 02:59:46,759 [main] INFO  [io.github.dddplus.runtime.registry.mock.interceptor.DomainProfilerAspect] [21] - AROUND step:Submit.Bar
2021-02-04 02:59:46,759 [main] INFO  [io.github.dddplus.runtime.StepsExecTemplate] [94] - revised steps:[Bar]
2021-02-04 02:59:46,760 [main] INFO  [io.github.dddplus.runtime.registry.mock.interceptor.DomainProfilerAspect] [21] - AROUND step:Submit.Bar
2021-02-04 02:59:46,760 [main] INFO  [io.github.dddplus.runtime.StepsExecTemplate] [94] - revised steps:[Bar]
2021-02-04 02:59:46,760 [main] INFO  [io.github.dddplus.runtime.registry.mock.interceptor.DomainProfilerAspect] [21] - AROUND step:Submit.Bar
2021-02-04 02:59:46,760 [main] INFO  [io.github.dddplus.runtime.StepsExecTemplate] [94] - revised steps:[Bar]
2021-02-04 02:59:46,760 [main] INFO  [io.github.dddplus.runtime.registry.mock.interceptor.DomainProfilerAspect] [21] - AROUND step:Submit.Bar
2021-02-04 02:59:46,760 [main] INFO  [io.github.dddplus.runtime.StepsExecTemplate] [94] - revised steps:[Bar]
2021-02-04 02:59:46,761 [main] INFO  [io.github.dddplus.runtime.registry.mock.interceptor.DomainProfilerAspect] [21] - AROUND step:Submit.Bar
2021-02-04 02:59:46,761 [main] INFO  [io.github.dddplus.runtime.StepsExecTemplate] [94] - revised steps:[Bar]
2021-02-04 02:59:46,761 [main] INFO  [io.github.dddplus.runtime.registry.mock.interceptor.DomainProfilerAspect] [21] - AROUND step:Submit.Bar
2021-02-04 02:59:46,761 [main] INFO  [io.github.dddplus.runtime.StepsExecTemplate] [94] - revised steps:[Bar]
2021-02-04 02:59:46,761 [main] ERROR [io.github.dddplus.runtime.StepsExecTemplate] [99] - Steps revision seem to encounter dead loop, abort after 100 model:FooModel(partnerCode=ddd.cn.ka, b2c=false, letFooThrowException=false, willSleepLong=false, willThrowRuntimeException=false, willThrowOOM=false, redecide=false, redecideDeadLoop=true, stepsRevised=false, willRollback=false, willRollbackInvalid=false, sleepExtTimeout=false, foo=0)
Feb 04, 2021 2:59:46 AM org.springframework.test.context.support.DefaultTestContextBootstrapper getDefaultTestExecutionListenerClassNames
INFO: Loaded default TestExecutionListener class names from location [META-INF/spring.factories]: [org.springframework.test.context.web.ServletTestExecutionListener, org.springframework.test.context.support.DirtiesContextBeforeModesTestExecutionListener, org.springframework.test.context.support.DependencyInjectionTestExecutionListener, org.springframework.test.context.support.DirtiesContextTestExecutionListener, org.springframework.test.context.transaction.TransactionalTestExecutionListener, org.springframework.test.context.jdbc.SqlScriptsTestExecutionListener]
Feb 04, 2021 2:59:46 AM org.springframework.test.context.support.DefaultTestContextBootstrapper instantiateListeners
INFO: Could not instantiate TestExecutionListener [org.springframework.test.context.web.ServletTestExecutionListener]. Specify custom listener classes or make the default listener classes (and their required dependencies) available. Offending class: [javax/servlet/ServletContext]
Feb 04, 2021 2:59:46 AM org.springframework.test.context.support.DefaultTestContextBootstrapper instantiateListeners
INFO: Could not instantiate TestExecutionListener [org.springframework.test.context.jdbc.SqlScriptsTestExecutionListener]. Specify custom listener classes or make the default listener classes (and their required dependencies) available. Offending class: [org/springframework/transaction/interceptor/TransactionAttribute]
Feb 04, 2021 2:59:46 AM org.springframework.test.context.support.DefaultTestContextBootstrapper instantiateListeners
INFO: Could not instantiate TestExecutionListener [org.springframework.test.context.transaction.TransactionalTestExecutionListener]. Specify custom listener classes or make the default listener classes (and their required dependencies) available. Offending class: [org/springframework/transaction/TransactionDefinition]
Feb 04, 2021 2:59:46 AM org.springframework.test.context.support.DefaultTestContextBootstrapper getTestExecutionListeners
INFO: Using TestExecutionListeners: [org.springframework.test.context.support.DirtiesContextBeforeModesTestExecutionListener@115c946b, org.springframework.test.context.support.DependencyInjectionTestExecutionListener@79ca7bea, org.springframework.test.context.support.DirtiesContextTestExecutionListener@54f6b629]
2021-02-04 02:59:46,766 [main] INFO  [io.github.dddplus.runtime.registry.mock.extension.B2CExt] [16] - 2
2021-02-04 02:59:46,767 [main] INFO  [io.github.dddplus.runtime.registry.mock.extension.B2CExt] [16] - 2
2021-02-04 02:59:46,767 [main] INFO  [io.github.dddplus.runtime.registry.mock.service.FooDomainService] [17] - submit received: 2, firstExt got: 2
Feb 04, 2021 2:59:46 AM org.springframework.test.context.support.DefaultTestContextBootstrapper getDefaultTestExecutionListenerClassNames
INFO: Loaded default TestExecutionListener class names from location [META-INF/spring.factories]: [org.springframework.test.context.web.ServletTestExecutionListener, org.springframework.test.context.support.DirtiesContextBeforeModesTestExecutionListener, org.springframework.test.context.support.DependencyInjectionTestExecutionListener, org.springframework.test.context.support.DirtiesContextTestExecutionListener, org.springframework.test.context.transaction.TransactionalTestExecutionListener, org.springframework.test.context.jdbc.SqlScriptsTestExecutionListener]
Feb 04, 2021 2:59:46 AM org.springframework.test.context.support.DefaultTestContextBootstrapper instantiateListeners
INFO: Could not instantiate TestExecutionListener [org.springframework.test.context.web.ServletTestExecutionListener]. Specify custom listener classes or make the default listener classes (and their required dependencies) available. Offending class: [javax/servlet/ServletContext]
Feb 04, 2021 2:59:46 AM org.springframework.test.context.support.DefaultTestContextBootstrapper instantiateListeners
INFO: Could not instantiate TestExecutionListener [org.springframework.test.context.jdbc.SqlScriptsTestExecutionListener]. Specify custom listener classes or make the default listener classes (and their required dependencies) available. Offending class: [org/springframework/transaction/interceptor/TransactionAttribute]
Feb 04, 2021 2:59:46 AM org.springframework.test.context.support.DefaultTestContextBootstrapper instantiateListeners
INFO: Could not instantiate TestExecutionListener [org.springframework.test.context.transaction.TransactionalTestExecutionListener]. Specify custom listener classes or make the default listener classes (and their required dependencies) available. Offending class: [org/springframework/transaction/TransactionDefinition]
Feb 04, 2021 2:59:46 AM org.springframework.test.context.support.DefaultTestContextBootstrapper getTestExecutionListeners
INFO: Using TestExecutionListeners: [org.springframework.test.context.support.DirtiesContextBeforeModesTestExecutionListener@255d9277, org.springframework.test.context.support.DependencyInjectionTestExecutionListener@1de13f34, org.springframework.test.context.support.DirtiesContextTestExecutionListener@7e191fda]
Feb 04, 2021 2:59:46 AM org.springframework.test.context.support.DefaultTestContextBootstrapper getDefaultTestExecutionListenerClassNames
INFO: Loaded default TestExecutionListener class names from location [META-INF/spring.factories]: [org.springframework.test.context.web.ServletTestExecutionListener, org.springframework.test.context.support.DirtiesContextBeforeModesTestExecutionListener, org.springframework.test.context.support.DependencyInjectionTestExecutionListener, org.springframework.test.context.support.DirtiesContextTestExecutionListener, org.springframework.test.context.transaction.TransactionalTestExecutionListener, org.springframework.test.context.jdbc.SqlScriptsTestExecutionListener]
Feb 04, 2021 2:59:46 AM org.springframework.test.context.support.DefaultTestContextBootstrapper instantiateListeners
INFO: Could not instantiate TestExecutionListener [org.springframework.test.context.web.ServletTestExecutionListener]. Specify custom listener classes or make the default listener classes (and their required dependencies) available. Offending class: [javax/servlet/ServletContext]
Feb 04, 2021 2:59:46 AM org.springframework.test.context.support.DefaultTestContextBootstrapper instantiateListeners
INFO: Could not instantiate TestExecutionListener [org.springframework.test.context.jdbc.SqlScriptsTestExecutionListener]. Specify custom listener classes or make the default listener classes (and their required dependencies) available. Offending class: [org/springframework/transaction/interceptor/TransactionAttribute]
Feb 04, 2021 2:59:46 AM org.springframework.test.context.support.DefaultTestContextBootstrapper instantiateListeners
INFO: Could not instantiate TestExecutionListener [org.springframework.test.context.transaction.TransactionalTestExecutionListener]. Specify custom listener classes or make the default listener classes (and their required dependencies) available. Offending class: [org/springframework/transaction/TransactionDefinition]
Feb 04, 2021 2:59:46 AM org.springframework.test.context.support.DefaultTestContextBootstrapper getTestExecutionListeners
INFO: Using TestExecutionListeners: [org.springframework.test.context.support.DirtiesContextBeforeModesTestExecutionListener@19a5b637, org.springframework.test.context.support.DependencyInjectionTestExecutionListener@4f3c7808, org.springframework.test.context.support.DirtiesContextTestExecutionListener@4b4969ea]
2021-02-04 02:59:46,776 [main] ERROR [io.github.dddplus.runtime.ExtensionInvocationHandler] [100] - io.github.dddplus.runtime.registry.mock.ext.IFooExt code:b2b
java.lang.RuntimeException: b2b error on purpose
	at io.github.dddplus.runtime.registry.mock.extension.B2BExt.execute(B2BExt.java:27) ~[test-classes/:?]
	at sun.reflect.NativeMethodAccessorImpl.invoke0(Native Method) ~[?:1.8.0_262]
	at sun.reflect.NativeMethodAccessorImpl.invoke(NativeMethodAccessorImpl.java:62) ~[?:1.8.0_262]
	at sun.reflect.DelegatingMethodAccessorImpl.invoke(DelegatingMethodAccessorImpl.java:43) ~[?:1.8.0_262]
	at java.lang.reflect.Method.invoke(Method.java:498) ~[?:1.8.0_262]
	at io.github.dddplus.runtime.ExtensionInvocationHandler.invokeExtensionMethod(ExtensionInvocationHandler.java:122) ~[classes/:?]
	at io.github.dddplus.runtime.ExtensionInvocationHandler.invokeExtension(ExtensionInvocationHandler.java:97) ~[classes/:?]
	at io.github.dddplus.runtime.ExtensionInvocationHandler.invoke(ExtensionInvocationHandler.java:78) ~[classes/:?]
	at com.sun.proxy.$Proxy86.execute(Unknown Source) ~[?:?]
	at io.github.dddplus.runtime.registry.mock.ability.FooDomainAbility.submit(FooDomainAbility.java:20) ~[test-classes/:?]
	at io.github.dddplus.runtime.registry.mock.service.FooDomainService.submitOrder(FooDomainService.java:17) ~[test-classes/:?]
	at io.github.dddplus.runtime.registry.IntegrationTest.extThrowException(IntegrationTest.java:234) ~[test-classes/:?]
	at sun.reflect.NativeMethodAccessorImpl.invoke0(Native Method) ~[?:1.8.0_262]
	at sun.reflect.NativeMethodAccessorImpl.invoke(NativeMethodAccessorImpl.java:62) ~[?:1.8.0_262]
	at sun.reflect.DelegatingMethodAccessorImpl.invoke(DelegatingMethodAccessorImpl.java:43) ~[?:1.8.0_262]
	at java.lang.reflect.Method.invoke(Method.java:498) ~[?:1.8.0_262]
	at org.junit.runners.model.FrameworkMethod$1.runReflectiveCall(FrameworkMethod.java:59) ~[junit-4.13.1.jar:4.13.1]
	at org.junit.internal.runners.model.ReflectiveCallable.run(ReflectiveCallable.java:12) ~[junit-4.13.1.jar:4.13.1]
	at org.junit.runners.model.FrameworkMethod.invokeExplosively(FrameworkMethod.java:56) ~[junit-4.13.1.jar:4.13.1]
	at org.junit.internal.runners.statements.InvokeMethod.evaluate(InvokeMethod.java:17) ~[junit-4.13.1.jar:4.13.1]
	at org.junit.internal.runners.statements.ExpectException.evaluate(ExpectException.java:19) ~[junit-4.13.1.jar:4.13.1]
	at org.junit.internal.runners.statements.RunBefores.evaluate(RunBefores.java:26) ~[junit-4.13.1.jar:4.13.1]
	at org.springframework.test.context.junit4.statements.RunBeforeTestMethodCallbacks.evaluate(RunBeforeTestMethodCallbacks.java:75) ~[spring-test-4.3.12.RELEASE.jar:4.3.12.RELEASE]
	at org.springframework.test.context.junit4.statements.RunAfterTestMethodCallbacks.evaluate(RunAfterTestMethodCallbacks.java:86) ~[spring-test-4.3.12.RELEASE.jar:4.3.12.RELEASE]
	at org.springframework.test.context.junit4.statements.SpringRepeat.evaluate(SpringRepeat.java:84) ~[spring-test-4.3.12.RELEASE.jar:4.3.12.RELEASE]
	at org.junit.runners.ParentRunner.runLeaf(ParentRunner.java:366) ~[junit-4.13.1.jar:4.13.1]
	at org.springframework.test.context.junit4.SpringJUnit4ClassRunner.runChild(SpringJUnit4ClassRunner.java:252) ~[spring-test-4.3.12.RELEASE.jar:4.3.12.RELEASE]
	at org.springframework.test.context.junit4.SpringJUnit4ClassRunner.runChild(SpringJUnit4ClassRunner.java:94) ~[spring-test-4.3.12.RELEASE.jar:4.3.12.RELEASE]
	at org.junit.runners.ParentRunner$4.run(ParentRunner.java:331) ~[junit-4.13.1.jar:4.13.1]
	at org.junit.runners.ParentRunner$1.schedule(ParentRunner.java:79) ~[junit-4.13.1.jar:4.13.1]
	at org.junit.runners.ParentRunner.runChildren(ParentRunner.java:329) ~[junit-4.13.1.jar:4.13.1]
	at org.junit.runners.ParentRunner.access$100(ParentRunner.java:66) ~[junit-4.13.1.jar:4.13.1]
	at org.junit.runners.ParentRunner$2.evaluate(ParentRunner.java:293) ~[junit-4.13.1.jar:4.13.1]
	at org.springframework.test.context.junit4.statements.RunBeforeTestClassCallbacks.evaluate(RunBeforeTestClassCallbacks.java:61) ~[spring-test-4.3.12.RELEASE.jar:4.3.12.RELEASE]
	at org.springframework.test.context.junit4.statements.RunAfterTestClassCallbacks.evaluate(RunAfterTestClassCallbacks.java:70) ~[spring-test-4.3.12.RELEASE.jar:4.3.12.RELEASE]
	at org.junit.runners.ParentRunner$3.evaluate(ParentRunner.java:306) ~[junit-4.13.1.jar:4.13.1]
	at org.junit.runners.ParentRunner.run(ParentRunner.java:413) ~[junit-4.13.1.jar:4.13.1]
	at org.springframework.test.context.junit4.SpringJUnit4ClassRunner.run(SpringJUnit4ClassRunner.java:191) ~[spring-test-4.3.12.RELEASE.jar:4.3.12.RELEASE]
	at edu.illinois.cs.testrunner.execution.JUnitTestRunner$4.evaluate(JUnitTestRunner.java:383) ~[testrunner-running-1.0.jar:?]
	at edu.illinois.cs.testrunner.execution.JUnitTestRunner.runChild(JUnitTestRunner.java:351) ~[testrunner-running-1.0.jar:?]
	at edu.illinois.cs.testrunner.execution.JUnitTestRunner.run(JUnitTestRunner.java:109) ~[testrunner-running-1.0.jar:?]
	at org.junit.runner.JUnitCore.run(JUnitCore.java:137) ~[junit-4.13.1.jar:4.13.1]
	at edu.illinois.cs.testrunner.execution.JUnitTestExecutor.execute(JUnitTestExecutor.java:292) ~[testrunner-running-1.0.jar:?]
	at edu.illinois.cs.testrunner.execution.JUnitTestExecutor.execute(JUnitTestExecutor.java:328) ~[testrunner-running-1.0.jar:?]
	at edu.illinois.cs.testrunner.execution.JUnitTestExecutor.executeWithJUnit4Runner(JUnitTestExecutor.java:366) ~[testrunner-running-1.0.jar:?]
	at edu.illinois.cs.testrunner.execution.JUnitTestExecutor.runOrder(JUnitTestExecutor.java:47) ~[testrunner-running-1.0.jar:?]
	at edu.illinois.cs.testrunner.execution.Executor$.$anonfun$run$1(Executor.scala:30) ~[testrunner-running-1.0.jar:?]
	at scala.runtime.java8.JFunction0$mcV$sp.apply(JFunction0$mcV$sp.java:12) [scala-library-2.12.6.jar:?]
	at scala.util.Try$.apply(Try.scala:209) [scala-library-2.12.6.jar:?]
	at edu.illinois.cs.testrunner.execution.Executor$.run(Executor.scala:28) [testrunner-running-1.0.jar:?]
	at edu.illinois.cs.testrunner.execution.Executor$.main(Executor.scala:18) [testrunner-running-1.0.jar:?]
	at edu.illinois.cs.testrunner.execution.Executor.main(Executor.scala) [testrunner-running-1.0.jar:?]
Feb 04, 2021 2:59:46 AM org.springframework.test.context.support.DefaultTestContextBootstrapper getDefaultTestExecutionListenerClassNames
INFO: Loaded default TestExecutionListener class names from location [META-INF/spring.factories]: [org.springframework.test.context.web.ServletTestExecutionListener, org.springframework.test.context.support.DirtiesContextBeforeModesTestExecutionListener, org.springframework.test.context.support.DependencyInjectionTestExecutionListener, org.springframework.test.context.support.DirtiesContextTestExecutionListener, org.springframework.test.context.transaction.TransactionalTestExecutionListener, org.springframework.test.context.jdbc.SqlScriptsTestExecutionListener]
Feb 04, 2021 2:59:46 AM org.springframework.test.context.support.DefaultTestContextBootstrapper instantiateListeners
INFO: Could not instantiate TestExecutionListener [org.springframework.test.context.web.ServletTestExecutionListener]. Specify custom listener classes or make the default listener classes (and their required dependencies) available. Offending class: [javax/servlet/ServletContext]
Feb 04, 2021 2:59:46 AM org.springframework.test.context.support.DefaultTestContextBootstrapper instantiateListeners
INFO: Could not instantiate TestExecutionListener [org.springframework.test.context.jdbc.SqlScriptsTestExecutionListener]. Specify custom listener classes or make the default listener classes (and their required dependencies) available. Offending class: [org/springframework/transaction/interceptor/TransactionAttribute]
Feb 04, 2021 2:59:46 AM org.springframework.test.context.support.DefaultTestContextBootstrapper instantiateListeners
INFO: Could not instantiate TestExecutionListener [org.springframework.test.context.transaction.TransactionalTestExecutionListener]. Specify custom listener classes or make the default listener classes (and their required dependencies) available. Offending class: [org/springframework/transaction/TransactionDefinition]
Feb 04, 2021 2:59:46 AM org.springframework.test.context.support.DefaultTestContextBootstrapper getTestExecutionListeners
INFO: Using TestExecutionListeners: [org.springframework.test.context.support.DirtiesContextBeforeModesTestExecutionListener@72c4a3aa, org.springframework.test.context.support.DependencyInjectionTestExecutionListener@1e495414, org.springframework.test.context.support.DirtiesContextTestExecutionListener@3711c71c]
2021-02-04 02:59:46,787 [main] INFO  [io.github.dddplus.runtime.registry.IntegrationTest] [451] - steps:[Baz, Foo, Bar]
2021-02-04 02:59:46,791 [step-2] INFO  [io.github.dddplus.runtime.registry.mock.interceptor.DomainProfilerAspect] [21] - AROUND step:Submit.Foo
2021-02-04 02:59:46,791 [step-1] INFO  [io.github.dddplus.runtime.registry.mock.interceptor.DomainProfilerAspect] [21] - AROUND step:Submit.Baz
2021-02-04 02:59:46,791 [step-2] INFO  [io.github.dddplus.runtime.registry.mock.step.FooStep] [20] - submit: FooModel(partnerCode=ddd.cn.ka, b2c=false, letFooThrowException=false, willSleepLong=true, willThrowRuntimeException=false, willThrowOOM=false, redecide=false, redecideDeadLoop=false, stepsRevised=false, willRollback=false, willRollbackInvalid=false, sleepExtTimeout=false, foo=0)
2021-02-04 02:59:46,791 [step-1] INFO  [io.github.dddplus.runtime.registry.mock.step.BazStep] [18] - submit: FooModel(partnerCode=ddd.cn.ka, b2c=false, letFooThrowException=false, willSleepLong=true, willThrowRuntimeException=false, willThrowOOM=false, redecide=false, redecideDeadLoop=false, stepsRevised=false, willRollback=false, willRollbackInvalid=false, sleepExtTimeout=false, foo=0)
Feb 04, 2021 2:59:46 AM org.springframework.test.context.support.DefaultTestContextBootstrapper getDefaultTestExecutionListenerClassNames
INFO: Loaded default TestExecutionListener class names from location [META-INF/spring.factories]: [org.springframework.test.context.web.ServletTestExecutionListener, org.springframework.test.context.support.DirtiesContextBeforeModesTestExecutionListener, org.springframework.test.context.support.DependencyInjectionTestExecutionListener, org.springframework.test.context.support.DirtiesContextTestExecutionListener, org.springframework.test.context.transaction.TransactionalTestExecutionListener, org.springframework.test.context.jdbc.SqlScriptsTestExecutionListener]
Feb 04, 2021 2:59:46 AM org.springframework.test.context.support.DefaultTestContextBootstrapper instantiateListeners
INFO: Could not instantiate TestExecutionListener [org.springframework.test.context.web.ServletTestExecutionListener]. Specify custom listener classes or make the default listener classes (and their required dependencies) available. Offending class: [javax/servlet/ServletContext]
Feb 04, 2021 2:59:46 AM org.springframework.test.context.support.DefaultTestContextBootstrapper instantiateListeners
INFO: Could not instantiate TestExecutionListener [org.springframework.test.context.jdbc.SqlScriptsTestExecutionListener]. Specify custom listener classes or make the default listener classes (and their required dependencies) available. Offending class: [org/springframework/transaction/interceptor/TransactionAttribute]
Feb 04, 2021 2:59:46 AM org.springframework.test.context.support.DefaultTestContextBootstrapper instantiateListeners
INFO: Could not instantiate TestExecutionListener [org.springframework.test.context.transaction.TransactionalTestExecutionListener]. Specify custom listener classes or make the default listener classes (and their required dependencies) available. Offending class: [org/springframework/transaction/TransactionDefinition]
Feb 04, 2021 2:59:46 AM org.springframework.test.context.support.DefaultTestContextBootstrapper getTestExecutionListeners
INFO: Using TestExecutionListeners: [org.springframework.test.context.support.DirtiesContextBeforeModesTestExecutionListener@39449465, org.springframework.test.context.support.DependencyInjectionTestExecutionListener@6e3dd5ce, org.springframework.test.context.support.DirtiesContextTestExecutionListener@16f7f59f]
2021-02-04 02:59:46,797 [main] INFO  [io.github.dddplus.runtime.registry.mock.extension.B2CExt] [16] - 2
2021-02-04 02:59:46,797 [main] INFO  [io.github.dddplus.runtime.registry.mock.extension.PartnerExt] [20] - partner
Feb 04, 2021 2:59:46 AM org.springframework.test.context.support.DefaultTestContextBootstrapper getDefaultTestExecutionListenerClassNames
INFO: Loaded default TestExecutionListener class names from location [META-INF/spring.factories]: [org.springframework.test.context.web.ServletTestExecutionListener, org.springframework.test.context.support.DirtiesContextBeforeModesTestExecutionListener, org.springframework.test.context.support.DependencyInjectionTestExecutionListener, org.springframework.test.context.support.DirtiesContextTestExecutionListener, org.springframework.test.context.transaction.TransactionalTestExecutionListener, org.springframework.test.context.jdbc.SqlScriptsTestExecutionListener]
Feb 04, 2021 2:59:46 AM org.springframework.test.context.support.DefaultTestContextBootstrapper instantiateListeners
INFO: Could not instantiate TestExecutionListener [org.springframework.test.context.web.ServletTestExecutionListener]. Specify custom listener classes or make the default listener classes (and their required dependencies) available. Offending class: [javax/servlet/ServletContext]
Feb 04, 2021 2:59:46 AM org.springframework.test.context.support.DefaultTestContextBootstrapper instantiateListeners
INFO: Could not instantiate TestExecutionListener [org.springframework.test.context.jdbc.SqlScriptsTestExecutionListener]. Specify custom listener classes or make the default listener classes (and their required dependencies) available. Offending class: [org/springframework/transaction/interceptor/TransactionAttribute]
Feb 04, 2021 2:59:46 AM org.springframework.test.context.support.DefaultTestContextBootstrapper instantiateListeners
INFO: Could not instantiate TestExecutionListener [org.springframework.test.context.transaction.TransactionalTestExecutionListener]. Specify custom listener classes or make the default listener classes (and their required dependencies) available. Offending class: [org/springframework/transaction/TransactionDefinition]
Feb 04, 2021 2:59:46 AM org.springframework.test.context.support.DefaultTestContextBootstrapper getTestExecutionListeners
INFO: Using TestExecutionListeners: [org.springframework.test.context.support.DirtiesContextBeforeModesTestExecutionListener@19fbc594, org.springframework.test.context.support.DependencyInjectionTestExecutionListener@2f4d32bf, org.springframework.test.context.support.DirtiesContextTestExecutionListener@774d8276]
2021-02-04 02:59:46,801 [main] INFO  [io.github.dddplus.runtime.registry.IntegrationTest] [496] - steps: [Baz, Foo, Bar]
2021-02-04 02:59:46,802 [main] INFO  [io.github.dddplus.runtime.registry.mock.interceptor.DomainProfilerAspect] [21] - AROUND step:Submit.Baz
2021-02-04 02:59:46,802 [main] INFO  [io.github.dddplus.runtime.registry.mock.step.BazStep] [18] - submit: FooModel(partnerCode=ddd.cn.ka, b2c=false, letFooThrowException=false, willSleepLong=false, willThrowRuntimeException=false, willThrowOOM=false, redecide=false, redecideDeadLoop=false, stepsRevised=false, willRollback=true, willRollbackInvalid=false, sleepExtTimeout=false, foo=0)
2021-02-04 02:59:46,802 [main] INFO  [io.github.dddplus.runtime.registry.mock.interceptor.DomainProfilerAspect] [21] - AROUND step:Submit.Foo
2021-02-04 02:59:46,802 [main] INFO  [io.github.dddplus.runtime.registry.mock.step.FooStep] [20] - submit: FooModel(partnerCode=ddd.cn.ka, b2c=false, letFooThrowException=false, willSleepLong=false, willThrowRuntimeException=false, willThrowOOM=false, redecide=false, redecideDeadLoop=false, stepsRevised=false, willRollback=true, willRollbackInvalid=false, sleepExtTimeout=false, foo=0)
2021-02-04 02:59:46,803 [main] INFO  [io.github.dddplus.runtime.registry.mock.interceptor.DomainProfilerAspect] [21] - AROUND step:Submit.Bar
2021-02-04 02:59:46,803 [main] ERROR [io.github.dddplus.runtime.StepsExecTemplate] [143] - Step:Submit.Bar fails for [Baz, Foo, Bar]
io.github.dddplus.runtime.registry.mock.exception.FooException: rollback on purpose
	at io.github.dddplus.runtime.registry.mock.step.BarStep.execute(BarStep.java:55) ~[test-classes/:?]
	at io.github.dddplus.runtime.registry.mock.step.BarStep.execute(BarStep.java:16) ~[test-classes/:?]
	at io.github.dddplus.runtime.registry.mock.step.BarStep$$FastClassBySpringCGLIB$$73800319.invoke(<generated>) ~[test-classes/:?]
	at org.springframework.cglib.proxy.MethodProxy.invoke(MethodProxy.java:204) ~[spring-core-4.3.12.RELEASE.jar:4.3.12.RELEASE]
	at org.springframework.aop.framework.CglibAopProxy$CglibMethodInvocation.invokeJoinpoint(CglibAopProxy.java:738) ~[spring-aop-4.3.12.RELEASE.jar:4.3.12.RELEASE]
	at org.springframework.aop.framework.ReflectiveMethodInvocation.proceed(ReflectiveMethodInvocation.java:157) ~[spring-aop-4.3.12.RELEASE.jar:4.3.12.RELEASE]
	at org.springframework.aop.aspectj.MethodInvocationProceedingJoinPoint.proceed(MethodInvocationProceedingJoinPoint.java:85) ~[spring-aop-4.3.12.RELEASE.jar:4.3.12.RELEASE]
	at io.github.dddplus.runtime.registry.mock.interceptor.DomainProfilerAspect.around(DomainProfilerAspect.java:28) ~[test-classes/:?]
	at sun.reflect.GeneratedMethodAccessor12.invoke(Unknown Source) ~[?:?]
	at sun.reflect.DelegatingMethodAccessorImpl.invoke(DelegatingMethodAccessorImpl.java:43) ~[?:1.8.0_262]
	at java.lang.reflect.Method.invoke(Method.java:498) ~[?:1.8.0_262]
	at org.springframework.aop.aspectj.AbstractAspectJAdvice.invokeAdviceMethodWithGivenArgs(AbstractAspectJAdvice.java:629) ~[spring-aop-4.3.12.RELEASE.jar:4.3.12.RELEASE]
	at org.springframework.aop.aspectj.AbstractAspectJAdvice.invokeAdviceMethod(AbstractAspectJAdvice.java:618) ~[spring-aop-4.3.12.RELEASE.jar:4.3.12.RELEASE]
	at org.springframework.aop.aspectj.AspectJAroundAdvice.invoke(AspectJAroundAdvice.java:70) ~[spring-aop-4.3.12.RELEASE.jar:4.3.12.RELEASE]
	at org.springframework.aop.framework.ReflectiveMethodInvocation.proceed(ReflectiveMethodInvocation.java:168) ~[spring-aop-4.3.12.RELEASE.jar:4.3.12.RELEASE]
	at org.springframework.aop.interceptor.ExposeInvocationInterceptor.invoke(ExposeInvocationInterceptor.java:92) ~[spring-aop-4.3.12.RELEASE.jar:4.3.12.RELEASE]
	at org.springframework.aop.framework.ReflectiveMethodInvocation.proceed(ReflectiveMethodInvocation.java:179) ~[spring-aop-4.3.12.RELEASE.jar:4.3.12.RELEASE]
	at org.springframework.aop.framework.CglibAopProxy$DynamicAdvisedInterceptor.intercept(CglibAopProxy.java:673) ~[spring-aop-4.3.12.RELEASE.jar:4.3.12.RELEASE]
	at io.github.dddplus.runtime.registry.mock.step.BarStep$$EnhancerBySpringCGLIB$$d5e5a2fa.execute(<generated>) ~[test-classes/:?]
	at io.github.dddplus.runtime.StepsExecTemplate.executeSteps(StepsExecTemplate.java:125) ~[classes/:?]
	at io.github.dddplus.runtime.StepsExecTemplate.execute(StepsExecTemplate.java:87) ~[classes/:?]
	at io.github.dddplus.runtime.StepsExecTemplate.execute(StepsExecTemplate.java:52) ~[classes/:?]
	at io.github.dddplus.runtime.registry.IntegrationTest.stepsExecTemplateWithRollback(IntegrationTest.java:498) ~[test-classes/:?]
	at sun.reflect.NativeMethodAccessorImpl.invoke0(Native Method) ~[?:1.8.0_262]
	at sun.reflect.NativeMethodAccessorImpl.invoke(NativeMethodAccessorImpl.java:62) ~[?:1.8.0_262]
	at sun.reflect.DelegatingMethodAccessorImpl.invoke(DelegatingMethodAccessorImpl.java:43) ~[?:1.8.0_262]
	at java.lang.reflect.Method.invoke(Method.java:498) ~[?:1.8.0_262]
	at org.junit.runners.model.FrameworkMethod$1.runReflectiveCall(FrameworkMethod.java:59) ~[junit-4.13.1.jar:4.13.1]
	at org.junit.internal.runners.model.ReflectiveCallable.run(ReflectiveCallable.java:12) ~[junit-4.13.1.jar:4.13.1]
	at org.junit.runners.model.FrameworkMethod.invokeExplosively(FrameworkMethod.java:56) ~[junit-4.13.1.jar:4.13.1]
	at org.junit.internal.runners.statements.InvokeMethod.evaluate(InvokeMethod.java:17) ~[junit-4.13.1.jar:4.13.1]
	at org.junit.internal.runners.statements.RunBefores.evaluate(RunBefores.java:26) ~[junit-4.13.1.jar:4.13.1]
	at org.springframework.test.context.junit4.statements.RunBeforeTestMethodCallbacks.evaluate(RunBeforeTestMethodCallbacks.java:75) ~[spring-test-4.3.12.RELEASE.jar:4.3.12.RELEASE]
	at org.springframework.test.context.junit4.statements.RunAfterTestMethodCallbacks.evaluate(RunAfterTestMethodCallbacks.java:86) ~[spring-test-4.3.12.RELEASE.jar:4.3.12.RELEASE]
	at org.springframework.test.context.junit4.statements.SpringRepeat.evaluate(SpringRepeat.java:84) ~[spring-test-4.3.12.RELEASE.jar:4.3.12.RELEASE]
	at org.junit.runners.ParentRunner.runLeaf(ParentRunner.java:366) ~[junit-4.13.1.jar:4.13.1]
	at org.springframework.test.context.junit4.SpringJUnit4ClassRunner.runChild(SpringJUnit4ClassRunner.java:252) ~[spring-test-4.3.12.RELEASE.jar:4.3.12.RELEASE]
	at org.springframework.test.context.junit4.SpringJUnit4ClassRunner.runChild(SpringJUnit4ClassRunner.java:94) ~[spring-test-4.3.12.RELEASE.jar:4.3.12.RELEASE]
	at org.junit.runners.ParentRunner$4.run(ParentRunner.java:331) ~[junit-4.13.1.jar:4.13.1]
	at org.junit.runners.ParentRunner$1.schedule(ParentRunner.java:79) ~[junit-4.13.1.jar:4.13.1]
	at org.junit.runners.ParentRunner.runChildren(ParentRunner.java:329) ~[junit-4.13.1.jar:4.13.1]
	at org.junit.runners.ParentRunner.access$100(ParentRunner.java:66) ~[junit-4.13.1.jar:4.13.1]
	at org.junit.runners.ParentRunner$2.evaluate(ParentRunner.java:293) ~[junit-4.13.1.jar:4.13.1]
	at org.springframework.test.context.junit4.statements.RunBeforeTestClassCallbacks.evaluate(RunBeforeTestClassCallbacks.java:61) ~[spring-test-4.3.12.RELEASE.jar:4.3.12.RELEASE]
	at org.springframework.test.context.junit4.statements.RunAfterTestClassCallbacks.evaluate(RunAfterTestClassCallbacks.java:70) ~[spring-test-4.3.12.RELEASE.jar:4.3.12.RELEASE]
	at org.junit.runners.ParentRunner$3.evaluate(ParentRunner.java:306) ~[junit-4.13.1.jar:4.13.1]
	at org.junit.runners.ParentRunner.run(ParentRunner.java:413) ~[junit-4.13.1.jar:4.13.1]
	at org.springframework.test.context.junit4.SpringJUnit4ClassRunner.run(SpringJUnit4ClassRunner.java:191) ~[spring-test-4.3.12.RELEASE.jar:4.3.12.RELEASE]
	at edu.illinois.cs.testrunner.execution.JUnitTestRunner$4.evaluate(JUnitTestRunner.java:383) ~[testrunner-running-1.0.jar:?]
	at edu.illinois.cs.testrunner.execution.JUnitTestRunner.runChild(JUnitTestRunner.java:351) ~[testrunner-running-1.0.jar:?]
	at edu.illinois.cs.testrunner.execution.JUnitTestRunner.run(JUnitTestRunner.java:109) ~[testrunner-running-1.0.jar:?]
	at org.junit.runner.JUnitCore.run(JUnitCore.java:137) ~[junit-4.13.1.jar:4.13.1]
	at edu.illinois.cs.testrunner.execution.JUnitTestExecutor.execute(JUnitTestExecutor.java:292) ~[testrunner-running-1.0.jar:?]
	at edu.illinois.cs.testrunner.execution.JUnitTestExecutor.execute(JUnitTestExecutor.java:328) ~[testrunner-running-1.0.jar:?]
	at edu.illinois.cs.testrunner.execution.JUnitTestExecutor.executeWithJUnit4Runner(JUnitTestExecutor.java:366) ~[testrunner-running-1.0.jar:?]
	at edu.illinois.cs.testrunner.execution.JUnitTestExecutor.runOrder(JUnitTestExecutor.java:47) ~[testrunner-running-1.0.jar:?]
	at edu.illinois.cs.testrunner.execution.Executor$.$anonfun$run$1(Executor.scala:30) ~[testrunner-running-1.0.jar:?]
	at scala.runtime.java8.JFunction0$mcV$sp.apply(JFunction0$mcV$sp.java:12) [scala-library-2.12.6.jar:?]
	at scala.util.Try$.apply(Try.scala:209) [scala-library-2.12.6.jar:?]
	at edu.illinois.cs.testrunner.execution.Executor$.run(Executor.scala:28) [testrunner-running-1.0.jar:?]
	at edu.illinois.cs.testrunner.execution.Executor$.main(Executor.scala:18) [testrunner-running-1.0.jar:?]
	at edu.illinois.cs.testrunner.execution.Executor.main(Executor.scala) [testrunner-running-1.0.jar:?]
2021-02-04 02:59:46,806 [main] WARN  [io.github.dddplus.runtime.registry.mock.step.FooStep] [41] - foo rollback, cause: rollback on purpose
2021-02-04 02:59:46,806 [main] ERROR [io.github.dddplus.runtime.StepsExecTemplate] [219] - step:Foo rollback err ignored, model:FooModel(partnerCode=ddd.cn.ka, b2c=false, letFooThrowException=false, willSleepLong=false, willThrowRuntimeException=false, willThrowOOM=false, redecide=false, redecideDeadLoop=false, stepsRevised=false, willRollback=true, willRollbackInvalid=false, sleepExtTimeout=false, foo=0)
java.lang.RuntimeException: this exception will be ignored by StepsExecTemplate
	at io.github.dddplus.runtime.registry.mock.step.FooStep.rollback(FooStep.java:48) ~[test-classes/:?]
	at io.github.dddplus.runtime.registry.mock.step.FooStep.rollback(FooStep.java:13) ~[test-classes/:?]
	at io.github.dddplus.runtime.registry.mock.step.FooStep$$FastClassBySpringCGLIB$$5ed2824c.invoke(<generated>) ~[test-classes/:?]
	at org.springframework.cglib.proxy.MethodProxy.invoke(MethodProxy.java:204) ~[spring-core-4.3.12.RELEASE.jar:4.3.12.RELEASE]
	at org.springframework.aop.framework.CglibAopProxy$CglibMethodInvocation.invokeJoinpoint(CglibAopProxy.java:738) ~[spring-aop-4.3.12.RELEASE.jar:4.3.12.RELEASE]
	at org.springframework.aop.framework.ReflectiveMethodInvocation.proceed(ReflectiveMethodInvocation.java:157) ~[spring-aop-4.3.12.RELEASE.jar:4.3.12.RELEASE]
	at org.springframework.aop.interceptor.ExposeInvocationInterceptor.invoke(ExposeInvocationInterceptor.java:92) ~[spring-aop-4.3.12.RELEASE.jar:4.3.12.RELEASE]
	at org.springframework.aop.framework.ReflectiveMethodInvocation.proceed(ReflectiveMethodInvocation.java:179) ~[spring-aop-4.3.12.RELEASE.jar:4.3.12.RELEASE]
	at org.springframework.aop.framework.CglibAopProxy$DynamicAdvisedInterceptor.intercept(CglibAopProxy.java:673) ~[spring-aop-4.3.12.RELEASE.jar:4.3.12.RELEASE]
	at io.github.dddplus.runtime.registry.mock.step.FooStep$$EnhancerBySpringCGLIB$$4be0b873.rollback(<generated>) ~[test-classes/:?]
	at io.github.dddplus.runtime.StepsExecTemplate.safeRollbackExecutedSteps(StepsExecTemplate.java:217) ~[classes/:?]
	at io.github.dddplus.runtime.StepsExecTemplate.executeSteps(StepsExecTemplate.java:155) ~[classes/:?]
	at io.github.dddplus.runtime.StepsExecTemplate.execute(StepsExecTemplate.java:87) ~[classes/:?]
	at io.github.dddplus.runtime.StepsExecTemplate.execute(StepsExecTemplate.java:52) ~[classes/:?]
	at io.github.dddplus.runtime.registry.IntegrationTest.stepsExecTemplateWithRollback(IntegrationTest.java:498) ~[test-classes/:?]
	at sun.reflect.NativeMethodAccessorImpl.invoke0(Native Method) ~[?:1.8.0_262]
	at sun.reflect.NativeMethodAccessorImpl.invoke(NativeMethodAccessorImpl.java:62) ~[?:1.8.0_262]
	at sun.reflect.DelegatingMethodAccessorImpl.invoke(DelegatingMethodAccessorImpl.java:43) ~[?:1.8.0_262]
	at java.lang.reflect.Method.invoke(Method.java:498) ~[?:1.8.0_262]
	at org.junit.runners.model.FrameworkMethod$1.runReflectiveCall(FrameworkMethod.java:59) ~[junit-4.13.1.jar:4.13.1]
	at org.junit.internal.runners.model.ReflectiveCallable.run(ReflectiveCallable.java:12) ~[junit-4.13.1.jar:4.13.1]
	at org.junit.runners.model.FrameworkMethod.invokeExplosively(FrameworkMethod.java:56) ~[junit-4.13.1.jar:4.13.1]
	at org.junit.internal.runners.statements.InvokeMethod.evaluate(InvokeMethod.java:17) ~[junit-4.13.1.jar:4.13.1]
	at org.junit.internal.runners.statements.RunBefores.evaluate(RunBefores.java:26) ~[junit-4.13.1.jar:4.13.1]
	at org.springframework.test.context.junit4.statements.RunBeforeTestMethodCallbacks.evaluate(RunBeforeTestMethodCallbacks.java:75) ~[spring-test-4.3.12.RELEASE.jar:4.3.12.RELEASE]
	at org.springframework.test.context.junit4.statements.RunAfterTestMethodCallbacks.evaluate(RunAfterTestMethodCallbacks.java:86) ~[spring-test-4.3.12.RELEASE.jar:4.3.12.RELEASE]
	at org.springframework.test.context.junit4.statements.SpringRepeat.evaluate(SpringRepeat.java:84) ~[spring-test-4.3.12.RELEASE.jar:4.3.12.RELEASE]
	at org.junit.runners.ParentRunner.runLeaf(ParentRunner.java:366) ~[junit-4.13.1.jar:4.13.1]
	at org.springframework.test.context.junit4.SpringJUnit4ClassRunner.runChild(SpringJUnit4ClassRunner.java:252) ~[spring-test-4.3.12.RELEASE.jar:4.3.12.RELEASE]
	at org.springframework.test.context.junit4.SpringJUnit4ClassRunner.runChild(SpringJUnit4ClassRunner.java:94) ~[spring-test-4.3.12.RELEASE.jar:4.3.12.RELEASE]
	at org.junit.runners.ParentRunner$4.run(ParentRunner.java:331) ~[junit-4.13.1.jar:4.13.1]
	at org.junit.runners.ParentRunner$1.schedule(ParentRunner.java:79) ~[junit-4.13.1.jar:4.13.1]
	at org.junit.runners.ParentRunner.runChildren(ParentRunner.java:329) ~[junit-4.13.1.jar:4.13.1]
	at org.junit.runners.ParentRunner.access$100(ParentRunner.java:66) ~[junit-4.13.1.jar:4.13.1]
	at org.junit.runners.ParentRunner$2.evaluate(ParentRunner.java:293) ~[junit-4.13.1.jar:4.13.1]
	at org.springframework.test.context.junit4.statements.RunBeforeTestClassCallbacks.evaluate(RunBeforeTestClassCallbacks.java:61) ~[spring-test-4.3.12.RELEASE.jar:4.3.12.RELEASE]
	at org.springframework.test.context.junit4.statements.RunAfterTestClassCallbacks.evaluate(RunAfterTestClassCallbacks.java:70) ~[spring-test-4.3.12.RELEASE.jar:4.3.12.RELEASE]
	at org.junit.runners.ParentRunner$3.evaluate(ParentRunner.java:306) ~[junit-4.13.1.jar:4.13.1]
	at org.junit.runners.ParentRunner.run(ParentRunner.java:413) ~[junit-4.13.1.jar:4.13.1]
	at org.springframework.test.context.junit4.SpringJUnit4ClassRunner.run(SpringJUnit4ClassRunner.java:191) ~[spring-test-4.3.12.RELEASE.jar:4.3.12.RELEASE]
	at edu.illinois.cs.testrunner.execution.JUnitTestRunner$4.evaluate(JUnitTestRunner.java:383) ~[testrunner-running-1.0.jar:?]
	at edu.illinois.cs.testrunner.execution.JUnitTestRunner.runChild(JUnitTestRunner.java:351) ~[testrunner-running-1.0.jar:?]
	at edu.illinois.cs.testrunner.execution.JUnitTestRunner.run(JUnitTestRunner.java:109) ~[testrunner-running-1.0.jar:?]
	at org.junit.runner.JUnitCore.run(JUnitCore.java:137) ~[junit-4.13.1.jar:4.13.1]
	at edu.illinois.cs.testrunner.execution.JUnitTestExecutor.execute(JUnitTestExecutor.java:292) ~[testrunner-running-1.0.jar:?]
	at edu.illinois.cs.testrunner.execution.JUnitTestExecutor.execute(JUnitTestExecutor.java:328) ~[testrunner-running-1.0.jar:?]
	at edu.illinois.cs.testrunner.execution.JUnitTestExecutor.executeWithJUnit4Runner(JUnitTestExecutor.java:366) ~[testrunner-running-1.0.jar:?]
	at edu.illinois.cs.testrunner.execution.JUnitTestExecutor.runOrder(JUnitTestExecutor.java:47) ~[testrunner-running-1.0.jar:?]
	at edu.illinois.cs.testrunner.execution.Executor$.$anonfun$run$1(Executor.scala:30) ~[testrunner-running-1.0.jar:?]
	at scala.runtime.java8.JFunction0$mcV$sp.apply(JFunction0$mcV$sp.java:12) [scala-library-2.12.6.jar:?]
	at scala.util.Try$.apply(Try.scala:209) [scala-library-2.12.6.jar:?]
	at edu.illinois.cs.testrunner.execution.Executor$.run(Executor.scala:28) [testrunner-running-1.0.jar:?]
	at edu.illinois.cs.testrunner.execution.Executor$.main(Executor.scala:18) [testrunner-running-1.0.jar:?]
	at edu.illinois.cs.testrunner.execution.Executor.main(Executor.scala) [testrunner-running-1.0.jar:?]
2021-02-04 02:59:46,807 [main] INFO  [io.github.dddplus.runtime.registry.mock.step.BazStep] [30] - baz rollback for FooModel(partnerCode=ddd.cn.ka, b2c=false, letFooThrowException=false, willSleepLong=false, willThrowRuntimeException=false, willThrowOOM=false, redecide=false, redecideDeadLoop=false, stepsRevised=false, willRollback=true, willRollbackInvalid=false, sleepExtTimeout=false, foo=0)
Feb 04, 2021 2:59:46 AM org.springframework.test.context.support.DefaultTestContextBootstrapper getDefaultTestExecutionListenerClassNames
INFO: Loaded default TestExecutionListener class names from location [META-INF/spring.factories]: [org.springframework.test.context.web.ServletTestExecutionListener, org.springframework.test.context.support.DirtiesContextBeforeModesTestExecutionListener, org.springframework.test.context.support.DependencyInjectionTestExecutionListener, org.springframework.test.context.support.DirtiesContextTestExecutionListener, org.springframework.test.context.transaction.TransactionalTestExecutionListener, org.springframework.test.context.jdbc.SqlScriptsTestExecutionListener]
Feb 04, 2021 2:59:46 AM org.springframework.test.context.support.DefaultTestContextBootstrapper instantiateListeners
INFO: Could not instantiate TestExecutionListener [org.springframework.test.context.web.ServletTestExecutionListener]. Specify custom listener classes or make the default listener classes (and their required dependencies) available. Offending class: [javax/servlet/ServletContext]
Feb 04, 2021 2:59:46 AM org.springframework.test.context.support.DefaultTestContextBootstrapper instantiateListeners
INFO: Could not instantiate TestExecutionListener [org.springframework.test.context.jdbc.SqlScriptsTestExecutionListener]. Specify custom listener classes or make the default listener classes (and their required dependencies) available. Offending class: [org/springframework/transaction/interceptor/TransactionAttribute]
Feb 04, 2021 2:59:46 AM org.springframework.test.context.support.DefaultTestContextBootstrapper instantiateListeners
INFO: Could not instantiate TestExecutionListener [org.springframework.test.context.transaction.TransactionalTestExecutionListener]. Specify custom listener classes or make the default listener classes (and their required dependencies) available. Offending class: [org/springframework/transaction/TransactionDefinition]
Feb 04, 2021 2:59:46 AM org.springframework.test.context.support.DefaultTestContextBootstrapper getTestExecutionListeners
INFO: Using TestExecutionListeners: [org.springframework.test.context.support.DirtiesContextBeforeModesTestExecutionListener@3bbb8c16, org.springframework.test.context.support.DependencyInjectionTestExecutionListener@73e1ecd0, org.springframework.test.context.support.DirtiesContextTestExecutionListener@11eec06b]
2021-02-04 02:59:46,846 [main] INFO  [io.github.dddplus.runtime.registry.mock.policy.TriggerExtPolicy] [26] - will return invalid extensionCode
Feb 04, 2021 2:59:46 AM org.springframework.test.context.support.DefaultTestContextBootstrapper getDefaultTestExecutionListenerClassNames
INFO: Loaded default TestExecutionListener class names from location [META-INF/spring.factories]: [org.springframework.test.context.web.ServletTestExecutionListener, org.springframework.test.context.support.DirtiesContextBeforeModesTestExecutionListener, org.springframework.test.context.support.DependencyInjectionTestExecutionListener, org.springframework.test.context.support.DirtiesContextTestExecutionListener, org.springframework.test.context.transaction.TransactionalTestExecutionListener, org.springframework.test.context.jdbc.SqlScriptsTestExecutionListener]
Feb 04, 2021 2:59:46 AM org.springframework.test.context.support.DefaultTestContextBootstrapper instantiateListeners
INFO: Could not instantiate TestExecutionListener [org.springframework.test.context.web.ServletTestExecutionListener]. Specify custom listener classes or make the default listener classes (and their required dependencies) available. Offending class: [javax/servlet/ServletContext]
Feb 04, 2021 2:59:46 AM org.springframework.test.context.support.DefaultTestContextBootstrapper instantiateListeners
INFO: Could not instantiate TestExecutionListener [org.springframework.test.context.jdbc.SqlScriptsTestExecutionListener]. Specify custom listener classes or make the default listener classes (and their required dependencies) available. Offending class: [org/springframework/transaction/interceptor/TransactionAttribute]
Feb 04, 2021 2:59:46 AM org.springframework.test.context.support.DefaultTestContextBootstrapper instantiateListeners
INFO: Could not instantiate TestExecutionListener [org.springframework.test.context.transaction.TransactionalTestExecutionListener]. Specify custom listener classes or make the default listener classes (and their required dependencies) available. Offending class: [org/springframework/transaction/TransactionDefinition]
Feb 04, 2021 2:59:46 AM org.springframework.test.context.support.DefaultTestContextBootstrapper getTestExecutionListeners
INFO: Using TestExecutionListeners: [org.springframework.test.context.support.DirtiesContextBeforeModesTestExecutionListener@6c07ad6b, org.springframework.test.context.support.DependencyInjectionTestExecutionListener@10ed037a, org.springframework.test.context.support.DirtiesContextTestExecutionListener@76e4212]
2021-02-04 02:59:46,850 [main] INFO  [io.github.dddplus.runtime.registry.mock.policy.TriggerExtPolicy] [18] - will use foo
2021-02-04 02:59:46,851 [main] INFO  [io.github.dddplus.runtime.registry.mock.extension.FooTriggerExt] [14] - foo trigger
2021-02-04 02:59:46,851 [main] INFO  [io.github.dddplus.runtime.registry.mock.policy.TriggerExtPolicy] [22] - will use bar
2021-02-04 02:59:46,851 [main] INFO  [io.github.dddplus.runtime.registry.mock.extension.BarTriggerExt] [14] - bar trigger
[ERROR] Unexpected test executed: io.github.dddplus.runtime.registry.BadOnPurposeTest.specificationNotAnnotated
[ERROR] Unexpected test executed: io.github.dddplus.runtime.registry.BadOnPurposeTest.emptyCodeStep
[ERROR] Unexpected test executed: io.github.dddplus.runtime.registry.BadOnPurposeTest.emptyActivityStep
[ERROR] Unexpected test executed: io.github.dddplus.runtime.registry.BadOnPurposeTest.notStepButAnnotatedWithStep
[ERROR] Unexpected test executed: io.github.dddplus.runtime.registry.BadOnPurposeTest.notExtButAnnotatedWithExtension
[ERROR] Unexpected test executed: io.github.dddplus.runtime.registry.BadOnPurposeTest.badDomainAbility
[ERROR] Unexpected test executed: io.github.dddplus.runtime.registry.BadOnPurposeTest.badDomainService
[ERROR] Unexpected test executed: io.github.dddplus.runtime.registry.BadOnPurposeTest.badDomainAbility2
[ERROR] Unexpected test executed: io.github.dddplus.runtime.registry.BadOnPurposeTest.notISpecificationButAnnotatedWithSpecification
[ERROR] Unexpected test executed: io.github.dddplus.runtime.registry.BadOnPurposeTest.invalidPolicy
[ERROR] Unexpected test executed: io.github.dddplus.runtime.registry.BadOnPurposeTest.patternWithInvalidPriority
