Feb 03, 2021 6:56:43 PM org.springframework.context.support.ClassPathXmlApplicationContext prepareRefresh
INFO: Refreshing org.springframework.context.support.ClassPathXmlApplicationContext@13e344d: startup date [Wed Feb 03 18:56:43 CST 2021]; root of context hierarchy
Feb 03, 2021 6:56:43 PM org.springframework.beans.factory.xml.XmlBeanDefinitionReader loadBeanDefinitions
INFO: Loading XML bean definitions from class path resource [step-notstep.xml]
Feb 03, 2021 6:56:44 PM org.springframework.beans.factory.annotation.AutowiredAnnotationBeanPostProcessor <init>
INFO: JSR-330 'javax.inject.Inject' annotation found and supported for autowiring
2021-02-03 18:56:44,448 [main] INFO  [io.github.dddplus.runtime.registry.RegistryFactory] [57] - setup the discoverable Spring beans...
2021-02-03 18:56:44,460 [main] INFO  [io.github.dddplus.runtime.registry.DDDBootstrap] [45] - starting Spring, register DDD beans...
2021-02-03 18:56:44,462 [main] INFO  [io.github.dddplus.runtime.registry.RegistryFactory] [32] - register Domain's ...
2021-02-03 18:56:44,475 [main] INFO  [io.github.dddplus.runtime.registry.RegistryFactory] [32] - register DomainService's ...
2021-02-03 18:56:44,479 [main] INFO  [io.github.dddplus.runtime.registry.RegistryFactory] [32] - register Specification's ...
2021-02-03 18:56:44,483 [main] INFO  [io.github.dddplus.runtime.registry.RegistryFactory] [32] - register Step's ...
Feb 03, 2021 6:56:44 PM org.springframework.context.support.ClassPathXmlApplicationContext refresh
WARNING: Exception encountered during context initialization - cancelling refresh attempt: org.springframework.beans.factory.BeanCreationException: Error creating bean with name 'DDDBootstrap' defined in file [/home/lichengpeng/test/final/automated_script/funkygao/cp-ddd-framework/dddplus-runtime/target/classes/io/github/dddplus/runtime/registry/DDDBootstrap.class]: Initialization of bean failed; nested exception is io.github.dddplus.runtime.registry.BootstrapException: io.github.badcase.step.notstep.NotStepButAnnotatedWithStep MUST implement IDomainStep
Feb 03, 2021 6:56:44 PM org.springframework.context.support.ClassPathXmlApplicationContext prepareRefresh
INFO: Refreshing org.springframework.context.support.ClassPathXmlApplicationContext@21694e53: startup date [Wed Feb 03 18:56:44 CST 2021]; root of context hierarchy
Feb 03, 2021 6:56:44 PM org.springframework.beans.factory.xml.XmlBeanDefinitionReader loadBeanDefinitions
INFO: Loading XML bean definitions from class path resource [ext-notext.xml]
Feb 03, 2021 6:56:44 PM org.springframework.beans.factory.annotation.AutowiredAnnotationBeanPostProcessor <init>
INFO: JSR-330 'javax.inject.Inject' annotation found and supported for autowiring
2021-02-03 18:56:44,602 [main] INFO  [io.github.dddplus.runtime.registry.RegistryFactory] [57] - setup the discoverable Spring beans...
2021-02-03 18:56:44,603 [main] INFO  [io.github.dddplus.runtime.registry.DDDBootstrap] [45] - starting Spring, register DDD beans...
2021-02-03 18:56:44,603 [main] INFO  [io.github.dddplus.runtime.registry.RegistryFactory] [32] - register Domain's ...
2021-02-03 18:56:44,605 [main] INFO  [io.github.dddplus.runtime.registry.RegistryFactory] [32] - register DomainService's ...
2021-02-03 18:56:44,607 [main] INFO  [io.github.dddplus.runtime.registry.RegistryFactory] [32] - register Specification's ...
2021-02-03 18:56:44,610 [main] INFO  [io.github.dddplus.runtime.registry.RegistryFactory] [32] - register Step's ...
2021-02-03 18:56:44,617 [main] INFO  [io.github.dddplus.runtime.registry.RegistryFactory] [32] - register DomainAbility's ...
2021-02-03 18:56:44,645 [main] INFO  [io.github.dddplus.runtime.registry.RegistryFactory] [32] - register Policy's ...
2021-02-03 18:56:44,649 [main] INFO  [io.github.dddplus.runtime.registry.RegistryFactory] [32] - register Partner's ...
2021-02-03 18:56:44,652 [main] INFO  [io.github.dddplus.runtime.registry.RegistryFactory] [32] - register Pattern's ...
2021-02-03 18:56:44,659 [main] INFO  [io.github.dddplus.runtime.registry.RegistryFactory] [32] - register Extension's ...
Feb 03, 2021 6:56:44 PM org.springframework.context.support.ClassPathXmlApplicationContext refresh
WARNING: Exception encountered during context initialization - cancelling refresh attempt: org.springframework.beans.factory.BeanCreationException: Error creating bean with name 'DDDBootstrap' defined in file [/home/lichengpeng/test/final/automated_script/funkygao/cp-ddd-framework/dddplus-runtime/target/classes/io/github/dddplus/runtime/registry/DDDBootstrap.class]: Initialization of bean failed; nested exception is io.github.dddplus.runtime.registry.BootstrapException: io.github.badcase.ext.NotExtButAnnotatedWithExtension MUST implement IDomainExtension
Feb 03, 2021 6:56:44 PM org.springframework.context.support.ClassPathXmlApplicationContext prepareRefresh
INFO: Refreshing org.springframework.context.support.ClassPathXmlApplicationContext@133e019b: startup date [Wed Feb 03 18:56:44 CST 2021]; root of context hierarchy
Feb 03, 2021 6:56:44 PM org.springframework.beans.factory.xml.XmlBeanDefinitionReader loadBeanDefinitions
INFO: Loading XML bean definitions from class path resource [service-bad.xml]
Feb 03, 2021 6:56:44 PM org.springframework.beans.factory.annotation.AutowiredAnnotationBeanPostProcessor <init>
INFO: JSR-330 'javax.inject.Inject' annotation found and supported for autowiring
2021-02-03 18:56:44,771 [main] INFO  [io.github.dddplus.runtime.registry.RegistryFactory] [57] - setup the discoverable Spring beans...
2021-02-03 18:56:44,772 [main] INFO  [io.github.dddplus.runtime.registry.DDDBootstrap] [45] - starting Spring, register DDD beans...
2021-02-03 18:56:44,772 [main] INFO  [io.github.dddplus.runtime.registry.RegistryFactory] [32] - register Domain's ...
2021-02-03 18:56:44,774 [main] INFO  [io.github.dddplus.runtime.registry.RegistryFactory] [32] - register DomainService's ...
Feb 03, 2021 6:56:44 PM org.springframework.context.support.ClassPathXmlApplicationContext refresh
WARNING: Exception encountered during context initialization - cancelling refresh attempt: org.springframework.beans.factory.BeanCreationException: Error creating bean with name 'DDDBootstrap' defined in file [/home/lichengpeng/test/final/automated_script/funkygao/cp-ddd-framework/dddplus-runtime/target/classes/io/github/dddplus/runtime/registry/DDDBootstrap.class]: Initialization of bean failed; nested exception is io.github.dddplus.runtime.registry.BootstrapException: io.github.badcase.service.BadDomainService MUST implement IDomainService
Feb 03, 2021 6:56:44 PM org.springframework.context.support.ClassPathXmlApplicationContext prepareRefresh
INFO: Refreshing org.springframework.context.support.ClassPathXmlApplicationContext@2899a8db: startup date [Wed Feb 03 18:56:44 CST 2021]; root of context hierarchy
Feb 03, 2021 6:56:44 PM org.springframework.beans.factory.xml.XmlBeanDefinitionReader loadBeanDefinitions
INFO: Loading XML bean definitions from class path resource [step-emptyactivity.xml]
Feb 03, 2021 6:56:44 PM org.springframework.beans.factory.annotation.AutowiredAnnotationBeanPostProcessor <init>
INFO: JSR-330 'javax.inject.Inject' annotation found and supported for autowiring
2021-02-03 18:56:44,855 [main] INFO  [io.github.dddplus.runtime.registry.RegistryFactory] [57] - setup the discoverable Spring beans...
2021-02-03 18:56:44,856 [main] INFO  [io.github.dddplus.runtime.registry.DDDBootstrap] [45] - starting Spring, register DDD beans...
2021-02-03 18:56:44,856 [main] INFO  [io.github.dddplus.runtime.registry.RegistryFactory] [32] - register Domain's ...
2021-02-03 18:56:44,857 [main] INFO  [io.github.dddplus.runtime.registry.RegistryFactory] [32] - register DomainService's ...
2021-02-03 18:56:44,859 [main] INFO  [io.github.dddplus.runtime.registry.RegistryFactory] [32] - register Specification's ...
2021-02-03 18:56:44,860 [main] INFO  [io.github.dddplus.runtime.registry.RegistryFactory] [32] - register Step's ...
Feb 03, 2021 6:56:44 PM org.springframework.context.support.ClassPathXmlApplicationContext refresh
WARNING: Exception encountered during context initialization - cancelling refresh attempt: org.springframework.beans.factory.BeanCreationException: Error creating bean with name 'DDDBootstrap' defined in file [/home/lichengpeng/test/final/automated_script/funkygao/cp-ddd-framework/dddplus-runtime/target/classes/io/github/dddplus/runtime/registry/DDDBootstrap.class]: Initialization of bean failed; nested exception is io.github.dddplus.runtime.registry.BootstrapException: io.github.badcase.step.emptyactivity.EmptyActivityStep activityCode cannot be empty
Feb 03, 2021 6:56:44 PM org.springframework.context.support.ClassPathXmlApplicationContext prepareRefresh
INFO: Refreshing org.springframework.context.support.ClassPathXmlApplicationContext@60c16548: startup date [Wed Feb 03 18:56:44 CST 2021]; root of context hierarchy
Feb 03, 2021 6:56:44 PM org.springframework.beans.factory.xml.XmlBeanDefinitionReader loadBeanDefinitions
INFO: Loading XML bean definitions from class path resource [policy-bad.xml]
Feb 03, 2021 6:56:44 PM org.springframework.beans.factory.annotation.AutowiredAnnotationBeanPostProcessor <init>
INFO: JSR-330 'javax.inject.Inject' annotation found and supported for autowiring
2021-02-03 18:56:44,944 [main] INFO  [io.github.dddplus.runtime.registry.RegistryFactory] [57] - setup the discoverable Spring beans...
2021-02-03 18:56:44,945 [main] INFO  [io.github.dddplus.runtime.registry.DDDBootstrap] [45] - starting Spring, register DDD beans...
2021-02-03 18:56:44,946 [main] INFO  [io.github.dddplus.runtime.registry.RegistryFactory] [32] - register Domain's ...
2021-02-03 18:56:44,947 [main] INFO  [io.github.dddplus.runtime.registry.RegistryFactory] [32] - register DomainService's ...
2021-02-03 18:56:44,948 [main] INFO  [io.github.dddplus.runtime.registry.RegistryFactory] [32] - register Specification's ...
2021-02-03 18:56:44,949 [main] INFO  [io.github.dddplus.runtime.registry.RegistryFactory] [32] - register Step's ...
2021-02-03 18:56:44,954 [main] INFO  [io.github.dddplus.runtime.registry.RegistryFactory] [32] - register DomainAbility's ...
2021-02-03 18:56:44,963 [main] INFO  [io.github.dddplus.runtime.registry.RegistryFactory] [32] - register Policy's ...
Feb 03, 2021 6:56:44 PM org.springframework.context.support.ClassPathXmlApplicationContext refresh
WARNING: Exception encountered during context initialization - cancelling refresh attempt: org.springframework.beans.factory.BeanCreationException: Error creating bean with name 'DDDBootstrap' defined in file [/home/lichengpeng/test/final/automated_script/funkygao/cp-ddd-framework/dddplus-runtime/target/classes/io/github/dddplus/runtime/registry/DDDBootstrap.class]: Initialization of bean failed; nested exception is io.github.dddplus.runtime.registry.BootstrapException: io.github.badcase.policy.InvalidPolicy MUST implements IExtPolicy
Feb 03, 2021 6:56:44 PM org.springframework.context.support.ClassPathXmlApplicationContext prepareRefresh
INFO: Refreshing org.springframework.context.support.ClassPathXmlApplicationContext@1ee29c84: startup date [Wed Feb 03 18:56:44 CST 2021]; root of context hierarchy
Feb 03, 2021 6:56:44 PM org.springframework.beans.factory.xml.XmlBeanDefinitionReader loadBeanDefinitions
INFO: Loading XML bean definitions from class path resource [partner-bad.xml]
Feb 03, 2021 6:56:45 PM org.springframework.beans.factory.annotation.AutowiredAnnotationBeanPostProcessor <init>
INFO: JSR-330 'javax.inject.Inject' annotation found and supported for autowiring
2021-02-03 18:56:45,040 [main] INFO  [io.github.dddplus.runtime.registry.RegistryFactory] [57] - setup the discoverable Spring beans...
2021-02-03 18:56:45,041 [main] INFO  [io.github.dddplus.runtime.registry.DDDBootstrap] [45] - starting Spring, register DDD beans...
2021-02-03 18:56:45,041 [main] INFO  [io.github.dddplus.runtime.registry.RegistryFactory] [32] - register Domain's ...
2021-02-03 18:56:45,042 [main] INFO  [io.github.dddplus.runtime.registry.RegistryFactory] [32] - register DomainService's ...
2021-02-03 18:56:45,044 [main] INFO  [io.github.dddplus.runtime.registry.RegistryFactory] [32] - register Specification's ...
2021-02-03 18:56:45,045 [main] INFO  [io.github.dddplus.runtime.registry.RegistryFactory] [32] - register Step's ...
2021-02-03 18:56:45,050 [main] INFO  [io.github.dddplus.runtime.registry.RegistryFactory] [32] - register DomainAbility's ...
2021-02-03 18:56:45,059 [main] INFO  [io.github.dddplus.runtime.registry.RegistryFactory] [32] - register Policy's ...
2021-02-03 18:56:45,060 [main] INFO  [io.github.dddplus.runtime.registry.RegistryFactory] [32] - register Partner's ...
Feb 03, 2021 6:56:45 PM org.springframework.context.support.ClassPathXmlApplicationContext refresh
WARNING: Exception encountered during context initialization - cancelling refresh attempt: org.springframework.beans.factory.BeanCreationException: Error creating bean with name 'DDDBootstrap' defined in file [/home/lichengpeng/test/final/automated_script/funkygao/cp-ddd-framework/dddplus-runtime/target/classes/io/github/dddplus/runtime/registry/DDDBootstrap.class]: Initialization of bean failed; nested exception is io.github.dddplus.runtime.registry.BootstrapException: io.github.badcase.partner.InvalidPartner MUST implements IIdentityResolver
Feb 03, 2021 6:56:45 PM org.springframework.context.support.ClassPathXmlApplicationContext prepareRefresh
INFO: Refreshing org.springframework.context.support.ClassPathXmlApplicationContext@417d6615: startup date [Wed Feb 03 18:56:45 CST 2021]; root of context hierarchy
Feb 03, 2021 6:56:45 PM org.springframework.beans.factory.xml.XmlBeanDefinitionReader loadBeanDefinitions
INFO: Loading XML bean definitions from class path resource [ability-bad2.xml]
Feb 03, 2021 6:56:45 PM org.springframework.beans.factory.annotation.AutowiredAnnotationBeanPostProcessor <init>
INFO: JSR-330 'javax.inject.Inject' annotation found and supported for autowiring
2021-02-03 18:56:45,133 [main] INFO  [io.github.dddplus.runtime.registry.RegistryFactory] [57] - setup the discoverable Spring beans...
2021-02-03 18:56:45,134 [main] INFO  [io.github.dddplus.runtime.registry.DDDBootstrap] [45] - starting Spring, register DDD beans...
2021-02-03 18:56:45,134 [main] INFO  [io.github.dddplus.runtime.registry.RegistryFactory] [32] - register Domain's ...
2021-02-03 18:56:45,135 [main] INFO  [io.github.dddplus.runtime.registry.RegistryFactory] [32] - register DomainService's ...
2021-02-03 18:56:45,136 [main] INFO  [io.github.dddplus.runtime.registry.RegistryFactory] [32] - register Specification's ...
2021-02-03 18:56:45,137 [main] INFO  [io.github.dddplus.runtime.registry.RegistryFactory] [32] - register Step's ...
2021-02-03 18:56:45,142 [main] INFO  [io.github.dddplus.runtime.registry.RegistryFactory] [32] - register DomainAbility's ...
2021-02-03 18:56:45,153 [main] INFO  [io.github.dddplus.runtime.registry.RegistryFactory] [32] - register Policy's ...
2021-02-03 18:56:45,154 [main] INFO  [io.github.dddplus.runtime.registry.RegistryFactory] [32] - register Partner's ...
2021-02-03 18:56:45,155 [main] INFO  [io.github.dddplus.runtime.registry.RegistryFactory] [32] - register Pattern's ...
2021-02-03 18:56:45,158 [main] INFO  [io.github.dddplus.runtime.registry.RegistryFactory] [32] - register Extension's ...
2021-02-03 18:56:45,171 [main] INFO  [io.github.dddplus.runtime.registry.DDDBootstrap] [47] - all DDD beans registered, cost 36ms
2021-02-03 18:56:45,199 [main] INFO  [io.github.dddplus.runtime.registry.DDDBootstrap] [55] - Spring started complete!
Feb 03, 2021 6:56:45 PM org.springframework.context.support.ClassPathXmlApplicationContext doClose
INFO: Closing org.springframework.context.support.ClassPathXmlApplicationContext@417d6615: startup date [Wed Feb 03 18:56:45 CST 2021]; root of context hierarchy
Feb 03, 2021 6:56:45 PM org.springframework.context.support.ClassPathXmlApplicationContext prepareRefresh
INFO: Refreshing org.springframework.context.support.ClassPathXmlApplicationContext@64aad6db: startup date [Wed Feb 03 18:56:45 CST 2021]; root of context hierarchy
Feb 03, 2021 6:56:45 PM org.springframework.beans.factory.xml.XmlBeanDefinitionReader loadBeanDefinitions
INFO: Loading XML bean definitions from class path resource [pattern-bad.xml]
Feb 03, 2021 6:56:45 PM org.springframework.beans.factory.annotation.AutowiredAnnotationBeanPostProcessor <init>
INFO: JSR-330 'javax.inject.Inject' annotation found and supported for autowiring
2021-02-03 18:56:45,269 [main] INFO  [io.github.dddplus.runtime.registry.RegistryFactory] [57] - setup the discoverable Spring beans...
2021-02-03 18:56:45,270 [main] INFO  [io.github.dddplus.runtime.registry.DDDBootstrap] [45] - starting Spring, register DDD beans...
2021-02-03 18:56:45,270 [main] INFO  [io.github.dddplus.runtime.registry.RegistryFactory] [32] - register Domain's ...
2021-02-03 18:56:45,271 [main] INFO  [io.github.dddplus.runtime.registry.RegistryFactory] [32] - register DomainService's ...
2021-02-03 18:56:45,272 [main] INFO  [io.github.dddplus.runtime.registry.RegistryFactory] [32] - register Specification's ...
2021-02-03 18:56:45,273 [main] INFO  [io.github.dddplus.runtime.registry.RegistryFactory] [32] - register Step's ...
2021-02-03 18:56:45,278 [main] INFO  [io.github.dddplus.runtime.registry.RegistryFactory] [32] - register DomainAbility's ...
2021-02-03 18:56:45,286 [main] INFO  [io.github.dddplus.runtime.registry.RegistryFactory] [32] - register Policy's ...
2021-02-03 18:56:45,287 [main] INFO  [io.github.dddplus.runtime.registry.RegistryFactory] [32] - register Partner's ...
2021-02-03 18:56:45,289 [main] INFO  [io.github.dddplus.runtime.registry.RegistryFactory] [32] - register Pattern's ...
Feb 03, 2021 6:56:45 PM org.springframework.context.support.ClassPathXmlApplicationContext refresh
WARNING: Exception encountered during context initialization - cancelling refresh attempt: org.springframework.beans.factory.BeanCreationException: Error creating bean with name 'DDDBootstrap' defined in file [/home/lichengpeng/test/final/automated_script/funkygao/cp-ddd-framework/dddplus-runtime/target/classes/io/github/dddplus/runtime/registry/DDDBootstrap.class]: Initialization of bean failed; nested exception is io.github.dddplus.runtime.registry.BootstrapException: Pattern.priority must be zero or positive
Feb 03, 2021 6:56:45 PM org.springframework.context.support.ClassPathXmlApplicationContext prepareRefresh
INFO: Refreshing org.springframework.context.support.ClassPathXmlApplicationContext@348d18a3: startup date [Wed Feb 03 18:56:45 CST 2021]; root of context hierarchy
Feb 03, 2021 6:56:45 PM org.springframework.beans.factory.xml.XmlBeanDefinitionReader loadBeanDefinitions
INFO: Loading XML bean definitions from class path resource [ability-bad.xml]
Feb 03, 2021 6:56:45 PM org.springframework.beans.factory.annotation.AutowiredAnnotationBeanPostProcessor <init>
INFO: JSR-330 'javax.inject.Inject' annotation found and supported for autowiring
2021-02-03 18:56:45,360 [main] INFO  [io.github.dddplus.runtime.registry.RegistryFactory] [57] - setup the discoverable Spring beans...
2021-02-03 18:56:45,361 [main] INFO  [io.github.dddplus.runtime.registry.DDDBootstrap] [45] - starting Spring, register DDD beans...
2021-02-03 18:56:45,361 [main] INFO  [io.github.dddplus.runtime.registry.RegistryFactory] [32] - register Domain's ...
2021-02-03 18:56:45,362 [main] INFO  [io.github.dddplus.runtime.registry.RegistryFactory] [32] - register DomainService's ...
2021-02-03 18:56:45,363 [main] INFO  [io.github.dddplus.runtime.registry.RegistryFactory] [32] - register Specification's ...
2021-02-03 18:56:45,365 [main] INFO  [io.github.dddplus.runtime.registry.RegistryFactory] [32] - register Step's ...
2021-02-03 18:56:45,369 [main] INFO  [io.github.dddplus.runtime.registry.RegistryFactory] [32] - register DomainAbility's ...
Feb 03, 2021 6:56:45 PM org.springframework.context.support.ClassPathXmlApplicationContext refresh
WARNING: Exception encountered during context initialization - cancelling refresh attempt: org.springframework.beans.factory.BeanCreationException: Error creating bean with name 'DDDBootstrap' defined in file [/home/lichengpeng/test/final/automated_script/funkygao/cp-ddd-framework/dddplus-runtime/target/classes/io/github/dddplus/runtime/registry/DDDBootstrap.class]: Initialization of bean failed; nested exception is io.github.dddplus.runtime.registry.BootstrapException: io.github.badcase.ability.bad1.BadAbility MUST extend BaseDomainAbility
Feb 03, 2021 6:56:45 PM org.springframework.context.support.ClassPathXmlApplicationContext prepareRefresh
INFO: Refreshing org.springframework.context.support.ClassPathXmlApplicationContext@299270eb: startup date [Wed Feb 03 18:56:45 CST 2021]; root of context hierarchy
Feb 03, 2021 6:56:45 PM org.springframework.beans.factory.xml.XmlBeanDefinitionReader loadBeanDefinitions
INFO: Loading XML bean definitions from class path resource [specification-bad.xml]
Feb 03, 2021 6:56:45 PM org.springframework.beans.factory.annotation.AutowiredAnnotationBeanPostProcessor <init>
INFO: JSR-330 'javax.inject.Inject' annotation found and supported for autowiring
2021-02-03 18:56:45,447 [main] INFO  [io.github.dddplus.runtime.registry.RegistryFactory] [57] - setup the discoverable Spring beans...
2021-02-03 18:56:45,448 [main] INFO  [io.github.dddplus.runtime.registry.DDDBootstrap] [45] - starting Spring, register DDD beans...
2021-02-03 18:56:45,448 [main] INFO  [io.github.dddplus.runtime.registry.RegistryFactory] [32] - register Domain's ...
2021-02-03 18:56:45,449 [main] INFO  [io.github.dddplus.runtime.registry.RegistryFactory] [32] - register DomainService's ...
2021-02-03 18:56:45,450 [main] INFO  [io.github.dddplus.runtime.registry.RegistryFactory] [32] - register Specification's ...
Feb 03, 2021 6:56:45 PM org.springframework.context.support.ClassPathXmlApplicationContext refresh
WARNING: Exception encountered during context initialization - cancelling refresh attempt: org.springframework.beans.factory.BeanCreationException: Error creating bean with name 'DDDBootstrap' defined in file [/home/lichengpeng/test/final/automated_script/funkygao/cp-ddd-framework/dddplus-runtime/target/classes/io/github/dddplus/runtime/registry/DDDBootstrap.class]: Initialization of bean failed; nested exception is io.github.dddplus.runtime.registry.BootstrapException: io.github.badcase.specification.InvalidSpecification MUST implement ISpecification
Feb 03, 2021 6:56:45 PM org.springframework.context.support.ClassPathXmlApplicationContext prepareRefresh
INFO: Refreshing org.springframework.context.support.ClassPathXmlApplicationContext@1c5c616f: startup date [Wed Feb 03 18:56:45 CST 2021]; root of context hierarchy
Feb 03, 2021 6:56:45 PM org.springframework.beans.factory.xml.XmlBeanDefinitionReader loadBeanDefinitions
INFO: Loading XML bean definitions from class path resource [step-emptycode.xml]
Feb 03, 2021 6:56:45 PM org.springframework.beans.factory.annotation.AutowiredAnnotationBeanPostProcessor <init>
INFO: JSR-330 'javax.inject.Inject' annotation found and supported for autowiring
2021-02-03 18:56:45,518 [main] INFO  [io.github.dddplus.runtime.registry.RegistryFactory] [57] - setup the discoverable Spring beans...
2021-02-03 18:56:45,519 [main] INFO  [io.github.dddplus.runtime.registry.DDDBootstrap] [45] - starting Spring, register DDD beans...
2021-02-03 18:56:45,519 [main] INFO  [io.github.dddplus.runtime.registry.RegistryFactory] [32] - register Domain's ...
2021-02-03 18:56:45,520 [main] INFO  [io.github.dddplus.runtime.registry.RegistryFactory] [32] - register DomainService's ...
2021-02-03 18:56:45,521 [main] INFO  [io.github.dddplus.runtime.registry.RegistryFactory] [32] - register Specification's ...
2021-02-03 18:56:45,522 [main] INFO  [io.github.dddplus.runtime.registry.RegistryFactory] [32] - register Step's ...
Feb 03, 2021 6:56:45 PM org.springframework.context.support.ClassPathXmlApplicationContext refresh
WARNING: Exception encountered during context initialization - cancelling refresh attempt: org.springframework.beans.factory.BeanCreationException: Error creating bean with name 'DDDBootstrap' defined in file [/home/lichengpeng/test/final/automated_script/funkygao/cp-ddd-framework/dddplus-runtime/target/classes/io/github/dddplus/runtime/registry/DDDBootstrap.class]: Initialization of bean failed; nested exception is io.github.dddplus.runtime.registry.BootstrapException: io.github.badcase.step.emptycode.EmptyCodeStep stepCode cannot be empty
java.lang.AssertionError: Architecture Violation [Priority: MEDIUM] - Rule 'ISpecification rule' was violated (1 times):
Class <io.github.badcase.specification.SpecificationWithoutAnnotation> is not annotated with @Specification in (SpecificationWithoutAnnotation.java:0)
	at com.tngtech.archunit.lang.ArchRule$Assertions.assertNoViolation(ArchRule.java:92)
	at com.tngtech.archunit.lang.ArchRule$Assertions.check(ArchRule.java:82)
	at com.tngtech.archunit.lang.ArchRule$Factory$SimpleArchRule.check(ArchRule.java:196)
	at io.github.dddplus.runtime.registry.BadOnPurposeTest.specificationNotAnnotated(BadOnPurposeTest.java:44)
	at sun.reflect.NativeMethodAccessorImpl.invoke0(Native Method)
	at sun.reflect.NativeMethodAccessorImpl.invoke(NativeMethodAccessorImpl.java:62)
	at sun.reflect.DelegatingMethodAccessorImpl.invoke(DelegatingMethodAccessorImpl.java:43)
	at java.lang.reflect.Method.invoke(Method.java:498)
	at org.junit.runners.model.FrameworkMethod$1.runReflectiveCall(FrameworkMethod.java:59)
	at org.junit.internal.runners.model.ReflectiveCallable.run(ReflectiveCallable.java:12)
	at org.junit.runners.model.FrameworkMethod.invokeExplosively(FrameworkMethod.java:56)
	at org.junit.internal.runners.statements.InvokeMethod.evaluate(InvokeMethod.java:17)
	at org.junit.internal.runners.statements.RunAfters.evaluate(RunAfters.java:27)
	at org.junit.runners.ParentRunner$3.evaluate(ParentRunner.java:306)
	at org.junit.runners.BlockJUnit4ClassRunner$1.evaluate(BlockJUnit4ClassRunner.java:100)
	at org.junit.runners.ParentRunner.runLeaf(ParentRunner.java:366)
	at org.junit.runners.BlockJUnit4ClassRunner.runChild(BlockJUnit4ClassRunner.java:103)
	at org.junit.runners.BlockJUnit4ClassRunner.runChild(BlockJUnit4ClassRunner.java:63)
	at org.junit.runners.ParentRunner$4.run(ParentRunner.java:331)
	at org.junit.runners.ParentRunner$1.schedule(ParentRunner.java:79)
	at org.junit.runners.ParentRunner.runChildren(ParentRunner.java:329)
	at org.junit.runners.ParentRunner.access$100(ParentRunner.java:66)
	at org.junit.runners.ParentRunner$2.evaluate(ParentRunner.java:293)
	at org.junit.runners.ParentRunner$3.evaluate(ParentRunner.java:306)
	at org.junit.runners.ParentRunner.run(ParentRunner.java:413)
	at io.github.dddplus.testing.AloneRunner.run(AloneRunner.java:51)
	at edu.illinois.cs.testrunner.execution.JUnitTestRunner$4.evaluate(JUnitTestRunner.java:383)
	at edu.illinois.cs.testrunner.execution.JUnitTestRunner.runChild(JUnitTestRunner.java:351)
	at edu.illinois.cs.testrunner.execution.JUnitTestRunner.run(JUnitTestRunner.java:109)
	at org.junit.runner.JUnitCore.run(JUnitCore.java:137)
	at edu.illinois.cs.testrunner.execution.JUnitTestExecutor.execute(JUnitTestExecutor.java:292)
	at edu.illinois.cs.testrunner.execution.JUnitTestExecutor.execute(JUnitTestExecutor.java:328)
	at edu.illinois.cs.testrunner.execution.JUnitTestExecutor.executeWithJUnit4Runner(JUnitTestExecutor.java:366)
	at edu.illinois.cs.testrunner.execution.JUnitTestExecutor.runOrder(JUnitTestExecutor.java:47)
	at edu.illinois.cs.testrunner.execution.Executor$.$anonfun$run$1(Executor.scala:30)
	at scala.runtime.java8.JFunction0$mcV$sp.apply(JFunction0$mcV$sp.java:12)
	at scala.util.Try$.apply(Try.scala:209)
	at edu.illinois.cs.testrunner.execution.Executor$.run(Executor.scala:28)
	at edu.illinois.cs.testrunner.execution.Executor$.main(Executor.scala:18)
	at edu.illinois.cs.testrunner.execution.Executor.main(Executor.scala)
Feb 03, 2021 6:56:45 PM org.springframework.test.context.support.DefaultTestContextBootstrapper getDefaultTestExecutionListenerClassNames
INFO: Loaded default TestExecutionListener class names from location [META-INF/spring.factories]: [org.springframework.test.context.web.ServletTestExecutionListener, org.springframework.test.context.support.DirtiesContextBeforeModesTestExecutionListener, org.springframework.test.context.support.DependencyInjectionTestExecutionListener, org.springframework.test.context.support.DirtiesContextTestExecutionListener, org.springframework.test.context.transaction.TransactionalTestExecutionListener, org.springframework.test.context.jdbc.SqlScriptsTestExecutionListener]
Feb 03, 2021 6:56:45 PM org.springframework.test.context.support.DefaultTestContextBootstrapper instantiateListeners
INFO: Could not instantiate TestExecutionListener [org.springframework.test.context.web.ServletTestExecutionListener]. Specify custom listener classes or make the default listener classes (and their required dependencies) available. Offending class: [javax/servlet/ServletContext]
Feb 03, 2021 6:56:45 PM org.springframework.test.context.support.DefaultTestContextBootstrapper instantiateListeners
INFO: Could not instantiate TestExecutionListener [org.springframework.test.context.jdbc.SqlScriptsTestExecutionListener]. Specify custom listener classes or make the default listener classes (and their required dependencies) available. Offending class: [org/springframework/transaction/interceptor/TransactionAttribute]
Feb 03, 2021 6:56:45 PM org.springframework.test.context.support.DefaultTestContextBootstrapper instantiateListeners
INFO: Could not instantiate TestExecutionListener [org.springframework.test.context.transaction.TransactionalTestExecutionListener]. Specify custom listener classes or make the default listener classes (and their required dependencies) available. Offending class: [org/springframework/transaction/TransactionDefinition]
Feb 03, 2021 6:56:45 PM org.springframework.test.context.support.DefaultTestContextBootstrapper getTestExecutionListeners
INFO: Using TestExecutionListeners: [org.springframework.test.context.support.DirtiesContextBeforeModesTestExecutionListener@78cfa264, org.springframework.test.context.support.DependencyInjectionTestExecutionListener@3408f695, org.springframework.test.context.support.DirtiesContextTestExecutionListener@2b6a0ea9]
Feb 03, 2021 6:56:45 PM org.springframework.beans.factory.xml.XmlBeanDefinitionReader loadBeanDefinitions
INFO: Loading XML bean definitions from URL [file:/home/lichengpeng/test/final/automated_script/funkygao/cp-ddd-framework/dddplus-test/target/test-classes/spring-test.xml]
Feb 03, 2021 6:56:46 PM org.springframework.context.support.GenericApplicationContext prepareRefresh
INFO: Refreshing org.springframework.context.support.GenericApplicationContext@ed2f2f6: startup date [Wed Feb 03 18:56:46 CST 2021]; root of context hierarchy
Feb 03, 2021 6:56:46 PM org.springframework.beans.factory.annotation.AutowiredAnnotationBeanPostProcessor <init>
INFO: JSR-330 'javax.inject.Inject' annotation found and supported for autowiring
2021-02-03 18:56:46,416 [main] INFO  [io.github.dddplus.runtime.registry.RegistryFactory] [57] - setup the discoverable Spring beans...
2021-02-03 18:56:46,549 [main] INFO  [io.github.dddplus.runtime.registry.DDDBootstrap] [45] - starting Spring, register DDD beans...
2021-02-03 18:56:46,550 [main] INFO  [io.github.dddplus.runtime.registry.RegistryFactory] [32] - register Domain's ...
2021-02-03 18:56:46,554 [main] INFO  [io.github.dddplus.runtime.registry.RegistryFactory] [32] - register DomainService's ...
2021-02-03 18:56:46,557 [main] INFO  [io.github.dddplus.runtime.registry.RegistryFactory] [32] - register Specification's ...
2021-02-03 18:56:46,561 [main] INFO  [io.github.dddplus.runtime.registry.RegistryFactory] [32] - register Step's ...
2021-02-03 18:56:46,724 [main] INFO  [io.github.dddplus.runtime.registry.RegistryFactory] [32] - register DomainAbility's ...
2021-02-03 18:56:46,756 [main] INFO  [io.github.dddplus.runtime.registry.RegistryFactory] [32] - register Policy's ...
2021-02-03 18:56:46,759 [main] INFO  [io.github.dddplus.runtime.registry.RegistryFactory] [32] - register Partner's ...
2021-02-03 18:56:46,762 [main] INFO  [io.github.dddplus.runtime.registry.RegistryFactory] [32] - register Pattern's ...
2021-02-03 18:56:46,771 [main] INFO  [io.github.dddplus.runtime.registry.RegistryFactory] [32] - register Extension's ...
2021-02-03 18:56:46,799 [main] INFO  [io.github.dddplus.runtime.registry.DDDBootstrap] [47] - all DDD beans registered, cost 250ms
Feb 03, 2021 6:56:46 PM org.springframework.scheduling.concurrent.ThreadPoolTaskExecutor initialize
INFO: Initializing ExecutorService  'asyncStepsExecutor'
Feb 03, 2021 6:56:46 PM org.springframework.scheduling.concurrent.ThreadPoolTaskExecutor initialize
INFO: Initializing ExecutorService  'asyncStepsExecutorAutoDiscard'
2021-02-03 18:56:46,851 [main] INFO  [io.github.dddplus.runtime.registry.DDDBootstrap] [55] - Spring started complete!
2021-02-03 18:56:46,863 [main] INFO  [io.github.dddplus.runtime.registry.mock.ability.NotImplementedAbility] [22] - blah blah
Feb 03, 2021 6:56:46 PM org.springframework.test.context.support.DefaultTestContextBootstrapper getDefaultTestExecutionListenerClassNames
INFO: Loaded default TestExecutionListener class names from location [META-INF/spring.factories]: [org.springframework.test.context.web.ServletTestExecutionListener, org.springframework.test.context.support.DirtiesContextBeforeModesTestExecutionListener, org.springframework.test.context.support.DependencyInjectionTestExecutionListener, org.springframework.test.context.support.DirtiesContextTestExecutionListener, org.springframework.test.context.transaction.TransactionalTestExecutionListener, org.springframework.test.context.jdbc.SqlScriptsTestExecutionListener]
Feb 03, 2021 6:56:46 PM org.springframework.test.context.support.DefaultTestContextBootstrapper instantiateListeners
INFO: Could not instantiate TestExecutionListener [org.springframework.test.context.web.ServletTestExecutionListener]. Specify custom listener classes or make the default listener classes (and their required dependencies) available. Offending class: [javax/servlet/ServletContext]
Feb 03, 2021 6:56:46 PM org.springframework.test.context.support.DefaultTestContextBootstrapper instantiateListeners
INFO: Could not instantiate TestExecutionListener [org.springframework.test.context.jdbc.SqlScriptsTestExecutionListener]. Specify custom listener classes or make the default listener classes (and their required dependencies) available. Offending class: [org/springframework/transaction/interceptor/TransactionAttribute]
Feb 03, 2021 6:56:46 PM org.springframework.test.context.support.DefaultTestContextBootstrapper instantiateListeners
INFO: Could not instantiate TestExecutionListener [org.springframework.test.context.transaction.TransactionalTestExecutionListener]. Specify custom listener classes or make the default listener classes (and their required dependencies) available. Offending class: [org/springframework/transaction/TransactionDefinition]
Feb 03, 2021 6:56:46 PM org.springframework.test.context.support.DefaultTestContextBootstrapper getTestExecutionListeners
INFO: Using TestExecutionListeners: [org.springframework.test.context.support.DirtiesContextBeforeModesTestExecutionListener@6f1fa1d0, org.springframework.test.context.support.DependencyInjectionTestExecutionListener@28b523a, org.springframework.test.context.support.DirtiesContextTestExecutionListener@52ba685a]
2021-02-03 18:56:46,874 [main] INFO  [io.github.dddplus.runtime.registry.mock.interceptor.DomainProfilerAspect] [21] - AROUND step:Submit.Baz
2021-02-03 18:56:46,874 [main] INFO  [io.github.dddplus.runtime.registry.mock.step.BazStep] [18] - submit: FooModel(partnerCode=ddd.cn.ka, b2c=false, letFooThrowException=false, willSleepLong=false, willThrowRuntimeException=false, willThrowOOM=false, redecide=true, redecideDeadLoop=false, stepsRevised=false, willRollback=false, willRollbackInvalid=false, sleepExtTimeout=false, foo=0)
2021-02-03 18:56:46,875 [main] INFO  [io.github.dddplus.runtime.registry.mock.interceptor.DomainProfilerAspect] [21] - AROUND step:Submit.Foo
2021-02-03 18:56:46,875 [main] INFO  [io.github.dddplus.runtime.registry.mock.step.FooStep] [20] - submit: FooModel(partnerCode=ddd.cn.ka, b2c=false, letFooThrowException=false, willSleepLong=false, willThrowRuntimeException=false, willThrowOOM=false, redecide=true, redecideDeadLoop=false, stepsRevised=false, willRollback=false, willRollbackInvalid=false, sleepExtTimeout=false, foo=0)
2021-02-03 18:56:46,875 [main] INFO  [io.github.dddplus.runtime.registry.mock.interceptor.DomainProfilerAspect] [21] - AROUND step:Submit.Bar
2021-02-03 18:56:46,876 [main] INFO  [io.github.dddplus.runtime.registry.mock.step.BarStep] [43] - 重新编排步骤，增加步骤：[Baz, Ham]
2021-02-03 18:56:46,877 [main] INFO  [io.github.dddplus.runtime.StepsExecTemplate] [94] - revised steps:[Baz, Ham]
2021-02-03 18:56:46,877 [main] INFO  [io.github.dddplus.runtime.registry.mock.interceptor.DomainProfilerAspect] [21] - AROUND step:Submit.Baz
2021-02-03 18:56:46,877 [main] INFO  [io.github.dddplus.runtime.registry.mock.step.BazStep] [18] - submit: FooModel(partnerCode=ddd.cn.ka, b2c=false, letFooThrowException=false, willSleepLong=false, willThrowRuntimeException=false, willThrowOOM=false, redecide=true, redecideDeadLoop=false, stepsRevised=false, willRollback=false, willRollbackInvalid=false, sleepExtTimeout=false, foo=0)
2021-02-03 18:56:46,877 [main] INFO  [io.github.dddplus.runtime.registry.mock.step.HamStep] [16] - submit: FooModel(partnerCode=ddd.cn.ka, b2c=false, letFooThrowException=false, willSleepLong=false, willThrowRuntimeException=false, willThrowOOM=false, redecide=true, redecideDeadLoop=false, stepsRevised=false, willRollback=false, willRollbackInvalid=false, sleepExtTimeout=false, foo=0)
2021-02-03 18:56:46,878 [main] WARN  [io.github.dddplus.runtime.StepsExecTemplate] [79] - Empty steps of activity:Submit on FooModel(partnerCode=ddd.cn.ka, b2c=false, letFooThrowException=false, willSleepLong=false, willThrowRuntimeException=false, willThrowOOM=false, redecide=true, redecideDeadLoop=false, stepsRevised=false, willRollback=false, willRollbackInvalid=false, sleepExtTimeout=false, foo=0)
2021-02-03 18:56:46,878 [main] WARN  [io.github.dddplus.runtime.StepsExecTemplate] [79] - Empty steps of activity:Submit on FooModel(partnerCode=ddd.cn.ka, b2c=false, letFooThrowException=false, willSleepLong=false, willThrowRuntimeException=false, willThrowOOM=false, redecide=true, redecideDeadLoop=false, stepsRevised=false, willRollback=false, willRollbackInvalid=false, sleepExtTimeout=false, foo=0)
Feb 03, 2021 6:56:46 PM org.springframework.test.context.support.DefaultTestContextBootstrapper getDefaultTestExecutionListenerClassNames
INFO: Loaded default TestExecutionListener class names from location [META-INF/spring.factories]: [org.springframework.test.context.web.ServletTestExecutionListener, org.springframework.test.context.support.DirtiesContextBeforeModesTestExecutionListener, org.springframework.test.context.support.DependencyInjectionTestExecutionListener, org.springframework.test.context.support.DirtiesContextTestExecutionListener, org.springframework.test.context.transaction.TransactionalTestExecutionListener, org.springframework.test.context.jdbc.SqlScriptsTestExecutionListener]
Feb 03, 2021 6:56:46 PM org.springframework.test.context.support.DefaultTestContextBootstrapper instantiateListeners
INFO: Could not instantiate TestExecutionListener [org.springframework.test.context.web.ServletTestExecutionListener]. Specify custom listener classes or make the default listener classes (and their required dependencies) available. Offending class: [javax/servlet/ServletContext]
Feb 03, 2021 6:56:46 PM org.springframework.test.context.support.DefaultTestContextBootstrapper instantiateListeners
INFO: Could not instantiate TestExecutionListener [org.springframework.test.context.jdbc.SqlScriptsTestExecutionListener]. Specify custom listener classes or make the default listener classes (and their required dependencies) available. Offending class: [org/springframework/transaction/interceptor/TransactionAttribute]
Feb 03, 2021 6:56:46 PM org.springframework.test.context.support.DefaultTestContextBootstrapper instantiateListeners
INFO: Could not instantiate TestExecutionListener [org.springframework.test.context.transaction.TransactionalTestExecutionListener]. Specify custom listener classes or make the default listener classes (and their required dependencies) available. Offending class: [org/springframework/transaction/TransactionDefinition]
Feb 03, 2021 6:56:46 PM org.springframework.test.context.support.DefaultTestContextBootstrapper getTestExecutionListeners
INFO: Using TestExecutionListeners: [org.springframework.test.context.support.DirtiesContextBeforeModesTestExecutionListener@4fb64a52, org.springframework.test.context.support.DependencyInjectionTestExecutionListener@70b48eb3, org.springframework.test.context.support.DirtiesContextTestExecutionListener@7b8ea1db]
2021-02-03 18:56:46,894 [main] ERROR [io.github.dddplus.runtime.ExtensionInvocationHandler] [100] - io.github.dddplus.runtime.registry.mock.ext.IFooExt code:b2b
java.lang.RuntimeException: b2b error on purpose
	at io.github.dddplus.runtime.registry.mock.extension.B2BExt.execute(B2BExt.java:27) ~[test-classes/:?]
	at sun.reflect.NativeMethodAccessorImpl.invoke0(Native Method) ~[?:1.8.0_262]
	at sun.reflect.NativeMethodAccessorImpl.invoke(NativeMethodAccessorImpl.java:62) ~[?:1.8.0_262]
	at sun.reflect.DelegatingMethodAccessorImpl.invoke(DelegatingMethodAccessorImpl.java:43) ~[?:1.8.0_262]
	at java.lang.reflect.Method.invoke(Method.java:498) ~[?:1.8.0_262]
	at io.github.dddplus.runtime.ExtensionInvocationHandler.invokeExtensionMethod(ExtensionInvocationHandler.java:122) ~[classes/:?]
	at io.github.dddplus.runtime.ExtensionInvocationHandler.invokeExtension(ExtensionInvocationHandler.java:97) ~[classes/:?]
	at io.github.dddplus.runtime.ExtensionInvocationHandler.invoke(ExtensionInvocationHandler.java:78) ~[classes/:?]
	at com.sun.proxy.$Proxy89.execute(Unknown Source) ~[?:?]
	at io.github.dddplus.runtime.registry.mock.ability.FooDomainAbility.submit(FooDomainAbility.java:20) ~[test-classes/:?]
	at io.github.dddplus.runtime.registry.mock.service.FooDomainService.submitOrder(FooDomainService.java:17) ~[test-classes/:?]
	at io.github.dddplus.runtime.registry.IntegrationTest.extThrowException(IntegrationTest.java:234) ~[test-classes/:?]
	at sun.reflect.NativeMethodAccessorImpl.invoke0(Native Method) ~[?:1.8.0_262]
	at sun.reflect.NativeMethodAccessorImpl.invoke(NativeMethodAccessorImpl.java:62) ~[?:1.8.0_262]
	at sun.reflect.DelegatingMethodAccessorImpl.invoke(DelegatingMethodAccessorImpl.java:43) ~[?:1.8.0_262]
	at java.lang.reflect.Method.invoke(Method.java:498) ~[?:1.8.0_262]
	at org.junit.runners.model.FrameworkMethod$1.runReflectiveCall(FrameworkMethod.java:59) ~[junit-4.13.1.jar:4.13.1]
	at org.junit.internal.runners.model.ReflectiveCallable.run(ReflectiveCallable.java:12) ~[junit-4.13.1.jar:4.13.1]
	at org.junit.runners.model.FrameworkMethod.invokeExplosively(FrameworkMethod.java:56) ~[junit-4.13.1.jar:4.13.1]
	at org.junit.internal.runners.statements.InvokeMethod.evaluate(InvokeMethod.java:17) ~[junit-4.13.1.jar:4.13.1]
	at org.junit.internal.runners.statements.ExpectException.evaluate(ExpectException.java:19) ~[junit-4.13.1.jar:4.13.1]
	at org.junit.internal.runners.statements.RunBefores.evaluate(RunBefores.java:26) ~[junit-4.13.1.jar:4.13.1]
	at org.springframework.test.context.junit4.statements.RunBeforeTestMethodCallbacks.evaluate(RunBeforeTestMethodCallbacks.java:75) ~[spring-test-4.3.12.RELEASE.jar:4.3.12.RELEASE]
	at org.springframework.test.context.junit4.statements.RunAfterTestMethodCallbacks.evaluate(RunAfterTestMethodCallbacks.java:86) ~[spring-test-4.3.12.RELEASE.jar:4.3.12.RELEASE]
	at org.springframework.test.context.junit4.statements.SpringRepeat.evaluate(SpringRepeat.java:84) ~[spring-test-4.3.12.RELEASE.jar:4.3.12.RELEASE]
	at org.junit.runners.ParentRunner.runLeaf(ParentRunner.java:366) ~[junit-4.13.1.jar:4.13.1]
	at org.springframework.test.context.junit4.SpringJUnit4ClassRunner.runChild(SpringJUnit4ClassRunner.java:252) ~[spring-test-4.3.12.RELEASE.jar:4.3.12.RELEASE]
	at org.springframework.test.context.junit4.SpringJUnit4ClassRunner.runChild(SpringJUnit4ClassRunner.java:94) ~[spring-test-4.3.12.RELEASE.jar:4.3.12.RELEASE]
	at org.junit.runners.ParentRunner$4.run(ParentRunner.java:331) ~[junit-4.13.1.jar:4.13.1]
	at org.junit.runners.ParentRunner$1.schedule(ParentRunner.java:79) ~[junit-4.13.1.jar:4.13.1]
	at org.junit.runners.ParentRunner.runChildren(ParentRunner.java:329) ~[junit-4.13.1.jar:4.13.1]
	at org.junit.runners.ParentRunner.access$100(ParentRunner.java:66) ~[junit-4.13.1.jar:4.13.1]
	at org.junit.runners.ParentRunner$2.evaluate(ParentRunner.java:293) ~[junit-4.13.1.jar:4.13.1]
	at org.springframework.test.context.junit4.statements.RunBeforeTestClassCallbacks.evaluate(RunBeforeTestClassCallbacks.java:61) ~[spring-test-4.3.12.RELEASE.jar:4.3.12.RELEASE]
	at org.springframework.test.context.junit4.statements.RunAfterTestClassCallbacks.evaluate(RunAfterTestClassCallbacks.java:70) ~[spring-test-4.3.12.RELEASE.jar:4.3.12.RELEASE]
	at org.junit.runners.ParentRunner$3.evaluate(ParentRunner.java:306) ~[junit-4.13.1.jar:4.13.1]
	at org.junit.runners.ParentRunner.run(ParentRunner.java:413) ~[junit-4.13.1.jar:4.13.1]
	at org.springframework.test.context.junit4.SpringJUnit4ClassRunner.run(SpringJUnit4ClassRunner.java:191) ~[spring-test-4.3.12.RELEASE.jar:4.3.12.RELEASE]
	at edu.illinois.cs.testrunner.execution.JUnitTestRunner$4.evaluate(JUnitTestRunner.java:383) ~[testrunner-running-1.0.jar:?]
	at edu.illinois.cs.testrunner.execution.JUnitTestRunner.runChild(JUnitTestRunner.java:351) ~[testrunner-running-1.0.jar:?]
	at edu.illinois.cs.testrunner.execution.JUnitTestRunner.run(JUnitTestRunner.java:109) ~[testrunner-running-1.0.jar:?]
	at org.junit.runner.JUnitCore.run(JUnitCore.java:137) ~[junit-4.13.1.jar:4.13.1]
	at edu.illinois.cs.testrunner.execution.JUnitTestExecutor.execute(JUnitTestExecutor.java:292) ~[testrunner-running-1.0.jar:?]
	at edu.illinois.cs.testrunner.execution.JUnitTestExecutor.execute(JUnitTestExecutor.java:328) ~[testrunner-running-1.0.jar:?]
	at edu.illinois.cs.testrunner.execution.JUnitTestExecutor.executeWithJUnit4Runner(JUnitTestExecutor.java:366) ~[testrunner-running-1.0.jar:?]
	at edu.illinois.cs.testrunner.execution.JUnitTestExecutor.runOrder(JUnitTestExecutor.java:47) ~[testrunner-running-1.0.jar:?]
	at edu.illinois.cs.testrunner.execution.Executor$.$anonfun$run$1(Executor.scala:30) ~[testrunner-running-1.0.jar:?]
	at scala.runtime.java8.JFunction0$mcV$sp.apply(JFunction0$mcV$sp.java:12) [scala-library-2.12.6.jar:?]
	at scala.util.Try$.apply(Try.scala:209) [scala-library-2.12.6.jar:?]
	at edu.illinois.cs.testrunner.execution.Executor$.run(Executor.scala:28) [testrunner-running-1.0.jar:?]
	at edu.illinois.cs.testrunner.execution.Executor$.main(Executor.scala:18) [testrunner-running-1.0.jar:?]
	at edu.illinois.cs.testrunner.execution.Executor.main(Executor.scala) [testrunner-running-1.0.jar:?]
Feb 03, 2021 6:56:46 PM org.springframework.test.context.support.DefaultTestContextBootstrapper getDefaultTestExecutionListenerClassNames
INFO: Loaded default TestExecutionListener class names from location [META-INF/spring.factories]: [org.springframework.test.context.web.ServletTestExecutionListener, org.springframework.test.context.support.DirtiesContextBeforeModesTestExecutionListener, org.springframework.test.context.support.DependencyInjectionTestExecutionListener, org.springframework.test.context.support.DirtiesContextTestExecutionListener, org.springframework.test.context.transaction.TransactionalTestExecutionListener, org.springframework.test.context.jdbc.SqlScriptsTestExecutionListener]
Feb 03, 2021 6:56:46 PM org.springframework.test.context.support.DefaultTestContextBootstrapper instantiateListeners
INFO: Could not instantiate TestExecutionListener [org.springframework.test.context.web.ServletTestExecutionListener]. Specify custom listener classes or make the default listener classes (and their required dependencies) available. Offending class: [javax/servlet/ServletContext]
Feb 03, 2021 6:56:46 PM org.springframework.test.context.support.DefaultTestContextBootstrapper instantiateListeners
INFO: Could not instantiate TestExecutionListener [org.springframework.test.context.jdbc.SqlScriptsTestExecutionListener]. Specify custom listener classes or make the default listener classes (and their required dependencies) available. Offending class: [org/springframework/transaction/interceptor/TransactionAttribute]
Feb 03, 2021 6:56:46 PM org.springframework.test.context.support.DefaultTestContextBootstrapper instantiateListeners
INFO: Could not instantiate TestExecutionListener [org.springframework.test.context.transaction.TransactionalTestExecutionListener]. Specify custom listener classes or make the default listener classes (and their required dependencies) available. Offending class: [org/springframework/transaction/TransactionDefinition]
Feb 03, 2021 6:56:46 PM org.springframework.test.context.support.DefaultTestContextBootstrapper getTestExecutionListeners
INFO: Using TestExecutionListeners: [org.springframework.test.context.support.DirtiesContextBeforeModesTestExecutionListener@129c4d19, org.springframework.test.context.support.DependencyInjectionTestExecutionListener@11810917, org.springframework.test.context.support.DirtiesContextTestExecutionListener@13278a41]
2021-02-03 18:56:46,906 [main] INFO  [io.github.dddplus.runtime.registry.IntegrationTest] [451] - steps:[Baz, Foo, Bar]
2021-02-03 18:56:46,909 [step-1] INFO  [io.github.dddplus.runtime.registry.mock.interceptor.DomainProfilerAspect] [21] - AROUND step:Submit.Baz
2021-02-03 18:56:46,909 [step-2] INFO  [io.github.dddplus.runtime.registry.mock.interceptor.DomainProfilerAspect] [21] - AROUND step:Submit.Foo
2021-02-03 18:56:46,909 [step-1] INFO  [io.github.dddplus.runtime.registry.mock.step.BazStep] [18] - submit: FooModel(partnerCode=ddd.cn.ka, b2c=false, letFooThrowException=false, willSleepLong=true, willThrowRuntimeException=false, willThrowOOM=false, redecide=false, redecideDeadLoop=false, stepsRevised=false, willRollback=false, willRollbackInvalid=false, sleepExtTimeout=false, foo=0)
2021-02-03 18:56:46,909 [step-2] INFO  [io.github.dddplus.runtime.registry.mock.step.FooStep] [20] - submit: FooModel(partnerCode=ddd.cn.ka, b2c=false, letFooThrowException=false, willSleepLong=true, willThrowRuntimeException=false, willThrowOOM=false, redecide=false, redecideDeadLoop=false, stepsRevised=false, willRollback=false, willRollbackInvalid=false, sleepExtTimeout=false, foo=0)
Feb 03, 2021 6:56:46 PM org.springframework.test.context.support.DefaultTestContextBootstrapper getDefaultTestExecutionListenerClassNames
INFO: Loaded default TestExecutionListener class names from location [META-INF/spring.factories]: [org.springframework.test.context.web.ServletTestExecutionListener, org.springframework.test.context.support.DirtiesContextBeforeModesTestExecutionListener, org.springframework.test.context.support.DependencyInjectionTestExecutionListener, org.springframework.test.context.support.DirtiesContextTestExecutionListener, org.springframework.test.context.transaction.TransactionalTestExecutionListener, org.springframework.test.context.jdbc.SqlScriptsTestExecutionListener]
Feb 03, 2021 6:56:46 PM org.springframework.test.context.support.DefaultTestContextBootstrapper instantiateListeners
INFO: Could not instantiate TestExecutionListener [org.springframework.test.context.web.ServletTestExecutionListener]. Specify custom listener classes or make the default listener classes (and their required dependencies) available. Offending class: [javax/servlet/ServletContext]
Feb 03, 2021 6:56:46 PM org.springframework.test.context.support.DefaultTestContextBootstrapper instantiateListeners
INFO: Could not instantiate TestExecutionListener [org.springframework.test.context.jdbc.SqlScriptsTestExecutionListener]. Specify custom listener classes or make the default listener classes (and their required dependencies) available. Offending class: [org/springframework/transaction/interceptor/TransactionAttribute]
Feb 03, 2021 6:56:46 PM org.springframework.test.context.support.DefaultTestContextBootstrapper instantiateListeners
INFO: Could not instantiate TestExecutionListener [org.springframework.test.context.transaction.TransactionalTestExecutionListener]. Specify custom listener classes or make the default listener classes (and their required dependencies) available. Offending class: [org/springframework/transaction/TransactionDefinition]
Feb 03, 2021 6:56:46 PM org.springframework.test.context.support.DefaultTestContextBootstrapper getTestExecutionListeners
INFO: Using TestExecutionListeners: [org.springframework.test.context.support.DirtiesContextBeforeModesTestExecutionListener@545d2560, org.springframework.test.context.support.DependencyInjectionTestExecutionListener@124eb83d, org.springframework.test.context.support.DirtiesContextTestExecutionListener@6885ed19]
2021-02-03 18:56:46,913 [main] INFO  [io.github.dddplus.runtime.registry.mock.extension.B2CExt] [16] - 2
2021-02-03 18:56:46,913 [main] INFO  [io.github.dddplus.runtime.registry.mock.extension.B2CExt] [16] - 2
2021-02-03 18:56:46,913 [main] INFO  [io.github.dddplus.runtime.registry.mock.service.FooDomainService] [17] - submit received: 2, firstExt got: 2
Feb 03, 2021 6:56:46 PM org.springframework.test.context.support.DefaultTestContextBootstrapper getDefaultTestExecutionListenerClassNames
INFO: Loaded default TestExecutionListener class names from location [META-INF/spring.factories]: [org.springframework.test.context.web.ServletTestExecutionListener, org.springframework.test.context.support.DirtiesContextBeforeModesTestExecutionListener, org.springframework.test.context.support.DependencyInjectionTestExecutionListener, org.springframework.test.context.support.DirtiesContextTestExecutionListener, org.springframework.test.context.transaction.TransactionalTestExecutionListener, org.springframework.test.context.jdbc.SqlScriptsTestExecutionListener]
Feb 03, 2021 6:56:46 PM org.springframework.test.context.support.DefaultTestContextBootstrapper instantiateListeners
INFO: Could not instantiate TestExecutionListener [org.springframework.test.context.web.ServletTestExecutionListener]. Specify custom listener classes or make the default listener classes (and their required dependencies) available. Offending class: [javax/servlet/ServletContext]
Feb 03, 2021 6:56:46 PM org.springframework.test.context.support.DefaultTestContextBootstrapper instantiateListeners
INFO: Could not instantiate TestExecutionListener [org.springframework.test.context.jdbc.SqlScriptsTestExecutionListener]. Specify custom listener classes or make the default listener classes (and their required dependencies) available. Offending class: [org/springframework/transaction/interceptor/TransactionAttribute]
Feb 03, 2021 6:56:46 PM org.springframework.test.context.support.DefaultTestContextBootstrapper instantiateListeners
INFO: Could not instantiate TestExecutionListener [org.springframework.test.context.transaction.TransactionalTestExecutionListener]. Specify custom listener classes or make the default listener classes (and their required dependencies) available. Offending class: [org/springframework/transaction/TransactionDefinition]
Feb 03, 2021 6:56:46 PM org.springframework.test.context.support.DefaultTestContextBootstrapper getTestExecutionListeners
INFO: Using TestExecutionListeners: [org.springframework.test.context.support.DirtiesContextBeforeModesTestExecutionListener@42a0786f, org.springframework.test.context.support.DependencyInjectionTestExecutionListener@477523ba, org.springframework.test.context.support.DirtiesContextTestExecutionListener@203e705e]
Feb 03, 2021 6:56:46 PM org.springframework.test.context.support.DefaultTestContextBootstrapper getDefaultTestExecutionListenerClassNames
INFO: Loaded default TestExecutionListener class names from location [META-INF/spring.factories]: [org.springframework.test.context.web.ServletTestExecutionListener, org.springframework.test.context.support.DirtiesContextBeforeModesTestExecutionListener, org.springframework.test.context.support.DependencyInjectionTestExecutionListener, org.springframework.test.context.support.DirtiesContextTestExecutionListener, org.springframework.test.context.transaction.TransactionalTestExecutionListener, org.springframework.test.context.jdbc.SqlScriptsTestExecutionListener]
Feb 03, 2021 6:56:46 PM org.springframework.test.context.support.DefaultTestContextBootstrapper instantiateListeners
INFO: Could not instantiate TestExecutionListener [org.springframework.test.context.web.ServletTestExecutionListener]. Specify custom listener classes or make the default listener classes (and their required dependencies) available. Offending class: [javax/servlet/ServletContext]
Feb 03, 2021 6:56:46 PM org.springframework.test.context.support.DefaultTestContextBootstrapper instantiateListeners
INFO: Could not instantiate TestExecutionListener [org.springframework.test.context.jdbc.SqlScriptsTestExecutionListener]. Specify custom listener classes or make the default listener classes (and their required dependencies) available. Offending class: [org/springframework/transaction/interceptor/TransactionAttribute]
Feb 03, 2021 6:56:46 PM org.springframework.test.context.support.DefaultTestContextBootstrapper instantiateListeners
INFO: Could not instantiate TestExecutionListener [org.springframework.test.context.transaction.TransactionalTestExecutionListener]. Specify custom listener classes or make the default listener classes (and their required dependencies) available. Offending class: [org/springframework/transaction/TransactionDefinition]
Feb 03, 2021 6:56:46 PM org.springframework.test.context.support.DefaultTestContextBootstrapper getTestExecutionListeners
INFO: Using TestExecutionListeners: [org.springframework.test.context.support.DirtiesContextBeforeModesTestExecutionListener@2c9fdb64, org.springframework.test.context.support.DependencyInjectionTestExecutionListener@27e199ce, org.springframework.test.context.support.DirtiesContextTestExecutionListener@1c3b6963]
2021-02-03 18:56:46,922 [main] ERROR [io.github.dddplus.runtime.ExtensionInvocationHandler] [100] - io.github.dddplus.runtime.registry.mock.ext.IFooExt code:b2b
java.lang.OutOfMemoryError: OOM on purpose
	at io.github.dddplus.runtime.registry.mock.extension.B2BExt.execute(B2BExt.java:17) ~[test-classes/:?]
	at sun.reflect.NativeMethodAccessorImpl.invoke0(Native Method) ~[?:1.8.0_262]
	at sun.reflect.NativeMethodAccessorImpl.invoke(NativeMethodAccessorImpl.java:62) ~[?:1.8.0_262]
	at sun.reflect.DelegatingMethodAccessorImpl.invoke(DelegatingMethodAccessorImpl.java:43) ~[?:1.8.0_262]
	at java.lang.reflect.Method.invoke(Method.java:498) ~[?:1.8.0_262]
	at io.github.dddplus.runtime.ExtensionInvocationHandler.invokeExtensionMethod(ExtensionInvocationHandler.java:122) ~[classes/:?]
	at io.github.dddplus.runtime.ExtensionInvocationHandler.invokeExtension(ExtensionInvocationHandler.java:97) ~[classes/:?]
	at io.github.dddplus.runtime.ExtensionInvocationHandler.invoke(ExtensionInvocationHandler.java:78) ~[classes/:?]
	at com.sun.proxy.$Proxy89.execute(Unknown Source) ~[?:?]
	at io.github.dddplus.runtime.registry.mock.ability.FooDomainAbility.submit(FooDomainAbility.java:20) ~[test-classes/:?]
	at io.github.dddplus.runtime.registry.mock.service.FooDomainService.submitOrder(FooDomainService.java:17) ~[test-classes/:?]
	at io.github.dddplus.runtime.registry.IntegrationTest.callExtThrownUnexpectedException(IntegrationTest.java:268) ~[test-classes/:?]
	at sun.reflect.NativeMethodAccessorImpl.invoke0(Native Method) ~[?:1.8.0_262]
	at sun.reflect.NativeMethodAccessorImpl.invoke(NativeMethodAccessorImpl.java:62) ~[?:1.8.0_262]
	at sun.reflect.DelegatingMethodAccessorImpl.invoke(DelegatingMethodAccessorImpl.java:43) ~[?:1.8.0_262]
	at java.lang.reflect.Method.invoke(Method.java:498) ~[?:1.8.0_262]
	at org.junit.runners.model.FrameworkMethod$1.runReflectiveCall(FrameworkMethod.java:59) ~[junit-4.13.1.jar:4.13.1]
	at org.junit.internal.runners.model.ReflectiveCallable.run(ReflectiveCallable.java:12) ~[junit-4.13.1.jar:4.13.1]
	at org.junit.runners.model.FrameworkMethod.invokeExplosively(FrameworkMethod.java:56) ~[junit-4.13.1.jar:4.13.1]
	at org.junit.internal.runners.statements.InvokeMethod.evaluate(InvokeMethod.java:17) ~[junit-4.13.1.jar:4.13.1]
	at org.junit.internal.runners.statements.RunBefores.evaluate(RunBefores.java:26) ~[junit-4.13.1.jar:4.13.1]
	at org.springframework.test.context.junit4.statements.RunBeforeTestMethodCallbacks.evaluate(RunBeforeTestMethodCallbacks.java:75) ~[spring-test-4.3.12.RELEASE.jar:4.3.12.RELEASE]
	at org.springframework.test.context.junit4.statements.RunAfterTestMethodCallbacks.evaluate(RunAfterTestMethodCallbacks.java:86) ~[spring-test-4.3.12.RELEASE.jar:4.3.12.RELEASE]
	at org.springframework.test.context.junit4.statements.SpringRepeat.evaluate(SpringRepeat.java:84) ~[spring-test-4.3.12.RELEASE.jar:4.3.12.RELEASE]
	at org.junit.runners.ParentRunner.runLeaf(ParentRunner.java:366) ~[junit-4.13.1.jar:4.13.1]
	at org.springframework.test.context.junit4.SpringJUnit4ClassRunner.runChild(SpringJUnit4ClassRunner.java:252) ~[spring-test-4.3.12.RELEASE.jar:4.3.12.RELEASE]
	at org.springframework.test.context.junit4.SpringJUnit4ClassRunner.runChild(SpringJUnit4ClassRunner.java:94) ~[spring-test-4.3.12.RELEASE.jar:4.3.12.RELEASE]
	at org.junit.runners.ParentRunner$4.run(ParentRunner.java:331) ~[junit-4.13.1.jar:4.13.1]
	at org.junit.runners.ParentRunner$1.schedule(ParentRunner.java:79) ~[junit-4.13.1.jar:4.13.1]
	at org.junit.runners.ParentRunner.runChildren(ParentRunner.java:329) ~[junit-4.13.1.jar:4.13.1]
	at org.junit.runners.ParentRunner.access$100(ParentRunner.java:66) ~[junit-4.13.1.jar:4.13.1]
	at org.junit.runners.ParentRunner$2.evaluate(ParentRunner.java:293) ~[junit-4.13.1.jar:4.13.1]
	at org.springframework.test.context.junit4.statements.RunBeforeTestClassCallbacks.evaluate(RunBeforeTestClassCallbacks.java:61) ~[spring-test-4.3.12.RELEASE.jar:4.3.12.RELEASE]
	at org.springframework.test.context.junit4.statements.RunAfterTestClassCallbacks.evaluate(RunAfterTestClassCallbacks.java:70) ~[spring-test-4.3.12.RELEASE.jar:4.3.12.RELEASE]
	at org.junit.runners.ParentRunner$3.evaluate(ParentRunner.java:306) ~[junit-4.13.1.jar:4.13.1]
	at org.junit.runners.ParentRunner.run(ParentRunner.java:413) ~[junit-4.13.1.jar:4.13.1]
	at org.springframework.test.context.junit4.SpringJUnit4ClassRunner.run(SpringJUnit4ClassRunner.java:191) ~[spring-test-4.3.12.RELEASE.jar:4.3.12.RELEASE]
	at edu.illinois.cs.testrunner.execution.JUnitTestRunner$4.evaluate(JUnitTestRunner.java:383) ~[testrunner-running-1.0.jar:?]
	at edu.illinois.cs.testrunner.execution.JUnitTestRunner.runChild(JUnitTestRunner.java:351) ~[testrunner-running-1.0.jar:?]
	at edu.illinois.cs.testrunner.execution.JUnitTestRunner.run(JUnitTestRunner.java:109) ~[testrunner-running-1.0.jar:?]
	at org.junit.runner.JUnitCore.run(JUnitCore.java:137) ~[junit-4.13.1.jar:4.13.1]
	at edu.illinois.cs.testrunner.execution.JUnitTestExecutor.execute(JUnitTestExecutor.java:292) ~[testrunner-running-1.0.jar:?]
	at edu.illinois.cs.testrunner.execution.JUnitTestExecutor.execute(JUnitTestExecutor.java:328) ~[testrunner-running-1.0.jar:?]
	at edu.illinois.cs.testrunner.execution.JUnitTestExecutor.executeWithJUnit4Runner(JUnitTestExecutor.java:366) ~[testrunner-running-1.0.jar:?]
	at edu.illinois.cs.testrunner.execution.JUnitTestExecutor.runOrder(JUnitTestExecutor.java:47) ~[testrunner-running-1.0.jar:?]
	at edu.illinois.cs.testrunner.execution.Executor$.$anonfun$run$1(Executor.scala:30) ~[testrunner-running-1.0.jar:?]
	at scala.runtime.java8.JFunction0$mcV$sp.apply(JFunction0$mcV$sp.java:12) [scala-library-2.12.6.jar:?]
	at scala.util.Try$.apply(Try.scala:209) [scala-library-2.12.6.jar:?]
	at edu.illinois.cs.testrunner.execution.Executor$.run(Executor.scala:28) [testrunner-running-1.0.jar:?]
	at edu.illinois.cs.testrunner.execution.Executor$.main(Executor.scala:18) [testrunner-running-1.0.jar:?]
	at edu.illinois.cs.testrunner.execution.Executor.main(Executor.scala) [testrunner-running-1.0.jar:?]
Feb 03, 2021 6:56:46 PM org.springframework.test.context.support.DefaultTestContextBootstrapper getDefaultTestExecutionListenerClassNames
INFO: Loaded default TestExecutionListener class names from location [META-INF/spring.factories]: [org.springframework.test.context.web.ServletTestExecutionListener, org.springframework.test.context.support.DirtiesContextBeforeModesTestExecutionListener, org.springframework.test.context.support.DependencyInjectionTestExecutionListener, org.springframework.test.context.support.DirtiesContextTestExecutionListener, org.springframework.test.context.transaction.TransactionalTestExecutionListener, org.springframework.test.context.jdbc.SqlScriptsTestExecutionListener]
Feb 03, 2021 6:56:46 PM org.springframework.test.context.support.DefaultTestContextBootstrapper instantiateListeners
INFO: Could not instantiate TestExecutionListener [org.springframework.test.context.web.ServletTestExecutionListener]. Specify custom listener classes or make the default listener classes (and their required dependencies) available. Offending class: [javax/servlet/ServletContext]
Feb 03, 2021 6:56:46 PM org.springframework.test.context.support.DefaultTestContextBootstrapper instantiateListeners
INFO: Could not instantiate TestExecutionListener [org.springframework.test.context.jdbc.SqlScriptsTestExecutionListener]. Specify custom listener classes or make the default listener classes (and their required dependencies) available. Offending class: [org/springframework/transaction/interceptor/TransactionAttribute]
Feb 03, 2021 6:56:46 PM org.springframework.test.context.support.DefaultTestContextBootstrapper instantiateListeners
INFO: Could not instantiate TestExecutionListener [org.springframework.test.context.transaction.TransactionalTestExecutionListener]. Specify custom listener classes or make the default listener classes (and their required dependencies) available. Offending class: [org/springframework/transaction/TransactionDefinition]
Feb 03, 2021 6:56:46 PM org.springframework.test.context.support.DefaultTestContextBootstrapper getTestExecutionListeners
INFO: Using TestExecutionListeners: [org.springframework.test.context.support.DirtiesContextBeforeModesTestExecutionListener@4fb57fb3, org.springframework.test.context.support.DependencyInjectionTestExecutionListener@6b063470, org.springframework.test.context.support.DirtiesContextTestExecutionListener@226d5af0]
2021-02-03 18:56:46,929 [main] ERROR [io.github.dddplus.runtime.registry.InternalIndexer] [55] - io.github.dddplus.runtime.registry.mock.ability.IllegalDomainAbility forgot to apply @DomainAbility, ArchitectureEnforcer turned off? indexed:[class io.github.dddplus.runtime.registry.mock.ability.DecideStepsAbility, class io.github.dddplus.runtime.registry.mock.ability.NotImplementedAbility, class io.github.dddplus.runtime.registry.mock.ability.NotImplementedAbility1, class io.github.dddplus.runtime.registry.mock.ability.BazAbility, class io.github.dddplus.runtime.registry.mock.ability.ReviseStepsAbility, class io.github.dddplus.runtime.registry.mock.ability.BarDomainAbility, class io.github.dddplus.runtime.registry.mock.ability.SleepAbility, class io.github.dddplus.runtime.registry.mock.ability.FooDomainAbility, class io.github.dddplus.runtime.registry.mock.ability.PartnerAbility]
Feb 03, 2021 6:56:46 PM org.springframework.test.context.support.DefaultTestContextBootstrapper getDefaultTestExecutionListenerClassNames
INFO: Loaded default TestExecutionListener class names from location [META-INF/spring.factories]: [org.springframework.test.context.web.ServletTestExecutionListener, org.springframework.test.context.support.DirtiesContextBeforeModesTestExecutionListener, org.springframework.test.context.support.DependencyInjectionTestExecutionListener, org.springframework.test.context.support.DirtiesContextTestExecutionListener, org.springframework.test.context.transaction.TransactionalTestExecutionListener, org.springframework.test.context.jdbc.SqlScriptsTestExecutionListener]
Feb 03, 2021 6:56:46 PM org.springframework.test.context.support.DefaultTestContextBootstrapper instantiateListeners
INFO: Could not instantiate TestExecutionListener [org.springframework.test.context.web.ServletTestExecutionListener]. Specify custom listener classes or make the default listener classes (and their required dependencies) available. Offending class: [javax/servlet/ServletContext]
Feb 03, 2021 6:56:46 PM org.springframework.test.context.support.DefaultTestContextBootstrapper instantiateListeners
INFO: Could not instantiate TestExecutionListener [org.springframework.test.context.jdbc.SqlScriptsTestExecutionListener]. Specify custom listener classes or make the default listener classes (and their required dependencies) available. Offending class: [org/springframework/transaction/interceptor/TransactionAttribute]
Feb 03, 2021 6:56:46 PM org.springframework.test.context.support.DefaultTestContextBootstrapper instantiateListeners
INFO: Could not instantiate TestExecutionListener [org.springframework.test.context.transaction.TransactionalTestExecutionListener]. Specify custom listener classes or make the default listener classes (and their required dependencies) available. Offending class: [org/springframework/transaction/TransactionDefinition]
Feb 03, 2021 6:56:46 PM org.springframework.test.context.support.DefaultTestContextBootstrapper getTestExecutionListeners
INFO: Using TestExecutionListeners: [org.springframework.test.context.support.DirtiesContextBeforeModesTestExecutionListener@6b42e36d, org.springframework.test.context.support.DependencyInjectionTestExecutionListener@13192275, org.springframework.test.context.support.DirtiesContextTestExecutionListener@79195c22]
2021-02-03 18:56:46,933 [main] INFO  [io.github.dddplus.runtime.registry.IntegrationTest] [514] - steps: [Baz, Foo, Bar]
2021-02-03 18:56:46,934 [main] INFO  [io.github.dddplus.runtime.registry.mock.interceptor.DomainProfilerAspect] [21] - AROUND step:Submit.Baz
2021-02-03 18:56:46,934 [main] INFO  [io.github.dddplus.runtime.registry.mock.step.BazStep] [18] - submit: FooModel(partnerCode=ddd.cn.ka, b2c=false, letFooThrowException=false, willSleepLong=false, willThrowRuntimeException=false, willThrowOOM=false, redecide=false, redecideDeadLoop=false, stepsRevised=false, willRollback=false, willRollbackInvalid=true, sleepExtTimeout=false, foo=0)
2021-02-03 18:56:46,934 [main] INFO  [io.github.dddplus.runtime.registry.mock.interceptor.DomainProfilerAspect] [21] - AROUND step:Submit.Foo
2021-02-03 18:56:46,935 [main] INFO  [io.github.dddplus.runtime.registry.mock.step.FooStep] [20] - submit: FooModel(partnerCode=ddd.cn.ka, b2c=false, letFooThrowException=false, willSleepLong=false, willThrowRuntimeException=false, willThrowOOM=false, redecide=false, redecideDeadLoop=false, stepsRevised=false, willRollback=false, willRollbackInvalid=true, sleepExtTimeout=false, foo=0)
2021-02-03 18:56:46,935 [main] INFO  [io.github.dddplus.runtime.registry.mock.interceptor.DomainProfilerAspect] [21] - AROUND step:Submit.Bar
2021-02-03 18:56:46,935 [main] ERROR [io.github.dddplus.runtime.StepsExecTemplate] [143] - Step:Submit.Bar fails for [Baz, Foo, Bar]
java.lang.RuntimeException: Will not rollback
	at io.github.dddplus.runtime.registry.mock.step.BarStep.execute(BarStep.java:50) ~[test-classes/:?]
	at io.github.dddplus.runtime.registry.mock.step.BarStep.execute(BarStep.java:16) ~[test-classes/:?]
	at io.github.dddplus.runtime.registry.mock.step.BarStep$$FastClassBySpringCGLIB$$73800319.invoke(<generated>) ~[test-classes/:?]
	at org.springframework.cglib.proxy.MethodProxy.invoke(MethodProxy.java:204) ~[spring-core-4.3.12.RELEASE.jar:4.3.12.RELEASE]
	at org.springframework.aop.framework.CglibAopProxy$CglibMethodInvocation.invokeJoinpoint(CglibAopProxy.java:738) ~[spring-aop-4.3.12.RELEASE.jar:4.3.12.RELEASE]
	at org.springframework.aop.framework.ReflectiveMethodInvocation.proceed(ReflectiveMethodInvocation.java:157) ~[spring-aop-4.3.12.RELEASE.jar:4.3.12.RELEASE]
	at org.springframework.aop.aspectj.MethodInvocationProceedingJoinPoint.proceed(MethodInvocationProceedingJoinPoint.java:85) ~[spring-aop-4.3.12.RELEASE.jar:4.3.12.RELEASE]
	at io.github.dddplus.runtime.registry.mock.interceptor.DomainProfilerAspect.around(DomainProfilerAspect.java:28) ~[test-classes/:?]
	at sun.reflect.NativeMethodAccessorImpl.invoke0(Native Method) ~[?:1.8.0_262]
	at sun.reflect.NativeMethodAccessorImpl.invoke(NativeMethodAccessorImpl.java:62) ~[?:1.8.0_262]
	at sun.reflect.DelegatingMethodAccessorImpl.invoke(DelegatingMethodAccessorImpl.java:43) ~[?:1.8.0_262]
	at java.lang.reflect.Method.invoke(Method.java:498) ~[?:1.8.0_262]
	at org.springframework.aop.aspectj.AbstractAspectJAdvice.invokeAdviceMethodWithGivenArgs(AbstractAspectJAdvice.java:629) ~[spring-aop-4.3.12.RELEASE.jar:4.3.12.RELEASE]
	at org.springframework.aop.aspectj.AbstractAspectJAdvice.invokeAdviceMethod(AbstractAspectJAdvice.java:618) ~[spring-aop-4.3.12.RELEASE.jar:4.3.12.RELEASE]
	at org.springframework.aop.aspectj.AspectJAroundAdvice.invoke(AspectJAroundAdvice.java:70) ~[spring-aop-4.3.12.RELEASE.jar:4.3.12.RELEASE]
	at org.springframework.aop.framework.ReflectiveMethodInvocation.proceed(ReflectiveMethodInvocation.java:168) ~[spring-aop-4.3.12.RELEASE.jar:4.3.12.RELEASE]
	at org.springframework.aop.interceptor.ExposeInvocationInterceptor.invoke(ExposeInvocationInterceptor.java:92) ~[spring-aop-4.3.12.RELEASE.jar:4.3.12.RELEASE]
	at org.springframework.aop.framework.ReflectiveMethodInvocation.proceed(ReflectiveMethodInvocation.java:179) ~[spring-aop-4.3.12.RELEASE.jar:4.3.12.RELEASE]
	at org.springframework.aop.framework.CglibAopProxy$DynamicAdvisedInterceptor.intercept(CglibAopProxy.java:673) ~[spring-aop-4.3.12.RELEASE.jar:4.3.12.RELEASE]
	at io.github.dddplus.runtime.registry.mock.step.BarStep$$EnhancerBySpringCGLIB$$72c78789.execute(<generated>) ~[test-classes/:?]
	at io.github.dddplus.runtime.StepsExecTemplate.executeSteps(StepsExecTemplate.java:125) ~[classes/:?]
	at io.github.dddplus.runtime.StepsExecTemplate.execute(StepsExecTemplate.java:87) ~[classes/:?]
	at io.github.dddplus.runtime.StepsExecTemplate.execute(StepsExecTemplate.java:52) ~[classes/:?]
	at io.github.dddplus.runtime.registry.IntegrationTest.stepsExecTemplateWithInvalidRollback(IntegrationTest.java:516) ~[test-classes/:?]
	at sun.reflect.NativeMethodAccessorImpl.invoke0(Native Method) ~[?:1.8.0_262]
	at sun.reflect.NativeMethodAccessorImpl.invoke(NativeMethodAccessorImpl.java:62) ~[?:1.8.0_262]
	at sun.reflect.DelegatingMethodAccessorImpl.invoke(DelegatingMethodAccessorImpl.java:43) ~[?:1.8.0_262]
	at java.lang.reflect.Method.invoke(Method.java:498) ~[?:1.8.0_262]
	at org.junit.runners.model.FrameworkMethod$1.runReflectiveCall(FrameworkMethod.java:59) ~[junit-4.13.1.jar:4.13.1]
	at org.junit.internal.runners.model.ReflectiveCallable.run(ReflectiveCallable.java:12) ~[junit-4.13.1.jar:4.13.1]
	at org.junit.runners.model.FrameworkMethod.invokeExplosively(FrameworkMethod.java:56) ~[junit-4.13.1.jar:4.13.1]
	at org.junit.internal.runners.statements.InvokeMethod.evaluate(InvokeMethod.java:17) ~[junit-4.13.1.jar:4.13.1]
	at org.junit.internal.runners.statements.RunBefores.evaluate(RunBefores.java:26) ~[junit-4.13.1.jar:4.13.1]
	at org.springframework.test.context.junit4.statements.RunBeforeTestMethodCallbacks.evaluate(RunBeforeTestMethodCallbacks.java:75) ~[spring-test-4.3.12.RELEASE.jar:4.3.12.RELEASE]
	at org.springframework.test.context.junit4.statements.RunAfterTestMethodCallbacks.evaluate(RunAfterTestMethodCallbacks.java:86) ~[spring-test-4.3.12.RELEASE.jar:4.3.12.RELEASE]
	at org.springframework.test.context.junit4.statements.SpringRepeat.evaluate(SpringRepeat.java:84) ~[spring-test-4.3.12.RELEASE.jar:4.3.12.RELEASE]
	at org.junit.runners.ParentRunner.runLeaf(ParentRunner.java:366) ~[junit-4.13.1.jar:4.13.1]
	at org.springframework.test.context.junit4.SpringJUnit4ClassRunner.runChild(SpringJUnit4ClassRunner.java:252) ~[spring-test-4.3.12.RELEASE.jar:4.3.12.RELEASE]
	at org.springframework.test.context.junit4.SpringJUnit4ClassRunner.runChild(SpringJUnit4ClassRunner.java:94) ~[spring-test-4.3.12.RELEASE.jar:4.3.12.RELEASE]
	at org.junit.runners.ParentRunner$4.run(ParentRunner.java:331) ~[junit-4.13.1.jar:4.13.1]
	at org.junit.runners.ParentRunner$1.schedule(ParentRunner.java:79) ~[junit-4.13.1.jar:4.13.1]
	at org.junit.runners.ParentRunner.runChildren(ParentRunner.java:329) ~[junit-4.13.1.jar:4.13.1]
	at org.junit.runners.ParentRunner.access$100(ParentRunner.java:66) ~[junit-4.13.1.jar:4.13.1]
	at org.junit.runners.ParentRunner$2.evaluate(ParentRunner.java:293) ~[junit-4.13.1.jar:4.13.1]
	at org.springframework.test.context.junit4.statements.RunBeforeTestClassCallbacks.evaluate(RunBeforeTestClassCallbacks.java:61) ~[spring-test-4.3.12.RELEASE.jar:4.3.12.RELEASE]
	at org.springframework.test.context.junit4.statements.RunAfterTestClassCallbacks.evaluate(RunAfterTestClassCallbacks.java:70) ~[spring-test-4.3.12.RELEASE.jar:4.3.12.RELEASE]
	at org.junit.runners.ParentRunner$3.evaluate(ParentRunner.java:306) ~[junit-4.13.1.jar:4.13.1]
	at org.junit.runners.ParentRunner.run(ParentRunner.java:413) ~[junit-4.13.1.jar:4.13.1]
	at org.springframework.test.context.junit4.SpringJUnit4ClassRunner.run(SpringJUnit4ClassRunner.java:191) ~[spring-test-4.3.12.RELEASE.jar:4.3.12.RELEASE]
	at edu.illinois.cs.testrunner.execution.JUnitTestRunner$4.evaluate(JUnitTestRunner.java:383) ~[testrunner-running-1.0.jar:?]
	at edu.illinois.cs.testrunner.execution.JUnitTestRunner.runChild(JUnitTestRunner.java:351) ~[testrunner-running-1.0.jar:?]
	at edu.illinois.cs.testrunner.execution.JUnitTestRunner.run(JUnitTestRunner.java:109) ~[testrunner-running-1.0.jar:?]
	at org.junit.runner.JUnitCore.run(JUnitCore.java:137) ~[junit-4.13.1.jar:4.13.1]
	at edu.illinois.cs.testrunner.execution.JUnitTestExecutor.execute(JUnitTestExecutor.java:292) ~[testrunner-running-1.0.jar:?]
	at edu.illinois.cs.testrunner.execution.JUnitTestExecutor.execute(JUnitTestExecutor.java:328) ~[testrunner-running-1.0.jar:?]
	at edu.illinois.cs.testrunner.execution.JUnitTestExecutor.executeWithJUnit4Runner(JUnitTestExecutor.java:366) ~[testrunner-running-1.0.jar:?]
	at edu.illinois.cs.testrunner.execution.JUnitTestExecutor.runOrder(JUnitTestExecutor.java:47) ~[testrunner-running-1.0.jar:?]
	at edu.illinois.cs.testrunner.execution.Executor$.$anonfun$run$1(Executor.scala:30) ~[testrunner-running-1.0.jar:?]
	at scala.runtime.java8.JFunction0$mcV$sp.apply(JFunction0$mcV$sp.java:12) [scala-library-2.12.6.jar:?]
	at scala.util.Try$.apply(Try.scala:209) [scala-library-2.12.6.jar:?]
	at edu.illinois.cs.testrunner.execution.Executor$.run(Executor.scala:28) [testrunner-running-1.0.jar:?]
	at edu.illinois.cs.testrunner.execution.Executor$.main(Executor.scala:18) [testrunner-running-1.0.jar:?]
	at edu.illinois.cs.testrunner.execution.Executor.main(Executor.scala) [testrunner-running-1.0.jar:?]
Feb 03, 2021 6:56:46 PM org.springframework.test.context.support.DefaultTestContextBootstrapper getDefaultTestExecutionListenerClassNames
INFO: Loaded default TestExecutionListener class names from location [META-INF/spring.factories]: [org.springframework.test.context.web.ServletTestExecutionListener, org.springframework.test.context.support.DirtiesContextBeforeModesTestExecutionListener, org.springframework.test.context.support.DependencyInjectionTestExecutionListener, org.springframework.test.context.support.DirtiesContextTestExecutionListener, org.springframework.test.context.transaction.TransactionalTestExecutionListener, org.springframework.test.context.jdbc.SqlScriptsTestExecutionListener]
Feb 03, 2021 6:56:46 PM org.springframework.test.context.support.DefaultTestContextBootstrapper instantiateListeners
INFO: Could not instantiate TestExecutionListener [org.springframework.test.context.web.ServletTestExecutionListener]. Specify custom listener classes or make the default listener classes (and their required dependencies) available. Offending class: [javax/servlet/ServletContext]
Feb 03, 2021 6:56:46 PM org.springframework.test.context.support.DefaultTestContextBootstrapper instantiateListeners
INFO: Could not instantiate TestExecutionListener [org.springframework.test.context.jdbc.SqlScriptsTestExecutionListener]. Specify custom listener classes or make the default listener classes (and their required dependencies) available. Offending class: [org/springframework/transaction/interceptor/TransactionAttribute]
Feb 03, 2021 6:56:46 PM org.springframework.test.context.support.DefaultTestContextBootstrapper instantiateListeners
INFO: Could not instantiate TestExecutionListener [org.springframework.test.context.transaction.TransactionalTestExecutionListener]. Specify custom listener classes or make the default listener classes (and their required dependencies) available. Offending class: [org/springframework/transaction/TransactionDefinition]
Feb 03, 2021 6:56:46 PM org.springframework.test.context.support.DefaultTestContextBootstrapper getTestExecutionListeners
INFO: Using TestExecutionListeners: [org.springframework.test.context.support.DirtiesContextBeforeModesTestExecutionListener@1edfedf1, org.springframework.test.context.support.DependencyInjectionTestExecutionListener@251a90ce, org.springframework.test.context.support.DirtiesContextTestExecutionListener@4c4c7d6c]
Feb 03, 2021 6:56:46 PM org.springframework.test.context.support.DefaultTestContextBootstrapper getDefaultTestExecutionListenerClassNames
INFO: Loaded default TestExecutionListener class names from location [META-INF/spring.factories]: [org.springframework.test.context.web.ServletTestExecutionListener, org.springframework.test.context.support.DirtiesContextBeforeModesTestExecutionListener, org.springframework.test.context.support.DependencyInjectionTestExecutionListener, org.springframework.test.context.support.DirtiesContextTestExecutionListener, org.springframework.test.context.transaction.TransactionalTestExecutionListener, org.springframework.test.context.jdbc.SqlScriptsTestExecutionListener]
Feb 03, 2021 6:56:46 PM org.springframework.test.context.support.DefaultTestContextBootstrapper instantiateListeners
INFO: Could not instantiate TestExecutionListener [org.springframework.test.context.web.ServletTestExecutionListener]. Specify custom listener classes or make the default listener classes (and their required dependencies) available. Offending class: [javax/servlet/ServletContext]
Feb 03, 2021 6:56:46 PM org.springframework.test.context.support.DefaultTestContextBootstrapper instantiateListeners
INFO: Could not instantiate TestExecutionListener [org.springframework.test.context.jdbc.SqlScriptsTestExecutionListener]. Specify custom listener classes or make the default listener classes (and their required dependencies) available. Offending class: [org/springframework/transaction/interceptor/TransactionAttribute]
Feb 03, 2021 6:56:46 PM org.springframework.test.context.support.DefaultTestContextBootstrapper instantiateListeners
INFO: Could not instantiate TestExecutionListener [org.springframework.test.context.transaction.TransactionalTestExecutionListener]. Specify custom listener classes or make the default listener classes (and their required dependencies) available. Offending class: [org/springframework/transaction/TransactionDefinition]
Feb 03, 2021 6:56:46 PM org.springframework.test.context.support.DefaultTestContextBootstrapper getTestExecutionListeners
INFO: Using TestExecutionListeners: [org.springframework.test.context.support.DirtiesContextBeforeModesTestExecutionListener@646d810b, org.springframework.test.context.support.DependencyInjectionTestExecutionListener@30508066, org.springframework.test.context.support.DirtiesContextTestExecutionListener@9408857]
2021-02-03 18:56:46,946 [main] INFO  [io.github.dddplus.runtime.registry.mock.policy.TriggerExtPolicy] [26] - will return invalid extensionCode
Feb 03, 2021 6:56:46 PM org.springframework.test.context.support.DefaultTestContextBootstrapper getDefaultTestExecutionListenerClassNames
INFO: Loaded default TestExecutionListener class names from location [META-INF/spring.factories]: [org.springframework.test.context.web.ServletTestExecutionListener, org.springframework.test.context.support.DirtiesContextBeforeModesTestExecutionListener, org.springframework.test.context.support.DependencyInjectionTestExecutionListener, org.springframework.test.context.support.DirtiesContextTestExecutionListener, org.springframework.test.context.transaction.TransactionalTestExecutionListener, org.springframework.test.context.jdbc.SqlScriptsTestExecutionListener]
Feb 03, 2021 6:56:46 PM org.springframework.test.context.support.DefaultTestContextBootstrapper instantiateListeners
INFO: Could not instantiate TestExecutionListener [org.springframework.test.context.web.ServletTestExecutionListener]. Specify custom listener classes or make the default listener classes (and their required dependencies) available. Offending class: [javax/servlet/ServletContext]
Feb 03, 2021 6:56:46 PM org.springframework.test.context.support.DefaultTestContextBootstrapper instantiateListeners
INFO: Could not instantiate TestExecutionListener [org.springframework.test.context.jdbc.SqlScriptsTestExecutionListener]. Specify custom listener classes or make the default listener classes (and their required dependencies) available. Offending class: [org/springframework/transaction/interceptor/TransactionAttribute]
Feb 03, 2021 6:56:46 PM org.springframework.test.context.support.DefaultTestContextBootstrapper instantiateListeners
INFO: Could not instantiate TestExecutionListener [org.springframework.test.context.transaction.TransactionalTestExecutionListener]. Specify custom listener classes or make the default listener classes (and their required dependencies) available. Offending class: [org/springframework/transaction/TransactionDefinition]
Feb 03, 2021 6:56:46 PM org.springframework.test.context.support.DefaultTestContextBootstrapper getTestExecutionListeners
INFO: Using TestExecutionListeners: [org.springframework.test.context.support.DirtiesContextBeforeModesTestExecutionListener@374ccb9, org.springframework.test.context.support.DependencyInjectionTestExecutionListener@66713605, org.springframework.test.context.support.DirtiesContextTestExecutionListener@2ab09943]
2021-02-03 18:56:46,951 [main] ERROR [io.github.dddplus.runtime.ExtensionInvocationHandler] [100] - io.github.dddplus.runtime.registry.mock.ext.IFooExt code:b2b
java.lang.RuntimeException: runtime ex on purpuse
	at io.github.dddplus.runtime.registry.mock.extension.B2BExt.execute(B2BExt.java:13) ~[test-classes/:?]
	at sun.reflect.NativeMethodAccessorImpl.invoke0(Native Method) ~[?:1.8.0_262]
	at sun.reflect.NativeMethodAccessorImpl.invoke(NativeMethodAccessorImpl.java:62) ~[?:1.8.0_262]
	at sun.reflect.DelegatingMethodAccessorImpl.invoke(DelegatingMethodAccessorImpl.java:43) ~[?:1.8.0_262]
	at java.lang.reflect.Method.invoke(Method.java:498) ~[?:1.8.0_262]
	at io.github.dddplus.runtime.ExtensionInvocationHandler.lambda$invokeExtensionMethodWithTimeout$0(ExtensionInvocationHandler.java:134) ~[classes/:?]
	at java.util.concurrent.FutureTask.run(FutureTask.java:266) ~[?:1.8.0_262]
	at java.util.concurrent.ThreadPoolExecutor.runWorker(ThreadPoolExecutor.java:1149) ~[?:1.8.0_262]
	at java.util.concurrent.ThreadPoolExecutor$Worker.run(ThreadPoolExecutor.java:624) ~[?:1.8.0_262]
	at java.lang.Thread.run(Thread.java:748) ~[?:1.8.0_262]
Feb 03, 2021 6:56:46 PM org.springframework.test.context.support.DefaultTestContextBootstrapper getDefaultTestExecutionListenerClassNames
INFO: Loaded default TestExecutionListener class names from location [META-INF/spring.factories]: [org.springframework.test.context.web.ServletTestExecutionListener, org.springframework.test.context.support.DirtiesContextBeforeModesTestExecutionListener, org.springframework.test.context.support.DependencyInjectionTestExecutionListener, org.springframework.test.context.support.DirtiesContextTestExecutionListener, org.springframework.test.context.transaction.TransactionalTestExecutionListener, org.springframework.test.context.jdbc.SqlScriptsTestExecutionListener]
Feb 03, 2021 6:56:46 PM org.springframework.test.context.support.DefaultTestContextBootstrapper instantiateListeners
INFO: Could not instantiate TestExecutionListener [org.springframework.test.context.web.ServletTestExecutionListener]. Specify custom listener classes or make the default listener classes (and their required dependencies) available. Offending class: [javax/servlet/ServletContext]
Feb 03, 2021 6:56:46 PM org.springframework.test.context.support.DefaultTestContextBootstrapper instantiateListeners
INFO: Could not instantiate TestExecutionListener [org.springframework.test.context.jdbc.SqlScriptsTestExecutionListener]. Specify custom listener classes or make the default listener classes (and their required dependencies) available. Offending class: [org/springframework/transaction/interceptor/TransactionAttribute]
Feb 03, 2021 6:56:46 PM org.springframework.test.context.support.DefaultTestContextBootstrapper instantiateListeners
INFO: Could not instantiate TestExecutionListener [org.springframework.test.context.transaction.TransactionalTestExecutionListener]. Specify custom listener classes or make the default listener classes (and their required dependencies) available. Offending class: [org/springframework/transaction/TransactionDefinition]
Feb 03, 2021 6:56:46 PM org.springframework.test.context.support.DefaultTestContextBootstrapper getTestExecutionListeners
INFO: Using TestExecutionListeners: [org.springframework.test.context.support.DirtiesContextBeforeModesTestExecutionListener@123307c4, org.springframework.test.context.support.DependencyInjectionTestExecutionListener@1693ff90, org.springframework.test.context.support.DirtiesContextTestExecutionListener@47058864]
Feb 03, 2021 6:56:46 PM org.springframework.test.context.support.DefaultTestContextBootstrapper getDefaultTestExecutionListenerClassNames
INFO: Loaded default TestExecutionListener class names from location [META-INF/spring.factories]: [org.springframework.test.context.web.ServletTestExecutionListener, org.springframework.test.context.support.DirtiesContextBeforeModesTestExecutionListener, org.springframework.test.context.support.DependencyInjectionTestExecutionListener, org.springframework.test.context.support.DirtiesContextTestExecutionListener, org.springframework.test.context.transaction.TransactionalTestExecutionListener, org.springframework.test.context.jdbc.SqlScriptsTestExecutionListener]
Feb 03, 2021 6:56:46 PM org.springframework.test.context.support.DefaultTestContextBootstrapper instantiateListeners
INFO: Could not instantiate TestExecutionListener [org.springframework.test.context.web.ServletTestExecutionListener]. Specify custom listener classes or make the default listener classes (and their required dependencies) available. Offending class: [javax/servlet/ServletContext]
Feb 03, 2021 6:56:46 PM org.springframework.test.context.support.DefaultTestContextBootstrapper instantiateListeners
INFO: Could not instantiate TestExecutionListener [org.springframework.test.context.jdbc.SqlScriptsTestExecutionListener]. Specify custom listener classes or make the default listener classes (and their required dependencies) available. Offending class: [org/springframework/transaction/interceptor/TransactionAttribute]
Feb 03, 2021 6:56:46 PM org.springframework.test.context.support.DefaultTestContextBootstrapper instantiateListeners
INFO: Could not instantiate TestExecutionListener [org.springframework.test.context.transaction.TransactionalTestExecutionListener]. Specify custom listener classes or make the default listener classes (and their required dependencies) available. Offending class: [org/springframework/transaction/TransactionDefinition]
Feb 03, 2021 6:56:46 PM org.springframework.test.context.support.DefaultTestContextBootstrapper getTestExecutionListeners
INFO: Using TestExecutionListeners: [org.springframework.test.context.support.DirtiesContextBeforeModesTestExecutionListener@4f811029, org.springframework.test.context.support.DependencyInjectionTestExecutionListener@7f2b584b, org.springframework.test.context.support.DirtiesContextTestExecutionListener@5866731]
2021-02-03 18:56:46,959 [main] INFO  [io.github.dddplus.runtime.registry.mock.step.EggStep] [16] - submit: FooModel(partnerCode=ddd.cn.ka, b2c=true, letFooThrowException=false, willSleepLong=false, willThrowRuntimeException=false, willThrowOOM=false, redecide=false, redecideDeadLoop=false, stepsRevised=false, willRollback=false, willRollbackInvalid=false, sleepExtTimeout=false, foo=0)
Feb 03, 2021 6:56:46 PM org.springframework.test.context.support.DefaultTestContextBootstrapper getDefaultTestExecutionListenerClassNames
INFO: Loaded default TestExecutionListener class names from location [META-INF/spring.factories]: [org.springframework.test.context.web.ServletTestExecutionListener, org.springframework.test.context.support.DirtiesContextBeforeModesTestExecutionListener, org.springframework.test.context.support.DependencyInjectionTestExecutionListener, org.springframework.test.context.support.DirtiesContextTestExecutionListener, org.springframework.test.context.transaction.TransactionalTestExecutionListener, org.springframework.test.context.jdbc.SqlScriptsTestExecutionListener]
Feb 03, 2021 6:56:46 PM org.springframework.test.context.support.DefaultTestContextBootstrapper instantiateListeners
INFO: Could not instantiate TestExecutionListener [org.springframework.test.context.web.ServletTestExecutionListener]. Specify custom listener classes or make the default listener classes (and their required dependencies) available. Offending class: [javax/servlet/ServletContext]
Feb 03, 2021 6:56:46 PM org.springframework.test.context.support.DefaultTestContextBootstrapper instantiateListeners
INFO: Could not instantiate TestExecutionListener [org.springframework.test.context.jdbc.SqlScriptsTestExecutionListener]. Specify custom listener classes or make the default listener classes (and their required dependencies) available. Offending class: [org/springframework/transaction/interceptor/TransactionAttribute]
Feb 03, 2021 6:56:46 PM org.springframework.test.context.support.DefaultTestContextBootstrapper instantiateListeners
INFO: Could not instantiate TestExecutionListener [org.springframework.test.context.transaction.TransactionalTestExecutionListener]. Specify custom listener classes or make the default listener classes (and their required dependencies) available. Offending class: [org/springframework/transaction/TransactionDefinition]
Feb 03, 2021 6:56:46 PM org.springframework.test.context.support.DefaultTestContextBootstrapper getTestExecutionListeners
INFO: Using TestExecutionListeners: [org.springframework.test.context.support.DirtiesContextBeforeModesTestExecutionListener@19cdc217, org.springframework.test.context.support.DependencyInjectionTestExecutionListener@5f5297e3, org.springframework.test.context.support.DirtiesContextTestExecutionListener@2d22d3b1]
2021-02-03 18:56:46,963 [main] INFO  [io.github.dddplus.runtime.registry.mock.interceptor.DomainProfilerAspect] [21] - AROUND step:Submit.Baz
2021-02-03 18:56:46,963 [main] INFO  [io.github.dddplus.runtime.registry.mock.step.BazStep] [18] - submit: FooModel(partnerCode=ddd.cn.ka, b2c=false, letFooThrowException=false, willSleepLong=false, willThrowRuntimeException=false, willThrowOOM=false, redecide=false, redecideDeadLoop=true, stepsRevised=false, willRollback=false, willRollbackInvalid=false, sleepExtTimeout=false, foo=0)
2021-02-03 18:56:46,964 [main] INFO  [io.github.dddplus.runtime.registry.mock.interceptor.DomainProfilerAspect] [21] - AROUND step:Submit.Foo
2021-02-03 18:56:46,964 [main] INFO  [io.github.dddplus.runtime.registry.mock.step.FooStep] [20] - submit: FooModel(partnerCode=ddd.cn.ka, b2c=false, letFooThrowException=false, willSleepLong=false, willThrowRuntimeException=false, willThrowOOM=false, redecide=false, redecideDeadLoop=true, stepsRevised=false, willRollback=false, willRollbackInvalid=false, sleepExtTimeout=false, foo=0)
2021-02-03 18:56:46,964 [main] INFO  [io.github.dddplus.runtime.registry.mock.interceptor.DomainProfilerAspect] [21] - AROUND step:Submit.Bar
2021-02-03 18:56:46,964 [main] INFO  [io.github.dddplus.runtime.StepsExecTemplate] [94] - revised steps:[Bar]
2021-02-03 18:56:46,965 [main] INFO  [io.github.dddplus.runtime.registry.mock.interceptor.DomainProfilerAspect] [21] - AROUND step:Submit.Bar
2021-02-03 18:56:46,965 [main] INFO  [io.github.dddplus.runtime.StepsExecTemplate] [94] - revised steps:[Bar]
2021-02-03 18:56:46,965 [main] INFO  [io.github.dddplus.runtime.registry.mock.interceptor.DomainProfilerAspect] [21] - AROUND step:Submit.Bar
2021-02-03 18:56:46,965 [main] INFO  [io.github.dddplus.runtime.StepsExecTemplate] [94] - revised steps:[Bar]
2021-02-03 18:56:46,966 [main] INFO  [io.github.dddplus.runtime.registry.mock.interceptor.DomainProfilerAspect] [21] - AROUND step:Submit.Bar
2021-02-03 18:56:46,966 [main] INFO  [io.github.dddplus.runtime.StepsExecTemplate] [94] - revised steps:[Bar]
2021-02-03 18:56:46,966 [main] INFO  [io.github.dddplus.runtime.registry.mock.interceptor.DomainProfilerAspect] [21] - AROUND step:Submit.Bar
2021-02-03 18:56:46,967 [main] INFO  [io.github.dddplus.runtime.StepsExecTemplate] [94] - revised steps:[Bar]
2021-02-03 18:56:46,967 [main] INFO  [io.github.dddplus.runtime.registry.mock.interceptor.DomainProfilerAspect] [21] - AROUND step:Submit.Bar
2021-02-03 18:56:46,967 [main] INFO  [io.github.dddplus.runtime.StepsExecTemplate] [94] - revised steps:[Bar]
2021-02-03 18:56:46,967 [main] INFO  [io.github.dddplus.runtime.registry.mock.interceptor.DomainProfilerAspect] [21] - AROUND step:Submit.Bar
2021-02-03 18:56:46,968 [main] INFO  [io.github.dddplus.runtime.StepsExecTemplate] [94] - revised steps:[Bar]
2021-02-03 18:56:46,968 [main] INFO  [io.github.dddplus.runtime.registry.mock.interceptor.DomainProfilerAspect] [21] - AROUND step:Submit.Bar
2021-02-03 18:56:46,968 [main] INFO  [io.github.dddplus.runtime.StepsExecTemplate] [94] - revised steps:[Bar]
2021-02-03 18:56:46,968 [main] INFO  [io.github.dddplus.runtime.registry.mock.interceptor.DomainProfilerAspect] [21] - AROUND step:Submit.Bar
2021-02-03 18:56:46,969 [main] INFO  [io.github.dddplus.runtime.StepsExecTemplate] [94] - revised steps:[Bar]
2021-02-03 18:56:46,969 [main] INFO  [io.github.dddplus.runtime.registry.mock.interceptor.DomainProfilerAspect] [21] - AROUND step:Submit.Bar
2021-02-03 18:56:46,969 [main] INFO  [io.github.dddplus.runtime.StepsExecTemplate] [94] - revised steps:[Bar]
2021-02-03 18:56:46,969 [main] INFO  [io.github.dddplus.runtime.registry.mock.interceptor.DomainProfilerAspect] [21] - AROUND step:Submit.Bar
2021-02-03 18:56:46,970 [main] INFO  [io.github.dddplus.runtime.StepsExecTemplate] [94] - revised steps:[Bar]
2021-02-03 18:56:46,970 [main] INFO  [io.github.dddplus.runtime.registry.mock.interceptor.DomainProfilerAspect] [21] - AROUND step:Submit.Bar
2021-02-03 18:56:46,970 [main] INFO  [io.github.dddplus.runtime.StepsExecTemplate] [94] - revised steps:[Bar]
2021-02-03 18:56:46,970 [main] INFO  [io.github.dddplus.runtime.registry.mock.interceptor.DomainProfilerAspect] [21] - AROUND step:Submit.Bar
2021-02-03 18:56:46,970 [main] INFO  [io.github.dddplus.runtime.StepsExecTemplate] [94] - revised steps:[Bar]
2021-02-03 18:56:46,971 [main] INFO  [io.github.dddplus.runtime.registry.mock.interceptor.DomainProfilerAspect] [21] - AROUND step:Submit.Bar
2021-02-03 18:56:46,971 [main] INFO  [io.github.dddplus.runtime.StepsExecTemplate] [94] - revised steps:[Bar]
2021-02-03 18:56:46,971 [main] INFO  [io.github.dddplus.runtime.registry.mock.interceptor.DomainProfilerAspect] [21] - AROUND step:Submit.Bar
2021-02-03 18:56:46,971 [main] INFO  [io.github.dddplus.runtime.StepsExecTemplate] [94] - revised steps:[Bar]
2021-02-03 18:56:46,971 [main] INFO  [io.github.dddplus.runtime.registry.mock.interceptor.DomainProfilerAspect] [21] - AROUND step:Submit.Bar
2021-02-03 18:56:46,972 [main] INFO  [io.github.dddplus.runtime.StepsExecTemplate] [94] - revised steps:[Bar]
2021-02-03 18:56:46,972 [main] INFO  [io.github.dddplus.runtime.registry.mock.interceptor.DomainProfilerAspect] [21] - AROUND step:Submit.Bar
2021-02-03 18:56:46,972 [main] INFO  [io.github.dddplus.runtime.StepsExecTemplate] [94] - revised steps:[Bar]
2021-02-03 18:56:46,972 [main] INFO  [io.github.dddplus.runtime.registry.mock.interceptor.DomainProfilerAspect] [21] - AROUND step:Submit.Bar
2021-02-03 18:56:46,973 [main] INFO  [io.github.dddplus.runtime.StepsExecTemplate] [94] - revised steps:[Bar]
2021-02-03 18:56:46,973 [main] INFO  [io.github.dddplus.runtime.registry.mock.interceptor.DomainProfilerAspect] [21] - AROUND step:Submit.Bar
2021-02-03 18:56:46,973 [main] INFO  [io.github.dddplus.runtime.StepsExecTemplate] [94] - revised steps:[Bar]
2021-02-03 18:56:46,973 [main] INFO  [io.github.dddplus.runtime.registry.mock.interceptor.DomainProfilerAspect] [21] - AROUND step:Submit.Bar
2021-02-03 18:56:46,973 [main] INFO  [io.github.dddplus.runtime.StepsExecTemplate] [94] - revised steps:[Bar]
2021-02-03 18:56:46,974 [main] INFO  [io.github.dddplus.runtime.registry.mock.interceptor.DomainProfilerAspect] [21] - AROUND step:Submit.Bar
2021-02-03 18:56:46,974 [main] INFO  [io.github.dddplus.runtime.StepsExecTemplate] [94] - revised steps:[Bar]
2021-02-03 18:56:46,974 [main] INFO  [io.github.dddplus.runtime.registry.mock.interceptor.DomainProfilerAspect] [21] - AROUND step:Submit.Bar
2021-02-03 18:56:46,974 [main] INFO  [io.github.dddplus.runtime.StepsExecTemplate] [94] - revised steps:[Bar]
2021-02-03 18:56:46,974 [main] INFO  [io.github.dddplus.runtime.registry.mock.interceptor.DomainProfilerAspect] [21] - AROUND step:Submit.Bar
2021-02-03 18:56:46,975 [main] INFO  [io.github.dddplus.runtime.StepsExecTemplate] [94] - revised steps:[Bar]
2021-02-03 18:56:46,975 [main] INFO  [io.github.dddplus.runtime.registry.mock.interceptor.DomainProfilerAspect] [21] - AROUND step:Submit.Bar
2021-02-03 18:56:46,975 [main] INFO  [io.github.dddplus.runtime.StepsExecTemplate] [94] - revised steps:[Bar]
2021-02-03 18:56:46,975 [main] INFO  [io.github.dddplus.runtime.registry.mock.interceptor.DomainProfilerAspect] [21] - AROUND step:Submit.Bar
2021-02-03 18:56:46,976 [main] INFO  [io.github.dddplus.runtime.StepsExecTemplate] [94] - revised steps:[Bar]
2021-02-03 18:56:46,976 [main] INFO  [io.github.dddplus.runtime.registry.mock.interceptor.DomainProfilerAspect] [21] - AROUND step:Submit.Bar
2021-02-03 18:56:46,976 [main] INFO  [io.github.dddplus.runtime.StepsExecTemplate] [94] - revised steps:[Bar]
2021-02-03 18:56:46,976 [main] INFO  [io.github.dddplus.runtime.registry.mock.interceptor.DomainProfilerAspect] [21] - AROUND step:Submit.Bar
2021-02-03 18:56:46,976 [main] INFO  [io.github.dddplus.runtime.StepsExecTemplate] [94] - revised steps:[Bar]
2021-02-03 18:56:46,977 [main] INFO  [io.github.dddplus.runtime.registry.mock.interceptor.DomainProfilerAspect] [21] - AROUND step:Submit.Bar
2021-02-03 18:56:46,977 [main] INFO  [io.github.dddplus.runtime.StepsExecTemplate] [94] - revised steps:[Bar]
2021-02-03 18:56:46,977 [main] INFO  [io.github.dddplus.runtime.registry.mock.interceptor.DomainProfilerAspect] [21] - AROUND step:Submit.Bar
2021-02-03 18:56:46,977 [main] INFO  [io.github.dddplus.runtime.StepsExecTemplate] [94] - revised steps:[Bar]
2021-02-03 18:56:46,977 [main] INFO  [io.github.dddplus.runtime.registry.mock.interceptor.DomainProfilerAspect] [21] - AROUND step:Submit.Bar
2021-02-03 18:56:46,978 [main] INFO  [io.github.dddplus.runtime.StepsExecTemplate] [94] - revised steps:[Bar]
2021-02-03 18:56:46,978 [main] INFO  [io.github.dddplus.runtime.registry.mock.interceptor.DomainProfilerAspect] [21] - AROUND step:Submit.Bar
2021-02-03 18:56:46,978 [main] INFO  [io.github.dddplus.runtime.StepsExecTemplate] [94] - revised steps:[Bar]
2021-02-03 18:56:46,978 [main] INFO  [io.github.dddplus.runtime.registry.mock.interceptor.DomainProfilerAspect] [21] - AROUND step:Submit.Bar
2021-02-03 18:56:46,978 [main] INFO  [io.github.dddplus.runtime.StepsExecTemplate] [94] - revised steps:[Bar]
2021-02-03 18:56:46,979 [main] INFO  [io.github.dddplus.runtime.registry.mock.interceptor.DomainProfilerAspect] [21] - AROUND step:Submit.Bar
2021-02-03 18:56:46,979 [main] INFO  [io.github.dddplus.runtime.StepsExecTemplate] [94] - revised steps:[Bar]
2021-02-03 18:56:46,979 [main] INFO  [io.github.dddplus.runtime.registry.mock.interceptor.DomainProfilerAspect] [21] - AROUND step:Submit.Bar
2021-02-03 18:56:46,979 [main] INFO  [io.github.dddplus.runtime.StepsExecTemplate] [94] - revised steps:[Bar]
2021-02-03 18:56:46,979 [main] INFO  [io.github.dddplus.runtime.registry.mock.interceptor.DomainProfilerAspect] [21] - AROUND step:Submit.Bar
2021-02-03 18:56:46,980 [main] INFO  [io.github.dddplus.runtime.StepsExecTemplate] [94] - revised steps:[Bar]
2021-02-03 18:56:46,980 [main] INFO  [io.github.dddplus.runtime.registry.mock.interceptor.DomainProfilerAspect] [21] - AROUND step:Submit.Bar
2021-02-03 18:56:46,980 [main] INFO  [io.github.dddplus.runtime.StepsExecTemplate] [94] - revised steps:[Bar]
2021-02-03 18:56:46,980 [main] INFO  [io.github.dddplus.runtime.registry.mock.interceptor.DomainProfilerAspect] [21] - AROUND step:Submit.Bar
2021-02-03 18:56:46,980 [main] INFO  [io.github.dddplus.runtime.StepsExecTemplate] [94] - revised steps:[Bar]
2021-02-03 18:56:46,981 [main] INFO  [io.github.dddplus.runtime.registry.mock.interceptor.DomainProfilerAspect] [21] - AROUND step:Submit.Bar
2021-02-03 18:56:46,981 [main] INFO  [io.github.dddplus.runtime.StepsExecTemplate] [94] - revised steps:[Bar]
2021-02-03 18:56:46,981 [main] INFO  [io.github.dddplus.runtime.registry.mock.interceptor.DomainProfilerAspect] [21] - AROUND step:Submit.Bar
2021-02-03 18:56:46,982 [main] INFO  [io.github.dddplus.runtime.StepsExecTemplate] [94] - revised steps:[Bar]
2021-02-03 18:56:46,982 [main] INFO  [io.github.dddplus.runtime.registry.mock.interceptor.DomainProfilerAspect] [21] - AROUND step:Submit.Bar
2021-02-03 18:56:46,982 [main] INFO  [io.github.dddplus.runtime.StepsExecTemplate] [94] - revised steps:[Bar]
2021-02-03 18:56:46,982 [main] INFO  [io.github.dddplus.runtime.registry.mock.interceptor.DomainProfilerAspect] [21] - AROUND step:Submit.Bar
2021-02-03 18:56:46,983 [main] INFO  [io.github.dddplus.runtime.StepsExecTemplate] [94] - revised steps:[Bar]
2021-02-03 18:56:46,983 [main] INFO  [io.github.dddplus.runtime.registry.mock.interceptor.DomainProfilerAspect] [21] - AROUND step:Submit.Bar
2021-02-03 18:56:46,983 [main] INFO  [io.github.dddplus.runtime.StepsExecTemplate] [94] - revised steps:[Bar]
2021-02-03 18:56:46,983 [main] INFO  [io.github.dddplus.runtime.registry.mock.interceptor.DomainProfilerAspect] [21] - AROUND step:Submit.Bar
2021-02-03 18:56:46,984 [main] INFO  [io.github.dddplus.runtime.StepsExecTemplate] [94] - revised steps:[Bar]
2021-02-03 18:56:46,984 [main] INFO  [io.github.dddplus.runtime.registry.mock.interceptor.DomainProfilerAspect] [21] - AROUND step:Submit.Bar
2021-02-03 18:56:46,984 [main] INFO  [io.github.dddplus.runtime.StepsExecTemplate] [94] - revised steps:[Bar]
2021-02-03 18:56:46,984 [main] INFO  [io.github.dddplus.runtime.registry.mock.interceptor.DomainProfilerAspect] [21] - AROUND step:Submit.Bar
2021-02-03 18:56:46,985 [main] INFO  [io.github.dddplus.runtime.StepsExecTemplate] [94] - revised steps:[Bar]
2021-02-03 18:56:46,985 [main] INFO  [io.github.dddplus.runtime.registry.mock.interceptor.DomainProfilerAspect] [21] - AROUND step:Submit.Bar
2021-02-03 18:56:46,985 [main] INFO  [io.github.dddplus.runtime.StepsExecTemplate] [94] - revised steps:[Bar]
2021-02-03 18:56:46,985 [main] INFO  [io.github.dddplus.runtime.registry.mock.interceptor.DomainProfilerAspect] [21] - AROUND step:Submit.Bar
2021-02-03 18:56:46,985 [main] INFO  [io.github.dddplus.runtime.StepsExecTemplate] [94] - revised steps:[Bar]
2021-02-03 18:56:46,986 [main] INFO  [io.github.dddplus.runtime.registry.mock.interceptor.DomainProfilerAspect] [21] - AROUND step:Submit.Bar
2021-02-03 18:56:46,986 [main] INFO  [io.github.dddplus.runtime.StepsExecTemplate] [94] - revised steps:[Bar]
2021-02-03 18:56:46,986 [main] INFO  [io.github.dddplus.runtime.registry.mock.interceptor.DomainProfilerAspect] [21] - AROUND step:Submit.Bar
2021-02-03 18:56:46,986 [main] INFO  [io.github.dddplus.runtime.StepsExecTemplate] [94] - revised steps:[Bar]
2021-02-03 18:56:46,986 [main] INFO  [io.github.dddplus.runtime.registry.mock.interceptor.DomainProfilerAspect] [21] - AROUND step:Submit.Bar
2021-02-03 18:56:46,987 [main] INFO  [io.github.dddplus.runtime.StepsExecTemplate] [94] - revised steps:[Bar]
2021-02-03 18:56:46,987 [main] INFO  [io.github.dddplus.runtime.registry.mock.interceptor.DomainProfilerAspect] [21] - AROUND step:Submit.Bar
2021-02-03 18:56:46,987 [main] INFO  [io.github.dddplus.runtime.StepsExecTemplate] [94] - revised steps:[Bar]
2021-02-03 18:56:46,987 [main] INFO  [io.github.dddplus.runtime.registry.mock.interceptor.DomainProfilerAspect] [21] - AROUND step:Submit.Bar
2021-02-03 18:56:46,987 [main] INFO  [io.github.dddplus.runtime.StepsExecTemplate] [94] - revised steps:[Bar]
2021-02-03 18:56:46,988 [main] INFO  [io.github.dddplus.runtime.registry.mock.interceptor.DomainProfilerAspect] [21] - AROUND step:Submit.Bar
2021-02-03 18:56:46,988 [main] INFO  [io.github.dddplus.runtime.StepsExecTemplate] [94] - revised steps:[Bar]
2021-02-03 18:56:46,988 [main] INFO  [io.github.dddplus.runtime.registry.mock.interceptor.DomainProfilerAspect] [21] - AROUND step:Submit.Bar
2021-02-03 18:56:46,988 [main] INFO  [io.github.dddplus.runtime.StepsExecTemplate] [94] - revised steps:[Bar]
2021-02-03 18:56:46,989 [main] INFO  [io.github.dddplus.runtime.registry.mock.interceptor.DomainProfilerAspect] [21] - AROUND step:Submit.Bar
2021-02-03 18:56:46,989 [main] INFO  [io.github.dddplus.runtime.StepsExecTemplate] [94] - revised steps:[Bar]
2021-02-03 18:56:46,989 [main] INFO  [io.github.dddplus.runtime.registry.mock.interceptor.DomainProfilerAspect] [21] - AROUND step:Submit.Bar
2021-02-03 18:56:46,989 [main] INFO  [io.github.dddplus.runtime.StepsExecTemplate] [94] - revised steps:[Bar]
2021-02-03 18:56:46,989 [main] INFO  [io.github.dddplus.runtime.registry.mock.interceptor.DomainProfilerAspect] [21] - AROUND step:Submit.Bar
2021-02-03 18:56:46,990 [main] INFO  [io.github.dddplus.runtime.StepsExecTemplate] [94] - revised steps:[Bar]
2021-02-03 18:56:46,990 [main] INFO  [io.github.dddplus.runtime.registry.mock.interceptor.DomainProfilerAspect] [21] - AROUND step:Submit.Bar
2021-02-03 18:56:46,990 [main] INFO  [io.github.dddplus.runtime.StepsExecTemplate] [94] - revised steps:[Bar]
2021-02-03 18:56:46,990 [main] INFO  [io.github.dddplus.runtime.registry.mock.interceptor.DomainProfilerAspect] [21] - AROUND step:Submit.Bar
2021-02-03 18:56:46,990 [main] INFO  [io.github.dddplus.runtime.StepsExecTemplate] [94] - revised steps:[Bar]
2021-02-03 18:56:46,991 [main] INFO  [io.github.dddplus.runtime.registry.mock.interceptor.DomainProfilerAspect] [21] - AROUND step:Submit.Bar
2021-02-03 18:56:46,991 [main] INFO  [io.github.dddplus.runtime.StepsExecTemplate] [94] - revised steps:[Bar]
2021-02-03 18:56:46,991 [main] INFO  [io.github.dddplus.runtime.registry.mock.interceptor.DomainProfilerAspect] [21] - AROUND step:Submit.Bar
2021-02-03 18:56:46,991 [main] INFO  [io.github.dddplus.runtime.StepsExecTemplate] [94] - revised steps:[Bar]
2021-02-03 18:56:46,991 [main] INFO  [io.github.dddplus.runtime.registry.mock.interceptor.DomainProfilerAspect] [21] - AROUND step:Submit.Bar
2021-02-03 18:56:46,992 [main] INFO  [io.github.dddplus.runtime.StepsExecTemplate] [94] - revised steps:[Bar]
2021-02-03 18:56:46,992 [main] INFO  [io.github.dddplus.runtime.registry.mock.interceptor.DomainProfilerAspect] [21] - AROUND step:Submit.Bar
2021-02-03 18:56:46,992 [main] INFO  [io.github.dddplus.runtime.StepsExecTemplate] [94] - revised steps:[Bar]
2021-02-03 18:56:46,992 [main] INFO  [io.github.dddplus.runtime.registry.mock.interceptor.DomainProfilerAspect] [21] - AROUND step:Submit.Bar
2021-02-03 18:56:46,992 [main] INFO  [io.github.dddplus.runtime.StepsExecTemplate] [94] - revised steps:[Bar]
2021-02-03 18:56:46,993 [main] INFO  [io.github.dddplus.runtime.registry.mock.interceptor.DomainProfilerAspect] [21] - AROUND step:Submit.Bar
2021-02-03 18:56:46,993 [main] INFO  [io.github.dddplus.runtime.StepsExecTemplate] [94] - revised steps:[Bar]
2021-02-03 18:56:46,993 [main] INFO  [io.github.dddplus.runtime.registry.mock.interceptor.DomainProfilerAspect] [21] - AROUND step:Submit.Bar
2021-02-03 18:56:46,993 [main] INFO  [io.github.dddplus.runtime.StepsExecTemplate] [94] - revised steps:[Bar]
2021-02-03 18:56:46,993 [main] INFO  [io.github.dddplus.runtime.registry.mock.interceptor.DomainProfilerAspect] [21] - AROUND step:Submit.Bar
2021-02-03 18:56:46,994 [main] INFO  [io.github.dddplus.runtime.StepsExecTemplate] [94] - revised steps:[Bar]
2021-02-03 18:56:46,994 [main] INFO  [io.github.dddplus.runtime.registry.mock.interceptor.DomainProfilerAspect] [21] - AROUND step:Submit.Bar
2021-02-03 18:56:46,994 [main] INFO  [io.github.dddplus.runtime.StepsExecTemplate] [94] - revised steps:[Bar]
2021-02-03 18:56:46,994 [main] INFO  [io.github.dddplus.runtime.registry.mock.interceptor.DomainProfilerAspect] [21] - AROUND step:Submit.Bar
2021-02-03 18:56:46,994 [main] INFO  [io.github.dddplus.runtime.StepsExecTemplate] [94] - revised steps:[Bar]
2021-02-03 18:56:46,995 [main] INFO  [io.github.dddplus.runtime.registry.mock.interceptor.DomainProfilerAspect] [21] - AROUND step:Submit.Bar
2021-02-03 18:56:46,995 [main] INFO  [io.github.dddplus.runtime.StepsExecTemplate] [94] - revised steps:[Bar]
2021-02-03 18:56:46,995 [main] INFO  [io.github.dddplus.runtime.registry.mock.interceptor.DomainProfilerAspect] [21] - AROUND step:Submit.Bar
2021-02-03 18:56:46,995 [main] INFO  [io.github.dddplus.runtime.StepsExecTemplate] [94] - revised steps:[Bar]
2021-02-03 18:56:46,996 [main] INFO  [io.github.dddplus.runtime.registry.mock.interceptor.DomainProfilerAspect] [21] - AROUND step:Submit.Bar
2021-02-03 18:56:46,996 [main] INFO  [io.github.dddplus.runtime.StepsExecTemplate] [94] - revised steps:[Bar]
2021-02-03 18:56:46,996 [main] INFO  [io.github.dddplus.runtime.registry.mock.interceptor.DomainProfilerAspect] [21] - AROUND step:Submit.Bar
2021-02-03 18:56:46,996 [main] INFO  [io.github.dddplus.runtime.StepsExecTemplate] [94] - revised steps:[Bar]
2021-02-03 18:56:46,997 [main] INFO  [io.github.dddplus.runtime.registry.mock.interceptor.DomainProfilerAspect] [21] - AROUND step:Submit.Bar
2021-02-03 18:56:46,997 [main] INFO  [io.github.dddplus.runtime.StepsExecTemplate] [94] - revised steps:[Bar]
2021-02-03 18:56:46,997 [main] INFO  [io.github.dddplus.runtime.registry.mock.interceptor.DomainProfilerAspect] [21] - AROUND step:Submit.Bar
2021-02-03 18:56:46,997 [main] INFO  [io.github.dddplus.runtime.StepsExecTemplate] [94] - revised steps:[Bar]
2021-02-03 18:56:46,997 [main] INFO  [io.github.dddplus.runtime.registry.mock.interceptor.DomainProfilerAspect] [21] - AROUND step:Submit.Bar
2021-02-03 18:56:46,998 [main] INFO  [io.github.dddplus.runtime.StepsExecTemplate] [94] - revised steps:[Bar]
2021-02-03 18:56:46,998 [main] INFO  [io.github.dddplus.runtime.registry.mock.interceptor.DomainProfilerAspect] [21] - AROUND step:Submit.Bar
2021-02-03 18:56:46,998 [main] INFO  [io.github.dddplus.runtime.StepsExecTemplate] [94] - revised steps:[Bar]
2021-02-03 18:56:46,998 [main] INFO  [io.github.dddplus.runtime.registry.mock.interceptor.DomainProfilerAspect] [21] - AROUND step:Submit.Bar
2021-02-03 18:56:46,999 [main] INFO  [io.github.dddplus.runtime.StepsExecTemplate] [94] - revised steps:[Bar]
2021-02-03 18:56:46,999 [main] INFO  [io.github.dddplus.runtime.registry.mock.interceptor.DomainProfilerAspect] [21] - AROUND step:Submit.Bar
2021-02-03 18:56:46,999 [main] INFO  [io.github.dddplus.runtime.StepsExecTemplate] [94] - revised steps:[Bar]
2021-02-03 18:56:46,999 [main] INFO  [io.github.dddplus.runtime.registry.mock.interceptor.DomainProfilerAspect] [21] - AROUND step:Submit.Bar
2021-02-03 18:56:46,999 [main] INFO  [io.github.dddplus.runtime.StepsExecTemplate] [94] - revised steps:[Bar]
2021-02-03 18:56:46,999 [main] INFO  [io.github.dddplus.runtime.registry.mock.interceptor.DomainProfilerAspect] [21] - AROUND step:Submit.Bar
2021-02-03 18:56:47,000 [main] INFO  [io.github.dddplus.runtime.StepsExecTemplate] [94] - revised steps:[Bar]
2021-02-03 18:56:47,000 [main] INFO  [io.github.dddplus.runtime.registry.mock.interceptor.DomainProfilerAspect] [21] - AROUND step:Submit.Bar
2021-02-03 18:56:47,000 [main] INFO  [io.github.dddplus.runtime.StepsExecTemplate] [94] - revised steps:[Bar]
2021-02-03 18:56:47,000 [main] INFO  [io.github.dddplus.runtime.registry.mock.interceptor.DomainProfilerAspect] [21] - AROUND step:Submit.Bar
2021-02-03 18:56:47,000 [main] INFO  [io.github.dddplus.runtime.StepsExecTemplate] [94] - revised steps:[Bar]
2021-02-03 18:56:47,001 [main] INFO  [io.github.dddplus.runtime.registry.mock.interceptor.DomainProfilerAspect] [21] - AROUND step:Submit.Bar
2021-02-03 18:56:47,001 [main] INFO  [io.github.dddplus.runtime.StepsExecTemplate] [94] - revised steps:[Bar]
2021-02-03 18:56:47,001 [main] INFO  [io.github.dddplus.runtime.registry.mock.interceptor.DomainProfilerAspect] [21] - AROUND step:Submit.Bar
2021-02-03 18:56:47,001 [main] INFO  [io.github.dddplus.runtime.StepsExecTemplate] [94] - revised steps:[Bar]
2021-02-03 18:56:47,001 [main] INFO  [io.github.dddplus.runtime.registry.mock.interceptor.DomainProfilerAspect] [21] - AROUND step:Submit.Bar
2021-02-03 18:56:47,001 [main] INFO  [io.github.dddplus.runtime.StepsExecTemplate] [94] - revised steps:[Bar]
2021-02-03 18:56:47,002 [main] INFO  [io.github.dddplus.runtime.registry.mock.interceptor.DomainProfilerAspect] [21] - AROUND step:Submit.Bar
2021-02-03 18:56:47,002 [main] INFO  [io.github.dddplus.runtime.StepsExecTemplate] [94] - revised steps:[Bar]
2021-02-03 18:56:47,002 [main] INFO  [io.github.dddplus.runtime.registry.mock.interceptor.DomainProfilerAspect] [21] - AROUND step:Submit.Bar
2021-02-03 18:56:47,002 [main] INFO  [io.github.dddplus.runtime.StepsExecTemplate] [94] - revised steps:[Bar]
2021-02-03 18:56:47,002 [main] INFO  [io.github.dddplus.runtime.registry.mock.interceptor.DomainProfilerAspect] [21] - AROUND step:Submit.Bar
2021-02-03 18:56:47,002 [main] INFO  [io.github.dddplus.runtime.StepsExecTemplate] [94] - revised steps:[Bar]
2021-02-03 18:56:47,003 [main] INFO  [io.github.dddplus.runtime.registry.mock.interceptor.DomainProfilerAspect] [21] - AROUND step:Submit.Bar
2021-02-03 18:56:47,003 [main] INFO  [io.github.dddplus.runtime.StepsExecTemplate] [94] - revised steps:[Bar]
2021-02-03 18:56:47,003 [main] INFO  [io.github.dddplus.runtime.registry.mock.interceptor.DomainProfilerAspect] [21] - AROUND step:Submit.Bar
2021-02-03 18:56:47,003 [main] INFO  [io.github.dddplus.runtime.StepsExecTemplate] [94] - revised steps:[Bar]
2021-02-03 18:56:47,003 [main] INFO  [io.github.dddplus.runtime.registry.mock.interceptor.DomainProfilerAspect] [21] - AROUND step:Submit.Bar
2021-02-03 18:56:47,004 [main] INFO  [io.github.dddplus.runtime.StepsExecTemplate] [94] - revised steps:[Bar]
2021-02-03 18:56:47,004 [main] INFO  [io.github.dddplus.runtime.registry.mock.interceptor.DomainProfilerAspect] [21] - AROUND step:Submit.Bar
2021-02-03 18:56:47,004 [main] INFO  [io.github.dddplus.runtime.StepsExecTemplate] [94] - revised steps:[Bar]
2021-02-03 18:56:47,004 [main] INFO  [io.github.dddplus.runtime.registry.mock.interceptor.DomainProfilerAspect] [21] - AROUND step:Submit.Bar
2021-02-03 18:56:47,004 [main] INFO  [io.github.dddplus.runtime.StepsExecTemplate] [94] - revised steps:[Bar]
2021-02-03 18:56:47,004 [main] INFO  [io.github.dddplus.runtime.registry.mock.interceptor.DomainProfilerAspect] [21] - AROUND step:Submit.Bar
2021-02-03 18:56:47,005 [main] INFO  [io.github.dddplus.runtime.StepsExecTemplate] [94] - revised steps:[Bar]
2021-02-03 18:56:47,005 [main] INFO  [io.github.dddplus.runtime.registry.mock.interceptor.DomainProfilerAspect] [21] - AROUND step:Submit.Bar
2021-02-03 18:56:47,005 [main] INFO  [io.github.dddplus.runtime.StepsExecTemplate] [94] - revised steps:[Bar]
2021-02-03 18:56:47,005 [main] INFO  [io.github.dddplus.runtime.registry.mock.interceptor.DomainProfilerAspect] [21] - AROUND step:Submit.Bar
2021-02-03 18:56:47,005 [main] INFO  [io.github.dddplus.runtime.StepsExecTemplate] [94] - revised steps:[Bar]
2021-02-03 18:56:47,005 [main] INFO  [io.github.dddplus.runtime.registry.mock.interceptor.DomainProfilerAspect] [21] - AROUND step:Submit.Bar
2021-02-03 18:56:47,006 [main] INFO  [io.github.dddplus.runtime.StepsExecTemplate] [94] - revised steps:[Bar]
2021-02-03 18:56:47,006 [main] INFO  [io.github.dddplus.runtime.registry.mock.interceptor.DomainProfilerAspect] [21] - AROUND step:Submit.Bar
2021-02-03 18:56:47,006 [main] INFO  [io.github.dddplus.runtime.StepsExecTemplate] [94] - revised steps:[Bar]
2021-02-03 18:56:47,006 [main] ERROR [io.github.dddplus.runtime.StepsExecTemplate] [99] - Steps revision seem to encounter dead loop, abort after 100 model:FooModel(partnerCode=ddd.cn.ka, b2c=false, letFooThrowException=false, willSleepLong=false, willThrowRuntimeException=false, willThrowOOM=false, redecide=false, redecideDeadLoop=true, stepsRevised=false, willRollback=false, willRollbackInvalid=false, sleepExtTimeout=false, foo=0)
Feb 03, 2021 6:56:47 PM org.springframework.test.context.support.DefaultTestContextBootstrapper getDefaultTestExecutionListenerClassNames
INFO: Loaded default TestExecutionListener class names from location [META-INF/spring.factories]: [org.springframework.test.context.web.ServletTestExecutionListener, org.springframework.test.context.support.DirtiesContextBeforeModesTestExecutionListener, org.springframework.test.context.support.DependencyInjectionTestExecutionListener, org.springframework.test.context.support.DirtiesContextTestExecutionListener, org.springframework.test.context.transaction.TransactionalTestExecutionListener, org.springframework.test.context.jdbc.SqlScriptsTestExecutionListener]
Feb 03, 2021 6:56:47 PM org.springframework.test.context.support.DefaultTestContextBootstrapper instantiateListeners
INFO: Could not instantiate TestExecutionListener [org.springframework.test.context.web.ServletTestExecutionListener]. Specify custom listener classes or make the default listener classes (and their required dependencies) available. Offending class: [javax/servlet/ServletContext]
Feb 03, 2021 6:56:47 PM org.springframework.test.context.support.DefaultTestContextBootstrapper instantiateListeners
INFO: Could not instantiate TestExecutionListener [org.springframework.test.context.jdbc.SqlScriptsTestExecutionListener]. Specify custom listener classes or make the default listener classes (and their required dependencies) available. Offending class: [org/springframework/transaction/interceptor/TransactionAttribute]
Feb 03, 2021 6:56:47 PM org.springframework.test.context.support.DefaultTestContextBootstrapper instantiateListeners
INFO: Could not instantiate TestExecutionListener [org.springframework.test.context.transaction.TransactionalTestExecutionListener]. Specify custom listener classes or make the default listener classes (and their required dependencies) available. Offending class: [org/springframework/transaction/TransactionDefinition]
Feb 03, 2021 6:56:47 PM org.springframework.test.context.support.DefaultTestContextBootstrapper getTestExecutionListeners
INFO: Using TestExecutionListeners: [org.springframework.test.context.support.DirtiesContextBeforeModesTestExecutionListener@5bf4764d, org.springframework.test.context.support.DependencyInjectionTestExecutionListener@71789580, org.springframework.test.context.support.DirtiesContextTestExecutionListener@23ee2ccf]
2021-02-03 18:56:47,014 [main] WARN  [io.github.dddplus.runtime.registry.InternalIndexer] [172] - expected:1, got:0 domain steps
Feb 03, 2021 6:56:47 PM org.springframework.test.context.support.DefaultTestContextBootstrapper getDefaultTestExecutionListenerClassNames
INFO: Loaded default TestExecutionListener class names from location [META-INF/spring.factories]: [org.springframework.test.context.web.ServletTestExecutionListener, org.springframework.test.context.support.DirtiesContextBeforeModesTestExecutionListener, org.springframework.test.context.support.DependencyInjectionTestExecutionListener, org.springframework.test.context.support.DirtiesContextTestExecutionListener, org.springframework.test.context.transaction.TransactionalTestExecutionListener, org.springframework.test.context.jdbc.SqlScriptsTestExecutionListener]
Feb 03, 2021 6:56:47 PM org.springframework.test.context.support.DefaultTestContextBootstrapper instantiateListeners
INFO: Could not instantiate TestExecutionListener [org.springframework.test.context.web.ServletTestExecutionListener]. Specify custom listener classes or make the default listener classes (and their required dependencies) available. Offending class: [javax/servlet/ServletContext]
Feb 03, 2021 6:56:47 PM org.springframework.test.context.support.DefaultTestContextBootstrapper instantiateListeners
INFO: Could not instantiate TestExecutionListener [org.springframework.test.context.jdbc.SqlScriptsTestExecutionListener]. Specify custom listener classes or make the default listener classes (and their required dependencies) available. Offending class: [org/springframework/transaction/interceptor/TransactionAttribute]
Feb 03, 2021 6:56:47 PM org.springframework.test.context.support.DefaultTestContextBootstrapper instantiateListeners
INFO: Could not instantiate TestExecutionListener [org.springframework.test.context.transaction.TransactionalTestExecutionListener]. Specify custom listener classes or make the default listener classes (and their required dependencies) available. Offending class: [org/springframework/transaction/TransactionDefinition]
Feb 03, 2021 6:56:47 PM org.springframework.test.context.support.DefaultTestContextBootstrapper getTestExecutionListeners
INFO: Using TestExecutionListeners: [org.springframework.test.context.support.DirtiesContextBeforeModesTestExecutionListener@c97721b, org.springframework.test.context.support.DependencyInjectionTestExecutionListener@283ab206, org.springframework.test.context.support.DirtiesContextTestExecutionListener@35fa450f]
2021-02-03 18:56:47,519 [main] ERROR [io.github.dddplus.runtime.ExtensionInvocationHandler] [103] - timed out:500ms, io.github.dddplus.runtime.registry.mock.extension.B2BExt@35d7386b method:execute args:[FooModel(partnerCode=, b2c=false, letFooThrowException=false, willSleepLong=true, willThrowRuntimeException=false, willThrowOOM=false, redecide=false, redecideDeadLoop=false, stepsRevised=false, willRollback=false, willRollbackInvalid=false, sleepExtTimeout=false, foo=0)]
Feb 03, 2021 6:56:47 PM org.springframework.test.context.support.DefaultTestContextBootstrapper getDefaultTestExecutionListenerClassNames
INFO: Loaded default TestExecutionListener class names from location [META-INF/spring.factories]: [org.springframework.test.context.web.ServletTestExecutionListener, org.springframework.test.context.support.DirtiesContextBeforeModesTestExecutionListener, org.springframework.test.context.support.DependencyInjectionTestExecutionListener, org.springframework.test.context.support.DirtiesContextTestExecutionListener, org.springframework.test.context.transaction.TransactionalTestExecutionListener, org.springframework.test.context.jdbc.SqlScriptsTestExecutionListener]
Feb 03, 2021 6:56:47 PM org.springframework.test.context.support.DefaultTestContextBootstrapper instantiateListeners
INFO: Could not instantiate TestExecutionListener [org.springframework.test.context.web.ServletTestExecutionListener]. Specify custom listener classes or make the default listener classes (and their required dependencies) available. Offending class: [javax/servlet/ServletContext]
Feb 03, 2021 6:56:47 PM org.springframework.test.context.support.DefaultTestContextBootstrapper instantiateListeners
INFO: Could not instantiate TestExecutionListener [org.springframework.test.context.jdbc.SqlScriptsTestExecutionListener]. Specify custom listener classes or make the default listener classes (and their required dependencies) available. Offending class: [org/springframework/transaction/interceptor/TransactionAttribute]
Feb 03, 2021 6:56:47 PM org.springframework.test.context.support.DefaultTestContextBootstrapper instantiateListeners
INFO: Could not instantiate TestExecutionListener [org.springframework.test.context.transaction.TransactionalTestExecutionListener]. Specify custom listener classes or make the default listener classes (and their required dependencies) available. Offending class: [org/springframework/transaction/TransactionDefinition]
Feb 03, 2021 6:56:47 PM org.springframework.test.context.support.DefaultTestContextBootstrapper getTestExecutionListeners
INFO: Using TestExecutionListeners: [org.springframework.test.context.support.DirtiesContextBeforeModesTestExecutionListener@3e9beef2, org.springframework.test.context.support.DependencyInjectionTestExecutionListener@2f15a964, org.springframework.test.context.support.DirtiesContextTestExecutionListener@3111631d]
Feb 03, 2021 6:56:47 PM org.springframework.test.context.support.DefaultTestContextBootstrapper getDefaultTestExecutionListenerClassNames
INFO: Loaded default TestExecutionListener class names from location [META-INF/spring.factories]: [org.springframework.test.context.web.ServletTestExecutionListener, org.springframework.test.context.support.DirtiesContextBeforeModesTestExecutionListener, org.springframework.test.context.support.DependencyInjectionTestExecutionListener, org.springframework.test.context.support.DirtiesContextTestExecutionListener, org.springframework.test.context.transaction.TransactionalTestExecutionListener, org.springframework.test.context.jdbc.SqlScriptsTestExecutionListener]
Feb 03, 2021 6:56:47 PM org.springframework.test.context.support.DefaultTestContextBootstrapper instantiateListeners
INFO: Could not instantiate TestExecutionListener [org.springframework.test.context.web.ServletTestExecutionListener]. Specify custom listener classes or make the default listener classes (and their required dependencies) available. Offending class: [javax/servlet/ServletContext]
Feb 03, 2021 6:56:47 PM org.springframework.test.context.support.DefaultTestContextBootstrapper instantiateListeners
INFO: Could not instantiate TestExecutionListener [org.springframework.test.context.jdbc.SqlScriptsTestExecutionListener]. Specify custom listener classes or make the default listener classes (and their required dependencies) available. Offending class: [org/springframework/transaction/interceptor/TransactionAttribute]
Feb 03, 2021 6:56:47 PM org.springframework.test.context.support.DefaultTestContextBootstrapper instantiateListeners
INFO: Could not instantiate TestExecutionListener [org.springframework.test.context.transaction.TransactionalTestExecutionListener]. Specify custom listener classes or make the default listener classes (and their required dependencies) available. Offending class: [org/springframework/transaction/TransactionDefinition]
Feb 03, 2021 6:56:47 PM org.springframework.test.context.support.DefaultTestContextBootstrapper getTestExecutionListeners
INFO: Using TestExecutionListeners: [org.springframework.test.context.support.DirtiesContextBeforeModesTestExecutionListener@6af78a48, org.springframework.test.context.support.DependencyInjectionTestExecutionListener@6ed18d80, org.springframework.test.context.support.DirtiesContextTestExecutionListener@4c24f3a2]
2021-02-03 18:56:47,528 [main] INFO  [io.github.dddplus.runtime.registry.mock.extension.B2CExt] [16] - 2
Feb 03, 2021 6:56:47 PM org.springframework.test.context.support.DefaultTestContextBootstrapper getDefaultTestExecutionListenerClassNames
INFO: Loaded default TestExecutionListener class names from location [META-INF/spring.factories]: [org.springframework.test.context.web.ServletTestExecutionListener, org.springframework.test.context.support.DirtiesContextBeforeModesTestExecutionListener, org.springframework.test.context.support.DependencyInjectionTestExecutionListener, org.springframework.test.context.support.DirtiesContextTestExecutionListener, org.springframework.test.context.transaction.TransactionalTestExecutionListener, org.springframework.test.context.jdbc.SqlScriptsTestExecutionListener]
Feb 03, 2021 6:56:47 PM org.springframework.test.context.support.DefaultTestContextBootstrapper instantiateListeners
INFO: Could not instantiate TestExecutionListener [org.springframework.test.context.web.ServletTestExecutionListener]. Specify custom listener classes or make the default listener classes (and their required dependencies) available. Offending class: [javax/servlet/ServletContext]
Feb 03, 2021 6:56:47 PM org.springframework.test.context.support.DefaultTestContextBootstrapper instantiateListeners
INFO: Could not instantiate TestExecutionListener [org.springframework.test.context.jdbc.SqlScriptsTestExecutionListener]. Specify custom listener classes or make the default listener classes (and their required dependencies) available. Offending class: [org/springframework/transaction/interceptor/TransactionAttribute]
Feb 03, 2021 6:56:47 PM org.springframework.test.context.support.DefaultTestContextBootstrapper instantiateListeners
INFO: Could not instantiate TestExecutionListener [org.springframework.test.context.transaction.TransactionalTestExecutionListener]. Specify custom listener classes or make the default listener classes (and their required dependencies) available. Offending class: [org/springframework/transaction/TransactionDefinition]
Feb 03, 2021 6:56:47 PM org.springframework.test.context.support.DefaultTestContextBootstrapper getTestExecutionListeners
INFO: Using TestExecutionListeners: [org.springframework.test.context.support.DirtiesContextBeforeModesTestExecutionListener@26fadd98, org.springframework.test.context.support.DependencyInjectionTestExecutionListener@66451058, org.springframework.test.context.support.DirtiesContextTestExecutionListener@3db6dd52]
2021-02-03 18:56:47,532 [main] INFO  [io.github.dddplus.runtime.registry.IntegrationTest] [496] - steps: [Baz, Foo, Bar]
2021-02-03 18:56:47,533 [main] INFO  [io.github.dddplus.runtime.registry.mock.interceptor.DomainProfilerAspect] [21] - AROUND step:Submit.Baz
2021-02-03 18:56:47,533 [main] INFO  [io.github.dddplus.runtime.registry.mock.step.BazStep] [18] - submit: FooModel(partnerCode=ddd.cn.ka, b2c=false, letFooThrowException=false, willSleepLong=false, willThrowRuntimeException=false, willThrowOOM=false, redecide=false, redecideDeadLoop=false, stepsRevised=false, willRollback=true, willRollbackInvalid=false, sleepExtTimeout=false, foo=0)
2021-02-03 18:56:47,533 [main] INFO  [io.github.dddplus.runtime.registry.mock.interceptor.DomainProfilerAspect] [21] - AROUND step:Submit.Foo
2021-02-03 18:56:47,533 [main] INFO  [io.github.dddplus.runtime.registry.mock.step.FooStep] [20] - submit: FooModel(partnerCode=ddd.cn.ka, b2c=false, letFooThrowException=false, willSleepLong=false, willThrowRuntimeException=false, willThrowOOM=false, redecide=false, redecideDeadLoop=false, stepsRevised=false, willRollback=true, willRollbackInvalid=false, sleepExtTimeout=false, foo=0)
2021-02-03 18:56:47,534 [main] INFO  [io.github.dddplus.runtime.registry.mock.interceptor.DomainProfilerAspect] [21] - AROUND step:Submit.Bar
2021-02-03 18:56:47,534 [main] ERROR [io.github.dddplus.runtime.StepsExecTemplate] [143] - Step:Submit.Bar fails for [Baz, Foo, Bar]
io.github.dddplus.runtime.registry.mock.exception.FooException: rollback on purpose
	at io.github.dddplus.runtime.registry.mock.step.BarStep.execute(BarStep.java:55) ~[test-classes/:?]
	at io.github.dddplus.runtime.registry.mock.step.BarStep.execute(BarStep.java:16) ~[test-classes/:?]
	at io.github.dddplus.runtime.registry.mock.step.BarStep$$FastClassBySpringCGLIB$$73800319.invoke(<generated>) ~[test-classes/:?]
	at org.springframework.cglib.proxy.MethodProxy.invoke(MethodProxy.java:204) ~[spring-core-4.3.12.RELEASE.jar:4.3.12.RELEASE]
	at org.springframework.aop.framework.CglibAopProxy$CglibMethodInvocation.invokeJoinpoint(CglibAopProxy.java:738) ~[spring-aop-4.3.12.RELEASE.jar:4.3.12.RELEASE]
	at org.springframework.aop.framework.ReflectiveMethodInvocation.proceed(ReflectiveMethodInvocation.java:157) ~[spring-aop-4.3.12.RELEASE.jar:4.3.12.RELEASE]
	at org.springframework.aop.aspectj.MethodInvocationProceedingJoinPoint.proceed(MethodInvocationProceedingJoinPoint.java:85) ~[spring-aop-4.3.12.RELEASE.jar:4.3.12.RELEASE]
	at io.github.dddplus.runtime.registry.mock.interceptor.DomainProfilerAspect.around(DomainProfilerAspect.java:28) ~[test-classes/:?]
	at sun.reflect.GeneratedMethodAccessor20.invoke(Unknown Source) ~[?:?]
	at sun.reflect.DelegatingMethodAccessorImpl.invoke(DelegatingMethodAccessorImpl.java:43) ~[?:1.8.0_262]
	at java.lang.reflect.Method.invoke(Method.java:498) ~[?:1.8.0_262]
	at org.springframework.aop.aspectj.AbstractAspectJAdvice.invokeAdviceMethodWithGivenArgs(AbstractAspectJAdvice.java:629) ~[spring-aop-4.3.12.RELEASE.jar:4.3.12.RELEASE]
	at org.springframework.aop.aspectj.AbstractAspectJAdvice.invokeAdviceMethod(AbstractAspectJAdvice.java:618) ~[spring-aop-4.3.12.RELEASE.jar:4.3.12.RELEASE]
	at org.springframework.aop.aspectj.AspectJAroundAdvice.invoke(AspectJAroundAdvice.java:70) ~[spring-aop-4.3.12.RELEASE.jar:4.3.12.RELEASE]
	at org.springframework.aop.framework.ReflectiveMethodInvocation.proceed(ReflectiveMethodInvocation.java:168) ~[spring-aop-4.3.12.RELEASE.jar:4.3.12.RELEASE]
	at org.springframework.aop.interceptor.ExposeInvocationInterceptor.invoke(ExposeInvocationInterceptor.java:92) ~[spring-aop-4.3.12.RELEASE.jar:4.3.12.RELEASE]
	at org.springframework.aop.framework.ReflectiveMethodInvocation.proceed(ReflectiveMethodInvocation.java:179) ~[spring-aop-4.3.12.RELEASE.jar:4.3.12.RELEASE]
	at org.springframework.aop.framework.CglibAopProxy$DynamicAdvisedInterceptor.intercept(CglibAopProxy.java:673) ~[spring-aop-4.3.12.RELEASE.jar:4.3.12.RELEASE]
	at io.github.dddplus.runtime.registry.mock.step.BarStep$$EnhancerBySpringCGLIB$$72c78789.execute(<generated>) ~[test-classes/:?]
	at io.github.dddplus.runtime.StepsExecTemplate.executeSteps(StepsExecTemplate.java:125) ~[classes/:?]
	at io.github.dddplus.runtime.StepsExecTemplate.execute(StepsExecTemplate.java:87) ~[classes/:?]
	at io.github.dddplus.runtime.StepsExecTemplate.execute(StepsExecTemplate.java:52) ~[classes/:?]
	at io.github.dddplus.runtime.registry.IntegrationTest.stepsExecTemplateWithRollback(IntegrationTest.java:498) ~[test-classes/:?]
	at sun.reflect.NativeMethodAccessorImpl.invoke0(Native Method) ~[?:1.8.0_262]
	at sun.reflect.NativeMethodAccessorImpl.invoke(NativeMethodAccessorImpl.java:62) ~[?:1.8.0_262]
	at sun.reflect.DelegatingMethodAccessorImpl.invoke(DelegatingMethodAccessorImpl.java:43) ~[?:1.8.0_262]
	at java.lang.reflect.Method.invoke(Method.java:498) ~[?:1.8.0_262]
	at org.junit.runners.model.FrameworkMethod$1.runReflectiveCall(FrameworkMethod.java:59) ~[junit-4.13.1.jar:4.13.1]
	at org.junit.internal.runners.model.ReflectiveCallable.run(ReflectiveCallable.java:12) ~[junit-4.13.1.jar:4.13.1]
	at org.junit.runners.model.FrameworkMethod.invokeExplosively(FrameworkMethod.java:56) ~[junit-4.13.1.jar:4.13.1]
	at org.junit.internal.runners.statements.InvokeMethod.evaluate(InvokeMethod.java:17) ~[junit-4.13.1.jar:4.13.1]
	at org.junit.internal.runners.statements.RunBefores.evaluate(RunBefores.java:26) ~[junit-4.13.1.jar:4.13.1]
	at org.springframework.test.context.junit4.statements.RunBeforeTestMethodCallbacks.evaluate(RunBeforeTestMethodCallbacks.java:75) ~[spring-test-4.3.12.RELEASE.jar:4.3.12.RELEASE]
	at org.springframework.test.context.junit4.statements.RunAfterTestMethodCallbacks.evaluate(RunAfterTestMethodCallbacks.java:86) ~[spring-test-4.3.12.RELEASE.jar:4.3.12.RELEASE]
	at org.springframework.test.context.junit4.statements.SpringRepeat.evaluate(SpringRepeat.java:84) ~[spring-test-4.3.12.RELEASE.jar:4.3.12.RELEASE]
	at org.junit.runners.ParentRunner.runLeaf(ParentRunner.java:366) ~[junit-4.13.1.jar:4.13.1]
	at org.springframework.test.context.junit4.SpringJUnit4ClassRunner.runChild(SpringJUnit4ClassRunner.java:252) ~[spring-test-4.3.12.RELEASE.jar:4.3.12.RELEASE]
	at org.springframework.test.context.junit4.SpringJUnit4ClassRunner.runChild(SpringJUnit4ClassRunner.java:94) ~[spring-test-4.3.12.RELEASE.jar:4.3.12.RELEASE]
	at org.junit.runners.ParentRunner$4.run(ParentRunner.java:331) ~[junit-4.13.1.jar:4.13.1]
	at org.junit.runners.ParentRunner$1.schedule(ParentRunner.java:79) ~[junit-4.13.1.jar:4.13.1]
	at org.junit.runners.ParentRunner.runChildren(ParentRunner.java:329) ~[junit-4.13.1.jar:4.13.1]
	at org.junit.runners.ParentRunner.access$100(ParentRunner.java:66) ~[junit-4.13.1.jar:4.13.1]
	at org.junit.runners.ParentRunner$2.evaluate(ParentRunner.java:293) ~[junit-4.13.1.jar:4.13.1]
	at org.springframework.test.context.junit4.statements.RunBeforeTestClassCallbacks.evaluate(RunBeforeTestClassCallbacks.java:61) ~[spring-test-4.3.12.RELEASE.jar:4.3.12.RELEASE]
	at org.springframework.test.context.junit4.statements.RunAfterTestClassCallbacks.evaluate(RunAfterTestClassCallbacks.java:70) ~[spring-test-4.3.12.RELEASE.jar:4.3.12.RELEASE]
	at org.junit.runners.ParentRunner$3.evaluate(ParentRunner.java:306) ~[junit-4.13.1.jar:4.13.1]
	at org.junit.runners.ParentRunner.run(ParentRunner.java:413) ~[junit-4.13.1.jar:4.13.1]
	at org.springframework.test.context.junit4.SpringJUnit4ClassRunner.run(SpringJUnit4ClassRunner.java:191) ~[spring-test-4.3.12.RELEASE.jar:4.3.12.RELEASE]
	at edu.illinois.cs.testrunner.execution.JUnitTestRunner$4.evaluate(JUnitTestRunner.java:383) ~[testrunner-running-1.0.jar:?]
	at edu.illinois.cs.testrunner.execution.JUnitTestRunner.runChild(JUnitTestRunner.java:351) ~[testrunner-running-1.0.jar:?]
	at edu.illinois.cs.testrunner.execution.JUnitTestRunner.run(JUnitTestRunner.java:109) ~[testrunner-running-1.0.jar:?]
	at org.junit.runner.JUnitCore.run(JUnitCore.java:137) ~[junit-4.13.1.jar:4.13.1]
	at edu.illinois.cs.testrunner.execution.JUnitTestExecutor.execute(JUnitTestExecutor.java:292) ~[testrunner-running-1.0.jar:?]
	at edu.illinois.cs.testrunner.execution.JUnitTestExecutor.execute(JUnitTestExecutor.java:328) ~[testrunner-running-1.0.jar:?]
	at edu.illinois.cs.testrunner.execution.JUnitTestExecutor.executeWithJUnit4Runner(JUnitTestExecutor.java:366) ~[testrunner-running-1.0.jar:?]
	at edu.illinois.cs.testrunner.execution.JUnitTestExecutor.runOrder(JUnitTestExecutor.java:47) ~[testrunner-running-1.0.jar:?]
	at edu.illinois.cs.testrunner.execution.Executor$.$anonfun$run$1(Executor.scala:30) ~[testrunner-running-1.0.jar:?]
	at scala.runtime.java8.JFunction0$mcV$sp.apply(JFunction0$mcV$sp.java:12) [scala-library-2.12.6.jar:?]
	at scala.util.Try$.apply(Try.scala:209) [scala-library-2.12.6.jar:?]
	at edu.illinois.cs.testrunner.execution.Executor$.run(Executor.scala:28) [testrunner-running-1.0.jar:?]
	at edu.illinois.cs.testrunner.execution.Executor$.main(Executor.scala:18) [testrunner-running-1.0.jar:?]
	at edu.illinois.cs.testrunner.execution.Executor.main(Executor.scala) [testrunner-running-1.0.jar:?]
2021-02-03 18:56:47,536 [main] WARN  [io.github.dddplus.runtime.registry.mock.step.FooStep] [41] - foo rollback, cause: rollback on purpose
2021-02-03 18:56:47,537 [main] ERROR [io.github.dddplus.runtime.StepsExecTemplate] [219] - step:Foo rollback err ignored, model:FooModel(partnerCode=ddd.cn.ka, b2c=false, letFooThrowException=false, willSleepLong=false, willThrowRuntimeException=false, willThrowOOM=false, redecide=false, redecideDeadLoop=false, stepsRevised=false, willRollback=true, willRollbackInvalid=false, sleepExtTimeout=false, foo=0)
java.lang.RuntimeException: this exception will be ignored by StepsExecTemplate
	at io.github.dddplus.runtime.registry.mock.step.FooStep.rollback(FooStep.java:48) ~[test-classes/:?]
	at io.github.dddplus.runtime.registry.mock.step.FooStep.rollback(FooStep.java:13) ~[test-classes/:?]
	at io.github.dddplus.runtime.registry.mock.step.FooStep$$FastClassBySpringCGLIB$$5ed2824c.invoke(<generated>) ~[test-classes/:?]
	at org.springframework.cglib.proxy.MethodProxy.invoke(MethodProxy.java:204) ~[spring-core-4.3.12.RELEASE.jar:4.3.12.RELEASE]
	at org.springframework.aop.framework.CglibAopProxy$CglibMethodInvocation.invokeJoinpoint(CglibAopProxy.java:738) ~[spring-aop-4.3.12.RELEASE.jar:4.3.12.RELEASE]
	at org.springframework.aop.framework.ReflectiveMethodInvocation.proceed(ReflectiveMethodInvocation.java:157) ~[spring-aop-4.3.12.RELEASE.jar:4.3.12.RELEASE]
	at org.springframework.aop.interceptor.ExposeInvocationInterceptor.invoke(ExposeInvocationInterceptor.java:92) ~[spring-aop-4.3.12.RELEASE.jar:4.3.12.RELEASE]
	at org.springframework.aop.framework.ReflectiveMethodInvocation.proceed(ReflectiveMethodInvocation.java:179) ~[spring-aop-4.3.12.RELEASE.jar:4.3.12.RELEASE]
	at org.springframework.aop.framework.CglibAopProxy$DynamicAdvisedInterceptor.intercept(CglibAopProxy.java:673) ~[spring-aop-4.3.12.RELEASE.jar:4.3.12.RELEASE]
	at io.github.dddplus.runtime.registry.mock.step.FooStep$$EnhancerBySpringCGLIB$$e8c29d02.rollback(<generated>) ~[test-classes/:?]
	at io.github.dddplus.runtime.StepsExecTemplate.safeRollbackExecutedSteps(StepsExecTemplate.java:217) ~[classes/:?]
	at io.github.dddplus.runtime.StepsExecTemplate.executeSteps(StepsExecTemplate.java:155) ~[classes/:?]
	at io.github.dddplus.runtime.StepsExecTemplate.execute(StepsExecTemplate.java:87) ~[classes/:?]
	at io.github.dddplus.runtime.StepsExecTemplate.execute(StepsExecTemplate.java:52) ~[classes/:?]
	at io.github.dddplus.runtime.registry.IntegrationTest.stepsExecTemplateWithRollback(IntegrationTest.java:498) ~[test-classes/:?]
	at sun.reflect.NativeMethodAccessorImpl.invoke0(Native Method) ~[?:1.8.0_262]
	at sun.reflect.NativeMethodAccessorImpl.invoke(NativeMethodAccessorImpl.java:62) ~[?:1.8.0_262]
	at sun.reflect.DelegatingMethodAccessorImpl.invoke(DelegatingMethodAccessorImpl.java:43) ~[?:1.8.0_262]
	at java.lang.reflect.Method.invoke(Method.java:498) ~[?:1.8.0_262]
	at org.junit.runners.model.FrameworkMethod$1.runReflectiveCall(FrameworkMethod.java:59) ~[junit-4.13.1.jar:4.13.1]
	at org.junit.internal.runners.model.ReflectiveCallable.run(ReflectiveCallable.java:12) ~[junit-4.13.1.jar:4.13.1]
	at org.junit.runners.model.FrameworkMethod.invokeExplosively(FrameworkMethod.java:56) ~[junit-4.13.1.jar:4.13.1]
	at org.junit.internal.runners.statements.InvokeMethod.evaluate(InvokeMethod.java:17) ~[junit-4.13.1.jar:4.13.1]
	at org.junit.internal.runners.statements.RunBefores.evaluate(RunBefores.java:26) ~[junit-4.13.1.jar:4.13.1]
	at org.springframework.test.context.junit4.statements.RunBeforeTestMethodCallbacks.evaluate(RunBeforeTestMethodCallbacks.java:75) ~[spring-test-4.3.12.RELEASE.jar:4.3.12.RELEASE]
	at org.springframework.test.context.junit4.statements.RunAfterTestMethodCallbacks.evaluate(RunAfterTestMethodCallbacks.java:86) ~[spring-test-4.3.12.RELEASE.jar:4.3.12.RELEASE]
	at org.springframework.test.context.junit4.statements.SpringRepeat.evaluate(SpringRepeat.java:84) ~[spring-test-4.3.12.RELEASE.jar:4.3.12.RELEASE]
	at org.junit.runners.ParentRunner.runLeaf(ParentRunner.java:366) ~[junit-4.13.1.jar:4.13.1]
	at org.springframework.test.context.junit4.SpringJUnit4ClassRunner.runChild(SpringJUnit4ClassRunner.java:252) ~[spring-test-4.3.12.RELEASE.jar:4.3.12.RELEASE]
	at org.springframework.test.context.junit4.SpringJUnit4ClassRunner.runChild(SpringJUnit4ClassRunner.java:94) ~[spring-test-4.3.12.RELEASE.jar:4.3.12.RELEASE]
	at org.junit.runners.ParentRunner$4.run(ParentRunner.java:331) ~[junit-4.13.1.jar:4.13.1]
	at org.junit.runners.ParentRunner$1.schedule(ParentRunner.java:79) ~[junit-4.13.1.jar:4.13.1]
	at org.junit.runners.ParentRunner.runChildren(ParentRunner.java:329) ~[junit-4.13.1.jar:4.13.1]
	at org.junit.runners.ParentRunner.access$100(ParentRunner.java:66) ~[junit-4.13.1.jar:4.13.1]
	at org.junit.runners.ParentRunner$2.evaluate(ParentRunner.java:293) ~[junit-4.13.1.jar:4.13.1]
	at org.springframework.test.context.junit4.statements.RunBeforeTestClassCallbacks.evaluate(RunBeforeTestClassCallbacks.java:61) ~[spring-test-4.3.12.RELEASE.jar:4.3.12.RELEASE]
	at org.springframework.test.context.junit4.statements.RunAfterTestClassCallbacks.evaluate(RunAfterTestClassCallbacks.java:70) ~[spring-test-4.3.12.RELEASE.jar:4.3.12.RELEASE]
	at org.junit.runners.ParentRunner$3.evaluate(ParentRunner.java:306) ~[junit-4.13.1.jar:4.13.1]
	at org.junit.runners.ParentRunner.run(ParentRunner.java:413) ~[junit-4.13.1.jar:4.13.1]
	at org.springframework.test.context.junit4.SpringJUnit4ClassRunner.run(SpringJUnit4ClassRunner.java:191) ~[spring-test-4.3.12.RELEASE.jar:4.3.12.RELEASE]
	at edu.illinois.cs.testrunner.execution.JUnitTestRunner$4.evaluate(JUnitTestRunner.java:383) ~[testrunner-running-1.0.jar:?]
	at edu.illinois.cs.testrunner.execution.JUnitTestRunner.runChild(JUnitTestRunner.java:351) ~[testrunner-running-1.0.jar:?]
	at edu.illinois.cs.testrunner.execution.JUnitTestRunner.run(JUnitTestRunner.java:109) ~[testrunner-running-1.0.jar:?]
	at org.junit.runner.JUnitCore.run(JUnitCore.java:137) ~[junit-4.13.1.jar:4.13.1]
	at edu.illinois.cs.testrunner.execution.JUnitTestExecutor.execute(JUnitTestExecutor.java:292) ~[testrunner-running-1.0.jar:?]
	at edu.illinois.cs.testrunner.execution.JUnitTestExecutor.execute(JUnitTestExecutor.java:328) ~[testrunner-running-1.0.jar:?]
	at edu.illinois.cs.testrunner.execution.JUnitTestExecutor.executeWithJUnit4Runner(JUnitTestExecutor.java:366) ~[testrunner-running-1.0.jar:?]
	at edu.illinois.cs.testrunner.execution.JUnitTestExecutor.runOrder(JUnitTestExecutor.java:47) ~[testrunner-running-1.0.jar:?]
	at edu.illinois.cs.testrunner.execution.Executor$.$anonfun$run$1(Executor.scala:30) ~[testrunner-running-1.0.jar:?]
	at scala.runtime.java8.JFunction0$mcV$sp.apply(JFunction0$mcV$sp.java:12) [scala-library-2.12.6.jar:?]
	at scala.util.Try$.apply(Try.scala:209) [scala-library-2.12.6.jar:?]
	at edu.illinois.cs.testrunner.execution.Executor$.run(Executor.scala:28) [testrunner-running-1.0.jar:?]
	at edu.illinois.cs.testrunner.execution.Executor$.main(Executor.scala:18) [testrunner-running-1.0.jar:?]
	at edu.illinois.cs.testrunner.execution.Executor.main(Executor.scala) [testrunner-running-1.0.jar:?]
2021-02-03 18:56:47,537 [main] INFO  [io.github.dddplus.runtime.registry.mock.step.BazStep] [30] - baz rollback for FooModel(partnerCode=ddd.cn.ka, b2c=false, letFooThrowException=false, willSleepLong=false, willThrowRuntimeException=false, willThrowOOM=false, redecide=false, redecideDeadLoop=false, stepsRevised=false, willRollback=true, willRollbackInvalid=false, sleepExtTimeout=false, foo=0)
Feb 03, 2021 6:56:47 PM org.springframework.test.context.support.DefaultTestContextBootstrapper getDefaultTestExecutionListenerClassNames
INFO: Loaded default TestExecutionListener class names from location [META-INF/spring.factories]: [org.springframework.test.context.web.ServletTestExecutionListener, org.springframework.test.context.support.DirtiesContextBeforeModesTestExecutionListener, org.springframework.test.context.support.DependencyInjectionTestExecutionListener, org.springframework.test.context.support.DirtiesContextTestExecutionListener, org.springframework.test.context.transaction.TransactionalTestExecutionListener, org.springframework.test.context.jdbc.SqlScriptsTestExecutionListener]
Feb 03, 2021 6:56:47 PM org.springframework.test.context.support.DefaultTestContextBootstrapper instantiateListeners
INFO: Could not instantiate TestExecutionListener [org.springframework.test.context.web.ServletTestExecutionListener]. Specify custom listener classes or make the default listener classes (and their required dependencies) available. Offending class: [javax/servlet/ServletContext]
Feb 03, 2021 6:56:47 PM org.springframework.test.context.support.DefaultTestContextBootstrapper instantiateListeners
INFO: Could not instantiate TestExecutionListener [org.springframework.test.context.jdbc.SqlScriptsTestExecutionListener]. Specify custom listener classes or make the default listener classes (and their required dependencies) available. Offending class: [org/springframework/transaction/interceptor/TransactionAttribute]
Feb 03, 2021 6:56:47 PM org.springframework.test.context.support.DefaultTestContextBootstrapper instantiateListeners
INFO: Could not instantiate TestExecutionListener [org.springframework.test.context.transaction.TransactionalTestExecutionListener]. Specify custom listener classes or make the default listener classes (and their required dependencies) available. Offending class: [org/springframework/transaction/TransactionDefinition]
Feb 03, 2021 6:56:47 PM org.springframework.test.context.support.DefaultTestContextBootstrapper getTestExecutionListeners
INFO: Using TestExecutionListeners: [org.springframework.test.context.support.DirtiesContextBeforeModesTestExecutionListener@5e99e2cb, org.springframework.test.context.support.DependencyInjectionTestExecutionListener@76ac68b0, org.springframework.test.context.support.DirtiesContextTestExecutionListener@f559c74]
2021-02-03 18:56:47,578 [main] INFO  [io.github.dddplus.runtime.registry.mock.policy.TriggerExtPolicy] [18] - will use foo
2021-02-03 18:56:47,579 [main] INFO  [io.github.dddplus.runtime.registry.mock.extension.FooTriggerExt] [14] - foo trigger
2021-02-03 18:56:47,579 [main] INFO  [io.github.dddplus.runtime.registry.mock.policy.TriggerExtPolicy] [22] - will use bar
2021-02-03 18:56:47,579 [main] INFO  [io.github.dddplus.runtime.registry.mock.extension.BarTriggerExt] [14] - bar trigger
Feb 03, 2021 6:56:47 PM org.springframework.test.context.support.DefaultTestContextBootstrapper getDefaultTestExecutionListenerClassNames
INFO: Loaded default TestExecutionListener class names from location [META-INF/spring.factories]: [org.springframework.test.context.web.ServletTestExecutionListener, org.springframework.test.context.support.DirtiesContextBeforeModesTestExecutionListener, org.springframework.test.context.support.DependencyInjectionTestExecutionListener, org.springframework.test.context.support.DirtiesContextTestExecutionListener, org.springframework.test.context.transaction.TransactionalTestExecutionListener, org.springframework.test.context.jdbc.SqlScriptsTestExecutionListener]
Feb 03, 2021 6:56:47 PM org.springframework.test.context.support.DefaultTestContextBootstrapper instantiateListeners
INFO: Could not instantiate TestExecutionListener [org.springframework.test.context.web.ServletTestExecutionListener]. Specify custom listener classes or make the default listener classes (and their required dependencies) available. Offending class: [javax/servlet/ServletContext]
Feb 03, 2021 6:56:47 PM org.springframework.test.context.support.DefaultTestContextBootstrapper instantiateListeners
INFO: Could not instantiate TestExecutionListener [org.springframework.test.context.jdbc.SqlScriptsTestExecutionListener]. Specify custom listener classes or make the default listener classes (and their required dependencies) available. Offending class: [org/springframework/transaction/interceptor/TransactionAttribute]
Feb 03, 2021 6:56:47 PM org.springframework.test.context.support.DefaultTestContextBootstrapper instantiateListeners
INFO: Could not instantiate TestExecutionListener [org.springframework.test.context.transaction.TransactionalTestExecutionListener]. Specify custom listener classes or make the default listener classes (and their required dependencies) available. Offending class: [org/springframework/transaction/TransactionDefinition]
Feb 03, 2021 6:56:47 PM org.springframework.test.context.support.DefaultTestContextBootstrapper getTestExecutionListeners
INFO: Using TestExecutionListeners: [org.springframework.test.context.support.DirtiesContextBeforeModesTestExecutionListener@52621501, org.springframework.test.context.support.DependencyInjectionTestExecutionListener@401e02b4, org.springframework.test.context.support.DirtiesContextTestExecutionListener@164d01ba]
2021-02-03 18:56:47,583 [main] INFO  [io.github.dddplus.runtime.registry.IntegrationTest] [467] - steps:[Baz, Foo, Bar]
2021-02-03 18:56:47,583 [main] INFO  [io.github.dddplus.runtime.registry.mock.interceptor.DomainProfilerAspect] [21] - AROUND step:Submit.Bar
Feb 03, 2021 6:56:48 PM org.springframework.test.context.support.DefaultTestContextBootstrapper getDefaultTestExecutionListenerClassNames
INFO: Loaded default TestExecutionListener class names from location [META-INF/spring.factories]: [org.springframework.test.context.web.ServletTestExecutionListener, org.springframework.test.context.support.DirtiesContextBeforeModesTestExecutionListener, org.springframework.test.context.support.DependencyInjectionTestExecutionListener, org.springframework.test.context.support.DirtiesContextTestExecutionListener, org.springframework.test.context.transaction.TransactionalTestExecutionListener, org.springframework.test.context.jdbc.SqlScriptsTestExecutionListener]
Feb 03, 2021 6:56:48 PM org.springframework.test.context.support.DefaultTestContextBootstrapper instantiateListeners
INFO: Could not instantiate TestExecutionListener [org.springframework.test.context.web.ServletTestExecutionListener]. Specify custom listener classes or make the default listener classes (and their required dependencies) available. Offending class: [javax/servlet/ServletContext]
Feb 03, 2021 6:56:48 PM org.springframework.test.context.support.DefaultTestContextBootstrapper instantiateListeners
INFO: Could not instantiate TestExecutionListener [org.springframework.test.context.jdbc.SqlScriptsTestExecutionListener]. Specify custom listener classes or make the default listener classes (and their required dependencies) available. Offending class: [org/springframework/transaction/interceptor/TransactionAttribute]
Feb 03, 2021 6:56:48 PM org.springframework.test.context.support.DefaultTestContextBootstrapper instantiateListeners
INFO: Could not instantiate TestExecutionListener [org.springframework.test.context.transaction.TransactionalTestExecutionListener]. Specify custom listener classes or make the default listener classes (and their required dependencies) available. Offending class: [org/springframework/transaction/TransactionDefinition]
Feb 03, 2021 6:56:48 PM org.springframework.test.context.support.DefaultTestContextBootstrapper getTestExecutionListeners
INFO: Using TestExecutionListeners: [org.springframework.test.context.support.DirtiesContextBeforeModesTestExecutionListener@8f2e3e6, org.springframework.test.context.support.DependencyInjectionTestExecutionListener@6f315b08, org.springframework.test.context.support.DirtiesContextTestExecutionListener@6c8efde4]
2021-02-03 18:56:48,589 [main] INFO  [io.github.dddplus.runtime.registry.mock.interceptor.DomainProfilerAspect] [21] - AROUND step:Submit.Baz
2021-02-03 18:56:48,589 [main] INFO  [io.github.dddplus.runtime.registry.mock.step.BazStep] [18] - submit: FooModel(partnerCode=ddd.cn.ka, b2c=false, letFooThrowException=false, willSleepLong=false, willThrowRuntimeException=false, willThrowOOM=false, redecide=true, redecideDeadLoop=false, stepsRevised=false, willRollback=false, willRollbackInvalid=false, sleepExtTimeout=false, foo=0)
2021-02-03 18:56:48,590 [main] INFO  [io.github.dddplus.runtime.registry.mock.interceptor.DomainProfilerAspect] [21] - AROUND step:Submit.Foo
2021-02-03 18:56:48,590 [main] INFO  [io.github.dddplus.runtime.registry.mock.step.FooStep] [20] - submit: FooModel(partnerCode=ddd.cn.ka, b2c=false, letFooThrowException=false, willSleepLong=false, willThrowRuntimeException=false, willThrowOOM=false, redecide=true, redecideDeadLoop=false, stepsRevised=false, willRollback=false, willRollbackInvalid=false, sleepExtTimeout=false, foo=0)
2021-02-03 18:56:48,590 [main] INFO  [io.github.dddplus.runtime.registry.mock.interceptor.DomainProfilerAspect] [21] - AROUND step:Submit.Bar
2021-02-03 18:56:48,590 [main] INFO  [io.github.dddplus.runtime.registry.mock.step.BarStep] [43] - 重新编排步骤，增加步骤：[Baz, Ham]
2021-02-03 18:56:48,590 [main] INFO  [io.github.dddplus.runtime.StepsExecTemplate] [94] - revised steps:[Baz, Ham]
2021-02-03 18:56:48,591 [main] INFO  [io.github.dddplus.runtime.registry.mock.interceptor.DomainProfilerAspect] [21] - AROUND step:Submit.Baz
2021-02-03 18:56:48,591 [main] INFO  [io.github.dddplus.runtime.registry.mock.step.BazStep] [18] - submit: FooModel(partnerCode=ddd.cn.ka, b2c=false, letFooThrowException=false, willSleepLong=false, willThrowRuntimeException=false, willThrowOOM=false, redecide=true, redecideDeadLoop=false, stepsRevised=false, willRollback=false, willRollbackInvalid=false, sleepExtTimeout=false, foo=0)
2021-02-03 18:56:48,591 [main] INFO  [io.github.dddplus.runtime.registry.mock.step.HamStep] [16] - submit: FooModel(partnerCode=ddd.cn.ka, b2c=false, letFooThrowException=false, willSleepLong=false, willThrowRuntimeException=false, willThrowOOM=false, redecide=true, redecideDeadLoop=false, stepsRevised=false, willRollback=false, willRollbackInvalid=false, sleepExtTimeout=false, foo=0)
2021-02-03 18:56:48,591 [main] INFO  [io.github.dddplus.runtime.registry.mock.interceptor.DomainProfilerAspect] [21] - AROUND step:Submit.Baz
2021-02-03 18:56:48,591 [main] INFO  [io.github.dddplus.runtime.registry.mock.step.BazStep] [18] - submit: FooModel(partnerCode=ddd.cn.ka, b2c=false, letFooThrowException=false, willSleepLong=false, willThrowRuntimeException=false, willThrowOOM=false, redecide=true, redecideDeadLoop=false, stepsRevised=true, willRollback=false, willRollbackInvalid=false, sleepExtTimeout=false, foo=0)
2021-02-03 18:56:48,591 [main] INFO  [io.github.dddplus.runtime.registry.mock.interceptor.DomainProfilerAspect] [21] - AROUND step:Submit.Foo
2021-02-03 18:56:48,592 [main] INFO  [io.github.dddplus.runtime.registry.mock.step.FooStep] [20] - submit: FooModel(partnerCode=ddd.cn.ka, b2c=false, letFooThrowException=false, willSleepLong=false, willThrowRuntimeException=false, willThrowOOM=false, redecide=true, redecideDeadLoop=false, stepsRevised=true, willRollback=false, willRollbackInvalid=false, sleepExtTimeout=false, foo=0)
2021-02-03 18:56:48,592 [main] INFO  [io.github.dddplus.runtime.registry.mock.interceptor.DomainProfilerAspect] [21] - AROUND step:Submit.Bar
2021-02-03 18:56:48,592 [main] INFO  [io.github.dddplus.runtime.registry.mock.step.BarStep] [43] - 重新编排步骤，增加步骤：[Baz, Ham]
2021-02-03 18:56:48,592 [main] INFO  [io.github.dddplus.runtime.StepsExecTemplate] [94] - revised steps:[Baz, Ham]
2021-02-03 18:56:48,592 [main] INFO  [io.github.dddplus.runtime.registry.mock.interceptor.DomainProfilerAspect] [21] - AROUND step:Submit.Baz
2021-02-03 18:56:48,593 [main] INFO  [io.github.dddplus.runtime.registry.mock.step.BazStep] [18] - submit: FooModel(partnerCode=ddd.cn.ka, b2c=false, letFooThrowException=false, willSleepLong=false, willThrowRuntimeException=false, willThrowOOM=false, redecide=true, redecideDeadLoop=false, stepsRevised=true, willRollback=false, willRollbackInvalid=false, sleepExtTimeout=false, foo=0)
2021-02-03 18:56:48,593 [main] INFO  [io.github.dddplus.runtime.registry.mock.step.HamStep] [16] - submit: FooModel(partnerCode=ddd.cn.ka, b2c=false, letFooThrowException=false, willSleepLong=false, willThrowRuntimeException=false, willThrowOOM=false, redecide=true, redecideDeadLoop=false, stepsRevised=true, willRollback=false, willRollbackInvalid=false, sleepExtTimeout=false, foo=0)
2021-02-03 18:56:48,593 [main] INFO  [io.github.dddplus.runtime.registry.mock.interceptor.DomainProfilerAspect] [21] - AROUND step:Submit.Foo
2021-02-03 18:56:48,593 [main] INFO  [io.github.dddplus.runtime.registry.mock.step.FooStep] [20] - submit: FooModel(partnerCode=ddd.cn.ka, b2c=false, letFooThrowException=false, willSleepLong=false, willThrowRuntimeException=false, willThrowOOM=false, redecide=true, redecideDeadLoop=false, stepsRevised=true, willRollback=false, willRollbackInvalid=false, sleepExtTimeout=false, foo=0)
2021-02-03 18:56:48,594 [main] INFO  [io.github.dddplus.runtime.registry.mock.interceptor.DomainProfilerAspect] [21] - AROUND step:Submit.Bar
2021-02-03 18:56:48,593 [step-1] INFO  [io.github.dddplus.runtime.registry.mock.interceptor.DomainProfilerAspect] [21] - AROUND step:Submit.Baz
2021-02-03 18:56:48,594 [main] INFO  [io.github.dddplus.runtime.registry.mock.step.BarStep] [43] - 重新编排步骤，增加步骤：[Baz, Ham]
2021-02-03 18:56:48,594 [step-1] INFO  [io.github.dddplus.runtime.registry.mock.step.BazStep] [18] - submit: FooModel(partnerCode=ddd.cn.ka, b2c=false, letFooThrowException=false, willSleepLong=false, willThrowRuntimeException=false, willThrowOOM=false, redecide=true, redecideDeadLoop=false, stepsRevised=true, willRollback=false, willRollbackInvalid=false, sleepExtTimeout=false, foo=0)
2021-02-03 18:56:48,594 [main] INFO  [io.github.dddplus.runtime.StepsExecTemplate] [94] - revised steps:[Baz, Ham]
2021-02-03 18:56:48,595 [main] INFO  [io.github.dddplus.runtime.registry.mock.step.HamStep] [16] - submit: FooModel(partnerCode=ddd.cn.ka, b2c=false, letFooThrowException=false, willSleepLong=false, willThrowRuntimeException=false, willThrowOOM=false, redecide=true, redecideDeadLoop=false, stepsRevised=true, willRollback=false, willRollbackInvalid=false, sleepExtTimeout=false, foo=0)
2021-02-03 18:56:48,596 [step-2] INFO  [io.github.dddplus.runtime.registry.mock.interceptor.DomainProfilerAspect] [21] - AROUND step:Submit.Baz
2021-02-03 18:56:48,596 [step-2] INFO  [io.github.dddplus.runtime.registry.mock.step.BazStep] [18] - submit: FooModel(partnerCode=ddd.cn.ka, b2c=false, letFooThrowException=false, willSleepLong=false, willThrowRuntimeException=false, willThrowOOM=false, redecide=true, redecideDeadLoop=false, stepsRevised=true, willRollback=false, willRollbackInvalid=false, sleepExtTimeout=false, foo=0)
Feb 03, 2021 6:56:48 PM org.springframework.test.context.support.DefaultTestContextBootstrapper getDefaultTestExecutionListenerClassNames
INFO: Loaded default TestExecutionListener class names from location [META-INF/spring.factories]: [org.springframework.test.context.web.ServletTestExecutionListener, org.springframework.test.context.support.DirtiesContextBeforeModesTestExecutionListener, org.springframework.test.context.support.DependencyInjectionTestExecutionListener, org.springframework.test.context.support.DirtiesContextTestExecutionListener, org.springframework.test.context.transaction.TransactionalTestExecutionListener, org.springframework.test.context.jdbc.SqlScriptsTestExecutionListener]
Feb 03, 2021 6:56:48 PM org.springframework.test.context.support.DefaultTestContextBootstrapper instantiateListeners
INFO: Could not instantiate TestExecutionListener [org.springframework.test.context.web.ServletTestExecutionListener]. Specify custom listener classes or make the default listener classes (and their required dependencies) available. Offending class: [javax/servlet/ServletContext]
Feb 03, 2021 6:56:48 PM org.springframework.test.context.support.DefaultTestContextBootstrapper instantiateListeners
INFO: Could not instantiate TestExecutionListener [org.springframework.test.context.jdbc.SqlScriptsTestExecutionListener]. Specify custom listener classes or make the default listener classes (and their required dependencies) available. Offending class: [org/springframework/transaction/interceptor/TransactionAttribute]
Feb 03, 2021 6:56:48 PM org.springframework.test.context.support.DefaultTestContextBootstrapper instantiateListeners
INFO: Could not instantiate TestExecutionListener [org.springframework.test.context.transaction.TransactionalTestExecutionListener]. Specify custom listener classes or make the default listener classes (and their required dependencies) available. Offending class: [org/springframework/transaction/TransactionDefinition]
Feb 03, 2021 6:56:48 PM org.springframework.test.context.support.DefaultTestContextBootstrapper getTestExecutionListeners
INFO: Using TestExecutionListeners: [org.springframework.test.context.support.DirtiesContextBeforeModesTestExecutionListener@2e4eda17, org.springframework.test.context.support.DependencyInjectionTestExecutionListener@7b5021d1, org.springframework.test.context.support.DirtiesContextTestExecutionListener@6befbb12]
2021-02-03 18:56:48,602 [step-2] INFO  [io.github.dddplus.runtime.registry.mock.interceptor.DomainProfilerAspect] [21] - AROUND step:Submit.Baz
2021-02-03 18:56:48,602 [step-1] INFO  [io.github.dddplus.runtime.registry.mock.interceptor.DomainProfilerAspect] [21] - AROUND step:Submit.Foo
2021-02-03 18:56:48,602 [step-2] INFO  [io.github.dddplus.runtime.registry.mock.step.BazStep] [18] - submit: FooModel(partnerCode=ddd.cn.ka, b2c=false, letFooThrowException=false, willSleepLong=true, willThrowRuntimeException=false, willThrowOOM=false, redecide=false, redecideDeadLoop=false, stepsRevised=false, willRollback=false, willRollbackInvalid=false, sleepExtTimeout=false, foo=0)
2021-02-03 18:56:48,602 [step-1] INFO  [io.github.dddplus.runtime.registry.mock.step.FooStep] [20] - submit: FooModel(partnerCode=ddd.cn.ka, b2c=false, letFooThrowException=false, willSleepLong=true, willThrowRuntimeException=false, willThrowOOM=false, redecide=false, redecideDeadLoop=false, stepsRevised=false, willRollback=false, willRollbackInvalid=false, sleepExtTimeout=false, foo=0)
2021-02-03 18:56:48,602 [main] ERROR [io.github.dddplus.runtime.StepsExecTemplate] [143] - Step:Submit.Bar fails for [Baz, Foo, Bar]
org.springframework.core.task.TaskRejectedException: Executor [java.util.concurrent.ThreadPoolExecutor@7ac48f05[Running, pool size = 2, active threads = 2, queued tasks = 0, completed tasks = 2]] did not accept task: io.github.dddplus.runtime.StepsExecTemplate$$Lambda$62/1481417616@159ac15f
	at org.springframework.scheduling.concurrent.ThreadPoolTaskExecutor.execute(ThreadPoolTaskExecutor.java:296) ~[spring-context-4.3.12.RELEASE.jar:4.3.12.RELEASE]
	at io.github.dddplus.runtime.StepsExecTemplate.asyncExecuteStep(StepsExecTemplate.java:171) ~[classes/:?]
	at io.github.dddplus.runtime.StepsExecTemplate.executeSteps(StepsExecTemplate.java:123) ~[classes/:?]
	at io.github.dddplus.runtime.StepsExecTemplate.execute(StepsExecTemplate.java:87) ~[classes/:?]
	at io.github.dddplus.runtime.registry.IntegrationTest.asyncStepThreadPoolFullCase(IntegrationTest.java:438) ~[test-classes/:?]
	at sun.reflect.NativeMethodAccessorImpl.invoke0(Native Method) ~[?:1.8.0_262]
	at sun.reflect.NativeMethodAccessorImpl.invoke(NativeMethodAccessorImpl.java:62) ~[?:1.8.0_262]
	at sun.reflect.DelegatingMethodAccessorImpl.invoke(DelegatingMethodAccessorImpl.java:43) ~[?:1.8.0_262]
	at java.lang.reflect.Method.invoke(Method.java:498) ~[?:1.8.0_262]
	at org.junit.runners.model.FrameworkMethod$1.runReflectiveCall(FrameworkMethod.java:59) ~[junit-4.13.1.jar:4.13.1]
	at org.junit.internal.runners.model.ReflectiveCallable.run(ReflectiveCallable.java:12) ~[junit-4.13.1.jar:4.13.1]
	at org.junit.runners.model.FrameworkMethod.invokeExplosively(FrameworkMethod.java:56) ~[junit-4.13.1.jar:4.13.1]
	at org.junit.internal.runners.statements.InvokeMethod.evaluate(InvokeMethod.java:17) ~[junit-4.13.1.jar:4.13.1]
	at org.junit.internal.runners.statements.RunBefores.evaluate(RunBefores.java:26) ~[junit-4.13.1.jar:4.13.1]
	at org.springframework.test.context.junit4.statements.RunBeforeTestMethodCallbacks.evaluate(RunBeforeTestMethodCallbacks.java:75) ~[spring-test-4.3.12.RELEASE.jar:4.3.12.RELEASE]
	at org.springframework.test.context.junit4.statements.RunAfterTestMethodCallbacks.evaluate(RunAfterTestMethodCallbacks.java:86) ~[spring-test-4.3.12.RELEASE.jar:4.3.12.RELEASE]
	at org.springframework.test.context.junit4.statements.SpringRepeat.evaluate(SpringRepeat.java:84) ~[spring-test-4.3.12.RELEASE.jar:4.3.12.RELEASE]
	at org.junit.runners.ParentRunner.runLeaf(ParentRunner.java:366) ~[junit-4.13.1.jar:4.13.1]
	at org.springframework.test.context.junit4.SpringJUnit4ClassRunner.runChild(SpringJUnit4ClassRunner.java:252) ~[spring-test-4.3.12.RELEASE.jar:4.3.12.RELEASE]
	at org.springframework.test.context.junit4.SpringJUnit4ClassRunner.runChild(SpringJUnit4ClassRunner.java:94) ~[spring-test-4.3.12.RELEASE.jar:4.3.12.RELEASE]
	at org.junit.runners.ParentRunner$4.run(ParentRunner.java:331) ~[junit-4.13.1.jar:4.13.1]
	at org.junit.runners.ParentRunner$1.schedule(ParentRunner.java:79) ~[junit-4.13.1.jar:4.13.1]
	at org.junit.runners.ParentRunner.runChildren(ParentRunner.java:329) ~[junit-4.13.1.jar:4.13.1]
	at org.junit.runners.ParentRunner.access$100(ParentRunner.java:66) ~[junit-4.13.1.jar:4.13.1]
	at org.junit.runners.ParentRunner$2.evaluate(ParentRunner.java:293) ~[junit-4.13.1.jar:4.13.1]
	at org.springframework.test.context.junit4.statements.RunBeforeTestClassCallbacks.evaluate(RunBeforeTestClassCallbacks.java:61) ~[spring-test-4.3.12.RELEASE.jar:4.3.12.RELEASE]
	at org.springframework.test.context.junit4.statements.RunAfterTestClassCallbacks.evaluate(RunAfterTestClassCallbacks.java:70) ~[spring-test-4.3.12.RELEASE.jar:4.3.12.RELEASE]
	at org.junit.runners.ParentRunner$3.evaluate(ParentRunner.java:306) ~[junit-4.13.1.jar:4.13.1]
	at org.junit.runners.ParentRunner.run(ParentRunner.java:413) ~[junit-4.13.1.jar:4.13.1]
	at org.springframework.test.context.junit4.SpringJUnit4ClassRunner.run(SpringJUnit4ClassRunner.java:191) ~[spring-test-4.3.12.RELEASE.jar:4.3.12.RELEASE]
	at edu.illinois.cs.testrunner.execution.JUnitTestRunner$4.evaluate(JUnitTestRunner.java:383) ~[testrunner-running-1.0.jar:?]
	at edu.illinois.cs.testrunner.execution.JUnitTestRunner.runChild(JUnitTestRunner.java:351) ~[testrunner-running-1.0.jar:?]
	at edu.illinois.cs.testrunner.execution.JUnitTestRunner.run(JUnitTestRunner.java:109) ~[testrunner-running-1.0.jar:?]
	at org.junit.runner.JUnitCore.run(JUnitCore.java:137) ~[junit-4.13.1.jar:4.13.1]
	at edu.illinois.cs.testrunner.execution.JUnitTestExecutor.execute(JUnitTestExecutor.java:292) ~[testrunner-running-1.0.jar:?]
	at edu.illinois.cs.testrunner.execution.JUnitTestExecutor.execute(JUnitTestExecutor.java:328) ~[testrunner-running-1.0.jar:?]
	at edu.illinois.cs.testrunner.execution.JUnitTestExecutor.executeWithJUnit4Runner(JUnitTestExecutor.java:366) ~[testrunner-running-1.0.jar:?]
	at edu.illinois.cs.testrunner.execution.JUnitTestExecutor.runOrder(JUnitTestExecutor.java:47) ~[testrunner-running-1.0.jar:?]
	at edu.illinois.cs.testrunner.execution.Executor$.$anonfun$run$1(Executor.scala:30) ~[testrunner-running-1.0.jar:?]
	at scala.runtime.java8.JFunction0$mcV$sp.apply(JFunction0$mcV$sp.java:12) [scala-library-2.12.6.jar:?]
	at scala.util.Try$.apply(Try.scala:209) [scala-library-2.12.6.jar:?]
	at edu.illinois.cs.testrunner.execution.Executor$.run(Executor.scala:28) [testrunner-running-1.0.jar:?]
	at edu.illinois.cs.testrunner.execution.Executor$.main(Executor.scala:18) [testrunner-running-1.0.jar:?]
	at edu.illinois.cs.testrunner.execution.Executor.main(Executor.scala) [testrunner-running-1.0.jar:?]
Caused by: java.util.concurrent.RejectedExecutionException: Task io.github.dddplus.runtime.StepsExecTemplate$$Lambda$62/1481417616@159ac15f rejected from java.util.concurrent.ThreadPoolExecutor@7ac48f05[Running, pool size = 2, active threads = 2, queued tasks = 0, completed tasks = 2]
	at java.util.concurrent.ThreadPoolExecutor$AbortPolicy.rejectedExecution(ThreadPoolExecutor.java:2063) ~[?:1.8.0_262]
	at java.util.concurrent.ThreadPoolExecutor.reject(ThreadPoolExecutor.java:830) ~[?:1.8.0_262]
	at java.util.concurrent.ThreadPoolExecutor.execute(ThreadPoolExecutor.java:1379) ~[?:1.8.0_262]
	at org.springframework.scheduling.concurrent.ThreadPoolTaskExecutor.execute(ThreadPoolTaskExecutor.java:293) ~[spring-context-4.3.12.RELEASE.jar:4.3.12.RELEASE]
	... 43 more
Feb 03, 2021 6:56:48 PM org.springframework.test.context.support.DefaultTestContextBootstrapper getDefaultTestExecutionListenerClassNames
INFO: Loaded default TestExecutionListener class names from location [META-INF/spring.factories]: [org.springframework.test.context.web.ServletTestExecutionListener, org.springframework.test.context.support.DirtiesContextBeforeModesTestExecutionListener, org.springframework.test.context.support.DependencyInjectionTestExecutionListener, org.springframework.test.context.support.DirtiesContextTestExecutionListener, org.springframework.test.context.transaction.TransactionalTestExecutionListener, org.springframework.test.context.jdbc.SqlScriptsTestExecutionListener]
Feb 03, 2021 6:56:48 PM org.springframework.test.context.support.DefaultTestContextBootstrapper instantiateListeners
INFO: Could not instantiate TestExecutionListener [org.springframework.test.context.web.ServletTestExecutionListener]. Specify custom listener classes or make the default listener classes (and their required dependencies) available. Offending class: [javax/servlet/ServletContext]
Feb 03, 2021 6:56:48 PM org.springframework.test.context.support.DefaultTestContextBootstrapper instantiateListeners
INFO: Could not instantiate TestExecutionListener [org.springframework.test.context.jdbc.SqlScriptsTestExecutionListener]. Specify custom listener classes or make the default listener classes (and their required dependencies) available. Offending class: [org/springframework/transaction/interceptor/TransactionAttribute]
Feb 03, 2021 6:56:48 PM org.springframework.test.context.support.DefaultTestContextBootstrapper instantiateListeners
INFO: Could not instantiate TestExecutionListener [org.springframework.test.context.transaction.TransactionalTestExecutionListener]. Specify custom listener classes or make the default listener classes (and their required dependencies) available. Offending class: [org/springframework/transaction/TransactionDefinition]
Feb 03, 2021 6:56:48 PM org.springframework.test.context.support.DefaultTestContextBootstrapper getTestExecutionListeners
INFO: Using TestExecutionListeners: [org.springframework.test.context.support.DirtiesContextBeforeModesTestExecutionListener@33d230ce, org.springframework.test.context.support.DependencyInjectionTestExecutionListener@35e74e08, org.springframework.test.context.support.DirtiesContextTestExecutionListener@a316f6b]
2021-02-03 18:56:48,608 [main] INFO  [io.github.dddplus.runtime.registry.mock.extension.B2CExt] [16] - 2
2021-02-03 18:56:48,608 [main] INFO  [io.github.dddplus.runtime.registry.mock.extension.PartnerExt] [20] - partner
Feb 03, 2021 6:56:48 PM org.springframework.test.context.support.DefaultTestContextBootstrapper getDefaultTestExecutionListenerClassNames
INFO: Loaded default TestExecutionListener class names from location [META-INF/spring.factories]: [org.springframework.test.context.web.ServletTestExecutionListener, org.springframework.test.context.support.DirtiesContextBeforeModesTestExecutionListener, org.springframework.test.context.support.DependencyInjectionTestExecutionListener, org.springframework.test.context.support.DirtiesContextTestExecutionListener, org.springframework.test.context.transaction.TransactionalTestExecutionListener, org.springframework.test.context.jdbc.SqlScriptsTestExecutionListener]
Feb 03, 2021 6:56:48 PM org.springframework.test.context.support.DefaultTestContextBootstrapper instantiateListeners
INFO: Could not instantiate TestExecutionListener [org.springframework.test.context.web.ServletTestExecutionListener]. Specify custom listener classes or make the default listener classes (and their required dependencies) available. Offending class: [javax/servlet/ServletContext]
Feb 03, 2021 6:56:48 PM org.springframework.test.context.support.DefaultTestContextBootstrapper instantiateListeners
INFO: Could not instantiate TestExecutionListener [org.springframework.test.context.jdbc.SqlScriptsTestExecutionListener]. Specify custom listener classes or make the default listener classes (and their required dependencies) available. Offending class: [org/springframework/transaction/interceptor/TransactionAttribute]
Feb 03, 2021 6:56:48 PM org.springframework.test.context.support.DefaultTestContextBootstrapper instantiateListeners
INFO: Could not instantiate TestExecutionListener [org.springframework.test.context.transaction.TransactionalTestExecutionListener]. Specify custom listener classes or make the default listener classes (and their required dependencies) available. Offending class: [org/springframework/transaction/TransactionDefinition]
Feb 03, 2021 6:56:48 PM org.springframework.test.context.support.DefaultTestContextBootstrapper getTestExecutionListeners
INFO: Using TestExecutionListeners: [org.springframework.test.context.support.DirtiesContextBeforeModesTestExecutionListener@5ebbde60, org.springframework.test.context.support.DependencyInjectionTestExecutionListener@a056b26, org.springframework.test.context.support.DirtiesContextTestExecutionListener@2a5abd3c]
2021-02-03 18:56:48,613 [main] INFO  [io.github.dddplus.runtime.registry.IntegrationTest] [285] - WILL exhaust the timer pool...
2021-02-03 18:56:48,617 [SubmitOrderTask-9] ERROR [io.github.dddplus.runtime.ExtensionInvocationHandler] [107] - ExtInvokeTimer thread pool FULL:Task java.util.concurrent.FutureTask@25d10af0 rejected from java.util.concurrent.ThreadPoolExecutor@21ee9a92[Running, pool size = 10, active threads = 8, queued tasks = 0, completed tasks = 2]
2021-02-03 18:56:48,617 [SubmitOrderTask-8] ERROR [io.github.dddplus.runtime.ExtensionInvocationHandler] [107] - ExtInvokeTimer thread pool FULL:Task java.util.concurrent.FutureTask@7671437d rejected from java.util.concurrent.ThreadPoolExecutor@21ee9a92[Running, pool size = 10, active threads = 10, queued tasks = 0, completed tasks = 2]
2021-02-03 18:56:48,618 [SubmitOrderTask-9] INFO  [io.github.dddplus.runtime.registry.IntegrationTest] [332] - as expected, thread pool full: Task java.util.concurrent.FutureTask@25d10af0 rejected from java.util.concurrent.ThreadPoolExecutor@21ee9a92[Running, pool size = 10, active threads = 8, queued tasks = 0, completed tasks = 2]
2021-02-03 18:56:48,618 [SubmitOrderTask-8] INFO  [io.github.dddplus.runtime.registry.IntegrationTest] [332] - as expected, thread pool full: Task java.util.concurrent.FutureTask@7671437d rejected from java.util.concurrent.ThreadPoolExecutor@21ee9a92[Running, pool size = 10, active threads = 10, queued tasks = 0, completed tasks = 2]
2021-02-03 18:56:49,115 [SubmitOrderTask-0] ERROR [io.github.dddplus.runtime.ExtensionInvocationHandler] [103] - timed out:500ms, io.github.dddplus.runtime.registry.mock.extension.B2BExt@35d7386b method:execute args:[FooModel(partnerCode=, b2c=false, letFooThrowException=false, willSleepLong=true, willThrowRuntimeException=false, willThrowOOM=false, redecide=false, redecideDeadLoop=false, stepsRevised=false, willRollback=false, willRollbackInvalid=false, sleepExtTimeout=false, foo=0)]
2021-02-03 18:56:49,116 [SubmitOrderTask-1] ERROR [io.github.dddplus.runtime.ExtensionInvocationHandler] [103] - timed out:500ms, io.github.dddplus.runtime.registry.mock.extension.B2BExt@35d7386b method:execute args:[FooModel(partnerCode=, b2c=false, letFooThrowException=false, willSleepLong=true, willThrowRuntimeException=false, willThrowOOM=false, redecide=false, redecideDeadLoop=false, stepsRevised=false, willRollback=false, willRollbackInvalid=false, sleepExtTimeout=false, foo=0)]
2021-02-03 18:56:49,116 [SubmitOrderTask-3] ERROR [io.github.dddplus.runtime.ExtensionInvocationHandler] [103] - timed out:500ms, io.github.dddplus.runtime.registry.mock.extension.B2BExt@35d7386b method:execute args:[FooModel(partnerCode=, b2c=false, letFooThrowException=false, willSleepLong=true, willThrowRuntimeException=false, willThrowOOM=false, redecide=false, redecideDeadLoop=false, stepsRevised=false, willRollback=false, willRollbackInvalid=false, sleepExtTimeout=false, foo=0)]
2021-02-03 18:56:49,116 [SubmitOrderTask-4] ERROR [io.github.dddplus.runtime.ExtensionInvocationHandler] [103] - timed out:500ms, io.github.dddplus.runtime.registry.mock.extension.B2BExt@35d7386b method:execute args:[FooModel(partnerCode=, b2c=false, letFooThrowException=false, willSleepLong=true, willThrowRuntimeException=false, willThrowOOM=false, redecide=false, redecideDeadLoop=false, stepsRevised=false, willRollback=false, willRollbackInvalid=false, sleepExtTimeout=false, foo=0)]
2021-02-03 18:56:49,116 [SubmitOrderTask-2] ERROR [io.github.dddplus.runtime.ExtensionInvocationHandler] [103] - timed out:500ms, io.github.dddplus.runtime.registry.mock.extension.B2BExt@35d7386b method:execute args:[FooModel(partnerCode=, b2c=false, letFooThrowException=false, willSleepLong=true, willThrowRuntimeException=false, willThrowOOM=false, redecide=false, redecideDeadLoop=false, stepsRevised=false, willRollback=false, willRollbackInvalid=false, sleepExtTimeout=false, foo=0)]
2021-02-03 18:56:49,117 [SubmitOrderTask-5] ERROR [io.github.dddplus.runtime.ExtensionInvocationHandler] [103] - timed out:500ms, io.github.dddplus.runtime.registry.mock.extension.B2BExt@35d7386b method:execute args:[FooModel(partnerCode=, b2c=false, letFooThrowException=false, willSleepLong=true, willThrowRuntimeException=false, willThrowOOM=false, redecide=false, redecideDeadLoop=false, stepsRevised=false, willRollback=false, willRollbackInvalid=false, sleepExtTimeout=false, foo=0)]
2021-02-03 18:56:49,117 [SubmitOrderTask-6] ERROR [io.github.dddplus.runtime.ExtensionInvocationHandler] [103] - timed out:500ms, io.github.dddplus.runtime.registry.mock.extension.B2BExt@35d7386b method:execute args:[FooModel(partnerCode=, b2c=false, letFooThrowException=false, willSleepLong=true, willThrowRuntimeException=false, willThrowOOM=false, redecide=false, redecideDeadLoop=false, stepsRevised=false, willRollback=false, willRollbackInvalid=false, sleepExtTimeout=false, foo=0)]
2021-02-03 18:56:49,117 [SubmitOrderTask-10] ERROR [io.github.dddplus.runtime.ExtensionInvocationHandler] [103] - timed out:500ms, io.github.dddplus.runtime.registry.mock.extension.B2BExt@35d7386b method:execute args:[FooModel(partnerCode=, b2c=false, letFooThrowException=false, willSleepLong=true, willThrowRuntimeException=false, willThrowOOM=false, redecide=false, redecideDeadLoop=false, stepsRevised=false, willRollback=false, willRollbackInvalid=false, sleepExtTimeout=false, foo=0)]
2021-02-03 18:56:49,118 [SubmitOrderTask-11] ERROR [io.github.dddplus.runtime.ExtensionInvocationHandler] [103] - timed out:500ms, io.github.dddplus.runtime.registry.mock.extension.B2BExt@35d7386b method:execute args:[FooModel(partnerCode=, b2c=false, letFooThrowException=false, willSleepLong=true, willThrowRuntimeException=false, willThrowOOM=false, redecide=false, redecideDeadLoop=false, stepsRevised=false, willRollback=false, willRollbackInvalid=false, sleepExtTimeout=false, foo=0)]
2021-02-03 18:56:49,118 [SubmitOrderTask-7] ERROR [io.github.dddplus.runtime.ExtensionInvocationHandler] [103] - timed out:500ms, io.github.dddplus.runtime.registry.mock.extension.B2BExt@35d7386b method:execute args:[FooModel(partnerCode=, b2c=false, letFooThrowException=false, willSleepLong=true, willThrowRuntimeException=false, willThrowOOM=false, redecide=false, redecideDeadLoop=false, stepsRevised=false, willRollback=false, willRollbackInvalid=false, sleepExtTimeout=false, foo=0)]
Feb 03, 2021 6:56:49 PM org.springframework.test.context.support.DefaultTestContextBootstrapper getDefaultTestExecutionListenerClassNames
INFO: Loaded default TestExecutionListener class names from location [META-INF/spring.factories]: [org.springframework.test.context.web.ServletTestExecutionListener, org.springframework.test.context.support.DirtiesContextBeforeModesTestExecutionListener, org.springframework.test.context.support.DependencyInjectionTestExecutionListener, org.springframework.test.context.support.DirtiesContextTestExecutionListener, org.springframework.test.context.transaction.TransactionalTestExecutionListener, org.springframework.test.context.jdbc.SqlScriptsTestExecutionListener]
Feb 03, 2021 6:56:49 PM org.springframework.test.context.support.DefaultTestContextBootstrapper instantiateListeners
INFO: Could not instantiate TestExecutionListener [org.springframework.test.context.web.ServletTestExecutionListener]. Specify custom listener classes or make the default listener classes (and their required dependencies) available. Offending class: [javax/servlet/ServletContext]
Feb 03, 2021 6:56:49 PM org.springframework.test.context.support.DefaultTestContextBootstrapper instantiateListeners
INFO: Could not instantiate TestExecutionListener [org.springframework.test.context.jdbc.SqlScriptsTestExecutionListener]. Specify custom listener classes or make the default listener classes (and their required dependencies) available. Offending class: [org/springframework/transaction/interceptor/TransactionAttribute]
Feb 03, 2021 6:56:49 PM org.springframework.test.context.support.DefaultTestContextBootstrapper instantiateListeners
INFO: Could not instantiate TestExecutionListener [org.springframework.test.context.transaction.TransactionalTestExecutionListener]. Specify custom listener classes or make the default listener classes (and their required dependencies) available. Offending class: [org/springframework/transaction/TransactionDefinition]
Feb 03, 2021 6:56:49 PM org.springframework.test.context.support.DefaultTestContextBootstrapper getTestExecutionListeners
INFO: Using TestExecutionListeners: [org.springframework.test.context.support.DirtiesContextBeforeModesTestExecutionListener@307af381, org.springframework.test.context.support.DependencyInjectionTestExecutionListener@1510b9a2, org.springframework.test.context.support.DirtiesContextTestExecutionListener@76a6f045]
2021-02-03 18:56:49,124 [main] WARN  [io.github.dddplus.runtime.registry.InternalIndexer] [172] - expected:3, got:2 domain steps
Feb 03, 2021 6:56:49 PM org.springframework.test.context.support.DefaultTestContextBootstrapper getDefaultTestExecutionListenerClassNames
INFO: Loaded default TestExecutionListener class names from location [META-INF/spring.factories]: [org.springframework.test.context.web.ServletTestExecutionListener, org.springframework.test.context.support.DirtiesContextBeforeModesTestExecutionListener, org.springframework.test.context.support.DependencyInjectionTestExecutionListener, org.springframework.test.context.support.DirtiesContextTestExecutionListener, org.springframework.test.context.transaction.TransactionalTestExecutionListener, org.springframework.test.context.jdbc.SqlScriptsTestExecutionListener]
Feb 03, 2021 6:56:49 PM org.springframework.test.context.support.DefaultTestContextBootstrapper instantiateListeners
INFO: Could not instantiate TestExecutionListener [org.springframework.test.context.web.ServletTestExecutionListener]. Specify custom listener classes or make the default listener classes (and their required dependencies) available. Offending class: [javax/servlet/ServletContext]
Feb 03, 2021 6:56:49 PM org.springframework.test.context.support.DefaultTestContextBootstrapper instantiateListeners
INFO: Could not instantiate TestExecutionListener [org.springframework.test.context.jdbc.SqlScriptsTestExecutionListener]. Specify custom listener classes or make the default listener classes (and their required dependencies) available. Offending class: [org/springframework/transaction/interceptor/TransactionAttribute]
Feb 03, 2021 6:56:49 PM org.springframework.test.context.support.DefaultTestContextBootstrapper instantiateListeners
INFO: Could not instantiate TestExecutionListener [org.springframework.test.context.transaction.TransactionalTestExecutionListener]. Specify custom listener classes or make the default listener classes (and their required dependencies) available. Offending class: [org/springframework/transaction/TransactionDefinition]
Feb 03, 2021 6:56:49 PM org.springframework.test.context.support.DefaultTestContextBootstrapper getTestExecutionListeners
INFO: Using TestExecutionListeners: [org.springframework.test.context.support.DirtiesContextBeforeModesTestExecutionListener@29170a47, org.springframework.test.context.support.DependencyInjectionTestExecutionListener@2a8f8555, org.springframework.test.context.support.DirtiesContextTestExecutionListener@402b4f81]
2021-02-03 18:56:49,128 [main] INFO  [io.github.dddplus.runtime.registry.mock.ability.BarDomainAbility] [31] - will throw exception...
Feb 03, 2021 6:56:49 PM org.springframework.test.context.support.DefaultTestContextBootstrapper getDefaultTestExecutionListenerClassNames
INFO: Loaded default TestExecutionListener class names from location [META-INF/spring.factories]: [org.springframework.test.context.web.ServletTestExecutionListener, org.springframework.test.context.support.DirtiesContextBeforeModesTestExecutionListener, org.springframework.test.context.support.DependencyInjectionTestExecutionListener, org.springframework.test.context.support.DirtiesContextTestExecutionListener, org.springframework.test.context.transaction.TransactionalTestExecutionListener, org.springframework.test.context.jdbc.SqlScriptsTestExecutionListener]
Feb 03, 2021 6:56:49 PM org.springframework.test.context.support.DefaultTestContextBootstrapper instantiateListeners
INFO: Could not instantiate TestExecutionListener [org.springframework.test.context.web.ServletTestExecutionListener]. Specify custom listener classes or make the default listener classes (and their required dependencies) available. Offending class: [javax/servlet/ServletContext]
Feb 03, 2021 6:56:49 PM org.springframework.test.context.support.DefaultTestContextBootstrapper instantiateListeners
INFO: Could not instantiate TestExecutionListener [org.springframework.test.context.jdbc.SqlScriptsTestExecutionListener]. Specify custom listener classes or make the default listener classes (and their required dependencies) available. Offending class: [org/springframework/transaction/interceptor/TransactionAttribute]
Feb 03, 2021 6:56:49 PM org.springframework.test.context.support.DefaultTestContextBootstrapper instantiateListeners
INFO: Could not instantiate TestExecutionListener [org.springframework.test.context.transaction.TransactionalTestExecutionListener]. Specify custom listener classes or make the default listener classes (and their required dependencies) available. Offending class: [org/springframework/transaction/TransactionDefinition]
Feb 03, 2021 6:56:49 PM org.springframework.test.context.support.DefaultTestContextBootstrapper getTestExecutionListeners
INFO: Using TestExecutionListeners: [org.springframework.test.context.support.DirtiesContextBeforeModesTestExecutionListener@1132baa3, org.springframework.test.context.support.DependencyInjectionTestExecutionListener@2fdf22f7, org.springframework.test.context.support.DirtiesContextTestExecutionListener@3a2546d6]
2021-02-03 18:56:49,132 [main] WARN  [io.github.dddplus.runtime.registry.InternalIndexer] [172] - expected:3, got:2 domain steps
2021-02-03 18:56:49,132 [main] INFO  [io.github.dddplus.runtime.registry.IntegrationTest] [174] - will execute steps...
2021-02-03 18:56:49,132 [main] INFO  [io.github.dddplus.runtime.registry.mock.interceptor.DomainProfilerAspect] [21] - AROUND step:Submit.Foo
2021-02-03 18:56:49,132 [main] INFO  [io.github.dddplus.runtime.registry.mock.step.FooStep] [20] - submit: FooModel(partnerCode=unit test, b2c=false, letFooThrowException=false, willSleepLong=false, willThrowRuntimeException=false, willThrowOOM=false, redecide=false, redecideDeadLoop=false, stepsRevised=false, willRollback=false, willRollbackInvalid=false, sleepExtTimeout=false, foo=0)
2021-02-03 18:56:49,132 [main] INFO  [io.github.dddplus.runtime.registry.mock.interceptor.DomainProfilerAspect] [21] - AROUND step:Submit.Bar
Feb 03, 2021 6:56:49 PM org.springframework.test.context.support.DefaultTestContextBootstrapper getDefaultTestExecutionListenerClassNames
INFO: Loaded default TestExecutionListener class names from location [META-INF/spring.factories]: [org.springframework.test.context.web.ServletTestExecutionListener, org.springframework.test.context.support.DirtiesContextBeforeModesTestExecutionListener, org.springframework.test.context.support.DependencyInjectionTestExecutionListener, org.springframework.test.context.support.DirtiesContextTestExecutionListener, org.springframework.test.context.transaction.TransactionalTestExecutionListener, org.springframework.test.context.jdbc.SqlScriptsTestExecutionListener]
Feb 03, 2021 6:56:49 PM org.springframework.test.context.support.DefaultTestContextBootstrapper instantiateListeners
INFO: Could not instantiate TestExecutionListener [org.springframework.test.context.web.ServletTestExecutionListener]. Specify custom listener classes or make the default listener classes (and their required dependencies) available. Offending class: [javax/servlet/ServletContext]
Feb 03, 2021 6:56:49 PM org.springframework.test.context.support.DefaultTestContextBootstrapper instantiateListeners
INFO: Could not instantiate TestExecutionListener [org.springframework.test.context.jdbc.SqlScriptsTestExecutionListener]. Specify custom listener classes or make the default listener classes (and their required dependencies) available. Offending class: [org/springframework/transaction/interceptor/TransactionAttribute]
Feb 03, 2021 6:56:49 PM org.springframework.test.context.support.DefaultTestContextBootstrapper instantiateListeners
INFO: Could not instantiate TestExecutionListener [org.springframework.test.context.transaction.TransactionalTestExecutionListener]. Specify custom listener classes or make the default listener classes (and their required dependencies) available. Offending class: [org/springframework/transaction/TransactionDefinition]
Feb 03, 2021 6:56:49 PM org.springframework.test.context.support.DefaultTestContextBootstrapper getTestExecutionListeners
INFO: Using TestExecutionListeners: [org.springframework.test.context.support.DirtiesContextBeforeModesTestExecutionListener@150d6eaf, org.springframework.test.context.support.DependencyInjectionTestExecutionListener@63124022, org.springframework.test.context.support.DirtiesContextTestExecutionListener@591f6f83]
2021-02-03 18:56:49,139 [main] INFO  [io.github.dddplus.runtime.registry.mock.interceptor.DomainProfilerAspect] [21] - AROUND step:Submit.Baz
2021-02-03 18:56:49,139 [main] INFO  [io.github.dddplus.runtime.registry.mock.step.BazStep] [18] - submit: FooModel(partnerCode=ddd.cn.ka, b2c=false, letFooThrowException=false, willSleepLong=false, willThrowRuntimeException=false, willThrowOOM=false, redecide=false, redecideDeadLoop=false, stepsRevised=false, willRollback=false, willRollbackInvalid=false, sleepExtTimeout=true, foo=0)
2021-02-03 18:56:49,139 [main] INFO  [io.github.dddplus.runtime.registry.mock.interceptor.DomainProfilerAspect] [21] - AROUND step:Submit.Foo
2021-02-03 18:56:49,140 [main] INFO  [io.github.dddplus.runtime.registry.mock.step.FooStep] [20] - submit: FooModel(partnerCode=ddd.cn.ka, b2c=false, letFooThrowException=false, willSleepLong=false, willThrowRuntimeException=false, willThrowOOM=false, redecide=false, redecideDeadLoop=false, stepsRevised=false, willRollback=false, willRollbackInvalid=false, sleepExtTimeout=true, foo=0)
2021-02-03 18:56:49,242 [main] ERROR [io.github.dddplus.runtime.ExtensionInvocationHandler] [103] - timed out:100ms, io.github.dddplus.runtime.registry.mock.extension.DefaultSleepExt@eaf8427 method:sleep args:[1]
2021-02-03 18:56:49,242 [main] ERROR [io.github.dddplus.runtime.StepsExecTemplate] [143] - Step:Submit.Foo fails for [Baz, Foo, Bar]
io.github.dddplus.runtime.ExtTimeoutException: timeout:100ms
	at io.github.dddplus.runtime.ExtensionInvocationHandler.invokeExtension(ExtensionInvocationHandler.java:105) ~[classes/:?]
	at io.github.dddplus.runtime.ExtensionInvocationHandler.invoke(ExtensionInvocationHandler.java:78) ~[classes/:?]
	at com.sun.proxy.$Proxy91.sleep(Unknown Source) ~[?:?]
	at io.github.dddplus.runtime.registry.mock.ability.SleepAbility.sleepTooLong(SleepAbility.java:22) ~[test-classes/:?]
	at io.github.dddplus.runtime.registry.mock.step.FooStep.execute(FooStep.java:23) ~[test-classes/:?]
	at io.github.dddplus.runtime.registry.mock.step.FooStep.execute(FooStep.java:13) ~[test-classes/:?]
	at io.github.dddplus.runtime.registry.mock.step.FooStep$$FastClassBySpringCGLIB$$5ed2824c.invoke(<generated>) ~[test-classes/:?]
	at org.springframework.cglib.proxy.MethodProxy.invoke(MethodProxy.java:204) ~[spring-core-4.3.12.RELEASE.jar:4.3.12.RELEASE]
	at org.springframework.aop.framework.CglibAopProxy$CglibMethodInvocation.invokeJoinpoint(CglibAopProxy.java:738) ~[spring-aop-4.3.12.RELEASE.jar:4.3.12.RELEASE]
	at org.springframework.aop.framework.ReflectiveMethodInvocation.proceed(ReflectiveMethodInvocation.java:157) ~[spring-aop-4.3.12.RELEASE.jar:4.3.12.RELEASE]
	at org.springframework.aop.aspectj.MethodInvocationProceedingJoinPoint.proceed(MethodInvocationProceedingJoinPoint.java:85) ~[spring-aop-4.3.12.RELEASE.jar:4.3.12.RELEASE]
	at io.github.dddplus.runtime.registry.mock.interceptor.DomainProfilerAspect.around(DomainProfilerAspect.java:28) ~[test-classes/:?]
	at sun.reflect.GeneratedMethodAccessor20.invoke(Unknown Source) ~[?:?]
	at sun.reflect.DelegatingMethodAccessorImpl.invoke(DelegatingMethodAccessorImpl.java:43) ~[?:1.8.0_262]
	at java.lang.reflect.Method.invoke(Method.java:498) ~[?:1.8.0_262]
	at org.springframework.aop.aspectj.AbstractAspectJAdvice.invokeAdviceMethodWithGivenArgs(AbstractAspectJAdvice.java:629) ~[spring-aop-4.3.12.RELEASE.jar:4.3.12.RELEASE]
	at org.springframework.aop.aspectj.AbstractAspectJAdvice.invokeAdviceMethod(AbstractAspectJAdvice.java:618) ~[spring-aop-4.3.12.RELEASE.jar:4.3.12.RELEASE]
	at org.springframework.aop.aspectj.AspectJAroundAdvice.invoke(AspectJAroundAdvice.java:70) ~[spring-aop-4.3.12.RELEASE.jar:4.3.12.RELEASE]
	at org.springframework.aop.framework.ReflectiveMethodInvocation.proceed(ReflectiveMethodInvocation.java:168) ~[spring-aop-4.3.12.RELEASE.jar:4.3.12.RELEASE]
	at org.springframework.aop.interceptor.ExposeInvocationInterceptor.invoke(ExposeInvocationInterceptor.java:92) ~[spring-aop-4.3.12.RELEASE.jar:4.3.12.RELEASE]
	at org.springframework.aop.framework.ReflectiveMethodInvocation.proceed(ReflectiveMethodInvocation.java:179) ~[spring-aop-4.3.12.RELEASE.jar:4.3.12.RELEASE]
	at org.springframework.aop.framework.CglibAopProxy$DynamicAdvisedInterceptor.intercept(CglibAopProxy.java:673) ~[spring-aop-4.3.12.RELEASE.jar:4.3.12.RELEASE]
	at io.github.dddplus.runtime.registry.mock.step.FooStep$$EnhancerBySpringCGLIB$$e8c29d02.execute(<generated>) ~[test-classes/:?]
	at io.github.dddplus.runtime.StepsExecTemplate.executeSteps(StepsExecTemplate.java:125) ~[classes/:?]
	at io.github.dddplus.runtime.StepsExecTemplate.execute(StepsExecTemplate.java:87) ~[classes/:?]
	at io.github.dddplus.runtime.StepsExecTemplate.execute(StepsExecTemplate.java:52) ~[classes/:?]
	at io.github.dddplus.runtime.registry.IntegrationTest.stepsExecTemplateOneStepTimeoutWillNotRollback(IntegrationTest.java:400) ~[test-classes/:?]
	at sun.reflect.NativeMethodAccessorImpl.invoke0(Native Method) ~[?:1.8.0_262]
	at sun.reflect.NativeMethodAccessorImpl.invoke(NativeMethodAccessorImpl.java:62) ~[?:1.8.0_262]
	at sun.reflect.DelegatingMethodAccessorImpl.invoke(DelegatingMethodAccessorImpl.java:43) ~[?:1.8.0_262]
	at java.lang.reflect.Method.invoke(Method.java:498) ~[?:1.8.0_262]
	at org.junit.runners.model.FrameworkMethod$1.runReflectiveCall(FrameworkMethod.java:59) ~[junit-4.13.1.jar:4.13.1]
	at org.junit.internal.runners.model.ReflectiveCallable.run(ReflectiveCallable.java:12) ~[junit-4.13.1.jar:4.13.1]
	at org.junit.runners.model.FrameworkMethod.invokeExplosively(FrameworkMethod.java:56) ~[junit-4.13.1.jar:4.13.1]
	at org.junit.internal.runners.statements.InvokeMethod.evaluate(InvokeMethod.java:17) ~[junit-4.13.1.jar:4.13.1]
	at org.junit.internal.runners.statements.RunBefores.evaluate(RunBefores.java:26) ~[junit-4.13.1.jar:4.13.1]
	at org.springframework.test.context.junit4.statements.RunBeforeTestMethodCallbacks.evaluate(RunBeforeTestMethodCallbacks.java:75) ~[spring-test-4.3.12.RELEASE.jar:4.3.12.RELEASE]
	at org.springframework.test.context.junit4.statements.RunAfterTestMethodCallbacks.evaluate(RunAfterTestMethodCallbacks.java:86) ~[spring-test-4.3.12.RELEASE.jar:4.3.12.RELEASE]
	at org.springframework.test.context.junit4.statements.SpringRepeat.evaluate(SpringRepeat.java:84) ~[spring-test-4.3.12.RELEASE.jar:4.3.12.RELEASE]
	at org.junit.runners.ParentRunner.runLeaf(ParentRunner.java:366) ~[junit-4.13.1.jar:4.13.1]
	at org.springframework.test.context.junit4.SpringJUnit4ClassRunner.runChild(SpringJUnit4ClassRunner.java:252) ~[spring-test-4.3.12.RELEASE.jar:4.3.12.RELEASE]
	at org.springframework.test.context.junit4.SpringJUnit4ClassRunner.runChild(SpringJUnit4ClassRunner.java:94) ~[spring-test-4.3.12.RELEASE.jar:4.3.12.RELEASE]
	at org.junit.runners.ParentRunner$4.run(ParentRunner.java:331) ~[junit-4.13.1.jar:4.13.1]
	at org.junit.runners.ParentRunner$1.schedule(ParentRunner.java:79) ~[junit-4.13.1.jar:4.13.1]
	at org.junit.runners.ParentRunner.runChildren(ParentRunner.java:329) ~[junit-4.13.1.jar:4.13.1]
	at org.junit.runners.ParentRunner.access$100(ParentRunner.java:66) ~[junit-4.13.1.jar:4.13.1]
	at org.junit.runners.ParentRunner$2.evaluate(ParentRunner.java:293) ~[junit-4.13.1.jar:4.13.1]
	at org.springframework.test.context.junit4.statements.RunBeforeTestClassCallbacks.evaluate(RunBeforeTestClassCallbacks.java:61) ~[spring-test-4.3.12.RELEASE.jar:4.3.12.RELEASE]
	at org.springframework.test.context.junit4.statements.RunAfterTestClassCallbacks.evaluate(RunAfterTestClassCallbacks.java:70) ~[spring-test-4.3.12.RELEASE.jar:4.3.12.RELEASE]
	at org.junit.runners.ParentRunner$3.evaluate(ParentRunner.java:306) ~[junit-4.13.1.jar:4.13.1]
	at org.junit.runners.ParentRunner.run(ParentRunner.java:413) ~[junit-4.13.1.jar:4.13.1]
	at org.springframework.test.context.junit4.SpringJUnit4ClassRunner.run(SpringJUnit4ClassRunner.java:191) ~[spring-test-4.3.12.RELEASE.jar:4.3.12.RELEASE]
	at edu.illinois.cs.testrunner.execution.JUnitTestRunner$4.evaluate(JUnitTestRunner.java:383) ~[testrunner-running-1.0.jar:?]
	at edu.illinois.cs.testrunner.execution.JUnitTestRunner.runChild(JUnitTestRunner.java:351) ~[testrunner-running-1.0.jar:?]
	at edu.illinois.cs.testrunner.execution.JUnitTestRunner.run(JUnitTestRunner.java:109) ~[testrunner-running-1.0.jar:?]
	at org.junit.runner.JUnitCore.run(JUnitCore.java:137) ~[junit-4.13.1.jar:4.13.1]
	at edu.illinois.cs.testrunner.execution.JUnitTestExecutor.execute(JUnitTestExecutor.java:292) ~[testrunner-running-1.0.jar:?]
	at edu.illinois.cs.testrunner.execution.JUnitTestExecutor.execute(JUnitTestExecutor.java:328) ~[testrunner-running-1.0.jar:?]
	at edu.illinois.cs.testrunner.execution.JUnitTestExecutor.executeWithJUnit4Runner(JUnitTestExecutor.java:366) ~[testrunner-running-1.0.jar:?]
	at edu.illinois.cs.testrunner.execution.JUnitTestExecutor.runOrder(JUnitTestExecutor.java:47) ~[testrunner-running-1.0.jar:?]
	at edu.illinois.cs.testrunner.execution.Executor$.$anonfun$run$1(Executor.scala:30) ~[testrunner-running-1.0.jar:?]
	at scala.runtime.java8.JFunction0$mcV$sp.apply(JFunction0$mcV$sp.java:12) [scala-library-2.12.6.jar:?]
	at scala.util.Try$.apply(Try.scala:209) [scala-library-2.12.6.jar:?]
	at edu.illinois.cs.testrunner.execution.Executor$.run(Executor.scala:28) [testrunner-running-1.0.jar:?]
	at edu.illinois.cs.testrunner.execution.Executor$.main(Executor.scala:18) [testrunner-running-1.0.jar:?]
	at edu.illinois.cs.testrunner.execution.Executor.main(Executor.scala) [testrunner-running-1.0.jar:?]
2021-02-03 18:56:49,905 [main] INFO  [io.github.dddplus.testing.LogAssertTest] [17] - Hello
2021-02-03 18:56:49,923 [main] INFO  [io.github.dddplus.testing.LogAssertTest] [20] - World
2021-02-03 18:56:49,923 [main] INFO  [io.github.dddplus.testing.LogAssertTest] [24] - DDDplus Framework
2021-02-03 18:56:49,923 [main] INFO  [io.github.dddplus.testing.LogAssertTest] [27] - a
2021-02-03 18:56:49,923 [main] INFO  [io.github.dddplus.testing.LogAssertTest] [28] - b
[ERROR] Unexpected test executed: io.github.dddplus.runtime.registry.BadOnPurposeTest.specificationNotAnnotated
[ERROR] Unexpected test executed: io.github.dddplus.runtime.registry.BadOnPurposeTest.emptyCodeStep
[ERROR] Unexpected test executed: io.github.dddplus.runtime.registry.BadOnPurposeTest.emptyActivityStep
[ERROR] Unexpected test executed: io.github.dddplus.runtime.registry.BadOnPurposeTest.notStepButAnnotatedWithStep
[ERROR] Unexpected test executed: io.github.dddplus.runtime.registry.BadOnPurposeTest.invalidPartner
[ERROR] Unexpected test executed: io.github.dddplus.runtime.registry.BadOnPurposeTest.notExtButAnnotatedWithExtension
[ERROR] Unexpected test executed: io.github.dddplus.runtime.registry.BadOnPurposeTest.badDomainAbility
[ERROR] Unexpected test executed: io.github.dddplus.runtime.registry.BadOnPurposeTest.badDomainService
[ERROR] Unexpected test executed: io.github.dddplus.runtime.registry.BadOnPurposeTest.badDomainAbility2
[ERROR] Unexpected test executed: io.github.dddplus.runtime.registry.BadOnPurposeTest.notISpecificationButAnnotatedWithSpecification
[ERROR] Unexpected test executed: io.github.dddplus.runtime.registry.BadOnPurposeTest.invalidPolicy
